343
   1       0 ram0 0 0 0 0 0 0 0 0 0 0 0
   1       1 ram1 0 0 0 0 0 0 0 0 0 0 0
   1       2 ram2 0 0 0 0 0 0 0 0 0 0 0
   1       3 ram3 0 0 0 0 0 0 0 0 0 0 0
   1       4 ram4 0 0 0 0 0 0 0 0 0 0 0
   1       5 ram5 0 0 0 0 0 0 0 0 0 0 0
   1       6 ram6 0 0 0 0 0 0 0 0 0 0 0
   1       7 ram7 0 0 0 0 0 0 0 0 0 0 0
   1       8 ram8 0 0 0 0 0 0 0 0 0 0 0
   1       9 ram9 0 0 0 0 0 0 0 0 0 0 0
   1      10 ram10 0 0 0 0 0 0 0 0 0 0 0
   1      11 ram11 0 0 0 0 0 0 0 0 0 0 0
   1      12 ram12 0 0 0 0 0 0 0 0 0 0 0
   1      13 ram13 0 0 0 0 0 0 0 0 0 0 0
   1      14 ram14 0 0 0 0 0 0 0 0 0 0 0
   1      15 ram15 0 0 0 0 0 0 0 0 0 0 0
   7       0 loop0 0 0 0 0 0 0 0 0 0 0 0
   7       1 loop1 0 0 0 0 0 0 0 0 0 0 0
   7       2 loop2 0 0 0 0 0 0 0 0 0 0 0
   7       3 loop3 0 0 0 0 0 0 0 0 0 0 0
   7       4 loop4 0 0 0 0 0 0 0 0 0 0 0
   7       5 loop5 0 0 0 0 0 0 0 0 0 0 0
   7       6 loop6 0 0 0 0 0 0 0 0 0 0 0
   7       7 loop7 0 0 0 0 0 0 0 0 0 0 0
 253       0 zram0 36 0 288 0 1 0 8 0 0 0 0
 179       0 mmcblk0 1049 2016 72218 520 1 0 8 4 0 124 132
 179       1 mmcblk0p1 0 0 0 0 0 0 0 0 0 0 0
 179       2 mmcblk0p2 0 0 0 0 0 0 0 0 0 0 0
 179       3 mmcblk0p3 0 0 0 0 0 0 0 0 0 0 0
 179       4 mmcblk0p4 0 0 0 0 0 0 0 0 0 0 0
 179       5 mmcblk0p5 417 873 44072 260 0 0 0 0 0 40 40
 179       6 mmcblk0p6 0 0 0 0 0 0 0 0 0 0 0
 179       7 mmcblk0p7 0 0 0 0 0 0 0 0 0 0 0
 179       8 mmcblk0p8 0 0 0 0 0 0 0 0 0 0 0
 179       9 mmcblk0p9 0 0 0 0 0 0 0 0 0 0 0
 179      10 mmcblk0p10 231 188 16960 104 0 0 0 0 0 24 24
 179      11 mmcblk0p11 0 0 0 0 0 0 0 0 0 0 0
 179      12 mmcblk0p12 394 955 10882 152 1 0 8 4 0 48 52
 179      13 mmcblk0p13 0 0 0 0 0 0 0 0 0 0 0
 179      14 mmcblk0p14 1 0 256 0 0 0 0 0 0 0 0
 179      15 mmcblk0p15 0 0 0 0 0 0 0 0 0 0 0
 179      96 mmcblk0rpmb 0 0 0 0 0 0 0 0 0 0 0
 179      64 mmcblk0boot1 0 0 0 0 0 0 0 0 0 0 0
 179      32 mmcblk0boot0 0 0 0 0 0 0 0 0 0 0 0
 252       0 dm-0 510 0 37848 512 0 0 0 0 0 248 512
 252       1 dm-1 227 0 15424 116 0 0 0 0 0 100 116

364
   1       0 ram0 0 0 0 0 0 0 0 0 0 0 0
   1       1 ram1 0 0 0 0 0 0 0 0 0 0 0
   1       2 ram2 0 0 0 0 0 0 0 0 0 0 0
   1       3 ram3 0 0 0 0 0 0 0 0 0 0 0
   1       4 ram4 0 0 0 0 0 0 0 0 0 0 0
   1       5 ram5 0 0 0 0 0 0 0 0 0 0 0
   1       6 ram6 0 0 0 0 0 0 0 0 0 0 0
   1       7 ram7 0 0 0 0 0 0 0 0 0 0 0
   1       8 ram8 0 0 0 0 0 0 0 0 0 0 0
   1       9 ram9 0 0 0 0 0 0 0 0 0 0 0
   1      10 ram10 0 0 0 0 0 0 0 0 0 0 0
   1      11 ram11 0 0 0 0 0 0 0 0 0 0 0
   1      12 ram12 0 0 0 0 0 0 0 0 0 0 0
   1      13 ram13 0 0 0 0 0 0 0 0 0 0 0
   1      14 ram14 0 0 0 0 0 0 0 0 0 0 0
   1      15 ram15 0 0 0 0 0 0 0 0 0 0 0
   7       0 loop0 0 0 0 0 0 0 0 0 0 0 0
   7       1 loop1 0 0 0 0 0 0 0 0 0 0 0
   7       2 loop2 0 0 0 0 0 0 0 0 0 0 0
   7       3 loop3 0 0 0 0 0 0 0 0 0 0 0
   7       4 loop4 0 0 0 0 0 0 0 0 0 0 0
   7       5 loop5 0 0 0 0 0 0 0 0 0 0 0
   7       6 loop6 0 0 0 0 0 0 0 0 0 0 0
   7       7 loop7 0 0 0 0 0 0 0 0 0 0 0
 253       0 zram0 36 0 288 0 1 0 8 0 0 0 0
 179       0 mmcblk0 1294 2368 115650 920 5 62 536 24 0 220 244
 179       1 mmcblk0p1 0 0 0 0 0 0 0 0 0 0 0
 179       2 mmcblk0p2 0 0 0 0 0 0 0 0 0 0 0
 179       3 mmcblk0p3 0 0 0 0 0 0 0 0 0 0 0
 179       4 mmcblk0p4 0 0 0 0 0 0 0 0 0 0 0
 179       5 mmcblk0p5 613 1202 86808 612 0 0 0 0 2 124 132
 179       6 mmcblk0p6 0 0 0 0 0 0 0 0 0 0 0
 179       7 mmcblk0p7 1 0 32 0 0 0 0 0 0 0 0
 179       8 mmcblk0p8 0 0 0 0 0 0 0 0 0 0 0
 179       9 mmcblk0p9 0 0 0 0 0 0 0 0 0 0 0
 179      10 mmcblk0p10 248 188 17192 128 0 0 0 0 0 28 28
 179      11 mmcblk0p11 0 0 0 0 0 0 0 0 0 0 0
 179      12 mmcblk0p12 425 978 11314 176 5 62 536 24 0 48 52
 179      13 mmcblk0p13 0 0 0 0 0 0 0 0 0 0 0
 179      14 mmcblk0p14 1 0 256 0 0 0 0 0 0 0 0
 179      15 mmcblk0p15 0 0 0 0 0 0 0 0 0 0 0
 179      96 mmcblk0rpmb 0 0 0 0 0 0 0 0 0 0 0
 179      64 mmcblk0boot1 0 0 0 0 0 0 0 0 0 0 0
 179      32 mmcblk0boot0 0 0 0 0 0 0 0 0 0 0 0
 252       0 dm-0 707 0 82528 912 0 0 0 0 5 400 924
 252       1 dm-1 244 0 15656 148 0 0 0 0 0 120 148

391
   1       0 ram0 0 0 0 0 0 0 0 0 0 0 0
   1       1 ram1 0 0 0 0 0 0 0 0 0 0 0
   1       2 ram2 0 0 0 0 0 0 0 0 0 0 0
   1       3 ram3 0 0 0 0 0 0 0 0 0 0 0
   1       4 ram4 0 0 0 0 0 0 0 0 0 0 0
   1       5 ram5 0 0 0 0 0 0 0 0 0 0 0
   1       6 ram6 0 0 0 0 0 0 0 0 0 0 0
   1       7 ram7 0 0 0 0 0 0 0 0 0 0 0
   1       8 ram8 0 0 0 0 0 0 0 0 0 0 0
   1       9 ram9 0 0 0 0 0 0 0 0 0 0 0
   1      10 ram10 0 0 0 0 0 0 0 0 0 0 0
   1      11 ram11 0 0 0 0 0 0 0 0 0 0 0
   1      12 ram12 0 0 0 0 0 0 0 0 0 0 0
   1      13 ram13 0 0 0 0 0 0 0 0 0 0 0
   1      14 ram14 0 0 0 0 0 0 0 0 0 0 0
   1      15 ram15 0 0 0 0 0 0 0 0 0 0 0
   7       0 loop0 0 0 0 0 0 0 0 0 0 0 0
   7       1 loop1 0 0 0 0 0 0 0 0 0 0 0
   7       2 loop2 0 0 0 0 0 0 0 0 0 0 0
   7       3 loop3 0 0 0 0 0 0 0 0 0 0 0
   7       4 loop4 0 0 0 0 0 0 0 0 0 0 0
   7       5 loop5 0 0 0 0 0 0 0 0 0 0 0
   7       6 loop6 0 0 0 0 0 0 0 0 0 0 0
   7       7 loop7 0 0 0 0 0 0 0 0 0 0 0
 253       0 zram0 36 0 288 0 1 0 8 0 0 0 0
 179       0 mmcblk0 1722 2368 206002 2692 5 62 536 24 0 424 544
 179       1 mmcblk0p1 0 0 0 0 0 0 0 0 0 0 0
 179       2 mmcblk0p2 0 0 0 0 0 0 0 0 0 0 0
 179       3 mmcblk0p3 0 0 0 0 0 0 0 0 0 0 0
 179       4 mmcblk0p4 0 0 0 0 0 0 0 0 0 0 0
 179       5 mmcblk0p5 960 1202 174320 2080 0 0 0 0 0 308 392
 179       6 mmcblk0p6 0 0 0 0 0 0 0 0 0 0 0
 179       7 mmcblk0p7 1 0 32 0 0 0 0 0 0 0 0
 179       8 mmcblk0p8 0 0 0 0 0 0 0 0 0 0 0
 179       9 mmcblk0p9 0 0 0 0 0 0 0 0 0 0 0
 179      10 mmcblk0p10 327 188 20016 420 0 0 0 0 0 60 60
 179      11 mmcblk0p11 0 0 0 0 0 0 0 0 0 0 0
 179      12 mmcblk0p12 427 978 11330 188 5 62 536 24 0 48 52
 179      13 mmcblk0p13 0 0 0 0 0 0 0 0 0 0 0
 179      14 mmcblk0p14 1 0 256 0 0 0 0 0 0 0 0
 179      15 mmcblk0p15 0 0 0 0 0 0 0 0 0 0 0
 179      96 mmcblk0rpmb 0 0 0 0 0 0 0 0 0 0 0
 179      64 mmcblk0boot1 0 0 0 0 0 0 0 0 0 0 0
 179      32 mmcblk0boot0 0 0 0 0 0 0 0 0 0 0 0
 252       0 dm-0 1023 0 165544 2840 0 0 0 0 13 680 3092
 252       1 dm-1 324 0 18584 544 0 0 0 0 1 320 544

420
   1       0 ram0 0 0 0 0 0 0 0 0 0 0 0
   1       1 ram1 0 0 0 0 0 0 0 0 0 0 0
   1       2 ram2 0 0 0 0 0 0 0 0 0 0 0
   1       3 ram3 0 0 0 0 0 0 0 0 0 0 0
   1       4 ram4 0 0 0 0 0 0 0 0 0 0 0
   1       5 ram5 0 0 0 0 0 0 0 0 0 0 0
   1       6 ram6 0 0 0 0 0 0 0 0 0 0 0
   1       7 ram7 0 0 0 0 0 0 0 0 0 0 0
   1       8 ram8 0 0 0 0 0 0 0 0 0 0 0
   1       9 ram9 0 0 0 0 0 0 0 0 0 0 0
   1      10 ram10 0 0 0 0 0 0 0 0 0 0 0
   1      11 ram11 0 0 0 0 0 0 0 0 0 0 0
   1      12 ram12 0 0 0 0 0 0 0 0 0 0 0
   1      13 ram13 0 0 0 0 0 0 0 0 0 0 0
   1      14 ram14 0 0 0 0 0 0 0 0 0 0 0
   1      15 ram15 0 0 0 0 0 0 0 0 0 0 0
   7       0 loop0 0 0 0 0 0 0 0 0 0 0 0
   7       1 loop1 0 0 0 0 0 0 0 0 0 0 0
   7       2 loop2 0 0 0 0 0 0 0 0 0 0 0
   7       3 loop3 0 0 0 0 0 0 0 0 0 0 0
   7       4 loop4 0 0 0 0 0 0 0 0 0 0 0
   7       5 loop5 0 0 0 0 0 0 0 0 0 0 0
   7       6 loop6 0 0 0 0 0 0 0 0 0 0 0
   7       7 loop7 0 0 0 0 0 0 0 0 0 0 0
 253       0 zram0 36 0 288 0 1 0 8 0 0 0 0
 179       0 mmcblk0 2174 2370 281266 4232 5 62 536 24 0 608 796
 179       1 mmcblk0p1 0 0 0 0 0 0 0 0 0 0 0
 179       2 mmcblk0p2 0 0 0 0 0 0 0 0 0 0 0
 179       3 mmcblk0p3 0 0 0 0 0 0 0 0 0 0 0
 179       4 mmcblk0p4 0 0 0 0 0 0 0 0 0 0 0
 179       5 mmcblk0p5 1328 1204 245888 3424 0 0 0 0 0 472 612
 179       6 mmcblk0p6 0 0 0 0 0 0 0 0 0 0 0
 179       7 mmcblk0p7 1 0 32 0 0 0 0 0 0 0 0
 179       8 mmcblk0p8 0 0 0 0 0 0 0 0 0 0 0
 179       9 mmcblk0p9 0 0 0 0 0 0 0 0 0 0 0
 179      10 mmcblk0p10 408 188 23688 608 0 0 0 0 0 104 104
 179      11 mmcblk0p11 0 0 0 0 0 0 0 0 0 0 0
 179      12 mmcblk0p12 430 978 11354 196 5 62 536 24 0 48 52
 179      13 mmcblk0p13 0 0 0 0 0 0 0 0 0 0 0
 179      14 mmcblk0p14 1 0 256 0 0 0 0 0 0 0 0
 179      15 mmcblk0p15 0 0 0 0 0 0 0 0 0 0 0
 179      96 mmcblk0rpmb 0 0 0 0 0 0 0 0 0 0 0
 179      64 mmcblk0boot1 0 0 0 0 0 0 0 0 0 0 0
 179      32 mmcblk0boot0 0 0 0 0 0 0 0 0 0 0 0
 252       0 dm-0 1424 0 237088 6128 0 0 0 0 3 960 6188
 252       1 dm-1 404 0 22152 824 0 0 0 0 0 444 824

450
   1       0 ram0 0 0 0 0 0 0 0 0 0 0 0
   1       1 ram1 0 0 0 0 0 0 0 0 0 0 0
   1       2 ram2 0 0 0 0 0 0 0 0 0 0 0
   1       3 ram3 0 0 0 0 0 0 0 0 0 0 0
   1       4 ram4 0 0 0 0 0 0 0 0 0 0 0
   1       5 ram5 0 0 0 0 0 0 0 0 0 0 0
   1       6 ram6 0 0 0 0 0 0 0 0 0 0 0
   1       7 ram7 0 0 0 0 0 0 0 0 0 0 0
   1       8 ram8 0 0 0 0 0 0 0 0 0 0 0
   1       9 ram9 0 0 0 0 0 0 0 0 0 0 0
   1      10 ram10 0 0 0 0 0 0 0 0 0 0 0
   1      11 ram11 0 0 0 0 0 0 0 0 0 0 0
   1      12 ram12 0 0 0 0 0 0 0 0 0 0 0
   1      13 ram13 0 0 0 0 0 0 0 0 0 0 0
   1      14 ram14 0 0 0 0 0 0 0 0 0 0 0
   1      15 ram15 0 0 0 0 0 0 0 0 0 0 0
   7       0 loop0 0 0 0 0 0 0 0 0 0 0 0
   7       1 loop1 0 0 0 0 0 0 0 0 0 0 0
   7       2 loop2 0 0 0 0 0 0 0 0 0 0 0
   7       3 loop3 0 0 0 0 0 0 0 0 0 0 0
   7       4 loop4 0 0 0 0 0 0 0 0 0 0 0
   7       5 loop5 0 0 0 0 0 0 0 0 0 0 0
   7       6 loop6 0 0 0 0 0 0 0 0 0 0 0
   7       7 loop7 0 0 0 0 0 0 0 0 0 0 0
 253       0 zram0 36 0 288 0 1 0 8 0 0 0 0
 179       0 mmcblk0 2360 2370 315714 4424 5 62 536 24 0 664 856
 179       1 mmcblk0p1 0 0 0 0 0 0 0 0 0 0 0
 179       2 mmcblk0p2 0 0 0 0 0 0 0 0 0 0 0
 179       3 mmcblk0p3 0 0 0 0 0 0 0 0 0 0 0
 179       4 mmcblk0p4 0 0 0 0 0 0 0 0 0 0 0
 179       5 mmcblk0p5 1474 1204 277664 3588 0 0 0 0 0 516 660
 179       6 mmcblk0p6 0 0 0 0 0 0 0 0 0 0 0
 179       7 mmcblk0p7 1 0 32 0 0 0 0 0 0 0 0
 179       8 mmcblk0p8 0 0 0 0 0 0 0 0 0 0 0
 179       9 mmcblk0p9 0 0 0 0 0 0 0 0 0 0 0
 179      10 mmcblk0p10 446 188 26344 636 0 0 0 0 0 108 108
 179      11 mmcblk0p11 0 0 0 0 0 0 0 0 0 0 0
 179      12 mmcblk0p12 432 978 11370 196 5 62 536 24 0 48 52
 179      13 mmcblk0p13 0 0 0 0 0 0 0 0 0 0 0
 179      14 mmcblk0p14 1 0 256 0 0 0 0 0 0 0 0
 179      15 mmcblk0p15 0 0 0 0 0 0 0 0 0 0 0
 179      96 mmcblk0rpmb 0 0 0 0 0 0 0 0 0 0 0
 179      64 mmcblk0boot1 0 0 0 0 0 0 0 0 0 0 0
 179      32 mmcblk0boot0 0 0 0 0 0 0 0 0 0 0 0
 252       0 dm-0 1569 0 268864 7000 0 0 0 0 0 1188 6996
 252       1 dm-1 442 0 24808 964 0 0 0 0 0 544 964

476
   1       0 ram0 0 0 0 0 0 0 0 0 0 0 0
   1       1 ram1 0 0 0 0 0 0 0 0 0 0 0
   1       2 ram2 0 0 0 0 0 0 0 0 0 0 0
   1       3 ram3 0 0 0 0 0 0 0 0 0 0 0
   1       4 ram4 0 0 0 0 0 0 0 0 0 0 0
   1       5 ram5 0 0 0 0 0 0 0 0 0 0 0
   1       6 ram6 0 0 0 0 0 0 0 0 0 0 0
   1       7 ram7 0 0 0 0 0 0 0 0 0 0 0
   1       8 ram8 0 0 0 0 0 0 0 0 0 0 0
   1       9 ram9 0 0 0 0 0 0 0 0 0 0 0
   1      10 ram10 0 0 0 0 0 0 0 0 0 0 0
   1      11 ram11 0 0 0 0 0 0 0 0 0 0 0
   1      12 ram12 0 0 0 0 0 0 0 0 0 0 0
   1      13 ram13 0 0 0 0 0 0 0 0 0 0 0
   1      14 ram14 0 0 0 0 0 0 0 0 0 0 0
   1      15 ram15 0 0 0 0 0 0 0 0 0 0 0
   7       0 loop0 0 0 0 0 0 0 0 0 0 0 0
   7       1 loop1 0 0 0 0 0 0 0 0 0 0 0
   7       2 loop2 0 0 0 0 0 0 0 0 0 0 0
   7       3 loop3 0 0 0 0 0 0 0 0 0 0 0
   7       4 loop4 0 0 0 0 0 0 0 0 0 0 0
   7       5 loop5 0 0 0 0 0 0 0 0 0 0 0
   7       6 loop6 0 0 0 0 0 0 0 0 0 0 0
   7       7 loop7 0 0 0 0 0 0 0 0 0 0 0
 253       0 zram0 36 0 288 0 1 0 8 0 0 0 0
 179       0 mmcblk0 2453 2494 348050 4632 8 91 792 24 0 704 896
 179       1 mmcblk0p1 0 0 0 0 0 0 0 0 0 0 0
 179       2 mmcblk0p2 0 0 0 0 0 0 0 0 0 0 0
 179       3 mmcblk0p3 0 0 0 0 0 0 0 0 0 0 0
 179       4 mmcblk0p4 0 0 0 0 0 0 0 0 0 0 0
 179       5 mmcblk0p5 1528 1328 306296 3748 0 0 0 0 0 552 696
 179       6 mmcblk0p6 0 0 0 0 0 0 0 0 0 0 0
 179       7 mmcblk0p7 1 0 32 0 0 0 0 0 0 0 0
 179       8 mmcblk0p8 0 0 0 0 0 0 0 0 0 0 0
 179       9 mmcblk0p9 0 0 0 0 0 0 0 0 0 0 0
 179      10 mmcblk0p10 478 188 29992 664 0 0 0 0 0 108 108
 179      11 mmcblk0p11 0 0 0 0 0 0 0 0 0 0 0
 179      12 mmcblk0p12 439 978 11426 216 8 91 792 24 0 48 52
 179      13 mmcblk0p13 0 0 0 0 0 0 0 0 0 0 0
 179      14 mmcblk0p14 1 0 256 0 0 0 0 0 0 0 0
 179      15 mmcblk0p15 0 0 0 0 0 0 0 0 0 0 0
 179      96 mmcblk0rpmb 0 0 0 0 0 0 0 0 0 0 0
 179      64 mmcblk0boot1 0 0 0 0 0 0 0 0 0 0 0
 179      32 mmcblk0boot0 0 0 0 0 0 0 0 0 0 0 0
 252       0 dm-0 1604 0 296456 7196 0 0 0 0 0 1264 7192
 252       1 dm-1 474 0 28456 1008 0 0 0 0 1 584 1008

509
   1       0 ram0 0 0 0 0 0 0 0 0 0 0 0
   1       1 ram1 0 0 0 0 0 0 0 0 0 0 0
   1       2 ram2 0 0 0 0 0 0 0 0 0 0 0
   1       3 ram3 0 0 0 0 0 0 0 0 0 0 0
   1       4 ram4 0 0 0 0 0 0 0 0 0 0 0
   1       5 ram5 0 0 0 0 0 0 0 0 0 0 0
   1       6 ram6 0 0 0 0 0 0 0 0 0 0 0
   1       7 ram7 0 0 0 0 0 0 0 0 0 0 0
   1       8 ram8 0 0 0 0 0 0 0 0 0 0 0
   1       9 ram9 0 0 0 0 0 0 0 0 0 0 0
   1      10 ram10 0 0 0 0 0 0 0 0 0 0 0
   1      11 ram11 0 0 0 0 0 0 0 0 0 0 0
   1      12 ram12 0 0 0 0 0 0 0 0 0 0 0
   1      13 ram13 0 0 0 0 0 0 0 0 0 0 0
   1      14 ram14 0 0 0 0 0 0 0 0 0 0 0
   1      15 ram15 0 0 0 0 0 0 0 0 0 0 0
   7       0 loop0 0 0 0 0 0 0 0 0 0 0 0
   7       1 loop1 0 0 0 0 0 0 0 0 0 0 0
   7       2 loop2 0 0 0 0 0 0 0 0 0 0 0
   7       3 loop3 0 0 0 0 0 0 0 0 0 0 0
   7       4 loop4 0 0 0 0 0 0 0 0 0 0 0
   7       5 loop5 0 0 0 0 0 0 0 0 0 0 0
   7       6 loop6 0 0 0 0 0 0 0 0 0 0 0
   7       7 loop7 0 0 0 0 0 0 0 0 0 0 0
 253       0 zram0 36 0 288 0 1 0 8 0 0 0 0
 179       0 mmcblk0 2659 2683 453138 5664 11 109 960 32 0 892 1120
 179       1 mmcblk0p1 0 0 0 0 0 0 0 0 0 0 0
 179       2 mmcblk0p2 0 0 0 0 0 0 0 0 0 0 0
 179       3 mmcblk0p3 0 0 0 0 0 0 0 0 0 0 0
 179       4 mmcblk0p4 0 0 0 0 0 0 0 0 0 0 0
 179       5 mmcblk0p5 1658 1517 402656 4540 0 0 0 0 1 708 872
 179       6 mmcblk0p6 0 0 0 0 0 0 0 0 0 0 0
 179       7 mmcblk0p7 1 0 32 0 0 0 0 0 0 0 0
 179       8 mmcblk0p8 0 0 0 0 0 0 0 0 0 0 0
 179       9 mmcblk0p9 0 0 0 0 0 0 0 0 0 0 0
 179      10 mmcblk0p10 528 188 33248 816 0 0 0 0 2 160 180
 179      11 mmcblk0p11 0 0 0 0 0 0 0 0 0 0 0
 179      12 mmcblk0p12 465 978 16898 304 11 109 960 32 0 64 68
 179      13 mmcblk0p13 0 0 0 0 0 0 0 0 0 0 0
 179      14 mmcblk0p14 1 0 256 0 0 0 0 0 0 0 0
 179      15 mmcblk0p15 0 0 0 0 0 0 0 0 0 0 0
 179      96 mmcblk0rpmb 0 0 0 0 0 0 0 0 0 0 0
 179      64 mmcblk0boot1 0 0 0 0 0 0 0 0 0 0 0
 179      32 mmcblk0boot0 0 0 0 0 0 0 0 0 0 0 0
 252       0 dm-0 1688 0 391496 8048 0 0 0 0 3 1588 8180
 252       1 dm-1 527 0 31976 1208 0 0 0 0 3 744 1268

534
   1       0 ram0 0 0 0 0 0 0 0 0 0 0 0
   1       1 ram1 0 0 0 0 0 0 0 0 0 0 0
   1       2 ram2 0 0 0 0 0 0 0 0 0 0 0
   1       3 ram3 0 0 0 0 0 0 0 0 0 0 0
   1       4 ram4 0 0 0 0 0 0 0 0 0 0 0
   1       5 ram5 0 0 0 0 0 0 0 0 0 0 0
   1       6 ram6 0 0 0 0 0 0 0 0 0 0 0
   1       7 ram7 0 0 0 0 0 0 0 0 0 0 0
   1       8 ram8 0 0 0 0 0 0 0 0 0 0 0
   1       9 ram9 0 0 0 0 0 0 0 0 0 0 0
   1      10 ram10 0 0 0 0 0 0 0 0 0 0 0
   1      11 ram11 0 0 0 0 0 0 0 0 0 0 0
   1      12 ram12 0 0 0 0 0 0 0 0 0 0 0
   1      13 ram13 0 0 0 0 0 0 0 0 0 0 0
   1      14 ram14 0 0 0 0 0 0 0 0 0 0 0
   1      15 ram15 0 0 0 0 0 0 0 0 0 0 0
   7       0 loop0 0 0 0 0 0 0 0 0 0 0 0
   7       1 loop1 0 0 0 0 0 0 0 0 0 0 0
   7       2 loop2 0 0 0 0 0 0 0 0 0 0 0
   7       3 loop3 0 0 0 0 0 0 0 0 0 0 0
   7       4 loop4 0 0 0 0 0 0 0 0 0 0 0
   7       5 loop5 0 0 0 0 0 0 0 0 0 0 0
   7       6 loop6 0 0 0 0 0 0 0 0 0 0 0
   7       7 loop7 0 0 0 0 0 0 0 0 0 0 0
 253       0 zram0 36 0 288 0 1 0 8 0 0 0 0
 179       0 mmcblk0 2875 2683 542498 6476 11 109 960 32 0 1048 1296
 179       1 mmcblk0p1 0 0 0 0 0 0 0 0 0 0 0
 179       2 mmcblk0p2 0 0 0 0 0 0 0 0 0 0 0
 179       3 mmcblk0p3 0 0 0 0 0 0 0 0 0 0 0
 179       4 mmcblk0p4 0 0 0 0 0 0 0 0 0 0 0
 179       5 mmcblk0p5 1744 1517 443368 4952 0 0 0 0 1 780 944
 179       6 mmcblk0p6 0 0 0 0 0 0 0 0 0 0 0
 179       7 mmcblk0p7 1 0 32 0 0 0 0 0 0 0 0
 179       8 mmcblk0p8 0 0 0 0 0 0 0 0 0 0 0
 179       9 mmcblk0p9 0 0 0 0 0 0 0 0 0 0 0
 179      10 mmcblk0p10 573 188 40368 956 0 0 0 0 0 164 184
 179      11 mmcblk0p11 0 0 0 0 0 0 0 0 0 0 0
 179      12 mmcblk0p12 550 978 58426 564 11 109 960 32 1 136 140
 179      13 mmcblk0p13 0 0 0 0 0 0 0 0 0 0 0
 179      14 mmcblk0p14 1 0 256 0 0 0 0 0 0 0 0
 179      15 mmcblk0p15 0 0 0 0 0 0 0 0 0 0 0
 179      96 mmcblk0rpmb 0 0 0 0 0 0 0 0 0 0 0
 179      64 mmcblk0boot1 0 0 0 0 0 0 0 0 0 0 0
 179      32 mmcblk0boot0 0 0 0 0 0 0 0 0 0 0 0
 252       0 dm-0 1757 0 432024 8476 0 0 0 0 0 1760 8556
 252       1 dm-1 569 0 38832 1384 0 0 0 0 0 852 1384

560
   1       0 ram0 0 0 0 0 0 0 0 0 0 0 0
   1       1 ram1 0 0 0 0 0 0 0 0 0 0 0
   1       2 ram2 0 0 0 0 0 0 0 0 0 0 0
   1       3 ram3 0 0 0 0 0 0 0 0 0 0 0
   1       4 ram4 0 0 0 0 0 0 0 0 0 0 0
   1       5 ram5 0 0 0 0 0 0 0 0 0 0 0
   1       6 ram6 0 0 0 0 0 0 0 0 0 0 0
   1       7 ram7 0 0 0 0 0 0 0 0 0 0 0
   1       8 ram8 0 0 0 0 0 0 0 0 0 0 0
   1       9 ram9 0 0 0 0 0 0 0 0 0 0 0
   1      10 ram10 0 0 0 0 0 0 0 0 0 0 0
   1      11 ram11 0 0 0 0 0 0 0 0 0 0 0
   1      12 ram12 0 0 0 0 0 0 0 0 0 0 0
   1      13 ram13 0 0 0 0 0 0 0 0 0 0 0
   1      14 ram14 0 0 0 0 0 0 0 0 0 0 0
   1      15 ram15 0 0 0 0 0 0 0 0 0 0 0
   7       0 loop0 0 0 0 0 0 0 0 0 0 0 0
   7       1 loop1 0 0 0 0 0 0 0 0 0 0 0
   7       2 loop2 0 0 0 0 0 0 0 0 0 0 0
   7       3 loop3 0 0 0 0 0 0 0 0 0 0 0
   7       4 loop4 0 0 0 0 0 0 0 0 0 0 0
   7       5 loop5 0 0 0 0 0 0 0 0 0 0 0
   7       6 loop6 0 0 0 0 0 0 0 0 0 0 0
   7       7 loop7 0 0 0 0 0 0 0 0 0 0 0
 253       0 zram0 36 0 288 0 1 0 8 0 0 0 0
 179       0 mmcblk0 2995 2683 573634 6680 11 109 960 32 0 1092 1340
 179       1 mmcblk0p1 0 0 0 0 0 0 0 0 0 0 0
 179       2 mmcblk0p2 0 0 0 0 0 0 0 0 0 0 0
 179       3 mmcblk0p3 0 0 0 0 0 0 0 0 0 0 0
 179       4 mmcblk0p4 0 0 0 0 0 0 0 0 0 0 0
 179       5 mmcblk0p5 1824 1517 453936 5012 0 0 0 0 0 784 948
 179       6 mmcblk0p6 0 0 0 0 0 0 0 0 0 0 0
 179       7 mmcblk0p7 1 0 32 0 0 0 0 0 0 0 0
 179       8 mmcblk0p8 0 0 0 0 0 0 0 0 0 0 0
 179       9 mmcblk0p9 0 0 0 0 0 0 0 0 0 0 0
 179      10 mmcblk0p10 591 188 40704 960 0 0 0 0 1 164 184
 179      11 mmcblk0p11 0 0 0 0 0 0 0 0 0 0 0
 179      12 mmcblk0p12 572 978 78658 704 11 109 960 32 0 168 172
 179      13 mmcblk0p13 0 0 0 0 0 0 0 0 0 0 0
 179      14 mmcblk0p14 1 0 256 0 0 0 0 0 0 0 0
 179      15 mmcblk0p15 0 0 0 0 0 0 0 0 0 0 0
 179      96 mmcblk0rpmb 0 0 0 0 0 0 0 0 0 0 0
 179      64 mmcblk0boot1 0 0 0 0 0 0 0 0 0 0 0
 179      32 mmcblk0boot0 0 0 0 0 0 0 0 0 0 0 0
 252       0 dm-0 1835 0 442568 8552 0 0 0 0 1 1836 8632
 252       1 dm-1 589 0 39184 1388 0 0 0 0 1 856 1388

584
   1       0 ram0 0 0 0 0 0 0 0 0 0 0 0
   1       1 ram1 0 0 0 0 0 0 0 0 0 0 0
   1       2 ram2 0 0 0 0 0 0 0 0 0 0 0
   1       3 ram3 0 0 0 0 0 0 0 0 0 0 0
   1       4 ram4 0 0 0 0 0 0 0 0 0 0 0
   1       5 ram5 0 0 0 0 0 0 0 0 0 0 0
   1       6 ram6 0 0 0 0 0 0 0 0 0 0 0
   1       7 ram7 0 0 0 0 0 0 0 0 0 0 0
   1       8 ram8 0 0 0 0 0 0 0 0 0 0 0
   1       9 ram9 0 0 0 0 0 0 0 0 0 0 0
   1      10 ram10 0 0 0 0 0 0 0 0 0 0 0
   1      11 ram11 0 0 0 0 0 0 0 0 0 0 0
   1      12 ram12 0 0 0 0 0 0 0 0 0 0 0
   1      13 ram13 0 0 0 0 0 0 0 0 0 0 0
   1      14 ram14 0 0 0 0 0 0 0 0 0 0 0
   1      15 ram15 0 0 0 0 0 0 0 0 0 0 0
   7       0 loop0 0 0 0 0 0 0 0 0 0 0 0
   7       1 loop1 0 0 0 0 0 0 0 0 0 0 0
   7       2 loop2 0 0 0 0 0 0 0 0 0 0 0
   7       3 loop3 0 0 0 0 0 0 0 0 0 0 0
   7       4 loop4 0 0 0 0 0 0 0 0 0 0 0
   7       5 loop5 0 0 0 0 0 0 0 0 0 0 0
   7       6 loop6 0 0 0 0 0 0 0 0 0 0 0
   7       7 loop7 0 0 0 0 0 0 0 0 0 0 0
 253       0 zram0 36 0 288 0 1 0 8 0 0 0 0
 179       0 mmcblk0 3164 2746 648026 7432 11 109 960 32 0 1236 1500
 179       1 mmcblk0p1 0 0 0 0 0 0 0 0 0 0 0
 179       2 mmcblk0p2 0 0 0 0 0 0 0 0 0 0 0
 179       3 mmcblk0p3 0 0 0 0 0 0 0 0 0 0 0
 179       4 mmcblk0p4 0 0 0 0 0 0 0 0 0 0 0
 179       5 mmcblk0p5 1964 1580 527576 5744 0 0 0 0 2 924 1104
 179       6 mmcblk0p6 0 0 0 0 0 0 0 0 0 0 0
 179       7 mmcblk0p7 1 0 32 0 0 0 0 0 0 0 0
 179       8 mmcblk0p8 0 0 0 0 0 0 0 0 0 0 0
 179       9 mmcblk0p9 0 0 0 0 0 0 0 0 0 0 0
 179      10 mmcblk0p10 621 188 41456 984 0 0 0 0 0 164 184
 179      11 mmcblk0p11 0 0 0 0 0 0 0 0 0 0 0
 179      12 mmcblk0p12 572 978 78658 704 11 109 960 32 0 168 172
 179      13 mmcblk0p13 0 0 0 0 0 0 0 0 0 0 0
 179      14 mmcblk0p14 1 0 256 0 0 0 0 0 0 0 0
 179      15 mmcblk0p15 0 0 0 0 0 0 0 0 0 0 0
 179      96 mmcblk0rpmb 0 0 0 0 0 0 0 0 0 0 0
 179      64 mmcblk0boot1 0 0 0 0 0 0 0 0 0 0 0
 179      32 mmcblk0boot0 0 0 0 0 0 0 0 0 0 0 0
 252       0 dm-0 1945 0 521792 9172 0 0 0 0 7 2028 9280
 252       1 dm-1 617 0 39920 1416 0 0 0 0 0 884 1416

606
   1       0 ram0 0 0 0 0 0 0 0 0 0 0 0
   1       1 ram1 0 0 0 0 0 0 0 0 0 0 0
   1       2 ram2 0 0 0 0 0 0 0 0 0 0 0
   1       3 ram3 0 0 0 0 0 0 0 0 0 0 0
   1       4 ram4 0 0 0 0 0 0 0 0 0 0 0
   1       5 ram5 0 0 0 0 0 0 0 0 0 0 0
   1       6 ram6 0 0 0 0 0 0 0 0 0 0 0
   1       7 ram7 0 0 0 0 0 0 0 0 0 0 0
   1       8 ram8 0 0 0 0 0 0 0 0 0 0 0
   1       9 ram9 0 0 0 0 0 0 0 0 0 0 0
   1      10 ram10 0 0 0 0 0 0 0 0 0 0 0
   1      11 ram11 0 0 0 0 0 0 0 0 0 0 0
   1      12 ram12 0 0 0 0 0 0 0 0 0 0 0
   1      13 ram13 0 0 0 0 0 0 0 0 0 0 0
   1      14 ram14 0 0 0 0 0 0 0 0 0 0 0
   1      15 ram15 0 0 0 0 0 0 0 0 0 0 0
   7       0 loop0 0 0 0 0 0 0 0 0 0 0 0
   7       1 loop1 0 0 0 0 0 0 0 0 0 0 0
   7       2 loop2 0 0 0 0 0 0 0 0 0 0 0
   7       3 loop3 0 0 0 0 0 0 0 0 0 0 0
   7       4 loop4 0 0 0 0 0 0 0 0 0 0 0
   7       5 loop5 0 0 0 0 0 0 0 0 0 0 0
   7       6 loop6 0 0 0 0 0 0 0 0 0 0 0
   7       7 loop7 0 0 0 0 0 0 0 0 0 0 0
 253       0 zram0 36 0 288 0 1 0 8 0 0 0 0
 179       0 mmcblk0 3230 2746 681786 7704 11 109 960 32 0 1292 1556
 179       1 mmcblk0p1 0 0 0 0 0 0 0 0 0 0 0
 179       2 mmcblk0p2 0 0 0 0 0 0 0 0 0 0 0
 179       3 mmcblk0p3 0 0 0 0 0 0 0 0 0 0 0
 179       4 mmcblk0p4 0 0 0 0 0 0 0 0 0 0 0
 179       5 mmcblk0p5 2028 1580 561328 6012 0 0 0 0 0 980 1160
 179       6 mmcblk0p6 0 0 0 0 0 0 0 0 0 0 0
 179       7 mmcblk0p7 1 0 32 0 0 0 0 0 0 0 0
 179       8 mmcblk0p8 0 0 0 0 0 0 0 0 0 0 0
 179       9 mmcblk0p9 0 0 0 0 0 0 0 0 0 0 0
 179      10 mmcblk0p10 622 188 41464 984 0 0 0 0 0 164 184
 179      11 mmcblk0p11 0 0 0 0 0 0 0 0 0 0 0
 179      12 mmcblk0p12 572 978 78658 704 11 109 960 32 0 168 172
 179      13 mmcblk0p13 0 0 0 0 0 0 0 0 0 0 0
 179      14 mmcblk0p14 1 0 256 0 0 0 0 0 0 0 0
 179      15 mmcblk0p15 0 0 0 0 0 0 0 0 0 0 0
 179      96 mmcblk0rpmb 0 0 0 0 0 0 0 0 0 0 0
 179      64 mmcblk0boot1 0 0 0 0 0 0 0 0 0 0 0
 179      32 mmcblk0boot0 0 0 0 0 0 0 0 0 0 0 0
 252       0 dm-0 1987 0 549432 9436 0 0 0 0 0 2120 9516
 252       1 dm-1 618 0 39928 1416 0 0 0 0 0 884 1416

631
   1       0 ram0 0 0 0 0 0 0 0 0 0 0 0
   1       1 ram1 0 0 0 0 0 0 0 0 0 0 0
   1       2 ram2 0 0 0 0 0 0 0 0 0 0 0
   1       3 ram3 0 0 0 0 0 0 0 0 0 0 0
   1       4 ram4 0 0 0 0 0 0 0 0 0 0 0
   1       5 ram5 0 0 0 0 0 0 0 0 0 0 0
   1       6 ram6 0 0 0 0 0 0 0 0 0 0 0
   1       7 ram7 0 0 0 0 0 0 0 0 0 0 0
   1       8 ram8 0 0 0 0 0 0 0 0 0 0 0
   1       9 ram9 0 0 0 0 0 0 0 0 0 0 0
   1      10 ram10 0 0 0 0 0 0 0 0 0 0 0
   1      11 ram11 0 0 0 0 0 0 0 0 0 0 0
   1      12 ram12 0 0 0 0 0 0 0 0 0 0 0
   1      13 ram13 0 0 0 0 0 0 0 0 0 0 0
   1      14 ram14 0 0 0 0 0 0 0 0 0 0 0
   1      15 ram15 0 0 0 0 0 0 0 0 0 0 0
   7       0 loop0 0 0 0 0 0 0 0 0 0 0 0
   7       1 loop1 0 0 0 0 0 0 0 0 0 0 0
   7       2 loop2 0 0 0 0 0 0 0 0 0 0 0
   7       3 loop3 0 0 0 0 0 0 0 0 0 0 0
   7       4 loop4 0 0 0 0 0 0 0 0 0 0 0
   7       5 loop5 0 0 0 0 0 0 0 0 0 0 0
   7       6 loop6 0 0 0 0 0 0 0 0 0 0 0
   7       7 loop7 0 0 0 0 0 0 0 0 0 0 0
 253       0 zram0 36 0 288 0 1 0 8 0 0 0 0
 179       0 mmcblk0 3371 2809 717242 7876 11 109 960 32 0 1328 1592
 179       1 mmcblk0p1 0 0 0 0 0 0 0 0 0 0 0
 179       2 mmcblk0p2 0 0 0 0 0 0 0 0 0 0 0
 179       3 mmcblk0p3 0 0 0 0 0 0 0 0 0 0 0
 179       4 mmcblk0p4 0 0 0 0 0 0 0 0 0 0 0
 179       5 mmcblk0p5 2161 1643 596712 6184 0 0 0 0 0 1016 1196
 179       6 mmcblk0p6 0 0 0 0 0 0 0 0 0 0 0
 179       7 mmcblk0p7 1 0 32 0 0 0 0 0 0 0 0
 179       8 mmcblk0p8 0 0 0 0 0 0 0 0 0 0 0
 179       9 mmcblk0p9 0 0 0 0 0 0 0 0 0 0 0
 179      10 mmcblk0p10 629 188 41528 984 0 0 0 0 0 164 184
 179      11 mmcblk0p11 0 0 0 0 0 0 0 0 0 0 0
 179      12 mmcblk0p12 573 978 78666 704 11 109 960 32 0 168 172
 179      13 mmcblk0p13 0 0 0 0 0 0 0 0 0 0 0
 179      14 mmcblk0p14 1 0 256 0 0 0 0 0 0 0 0
 179      15 mmcblk0p15 0 0 0 0 0 0 0 0 0 0 0
 179      96 mmcblk0rpmb 0 0 0 0 0 0 0 0 0 0 0
 179      64 mmcblk0boot1 0 0 0 0 0 0 0 0 0 0 0
 179      32 mmcblk0boot0 0 0 0 0 0 0 0 0 0 0 0
 252       0 dm-0 2115 0 584520 9692 0 0 0 0 1 2272 9772
 252       1 dm-1 625 0 39992 1416 0 0 0 0 0 884 1416

653
   1       0 ram0 0 0 0 0 0 0 0 0 0 0 0
   1       1 ram1 0 0 0 0 0 0 0 0 0 0 0
   1       2 ram2 0 0 0 0 0 0 0 0 0 0 0
   1       3 ram3 0 0 0 0 0 0 0 0 0 0 0
   1       4 ram4 0 0 0 0 0 0 0 0 0 0 0
   1       5 ram5 0 0 0 0 0 0 0 0 0 0 0
   1       6 ram6 0 0 0 0 0 0 0 0 0 0 0
   1       7 ram7 0 0 0 0 0 0 0 0 0 0 0
   1       8 ram8 0 0 0 0 0 0 0 0 0 0 0
   1       9 ram9 0 0 0 0 0 0 0 0 0 0 0
   1      10 ram10 0 0 0 0 0 0 0 0 0 0 0
   1      11 ram11 0 0 0 0 0 0 0 0 0 0 0
   1      12 ram12 0 0 0 0 0 0 0 0 0 0 0
   1      13 ram13 0 0 0 0 0 0 0 0 0 0 0
   1      14 ram14 0 0 0 0 0 0 0 0 0 0 0
   1      15 ram15 0 0 0 0 0 0 0 0 0 0 0
   7       0 loop0 0 0 0 0 0 0 0 0 0 0 0
   7       1 loop1 0 0 0 0 0 0 0 0 0 0 0
   7       2 loop2 0 0 0 0 0 0 0 0 0 0 0
   7       3 loop3 0 0 0 0 0 0 0 0 0 0 0
   7       4 loop4 0 0 0 0 0 0 0 0 0 0 0
   7       5 loop5 0 0 0 0 0 0 0 0 0 0 0
   7       6 loop6 0 0 0 0 0 0 0 0 0 0 0
   7       7 loop7 0 0 0 0 0 0 0 0 0 0 0
 253       0 zram0 36 0 288 0 1 0 8 0 0 0 0
 179       0 mmcblk0 3532 2809 772090 8344 11 109 960 32 0 1400 1676
 179       1 mmcblk0p1 0 0 0 0 0 0 0 0 0 0 0
 179       2 mmcblk0p2 0 0 0 0 0 0 0 0 0 0 0
 179       3 mmcblk0p3 0 0 0 0 0 0 0 0 0 0 0
 179       4 mmcblk0p4 0 0 0 0 0 0 0 0 0 0 0
 179       5 mmcblk0p5 2321 1643 651552 6652 0 0 0 0 0 1088 1280
 179       6 mmcblk0p6 0 0 0 0 0 0 0 0 0 0 0
 179       7 mmcblk0p7 1 0 32 0 0 0 0 0 0 0 0
 179       8 mmcblk0p8 0 0 0 0 0 0 0 0 0 0 0
 179       9 mmcblk0p9 0 0 0 0 0 0 0 0 0 0 0
 179      10 mmcblk0p10 630 188 41536 984 0 0 0 0 0 164 184
 179      11 mmcblk0p11 0 0 0 0 0 0 0 0 0 0 0
 179      12 mmcblk0p12 573 978 78666 704 11 109 960 32 0 168 172
 179      13 mmcblk0p13 0 0 0 0 0 0 0 0 0 0 0
 179      14 mmcblk0p14 1 0 256 0 0 0 0 0 0 0 0
 179      15 mmcblk0p15 0 0 0 0 0 0 0 0 0 0 0
 179      96 mmcblk0rpmb 0 0 0 0 0 0 0 0 0 0 0
 179      64 mmcblk0boot1 0 0 0 0 0 0 0 0 0 0 0
 179      32 mmcblk0boot0 0 0 0 0 0 0 0 0 0 0 0
 252       0 dm-0 2252 0 639144 10104 0 0 0 0 0 2464 10184
 252       1 dm-1 626 0 40000 1416 0 0 0 0 0 884 1416

675
   1       0 ram0 0 0 0 0 0 0 0 0 0 0 0
   1       1 ram1 0 0 0 0 0 0 0 0 0 0 0
   1       2 ram2 0 0 0 0 0 0 0 0 0 0 0
   1       3 ram3 0 0 0 0 0 0 0 0 0 0 0
   1       4 ram4 0 0 0 0 0 0 0 0 0 0 0
   1       5 ram5 0 0 0 0 0 0 0 0 0 0 0
   1       6 ram6 0 0 0 0 0 0 0 0 0 0 0
   1       7 ram7 0 0 0 0 0 0 0 0 0 0 0
   1       8 ram8 0 0 0 0 0 0 0 0 0 0 0
   1       9 ram9 0 0 0 0 0 0 0 0 0 0 0
   1      10 ram10 0 0 0 0 0 0 0 0 0 0 0
   1      11 ram11 0 0 0 0 0 0 0 0 0 0 0
   1      12 ram12 0 0 0 0 0 0 0 0 0 0 0
   1      13 ram13 0 0 0 0 0 0 0 0 0 0 0
   1      14 ram14 0 0 0 0 0 0 0 0 0 0 0
   1      15 ram15 0 0 0 0 0 0 0 0 0 0 0
   7       0 loop0 0 0 0 0 0 0 0 0 0 0 0
   7       1 loop1 0 0 0 0 0 0 0 0 0 0 0
   7       2 loop2 0 0 0 0 0 0 0 0 0 0 0
   7       3 loop3 0 0 0 0 0 0 0 0 0 0 0
   7       4 loop4 0 0 0 0 0 0 0 0 0 0 0
   7       5 loop5 0 0 0 0 0 0 0 0 0 0 0
   7       6 loop6 0 0 0 0 0 0 0 0 0 0 0
   7       7 loop7 0 0 0 0 0 0 0 0 0 0 0
 253       0 zram0 36 0 288 0 1 0 8 0 0 0 0
 179       0 mmcblk0 3572 2809 786266 8484 11 109 960 32 0 1424 1700
 179       1 mmcblk0p1 0 0 0 0 0 0 0 0 0 0 0
 179       2 mmcblk0p2 0 0 0 0 0 0 0 0 0 0 0
 179       3 mmcblk0p3 0 0 0 0 0 0 0 0 0 0 0
 179       4 mmcblk0p4 0 0 0 0 0 0 0 0 0 0 0
 179       5 mmcblk0p5 2359 1643 665672 6780 0 0 0 0 0 1108 1300
 179       6 mmcblk0p6 0 0 0 0 0 0 0 0 0 0 0
 179       7 mmcblk0p7 1 0 32 0 0 0 0 0 0 0 0
 179       8 mmcblk0p8 0 0 0 0 0 0 0 0 0 0 0
 179       9 mmcblk0p9 0 0 0 0 0 0 0 0 0 0 0
 179      10 mmcblk0p10 632 188 41592 996 0 0 0 0 0 164 184
 179      11 mmcblk0p11 0 0 0 0 0 0 0 0 0 0 0
 179      12 mmcblk0p12 573 978 78666 704 11 109 960 32 0 168 172
 179      13 mmcblk0p13 0 0 0 0 0 0 0 0 0 0 0
 179      14 mmcblk0p14 1 0 256 0 0 0 0 0 0 0 0
 179      15 mmcblk0p15 0 0 0 0 0 0 0 0 0 0 0
 179      96 mmcblk0rpmb 0 0 0 0 0 0 0 0 0 0 0
 179      64 mmcblk0boot1 0 0 0 0 0 0 0 0 0 0 0
 179      32 mmcblk0boot0 0 0 0 0 0 0 0 0 0 0 0
 252       0 dm-0 2285 0 653280 10216 0 0 0 0 1 2508 10300
 252       1 dm-1 628 0 40056 1428 0 0 0 0 0 896 1428

696
   1       0 ram0 0 0 0 0 0 0 0 0 0 0 0
   1       1 ram1 0 0 0 0 0 0 0 0 0 0 0
   1       2 ram2 0 0 0 0 0 0 0 0 0 0 0
   1       3 ram3 0 0 0 0 0 0 0 0 0 0 0
   1       4 ram4 0 0 0 0 0 0 0 0 0 0 0
   1       5 ram5 0 0 0 0 0 0 0 0 0 0 0
   1       6 ram6 0 0 0 0 0 0 0 0 0 0 0
   1       7 ram7 0 0 0 0 0 0 0 0 0 0 0
   1       8 ram8 0 0 0 0 0 0 0 0 0 0 0
   1       9 ram9 0 0 0 0 0 0 0 0 0 0 0
   1      10 ram10 0 0 0 0 0 0 0 0 0 0 0
   1      11 ram11 0 0 0 0 0 0 0 0 0 0 0
   1      12 ram12 0 0 0 0 0 0 0 0 0 0 0
   1      13 ram13 0 0 0 0 0 0 0 0 0 0 0
   1      14 ram14 0 0 0 0 0 0 0 0 0 0 0
   1      15 ram15 0 0 0 0 0 0 0 0 0 0 0
   7       0 loop0 0 0 0 0 0 0 0 0 0 0 0
   7       1 loop1 0 0 0 0 0 0 0 0 0 0 0
   7       2 loop2 0 0 0 0 0 0 0 0 0 0 0
   7       3 loop3 0 0 0 0 0 0 0 0 0 0 0
   7       4 loop4 0 0 0 0 0 0 0 0 0 0 0
   7       5 loop5 0 0 0 0 0 0 0 0 0 0 0
   7       6 loop6 0 0 0 0 0 0 0 0 0 0 0
   7       7 loop7 0 0 0 0 0 0 0 0 0 0 0
 253       0 zram0 36 0 288 0 1 0 8 0 0 0 0
 179       0 mmcblk0 3574 2809 786298 8488 11 109 960 32 0 1424 1700
 179       1 mmcblk0p1 0 0 0 0 0 0 0 0 0 0 0
 179       2 mmcblk0p2 0 0 0 0 0 0 0 0 0 0 0
 179       3 mmcblk0p3 0 0 0 0 0 0 0 0 0 0 0
 179       4 mmcblk0p4 0 0 0 0 0 0 0 0 0 0 0
 179       5 mmcblk0p5 2361 1643 665704 6784 0 0 0 0 0 1108 1300
 179       6 mmcblk0p6 0 0 0 0 0 0 0 0 0 0 0
 179       7 mmcblk0p7 1 0 32 0 0 0 0 0 0 0 0
 179       8 mmcblk0p8 0 0 0 0 0 0 0 0 0 0 0
 179       9 mmcblk0p9 0 0 0 0 0 0 0 0 0 0 0
 179      10 mmcblk0p10 632 188 41592 996 0 0 0 0 0 164 184
 179      11 mmcblk0p11 0 0 0 0 0 0 0 0 0 0 0
 179      12 mmcblk0p12 573 978 78666 704 11 109 960 32 0 168 172
 179      13 mmcblk0p13 0 0 0 0 0 0 0 0 0 0 0
 179      14 mmcblk0p14 1 0 256 0 0 0 0 0 0 0 0
 179      15 mmcblk0p15 0 0 0 0 0 0 0 0 0 0 0
 179      96 mmcblk0rpmb 0 0 0 0 0 0 0 0 0 0 0
 179      64 mmcblk0boot1 0 0 0 0 0 0 0 0 0 0 0
 179      32 mmcblk0boot0 0 0 0 0 0 0 0 0 0 0 0
 252       0 dm-0 2286 0 653296 10224 0 0 0 0 0 2512 10304
 252       1 dm-1 628 0 40056 1428 0 0 0 0 0 896 1428

718
   1       0 ram0 0 0 0 0 0 0 0 0 0 0 0
   1       1 ram1 0 0 0 0 0 0 0 0 0 0 0
   1       2 ram2 0 0 0 0 0 0 0 0 0 0 0
   1       3 ram3 0 0 0 0 0 0 0 0 0 0 0
   1       4 ram4 0 0 0 0 0 0 0 0 0 0 0
   1       5 ram5 0 0 0 0 0 0 0 0 0 0 0
   1       6 ram6 0 0 0 0 0 0 0 0 0 0 0
   1       7 ram7 0 0 0 0 0 0 0 0 0 0 0
   1       8 ram8 0 0 0 0 0 0 0 0 0 0 0
   1       9 ram9 0 0 0 0 0 0 0 0 0 0 0
   1      10 ram10 0 0 0 0 0 0 0 0 0 0 0
   1      11 ram11 0 0 0 0 0 0 0 0 0 0 0
   1      12 ram12 0 0 0 0 0 0 0 0 0 0 0
   1      13 ram13 0 0 0 0 0 0 0 0 0 0 0
   1      14 ram14 0 0 0 0 0 0 0 0 0 0 0
   1      15 ram15 0 0 0 0 0 0 0 0 0 0 0
   7       0 loop0 0 0 0 0 0 0 0 0 0 0 0
   7       1 loop1 0 0 0 0 0 0 0 0 0 0 0
   7       2 loop2 0 0 0 0 0 0 0 0 0 0 0
   7       3 loop3 0 0 0 0 0 0 0 0 0 0 0
   7       4 loop4 0 0 0 0 0 0 0 0 0 0 0
   7       5 loop5 0 0 0 0 0 0 0 0 0 0 0
   7       6 loop6 0 0 0 0 0 0 0 0 0 0 0
   7       7 loop7 0 0 0 0 0 0 0 0 0 0 0
 253       0 zram0 36 0 288 0 1 0 8 0 0 0 0
 179       0 mmcblk0 3664 2809 845002 8960 14 120 1072 40 0 1516 1804
 179       1 mmcblk0p1 0 0 0 0 0 0 0 0 0 0 0
 179       2 mmcblk0p2 0 0 0 0 0 0 0 0 0 0 0
 179       3 mmcblk0p3 0 0 0 0 0 0 0 0 0 0 0
 179       4 mmcblk0p4 0 0 0 0 0 0 0 0 0 0 0
 179       5 mmcblk0p5 2450 1643 724400 7252 0 0 0 0 1 1204 1408
 179       6 mmcblk0p6 0 0 0 0 0 0 0 0 0 0 0
 179       7 mmcblk0p7 1 0 32 0 0 0 0 0 0 0 0
 179       8 mmcblk0p8 0 0 0 0 0 0 0 0 0 0 0
 179       9 mmcblk0p9 0 0 0 0 0 0 0 0 0 0 0
 179      10 mmcblk0p10 633 188 41600 1000 0 0 0 0 0 164 184
 179      11 mmcblk0p11 0 0 0 0 0 0 0 0 0 0 0
 179      12 mmcblk0p12 573 978 78666 704 14 120 1072 40 0 168 172
 179      13 mmcblk0p13 0 0 0 0 0 0 0 0 0 0 0
 179      14 mmcblk0p14 1 0 256 0 0 0 0 0 0 0 0
 179      15 mmcblk0p15 0 0 0 0 0 0 0 0 0 0 0
 179      96 mmcblk0rpmb 0 0 0 0 0 0 0 0 0 0 0
 179      64 mmcblk0boot1 0 0 0 0 0 0 0 0 0 0 0
 179      32 mmcblk0boot0 0 0 0 0 0 0 0 0 0 0 0
 252       0 dm-0 2349 0 712552 10584 0 0 0 0 1 2652 10668
 252       1 dm-1 629 0 40064 1432 0 0 0 0 0 900 1432

739
   1       0 ram0 0 0 0 0 0 0 0 0 0 0 0
   1       1 ram1 0 0 0 0 0 0 0 0 0 0 0
   1       2 ram2 0 0 0 0 0 0 0 0 0 0 0
   1       3 ram3 0 0 0 0 0 0 0 0 0 0 0
   1       4 ram4 0 0 0 0 0 0 0 0 0 0 0
   1       5 ram5 0 0 0 0 0 0 0 0 0 0 0
   1       6 ram6 0 0 0 0 0 0 0 0 0 0 0
   1       7 ram7 0 0 0 0 0 0 0 0 0 0 0
   1       8 ram8 0 0 0 0 0 0 0 0 0 0 0
   1       9 ram9 0 0 0 0 0 0 0 0 0 0 0
   1      10 ram10 0 0 0 0 0 0 0 0 0 0 0
   1      11 ram11 0 0 0 0 0 0 0 0 0 0 0
   1      12 ram12 0 0 0 0 0 0 0 0 0 0 0
   1      13 ram13 0 0 0 0 0 0 0 0 0 0 0
   1      14 ram14 0 0 0 0 0 0 0 0 0 0 0
   1      15 ram15 0 0 0 0 0 0 0 0 0 0 0
   7       0 loop0 0 0 0 0 0 0 0 0 0 0 0
   7       1 loop1 0 0 0 0 0 0 0 0 0 0 0
   7       2 loop2 0 0 0 0 0 0 0 0 0 0 0
   7       3 loop3 0 0 0 0 0 0 0 0 0 0 0
   7       4 loop4 0 0 0 0 0 0 0 0 0 0 0
   7       5 loop5 0 0 0 0 0 0 0 0 0 0 0
   7       6 loop6 0 0 0 0 0 0 0 0 0 0 0
   7       7 loop7 0 0 0 0 0 0 0 0 0 0 0
 253       0 zram0 36 0 288 0 1 0 8 0 0 0 0
 179       0 mmcblk0 3707 2809 859914 9048 14 120 1072 40 0 1532 1820
 179       1 mmcblk0p1 0 0 0 0 0 0 0 0 0 0 0
 179       2 mmcblk0p2 0 0 0 0 0 0 0 0 0 0 0
 179       3 mmcblk0p3 0 0 0 0 0 0 0 0 0 0 0
 179       4 mmcblk0p4 0 0 0 0 0 0 0 0 0 0 0
 179       5 mmcblk0p5 2493 1643 739312 7340 0 0 0 0 1 1220 1424
 179       6 mmcblk0p6 0 0 0 0 0 0 0 0 0 0 0
 179       7 mmcblk0p7 1 0 32 0 0 0 0 0 0 0 0
 179       8 mmcblk0p8 0 0 0 0 0 0 0 0 0 0 0
 179       9 mmcblk0p9 0 0 0 0 0 0 0 0 0 0 0
 179      10 mmcblk0p10 633 188 41600 1000 0 0 0 0 0 164 184
 179      11 mmcblk0p11 0 0 0 0 0 0 0 0 0 0 0
 179      12 mmcblk0p12 573 978 78666 704 14 120 1072 40 0 168 172
 179      13 mmcblk0p13 0 0 0 0 0 0 0 0 0 0 0
 179      14 mmcblk0p14 1 0 256 0 0 0 0 0 0 0 0
 179      15 mmcblk0p15 0 0 0 0 0 0 0 0 0 0 0
 179      96 mmcblk0rpmb 0 0 0 0 0 0 0 0 0 0 0
 179      64 mmcblk0boot1 0 0 0 0 0 0 0 0 0 0 0
 179      32 mmcblk0boot0 0 0 0 0 0 0 0 0 0 0 0
 252       0 dm-0 2387 0 727736 10648 0 0 0 0 3 2708 10764
 252       1 dm-1 629 0 40064 1432 0 0 0 0 0 900 1432

761
   1       0 ram0 0 0 0 0 0 0 0 0 0 0 0
   1       1 ram1 0 0 0 0 0 0 0 0 0 0 0
   1       2 ram2 0 0 0 0 0 0 0 0 0 0 0
   1       3 ram3 0 0 0 0 0 0 0 0 0 0 0
   1       4 ram4 0 0 0 0 0 0 0 0 0 0 0
   1       5 ram5 0 0 0 0 0 0 0 0 0 0 0
   1       6 ram6 0 0 0 0 0 0 0 0 0 0 0
   1       7 ram7 0 0 0 0 0 0 0 0 0 0 0
   1       8 ram8 0 0 0 0 0 0 0 0 0 0 0
   1       9 ram9 0 0 0 0 0 0 0 0 0 0 0
   1      10 ram10 0 0 0 0 0 0 0 0 0 0 0
   1      11 ram11 0 0 0 0 0 0 0 0 0 0 0
   1      12 ram12 0 0 0 0 0 0 0 0 0 0 0
   1      13 ram13 0 0 0 0 0 0 0 0 0 0 0
   1      14 ram14 0 0 0 0 0 0 0 0 0 0 0
   1      15 ram15 0 0 0 0 0 0 0 0 0 0 0
   7       0 loop0 0 0 0 0 0 0 0 0 0 0 0
   7       1 loop1 0 0 0 0 0 0 0 0 0 0 0
   7       2 loop2 0 0 0 0 0 0 0 0 0 0 0
   7       3 loop3 0 0 0 0 0 0 0 0 0 0 0
   7       4 loop4 0 0 0 0 0 0 0 0 0 0 0
   7       5 loop5 0 0 0 0 0 0 0 0 0 0 0
   7       6 loop6 0 0 0 0 0 0 0 0 0 0 0
   7       7 loop7 0 0 0 0 0 0 0 0 0 0 0
 253       0 zram0 36 0 288 0 1 0 8 0 0 0 0
 179       0 mmcblk0 3811 2833 878642 9172 17 137 1352 48 0 1560 1848
 179       1 mmcblk0p1 0 0 0 0 0 0 0 0 0 0 0
 179       2 mmcblk0p2 0 0 0 0 0 0 0 0 0 0 0
 179       3 mmcblk0p3 0 0 0 0 0 0 0 0 0 0 0
 179       4 mmcblk0p4 0 0 0 0 0 0 0 0 0 0 0
 179       5 mmcblk0p5 2525 1643 757152 7452 0 0 0 0 0 1244 1448
 179       6 mmcblk0p6 0 0 0 0 0 0 0 0 0 0 0
 179       7 mmcblk0p7 1 0 32 0 0 0 0 0 0 0 0
 179       8 mmcblk0p8 0 0 0 0 0 0 0 0 0 0 0
 179       9 mmcblk0p9 0 0 0 0 0 0 0 0 0 0 0
 179      10 mmcblk0p10 693 188 42080 1008 0 0 0 0 0 164 184
 179      11 mmcblk0p11 0 0 0 0 0 0 0 0 0 0 0
 179      12 mmcblk0p12 585 1002 79074 708 17 137 1352 48 0 172 176
 179      13 mmcblk0p13 0 0 0 0 0 0 0 0 0 0 0
 179      14 mmcblk0p14 1 0 256 0 0 0 0 0 0 0 0
 179      15 mmcblk0p15 0 0 0 0 0 0 0 0 0 0 0
 179      96 mmcblk0rpmb 0 0 0 0 0 0 0 0 0 0 0
 179      64 mmcblk0boot1 0 0 0 0 0 0 0 0 0 0 0
 179      32 mmcblk0boot0 0 0 0 0 0 0 0 0 0 0 0
 252       0 dm-0 2410 0 744744 10772 0 0 0 0 0 2740 10852
 252       1 dm-1 689 0 40544 1448 0 0 0 0 0 916 1448

782
   1       0 ram0 0 0 0 0 0 0 0 0 0 0 0
   1       1 ram1 0 0 0 0 0 0 0 0 0 0 0
   1       2 ram2 0 0 0 0 0 0 0 0 0 0 0
   1       3 ram3 0 0 0 0 0 0 0 0 0 0 0
   1       4 ram4 0 0 0 0 0 0 0 0 0 0 0
   1       5 ram5 0 0 0 0 0 0 0 0 0 0 0
   1       6 ram6 0 0 0 0 0 0 0 0 0 0 0
   1       7 ram7 0 0 0 0 0 0 0 0 0 0 0
   1       8 ram8 0 0 0 0 0 0 0 0 0 0 0
   1       9 ram9 0 0 0 0 0 0 0 0 0 0 0
   1      10 ram10 0 0 0 0 0 0 0 0 0 0 0
   1      11 ram11 0 0 0 0 0 0 0 0 0 0 0
   1      12 ram12 0 0 0 0 0 0 0 0 0 0 0
   1      13 ram13 0 0 0 0 0 0 0 0 0 0 0
   1      14 ram14 0 0 0 0 0 0 0 0 0 0 0
   1      15 ram15 0 0 0 0 0 0 0 0 0 0 0
   7       0 loop0 0 0 0 0 0 0 0 0 0 0 0
   7       1 loop1 0 0 0 0 0 0 0 0 0 0 0
   7       2 loop2 0 0 0 0 0 0 0 0 0 0 0
   7       3 loop3 0 0 0 0 0 0 0 0 0 0 0
   7       4 loop4 0 0 0 0 0 0 0 0 0 0 0
   7       5 loop5 0 0 0 0 0 0 0 0 0 0 0
   7       6 loop6 0 0 0 0 0 0 0 0 0 0 0
   7       7 loop7 0 0 0 0 0 0 0 0 0 0 0
 253       0 zram0 36 0 288 0 1 0 8 0 0 0 0
 179       0 mmcblk0 3846 2833 879970 9196 17 137 1352 48 0 1560 1848
 179       1 mmcblk0p1 0 0 0 0 0 0 0 0 0 0 0
 179       2 mmcblk0p2 0 0 0 0 0 0 0 0 0 0 0
 179       3 mmcblk0p3 0 0 0 0 0 0 0 0 0 0 0
 179       4 mmcblk0p4 0 0 0 0 0 0 0 0 0 0 0
 179       5 mmcblk0p5 2530 1643 757648 7456 0 0 0 0 0 1244 1448
 179       6 mmcblk0p6 0 0 0 0 0 0 0 0 0 0 0
 179       7 mmcblk0p7 1 0 32 0 0 0 0 0 0 0 0
 179       8 mmcblk0p8 0 0 0 0 0 0 0 0 0 0 0
 179       9 mmcblk0p9 0 0 0 0 0 0 0 0 0 0 0
 179      10 mmcblk0p10 705 188 42176 1012 0 0 0 0 0 164 184
 179      11 mmcblk0p11 0 0 0 0 0 0 0 0 0 0 0
 179      12 mmcblk0p12 603 1002 79810 724 17 137 1352 48 0 172 176
 179      13 mmcblk0p13 0 0 0 0 0 0 0 0 0 0 0
 179      14 mmcblk0p14 1 0 256 0 0 0 0 0 0 0 0
 179      15 mmcblk0p15 0 0 0 0 0 0 0 0 0 0 0
 179      96 mmcblk0rpmb 0 0 0 0 0 0 0 0 0 0 0
 179      64 mmcblk0boot1 0 0 0 0 0 0 0 0 0 0 0
 179      32 mmcblk0boot0 0 0 0 0 0 0 0 0 0 0 0
 252       0 dm-0 2415 0 745240 10776 0 0 0 0 0 2744 10856
 252       1 dm-1 701 0 40640 1456 0 0 0 0 0 924 1456

802
   1       0 ram0 0 0 0 0 0 0 0 0 0 0 0
   1       1 ram1 0 0 0 0 0 0 0 0 0 0 0
   1       2 ram2 0 0 0 0 0 0 0 0 0 0 0
   1       3 ram3 0 0 0 0 0 0 0 0 0 0 0
   1       4 ram4 0 0 0 0 0 0 0 0 0 0 0
   1       5 ram5 0 0 0 0 0 0 0 0 0 0 0
   1       6 ram6 0 0 0 0 0 0 0 0 0 0 0
   1       7 ram7 0 0 0 0 0 0 0 0 0 0 0
   1       8 ram8 0 0 0 0 0 0 0 0 0 0 0
   1       9 ram9 0 0 0 0 0 0 0 0 0 0 0
   1      10 ram10 0 0 0 0 0 0 0 0 0 0 0
   1      11 ram11 0 0 0 0 0 0 0 0 0 0 0
   1      12 ram12 0 0 0 0 0 0 0 0 0 0 0
   1      13 ram13 0 0 0 0 0 0 0 0 0 0 0
   1      14 ram14 0 0 0 0 0 0 0 0 0 0 0
   1      15 ram15 0 0 0 0 0 0 0 0 0 0 0
   7       0 loop0 0 0 0 0 0 0 0 0 0 0 0
   7       1 loop1 0 0 0 0 0 0 0 0 0 0 0
   7       2 loop2 0 0 0 0 0 0 0 0 0 0 0
   7       3 loop3 0 0 0 0 0 0 0 0 0 0 0
   7       4 loop4 0 0 0 0 0 0 0 0 0 0 0
   7       5 loop5 0 0 0 0 0 0 0 0 0 0 0
   7       6 loop6 0 0 0 0 0 0 0 0 0 0 0
   7       7 loop7 0 0 0 0 0 0 0 0 0 0 0
 253       0 zram0 36 0 288 0 1 0 8 0 0 0 0
 179       0 mmcblk0 4072 2959 883930 9256 17 137 1352 48 0 1572 1864
 179       1 mmcblk0p1 0 0 0 0 0 0 0 0 0 0 0
 179       2 mmcblk0p2 0 0 0 0 0 0 0 0 0 0 0
 179       3 mmcblk0p3 0 0 0 0 0 0 0 0 0 0 0
 179       4 mmcblk0p4 0 0 0 0 0 0 0 0 0 0 0
 179       5 mmcblk0p5 2596 1769 759184 7476 0 0 0 0 0 1248 1452
 179       6 mmcblk0p6 0 0 0 0 0 0 0 0 0 0 0
 179       7 mmcblk0p7 1 0 32 0 0 0 0 0 0 0 0
 179       8 mmcblk0p8 0 0 0 0 0 0 0 0 0 0 0
 179       9 mmcblk0p9 0 0 0 0 0 0 0 0 0 0 0
 179      10 mmcblk0p10 711 188 42224 1016 0 0 0 0 0 164 184
 179      11 mmcblk0p11 0 0 0 0 0 0 0 0 0 0 0
 179      12 mmcblk0p12 757 1002 82186 760 17 137 1352 48 2 180 184
 179      13 mmcblk0p13 0 0 0 0 0 0 0 0 0 0 0
 179      14 mmcblk0p14 1 0 256 0 0 0 0 0 0 0 0
 179      15 mmcblk0p15 0 0 0 0 0 0 0 0 0 0 0
 179      96 mmcblk0rpmb 0 0 0 0 0 0 0 0 0 0 0
 179      64 mmcblk0boot1 0 0 0 0 0 0 0 0 0 0 0
 179      32 mmcblk0boot0 0 0 0 0 0 0 0 0 0 0 0
 252       0 dm-0 2479 0 745752 10800 0 0 0 0 0 2768 10880
 252       1 dm-1 707 0 40688 1460 0 0 0 0 0 928 1460

824
   1       0 ram0 0 0 0 0 0 0 0 0 0 0 0
   1       1 ram1 0 0 0 0 0 0 0 0 0 0 0
   1       2 ram2 0 0 0 0 0 0 0 0 0 0 0
   1       3 ram3 0 0 0 0 0 0 0 0 0 0 0
   1       4 ram4 0 0 0 0 0 0 0 0 0 0 0
   1       5 ram5 0 0 0 0 0 0 0 0 0 0 0
   1       6 ram6 0 0 0 0 0 0 0 0 0 0 0
   1       7 ram7 0 0 0 0 0 0 0 0 0 0 0
   1       8 ram8 0 0 0 0 0 0 0 0 0 0 0
   1       9 ram9 0 0 0 0 0 0 0 0 0 0 0
   1      10 ram10 0 0 0 0 0 0 0 0 0 0 0
   1      11 ram11 0 0 0 0 0 0 0 0 0 0 0
   1      12 ram12 0 0 0 0 0 0 0 0 0 0 0
   1      13 ram13 0 0 0 0 0 0 0 0 0 0 0
   1      14 ram14 0 0 0 0 0 0 0 0 0 0 0
   1      15 ram15 0 0 0 0 0 0 0 0 0 0 0
   7       0 loop0 0 0 0 0 0 0 0 0 0 0 0
   7       1 loop1 0 0 0 0 0 0 0 0 0 0 0
   7       2 loop2 0 0 0 0 0 0 0 0 0 0 0
   7       3 loop3 0 0 0 0 0 0 0 0 0 0 0
   7       4 loop4 0 0 0 0 0 0 0 0 0 0 0
   7       5 loop5 0 0 0 0 0 0 0 0 0 0 0
   7       6 loop6 0 0 0 0 0 0 0 0 0 0 0
   7       7 loop7 0 0 0 0 0 0 0 0 0 0 0
 253       0 zram0 36 0 288 0 1 0 8 0 0 0 0
 179       0 mmcblk0 4247 2959 885338 9328 108 224 4592 652 0 1612 1904
 179       1 mmcblk0p1 0 0 0 0 0 0 0 0 0 0 0
 179       2 mmcblk0p2 0 0 0 0 0 0 0 0 0 0 0
 179       3 mmcblk0p3 0 0 0 0 0 0 0 0 0 0 0
 179       4 mmcblk0p4 0 0 0 0 0 0 0 0 0 0 0
 179       5 mmcblk0p5 2596 1769 759184 7476 0 0 0 0 0 1248 1452
 179       6 mmcblk0p6 0 0 0 0 0 0 0 0 0 0 0
 179       7 mmcblk0p7 1 0 32 0 0 0 0 0 0 0 0
 179       8 mmcblk0p8 0 0 0 0 0 0 0 0 0 0 0
 179       9 mmcblk0p9 0 0 0 0 0 0 0 0 0 0 0
 179      10 mmcblk0p10 711 188 42224 1016 0 0 0 0 0 164 184
 179      11 mmcblk0p11 0 0 0 0 0 0 0 0 0 0 0
 179      12 mmcblk0p12 932 1002 83594 832 107 224 4592 652 0 212 216
 179      13 mmcblk0p13 0 0 0 0 0 0 0 0 0 0 0
 179      14 mmcblk0p14 1 0 256 0 0 0 0 0 0 0 0
 179      15 mmcblk0p15 0 0 0 0 0 0 0 0 0 0 0
 179      96 mmcblk0rpmb 0 0 0 0 0 0 0 0 0 0 0
 179      64 mmcblk0boot1 0 0 0 0 0 0 0 0 0 0 0
 179      32 mmcblk0boot0 0 0 0 0 0 0 0 0 0 0 0
 252       0 dm-0 2479 0 745752 10800 0 0 0 0 0 2768 10880
 252       1 dm-1 707 0 40688 1460 0 0 0 0 0 928 1460

846
   1       0 ram0 0 0 0 0 0 0 0 0 0 0 0
   1       1 ram1 0 0 0 0 0 0 0 0 0 0 0
   1       2 ram2 0 0 0 0 0 0 0 0 0 0 0
   1       3 ram3 0 0 0 0 0 0 0 0 0 0 0
   1       4 ram4 0 0 0 0 0 0 0 0 0 0 0
   1       5 ram5 0 0 0 0 0 0 0 0 0 0 0
   1       6 ram6 0 0 0 0 0 0 0 0 0 0 0
   1       7 ram7 0 0 0 0 0 0 0 0 0 0 0
   1       8 ram8 0 0 0 0 0 0 0 0 0 0 0
   1       9 ram9 0 0 0 0 0 0 0 0 0 0 0
   1      10 ram10 0 0 0 0 0 0 0 0 0 0 0
   1      11 ram11 0 0 0 0 0 0 0 0 0 0 0
   1      12 ram12 0 0 0 0 0 0 0 0 0 0 0
   1      13 ram13 0 0 0 0 0 0 0 0 0 0 0
   1      14 ram14 0 0 0 0 0 0 0 0 0 0 0
   1      15 ram15 0 0 0 0 0 0 0 0 0 0 0
   7       0 loop0 0 0 0 0 0 0 0 0 0 0 0
   7       1 loop1 0 0 0 0 0 0 0 0 0 0 0
   7       2 loop2 0 0 0 0 0 0 0 0 0 0 0
   7       3 loop3 0 0 0 0 0 0 0 0 0 0 0
   7       4 loop4 0 0 0 0 0 0 0 0 0 0 0
   7       5 loop5 0 0 0 0 0 0 0 0 0 0 0
   7       6 loop6 0 0 0 0 0 0 0 0 0 0 0
   7       7 loop7 0 0 0 0 0 0 0 0 0 0 0
 253       0 zram0 36 0 288 0 1 0 8 0 0 0 0
 179       0 mmcblk0 4296 2959 887610 9352 115 259 4936 668 0 1616 1908
 179       1 mmcblk0p1 0 0 0 0 0 0 0 0 0 0 0
 179       2 mmcblk0p2 0 0 0 0 0 0 0 0 0 0 0
 179       3 mmcblk0p3 0 0 0 0 0 0 0 0 0 0 0
 179       4 mmcblk0p4 0 0 0 0 0 0 0 0 0 0 0
 179       5 mmcblk0p5 2612 1769 761112 7488 0 0 0 0 0 1248 1452
 179       6 mmcblk0p6 0 0 0 0 0 0 0 0 0 0 0
 179       7 mmcblk0p7 1 0 32 0 0 0 0 0 0 0 0
 179       8 mmcblk0p8 0 0 0 0 0 0 0 0 0 0 0
 179       9 mmcblk0p9 0 0 0 0 0 0 0 0 0 0 0
 179      10 mmcblk0p10 719 188 42336 1020 0 0 0 0 0 164 184
 179      11 mmcblk0p11 0 0 0 0 0 0 0 0 0 0 0
 179      12 mmcblk0p12 957 1002 83826 840 114 259 4936 668 0 216 220
 179      13 mmcblk0p13 0 0 0 0 0 0 0 0 0 0 0
 179      14 mmcblk0p14 1 0 256 0 0 0 0 0 0 0 0
 179      15 mmcblk0p15 0 0 0 0 0 0 0 0 0 0 0
 179      96 mmcblk0rpmb 0 0 0 0 0 0 0 0 0 0 0
 179      64 mmcblk0boot1 0 0 0 0 0 0 0 0 0 0 0
 179      32 mmcblk0boot0 0 0 0 0 0 0 0 0 0 0 0
 252       0 dm-0 2495 0 747680 10812 0 0 0 0 0 2780 10892
 252       1 dm-1 715 0 40800 1464 0 0 0 0 0 932 1464

869
   1       0 ram0 0 0 0 0 0 0 0 0 0 0 0
   1       1 ram1 0 0 0 0 0 0 0 0 0 0 0
   1       2 ram2 0 0 0 0 0 0 0 0 0 0 0
   1       3 ram3 0 0 0 0 0 0 0 0 0 0 0
   1       4 ram4 0 0 0 0 0 0 0 0 0 0 0
   1       5 ram5 0 0 0 0 0 0 0 0 0 0 0
   1       6 ram6 0 0 0 0 0 0 0 0 0 0 0
   1       7 ram7 0 0 0 0 0 0 0 0 0 0 0
   1       8 ram8 0 0 0 0 0 0 0 0 0 0 0
   1       9 ram9 0 0 0 0 0 0 0 0 0 0 0
   1      10 ram10 0 0 0 0 0 0 0 0 0 0 0
   1      11 ram11 0 0 0 0 0 0 0 0 0 0 0
   1      12 ram12 0 0 0 0 0 0 0 0 0 0 0
   1      13 ram13 0 0 0 0 0 0 0 0 0 0 0
   1      14 ram14 0 0 0 0 0 0 0 0 0 0 0
   1      15 ram15 0 0 0 0 0 0 0 0 0 0 0
   7       0 loop0 0 0 0 0 0 0 0 0 0 0 0
   7       1 loop1 0 0 0 0 0 0 0 0 0 0 0
   7       2 loop2 0 0 0 0 0 0 0 0 0 0 0
   7       3 loop3 0 0 0 0 0 0 0 0 0 0 0
   7       4 loop4 0 0 0 0 0 0 0 0 0 0 0
   7       5 loop5 0 0 0 0 0 0 0 0 0 0 0
   7       6 loop6 0 0 0 0 0 0 0 0 0 0 0
   7       7 loop7 0 0 0 0 0 0 0 0 0 0 0
 253       0 zram0 36 0 288 0 1 0 8 0 0 0 0
 179       0 mmcblk0 4318 2959 894250 9392 115 259 4936 668 0 1624 1916
 179       1 mmcblk0p1 0 0 0 0 0 0 0 0 0 0 0
 179       2 mmcblk0p2 0 0 0 0 0 0 0 0 0 0 0
 179       3 mmcblk0p3 0 0 0 0 0 0 0 0 0 0 0
 179       4 mmcblk0p4 0 0 0 0 0 0 0 0 0 0 0
 179       5 mmcblk0p5 2622 1769 765600 7516 0 0 0 0 0 1256 1460
 179       6 mmcblk0p6 0 0 0 0 0 0 0 0 0 0 0
 179       7 mmcblk0p7 1 0 32 0 0 0 0 0 0 0 0
 179       8 mmcblk0p8 0 0 0 0 0 0 0 0 0 0 0
 179       9 mmcblk0p9 6 0 2056 8 0 0 0 0 0 0 0
 179      10 mmcblk0p10 721 188 42400 1020 0 0 0 0 0 164 184
 179      11 mmcblk0p11 0 0 0 0 0 0 0 0 0 0 0
 179      12 mmcblk0p12 961 1002 83858 844 114 259 4936 668 0 216 220
 179      13 mmcblk0p13 0 0 0 0 0 0 0 0 0 0 0
 179      14 mmcblk0p14 1 0 256 0 0 0 0 0 0 0 0
 179      15 mmcblk0p15 0 0 0 0 0 0 0 0 0 0 0
 179      96 mmcblk0rpmb 0 0 0 0 0 0 0 0 0 0 0
 179      64 mmcblk0boot1 0 0 0 0 0 0 0 0 0 0 0
 179      32 mmcblk0boot0 0 0 0 0 0 0 0 0 0 0 0
 252       0 dm-0 2503 0 752168 10844 0 0 0 0 0 2796 10924
 252       1 dm-1 717 0 40864 1464 0 0 0 0 0 932 1464

893
   1       0 ram0 0 0 0 0 0 0 0 0 0 0 0
   1       1 ram1 0 0 0 0 0 0 0 0 0 0 0
   1       2 ram2 0 0 0 0 0 0 0 0 0 0 0
   1       3 ram3 0 0 0 0 0 0 0 0 0 0 0
   1       4 ram4 0 0 0 0 0 0 0 0 0 0 0
   1       5 ram5 0 0 0 0 0 0 0 0 0 0 0
   1       6 ram6 0 0 0 0 0 0 0 0 0 0 0
   1       7 ram7 0 0 0 0 0 0 0 0 0 0 0
   1       8 ram8 0 0 0 0 0 0 0 0 0 0 0
   1       9 ram9 0 0 0 0 0 0 0 0 0 0 0
   1      10 ram10 0 0 0 0 0 0 0 0 0 0 0
   1      11 ram11 0 0 0 0 0 0 0 0 0 0 0
   1      12 ram12 0 0 0 0 0 0 0 0 0 0 0
   1      13 ram13 0 0 0 0 0 0 0 0 0 0 0
   1      14 ram14 0 0 0 0 0 0 0 0 0 0 0
   1      15 ram15 0 0 0 0 0 0 0 0 0 0 0
   7       0 loop0 0 0 0 0 0 0 0 0 0 0 0
   7       1 loop1 0 0 0 0 0 0 0 0 0 0 0
   7       2 loop2 0 0 0 0 0 0 0 0 0 0 0
   7       3 loop3 0 0 0 0 0 0 0 0 0 0 0
   7       4 loop4 0 0 0 0 0 0 0 0 0 0 0
   7       5 loop5 0 0 0 0 0 0 0 0 0 0 0
   7       6 loop6 0 0 0 0 0 0 0 0 0 0 0
   7       7 loop7 0 0 0 0 0 0 0 0 0 0 0
 253       0 zram0 36 0 288 0 1 0 8 0 0 0 0
 179       0 mmcblk0 4347 2959 896010 9408 118 275 5088 672 0 1624 1916
 179       1 mmcblk0p1 0 0 0 0 0 0 0 0 0 0 0
 179       2 mmcblk0p2 0 0 0 0 0 0 0 0 0 0 0
 179       3 mmcblk0p3 0 0 0 0 0 0 0 0 0 0 0
 179       4 mmcblk0p4 0 0 0 0 0 0 0 0 0 0 0
 179       5 mmcblk0p5 2626 1769 765752 7520 0 0 0 0 0 1256 1460
 179       6 mmcblk0p6 0 0 0 0 0 0 0 0 0 0 0
 179       7 mmcblk0p7 1 0 32 0 0 0 0 0 0 0 0
 179       8 mmcblk0p8 0 0 0 0 0 0 0 0 0 0 0
 179       9 mmcblk0p9 6 0 2056 8 0 0 0 0 0 0 0
 179      10 mmcblk0p10 745 188 43984 1028 0 0 0 0 0 164 184
 179      11 mmcblk0p11 0 0 0 0 0 0 0 0 0 0 0
 179      12 mmcblk0p12 962 1002 83882 848 117 275 5088 672 0 216 220
 179      13 mmcblk0p13 0 0 0 0 0 0 0 0 0 0 0
 179      14 mmcblk0p14 1 0 256 0 0 0 0 0 0 0 0
 179      15 mmcblk0p15 0 0 0 0 0 0 0 0 0 0 0
 179      96 mmcblk0rpmb 0 0 0 0 0 0 0 0 0 0 0
 179      64 mmcblk0boot1 0 0 0 0 0 0 0 0 0 0 0
 179      32 mmcblk0boot0 0 0 0 0 0 0 0 0 0 0 0
 252       0 dm-0 2507 0 752320 10848 0 0 0 0 0 2800 10928
 252       1 dm-1 741 0 42448 1484 0 0 0 0 0 952 1484

915
   1       0 ram0 0 0 0 0 0 0 0 0 0 0 0
   1       1 ram1 0 0 0 0 0 0 0 0 0 0 0
   1       2 ram2 0 0 0 0 0 0 0 0 0 0 0
   1       3 ram3 0 0 0 0 0 0 0 0 0 0 0
   1       4 ram4 0 0 0 0 0 0 0 0 0 0 0
   1       5 ram5 0 0 0 0 0 0 0 0 0 0 0
   1       6 ram6 0 0 0 0 0 0 0 0 0 0 0
   1       7 ram7 0 0 0 0 0 0 0 0 0 0 0
   1       8 ram8 0 0 0 0 0 0 0 0 0 0 0
   1       9 ram9 0 0 0 0 0 0 0 0 0 0 0
   1      10 ram10 0 0 0 0 0 0 0 0 0 0 0
   1      11 ram11 0 0 0 0 0 0 0 0 0 0 0
   1      12 ram12 0 0 0 0 0 0 0 0 0 0 0
   1      13 ram13 0 0 0 0 0 0 0 0 0 0 0
   1      14 ram14 0 0 0 0 0 0 0 0 0 0 0
   1      15 ram15 0 0 0 0 0 0 0 0 0 0 0
   7       0 loop0 0 0 0 0 0 0 0 0 0 0 0
   7       1 loop1 0 0 0 0 0 0 0 0 0 0 0
   7       2 loop2 0 0 0 0 0 0 0 0 0 0 0
   7       3 loop3 0 0 0 0 0 0 0 0 0 0 0
   7       4 loop4 0 0 0 0 0 0 0 0 0 0 0
   7       5 loop5 0 0 0 0 0 0 0 0 0 0 0
   7       6 loop6 0 0 0 0 0 0 0 0 0 0 0
   7       7 loop7 0 0 0 0 0 0 0 0 0 0 0
 253       0 zram0 36 0 288 0 1 0 8 0 0 0 0
 179       0 mmcblk0 4393 2959 899034 9428 118 275 5088 672 0 1624 1916
 179       1 mmcblk0p1 0 0 0 0 0 0 0 0 0 0 0
 179       2 mmcblk0p2 0 0 0 0 0 0 0 0 0 0 0
 179       3 mmcblk0p3 0 0 0 0 0 0 0 0 0 0 0
 179       4 mmcblk0p4 0 0 0 0 0 0 0 0 0 0 0
 179       5 mmcblk0p5 2635 1769 765848 7520 0 0 0 0 0 1256 1460
 179       6 mmcblk0p6 0 0 0 0 0 0 0 0 0 0 0
 179       7 mmcblk0p7 1 0 32 0 0 0 0 0 0 0 0
 179       8 mmcblk0p8 0 0 0 0 0 0 0 0 0 0 0
 179       9 mmcblk0p9 6 0 2056 8 0 0 0 0 0 0 0
 179      10 mmcblk0p10 764 188 46752 1044 0 0 0 0 0 164 184
 179      11 mmcblk0p11 0 0 0 0 0 0 0 0 0 0 0
 179      12 mmcblk0p12 980 1002 84042 852 117 275 5088 672 1 216 220
 179      13 mmcblk0p13 0 0 0 0 0 0 0 0 0 0 0
 179      14 mmcblk0p14 1 0 256 0 0 0 0 0 0 0 0
 179      15 mmcblk0p15 0 0 0 0 0 0 0 0 0 0 0
 179      96 mmcblk0rpmb 0 0 0 0 0 0 0 0 0 0 0
 179      64 mmcblk0boot1 0 0 0 0 0 0 0 0 0 0 0
 179      32 mmcblk0boot0 0 0 0 0 0 0 0 0 0 0 0
 252       0 dm-0 2516 0 752416 10848 0 0 0 0 0 2800 10928
 252       1 dm-1 760 0 45216 1504 0 0 0 0 0 972 1504

938
   1       0 ram0 0 0 0 0 0 0 0 0 0 0 0
   1       1 ram1 0 0 0 0 0 0 0 0 0 0 0
   1       2 ram2 0 0 0 0 0 0 0 0 0 0 0
   1       3 ram3 0 0 0 0 0 0 0 0 0 0 0
   1       4 ram4 0 0 0 0 0 0 0 0 0 0 0
   1       5 ram5 0 0 0 0 0 0 0 0 0 0 0
   1       6 ram6 0 0 0 0 0 0 0 0 0 0 0
   1       7 ram7 0 0 0 0 0 0 0 0 0 0 0
   1       8 ram8 0 0 0 0 0 0 0 0 0 0 0
   1       9 ram9 0 0 0 0 0 0 0 0 0 0 0
   1      10 ram10 0 0 0 0 0 0 0 0 0 0 0
   1      11 ram11 0 0 0 0 0 0 0 0 0 0 0
   1      12 ram12 0 0 0 0 0 0 0 0 0 0 0
   1      13 ram13 0 0 0 0 0 0 0 0 0 0 0
   1      14 ram14 0 0 0 0 0 0 0 0 0 0 0
   1      15 ram15 0 0 0 0 0 0 0 0 0 0 0
   7       0 loop0 0 0 0 0 0 0 0 0 0 0 0
   7       1 loop1 0 0 0 0 0 0 0 0 0 0 0
   7       2 loop2 0 0 0 0 0 0 0 0 0 0 0
   7       3 loop3 0 0 0 0 0 0 0 0 0 0 0
   7       4 loop4 0 0 0 0 0 0 0 0 0 0 0
   7       5 loop5 0 0 0 0 0 0 0 0 0 0 0
   7       6 loop6 0 0 0 0 0 0 0 0 0 0 0
   7       7 loop7 0 0 0 0 0 0 0 0 0 0 0
 253       0 zram0 36 0 288 0 1 0 8 0 0 0 0
 179       0 mmcblk0 4484 3022 947938 9820 134 350 5840 692 0 1716 2020
 179       1 mmcblk0p1 0 0 0 0 0 0 0 0 0 0 0
 179       2 mmcblk0p2 0 0 0 0 0 0 0 0 0 0 0
 179       3 mmcblk0p3 0 0 0 0 0 0 0 0 0 0 0
 179       4 mmcblk0p4 0 0 0 0 0 0 0 0 0 0 0
 179       5 mmcblk0p5 2722 1832 814720 7908 0 0 0 0 0 1344 1560
 179       6 mmcblk0p6 0 0 0 0 0 0 0 0 0 0 0
 179       7 mmcblk0p7 1 0 32 0 0 0 0 0 0 0 0
 179       8 mmcblk0p8 0 0 0 0 0 0 0 0 0 0 0
 179       9 mmcblk0p9 6 0 2056 8 0 0 0 0 0 0 0
 179      10 mmcblk0p10 764 188 46752 1044 0 0 0 0 0 164 184
 179      11 mmcblk0p11 0 0 0 0 0 0 0 0 0 0 0
 179      12 mmcblk0p12 984 1002 84074 856 133 350 5840 692 0 216 220
 179      13 mmcblk0p13 0 0 0 0 0 0 0 0 0 0 0
 179      14 mmcblk0p14 1 0 256 0 0 0 0 0 0 0 0
 179      15 mmcblk0p15 0 0 0 0 0 0 0 0 0 0 0
 179      96 mmcblk0rpmb 0 0 0 0 0 0 0 0 0 0 0
 179      64 mmcblk0boot1 0 0 0 0 0 0 0 0 0 0 0
 179      32 mmcblk0boot0 0 0 0 0 0 0 0 0 0 0 0
 252       0 dm-0 2578 0 800768 11204 0 0 0 0 0 2944 11284
 252       1 dm-1 760 0 45216 1504 0 0 0 0 0 972 1504

961
   1       0 ram0 0 0 0 0 0 0 0 0 0 0 0
   1       1 ram1 0 0 0 0 0 0 0 0 0 0 0
   1       2 ram2 0 0 0 0 0 0 0 0 0 0 0
   1       3 ram3 0 0 0 0 0 0 0 0 0 0 0
   1       4 ram4 0 0 0 0 0 0 0 0 0 0 0
   1       5 ram5 0 0 0 0 0 0 0 0 0 0 0
   1       6 ram6 0 0 0 0 0 0 0 0 0 0 0
   1       7 ram7 0 0 0 0 0 0 0 0 0 0 0
   1       8 ram8 0 0 0 0 0 0 0 0 0 0 0
   1       9 ram9 0 0 0 0 0 0 0 0 0 0 0
   1      10 ram10 0 0 0 0 0 0 0 0 0 0 0
   1      11 ram11 0 0 0 0 0 0 0 0 0 0 0
   1      12 ram12 0 0 0 0 0 0 0 0 0 0 0
   1      13 ram13 0 0 0 0 0 0 0 0 0 0 0
   1      14 ram14 0 0 0 0 0 0 0 0 0 0 0
   1      15 ram15 0 0 0 0 0 0 0 0 0 0 0
   7       0 loop0 0 0 0 0 0 0 0 0 0 0 0
   7       1 loop1 0 0 0 0 0 0 0 0 0 0 0
   7       2 loop2 0 0 0 0 0 0 0 0 0 0 0
   7       3 loop3 0 0 0 0 0 0 0 0 0 0 0
   7       4 loop4 0 0 0 0 0 0 0 0 0 0 0
   7       5 loop5 0 0 0 0 0 0 0 0 0 0 0
   7       6 loop6 0 0 0 0 0 0 0 0 0 0 0
   7       7 loop7 0 0 0 0 0 0 0 0 0 0 0
 253       0 zram0 36 0 288 0 1 0 8 0 0 0 0
 179       0 mmcblk0 4622 3085 992602 10416 134 350 5840 692 0 1792 2116
 179       1 mmcblk0p1 0 0 0 0 0 0 0 0 0 0 0
 179       2 mmcblk0p2 0 0 0 0 0 0 0 0 0 0 0
 179       3 mmcblk0p3 0 0 0 0 0 0 0 0 0 0 0
 179       4 mmcblk0p4 0 0 0 0 0 0 0 0 0 0 0
 179       5 mmcblk0p5 2811 1895 857504 8488 0 0 0 0 2 1416 1648
 179       6 mmcblk0p6 0 0 0 0 0 0 0 0 0 0 0
 179       7 mmcblk0p7 1 0 32 0 0 0 0 0 0 0 0
 179       8 mmcblk0p8 0 0 0 0 0 0 0 0 0 0 0
 179       9 mmcblk0p9 6 0 2056 8 0 0 0 0 0 0 0
 179      10 mmcblk0p10 809 188 48600 1056 0 0 0 0 0 168 188
 179      11 mmcblk0p11 0 0 0 0 0 0 0 0 0 0 0
 179      12 mmcblk0p12 988 1002 84106 860 133 350 5840 692 0 216 220
 179      13 mmcblk0p13 0 0 0 0 0 0 0 0 0 0 0
 179      14 mmcblk0p14 1 0 256 0 0 0 0 0 0 0 0
 179      15 mmcblk0p15 0 0 0 0 0 0 0 0 0 0 0
 179      96 mmcblk0rpmb 0 0 0 0 0 0 0 0 0 0 0
 179      64 mmcblk0boot1 0 0 0 0 0 0 0 0 0 0 0
 179      32 mmcblk0boot0 0 0 0 0 0 0 0 0 0 0 0
 252       0 dm-0 2649 0 846112 11592 0 0 0 0 4 3044 11736
 252       1 dm-1 805 0 47064 1520 0 0 0 0 0 988 1520

982
   1       0 ram0 0 0 0 0 0 0 0 0 0 0 0
   1       1 ram1 0 0 0 0 0 0 0 0 0 0 0
   1       2 ram2 0 0 0 0 0 0 0 0 0 0 0
   1       3 ram3 0 0 0 0 0 0 0 0 0 0 0
   1       4 ram4 0 0 0 0 0 0 0 0 0 0 0
   1       5 ram5 0 0 0 0 0 0 0 0 0 0 0
   1       6 ram6 0 0 0 0 0 0 0 0 0 0 0
   1       7 ram7 0 0 0 0 0 0 0 0 0 0 0
   1       8 ram8 0 0 0 0 0 0 0 0 0 0 0
   1       9 ram9 0 0 0 0 0 0 0 0 0 0 0
   1      10 ram10 0 0 0 0 0 0 0 0 0 0 0
   1      11 ram11 0 0 0 0 0 0 0 0 0 0 0
   1      12 ram12 0 0 0 0 0 0 0 0 0 0 0
   1      13 ram13 0 0 0 0 0 0 0 0 0 0 0
   1      14 ram14 0 0 0 0 0 0 0 0 0 0 0
   1      15 ram15 0 0 0 0 0 0 0 0 0 0 0
   7       0 loop0 0 0 0 0 0 0 0 0 0 0 0
   7       1 loop1 0 0 0 0 0 0 0 0 0 0 0
   7       2 loop2 0 0 0 0 0 0 0 0 0 0 0
   7       3 loop3 0 0 0 0 0 0 0 0 0 0 0
   7       4 loop4 0 0 0 0 0 0 0 0 0 0 0
   7       5 loop5 0 0 0 0 0 0 0 0 0 0 0
   7       6 loop6 0 0 0 0 0 0 0 0 0 0 0
   7       7 loop7 0 0 0 0 0 0 0 0 0 0 0
 253       0 zram0 36 0 288 0 1 0 8 0 0 0 0
 179       0 mmcblk0 4759 3147 1094186 12288 137 378 6088 744 0 1960 2312
 179       1 mmcblk0p1 0 0 0 0 0 0 0 0 0 0 0
 179       2 mmcblk0p2 0 0 0 0 0 0 0 0 0 0 0
 179       3 mmcblk0p3 0 0 0 0 0 0 0 0 0 0 0
 179       4 mmcblk0p4 0 0 0 0 0 0 0 0 0 0 0
 179       5 mmcblk0p5 2941 1957 958936 10336 0 0 0 0 1 1580 1836
 179       6 mmcblk0p6 0 0 0 0 0 0 0 0 0 0 0
 179       7 mmcblk0p7 1 0 32 0 0 0 0 0 0 0 0
 179       8 mmcblk0p8 0 0 0 0 0 0 0 0 0 0 0
 179       9 mmcblk0p9 6 0 2056 8 0 0 0 0 0 0 0
 179      10 mmcblk0p10 812 188 48720 1056 0 0 0 0 0 168 188
 179      11 mmcblk0p11 0 0 0 0 0 0 0 0 0 0 0
 179      12 mmcblk0p12 992 1002 84138 884 136 378 6088 744 0 216 220
 179      13 mmcblk0p13 0 0 0 0 0 0 0 0 0 0 0
 179      14 mmcblk0p14 1 0 256 0 0 0 0 0 0 0 0
 179      15 mmcblk0p15 0 0 0 0 0 0 0 0 0 0 0
 179      96 mmcblk0rpmb 0 0 0 0 0 0 0 0 0 0 0
 179      64 mmcblk0boot1 0 0 0 0 0 0 0 0 0 0 0
 179      32 mmcblk0boot0 0 0 0 0 0 0 0 0 0 0 0
 252       0 dm-0 2729 0 943992 12948 0 0 0 0 1 3236 13028
 252       1 dm-1 808 0 47184 1520 0 0 0 0 0 988 1520

1003
   1       0 ram0 0 0 0 0 0 0 0 0 0 0 0
   1       1 ram1 0 0 0 0 0 0 0 0 0 0 0
   1       2 ram2 0 0 0 0 0 0 0 0 0 0 0
   1       3 ram3 0 0 0 0 0 0 0 0 0 0 0
   1       4 ram4 0 0 0 0 0 0 0 0 0 0 0
   1       5 ram5 0 0 0 0 0 0 0 0 0 0 0
   1       6 ram6 0 0 0 0 0 0 0 0 0 0 0
   1       7 ram7 0 0 0 0 0 0 0 0 0 0 0
   1       8 ram8 0 0 0 0 0 0 0 0 0 0 0
   1       9 ram9 0 0 0 0 0 0 0 0 0 0 0
   1      10 ram10 0 0 0 0 0 0 0 0 0 0 0
   1      11 ram11 0 0 0 0 0 0 0 0 0 0 0
   1      12 ram12 0 0 0 0 0 0 0 0 0 0 0
   1      13 ram13 0 0 0 0 0 0 0 0 0 0 0
   1      14 ram14 0 0 0 0 0 0 0 0 0 0 0
   1      15 ram15 0 0 0 0 0 0 0 0 0 0 0
   7       0 loop0 0 0 0 0 0 0 0 0 0 0 0
   7       1 loop1 0 0 0 0 0 0 0 0 0 0 0
   7       2 loop2 0 0 0 0 0 0 0 0 0 0 0
   7       3 loop3 0 0 0 0 0 0 0 0 0 0 0
   7       4 loop4 0 0 0 0 0 0 0 0 0 0 0
   7       5 loop5 0 0 0 0 0 0 0 0 0 0 0
   7       6 loop6 0 0 0 0 0 0 0 0 0 0 0
   7       7 loop7 0 0 0 0 0 0 0 0 0 0 0
 253       0 zram0 36 0 288 0 1 0 8 0 0 0 0
 179       0 mmcblk0 4821 3147 1118058 12428 143 411 6416 760 0 1992 2344
 179       1 mmcblk0p1 0 0 0 0 0 0 0 0 0 0 0
 179       2 mmcblk0p2 0 0 0 0 0 0 0 0 0 0 0
 179       3 mmcblk0p3 0 0 0 0 0 0 0 0 0 0 0
 179       4 mmcblk0p4 0 0 0 0 0 0 0 0 0 0 0
 179       5 mmcblk0p5 2997 1957 982760 10476 0 0 0 0 0 1612 1868
 179       6 mmcblk0p6 0 0 0 0 0 0 0 0 0 0 0
 179       7 mmcblk0p7 1 0 32 0 0 0 0 0 0 0 0
 179       8 mmcblk0p8 0 0 0 0 0 0 0 0 0 0 0
 179       9 mmcblk0p9 6 0 2056 8 0 0 0 0 0 0 0
 179      10 mmcblk0p10 814 188 48736 1056 0 0 0 0 0 168 188
 179      11 mmcblk0p11 0 0 0 0 0 0 0 0 0 0 0
 179      12 mmcblk0p12 996 1002 84170 884 142 411 6416 760 0 216 220
 179      13 mmcblk0p13 0 0 0 0 0 0 0 0 0 0 0
 179      14 mmcblk0p14 1 0 256 0 0 0 0 0 0 0 0
 179      15 mmcblk0p15 0 0 0 0 0 0 0 0 0 0 0
 179      96 mmcblk0rpmb 0 0 0 0 0 0 0 0 0 0 0
 179      64 mmcblk0boot1 0 0 0 0 0 0 0 0 0 0 0
 179      32 mmcblk0boot0 0 0 0 0 0 0 0 0 0 0 0
 252       0 dm-0 2775 0 967784 13132 0 0 0 0 0 3312 13212
 252       1 dm-1 810 0 47200 1524 0 0 0 0 0 992 1524

1027
   1       0 ram0 0 0 0 0 0 0 0 0 0 0 0
   1       1 ram1 0 0 0 0 0 0 0 0 0 0 0
   1       2 ram2 0 0 0 0 0 0 0 0 0 0 0
   1       3 ram3 0 0 0 0 0 0 0 0 0 0 0
   1       4 ram4 0 0 0 0 0 0 0 0 0 0 0
   1       5 ram5 0 0 0 0 0 0 0 0 0 0 0
   1       6 ram6 0 0 0 0 0 0 0 0 0 0 0
   1       7 ram7 0 0 0 0 0 0 0 0 0 0 0
   1       8 ram8 0 0 0 0 0 0 0 0 0 0 0
   1       9 ram9 0 0 0 0 0 0 0 0 0 0 0
   1      10 ram10 0 0 0 0 0 0 0 0 0 0 0
   1      11 ram11 0 0 0 0 0 0 0 0 0 0 0
   1      12 ram12 0 0 0 0 0 0 0 0 0 0 0
   1      13 ram13 0 0 0 0 0 0 0 0 0 0 0
   1      14 ram14 0 0 0 0 0 0 0 0 0 0 0
   1      15 ram15 0 0 0 0 0 0 0 0 0 0 0
   7       0 loop0 0 0 0 0 0 0 0 0 0 0 0
   7       1 loop1 0 0 0 0 0 0 0 0 0 0 0
   7       2 loop2 0 0 0 0 0 0 0 0 0 0 0
   7       3 loop3 0 0 0 0 0 0 0 0 0 0 0
   7       4 loop4 0 0 0 0 0 0 0 0 0 0 0
   7       5 loop5 0 0 0 0 0 0 0 0 0 0 0
   7       6 loop6 0 0 0 0 0 0 0 0 0 0 0
   7       7 loop7 0 0 0 0 0 0 0 0 0 0 0
 253       0 zram0 36 0 288 0 1 0 8 0 0 0 0
 179       0 mmcblk0 4904 3148 1149050 12748 181 608 8304 868 0 2080 2436
 179       1 mmcblk0p1 0 0 0 0 0 0 0 0 0 0 0
 179       2 mmcblk0p2 0 0 0 0 0 0 0 0 0 0 0
 179       3 mmcblk0p3 0 0 0 0 0 0 0 0 0 0 0
 179       4 mmcblk0p4 0 0 0 0 0 0 0 0 0 0 0
 179       5 mmcblk0p5 3060 1957 1013272 10744 0 0 0 0 0 1660 1916
 179       6 mmcblk0p6 0 0 0 0 0 0 0 0 0 0 0
 179       7 mmcblk0p7 1 0 32 0 0 0 0 0 0 0 0
 179       8 mmcblk0p8 0 0 0 0 0 0 0 0 0 0 0
 179       9 mmcblk0p9 6 0 2056 8 0 0 0 0 0 0 0
 179      10 mmcblk0p10 814 188 48736 1056 0 0 0 0 0 168 188
 179      11 mmcblk0p11 0 0 0 0 0 0 0 0 0 0 0
 179      12 mmcblk0p12 1016 1003 84650 936 179 608 8304 864 0 244 248
 179      13 mmcblk0p13 0 0 0 0 0 0 0 0 0 0 0
 179      14 mmcblk0p14 1 0 256 0 0 0 0 0 0 0 0
 179      15 mmcblk0p15 0 0 0 0 0 0 0 0 0 0 0
 179      96 mmcblk0rpmb 0 0 0 0 0 0 0 0 0 0 0
 179      64 mmcblk0boot1 0 0 0 0 0 0 0 0 0 0 0
 179      32 mmcblk0boot0 0 0 0 0 0 0 0 0 0 0 0
 252       0 dm-0 2824 0 998296 13456 0 0 0 0 0 3444 13536
 252       1 dm-1 810 0 47200 1524 0 0 0 0 0 992 1524

1050
   1       0 ram0 0 0 0 0 0 0 0 0 0 0 0
   1       1 ram1 0 0 0 0 0 0 0 0 0 0 0
   1       2 ram2 0 0 0 0 0 0 0 0 0 0 0
   1       3 ram3 0 0 0 0 0 0 0 0 0 0 0
   1       4 ram4 0 0 0 0 0 0 0 0 0 0 0
   1       5 ram5 0 0 0 0 0 0 0 0 0 0 0
   1       6 ram6 0 0 0 0 0 0 0 0 0 0 0
   1       7 ram7 0 0 0 0 0 0 0 0 0 0 0
   1       8 ram8 0 0 0 0 0 0 0 0 0 0 0
   1       9 ram9 0 0 0 0 0 0 0 0 0 0 0
   1      10 ram10 0 0 0 0 0 0 0 0 0 0 0
   1      11 ram11 0 0 0 0 0 0 0 0 0 0 0
   1      12 ram12 0 0 0 0 0 0 0 0 0 0 0
   1      13 ram13 0 0 0 0 0 0 0 0 0 0 0
   1      14 ram14 0 0 0 0 0 0 0 0 0 0 0
   1      15 ram15 0 0 0 0 0 0 0 0 0 0 0
   7       0 loop0 0 0 0 0 0 0 0 0 0 0 0
   7       1 loop1 0 0 0 0 0 0 0 0 0 0 0
   7       2 loop2 0 0 0 0 0 0 0 0 0 0 0
   7       3 loop3 0 0 0 0 0 0 0 0 0 0 0
   7       4 loop4 0 0 0 0 0 0 0 0 0 0 0
   7       5 loop5 0 0 0 0 0 0 0 0 0 0 0
   7       6 loop6 0 0 0 0 0 0 0 0 0 0 0
   7       7 loop7 0 0 0 0 0 0 0 0 0 0 0
 253       0 zram0 36 0 288 0 1 0 8 0 0 0 0
 179       0 mmcblk0 4954 3148 1150986 12784 196 686 9080 892 0 2096 2452
 179       1 mmcblk0p1 0 0 0 0 0 0 0 0 0 0 0
 179       2 mmcblk0p2 0 0 0 0 0 0 0 0 0 0 0
 179       3 mmcblk0p3 0 0 0 0 0 0 0 0 0 0 0
 179       4 mmcblk0p4 0 0 0 0 0 0 0 0 0 0 0
 179       5 mmcblk0p5 3076 1957 1013608 10760 0 0 0 0 0 1660 1916
 179       6 mmcblk0p6 0 0 0 0 0 0 0 0 0 0 0
 179       7 mmcblk0p7 1 0 32 0 0 0 0 0 0 0 0
 179       8 mmcblk0p8 0 0 0 0 0 0 0 0 0 0 0
 179       9 mmcblk0p9 6 0 2056 8 0 0 0 0 0 0 0
 179      10 mmcblk0p10 814 188 48736 1056 0 0 0 0 0 168 188
 179      11 mmcblk0p11 0 0 0 0 0 0 0 0 0 0 0
 179      12 mmcblk0p12 1050 1003 86250 956 194 686 9080 888 0 248 252
 179      13 mmcblk0p13 0 0 0 0 0 0 0 0 0 0 0
 179      14 mmcblk0p14 1 0 256 0 0 0 0 0 0 0 0
 179      15 mmcblk0p15 0 0 0 0 0 0 0 0 0 0 0
 179      96 mmcblk0rpmb 0 0 0 0 0 0 0 0 0 0 0
 179      64 mmcblk0boot1 0 0 0 0 0 0 0 0 0 0 0
 179      32 mmcblk0boot0 0 0 0 0 0 0 0 0 0 0 0
 252       0 dm-0 2840 0 998632 13476 0 0 0 0 0 3464 13556
 252       1 dm-1 810 0 47200 1524 0 0 0 0 0 992 1524

1075
   1       0 ram0 0 0 0 0 0 0 0 0 0 0 0
   1       1 ram1 0 0 0 0 0 0 0 0 0 0 0
   1       2 ram2 0 0 0 0 0 0 0 0 0 0 0
   1       3 ram3 0 0 0 0 0 0 0 0 0 0 0
   1       4 ram4 0 0 0 0 0 0 0 0 0 0 0
   1       5 ram5 0 0 0 0 0 0 0 0 0 0 0
   1       6 ram6 0 0 0 0 0 0 0 0 0 0 0
   1       7 ram7 0 0 0 0 0 0 0 0 0 0 0
   1       8 ram8 0 0 0 0 0 0 0 0 0 0 0
   1       9 ram9 0 0 0 0 0 0 0 0 0 0 0
   1      10 ram10 0 0 0 0 0 0 0 0 0 0 0
   1      11 ram11 0 0 0 0 0 0 0 0 0 0 0
   1      12 ram12 0 0 0 0 0 0 0 0 0 0 0
   1      13 ram13 0 0 0 0 0 0 0 0 0 0 0
   1      14 ram14 0 0 0 0 0 0 0 0 0 0 0
   1      15 ram15 0 0 0 0 0 0 0 0 0 0 0
   7       0 loop0 0 0 0 0 0 0 0 0 0 0 0
   7       1 loop1 0 0 0 0 0 0 0 0 0 0 0
   7       2 loop2 0 0 0 0 0 0 0 0 0 0 0
   7       3 loop3 0 0 0 0 0 0 0 0 0 0 0
   7       4 loop4 0 0 0 0 0 0 0 0 0 0 0
   7       5 loop5 0 0 0 0 0 0 0 0 0 0 0
   7       6 loop6 0 0 0 0 0 0 0 0 0 0 0
   7       7 loop7 0 0 0 0 0 0 0 0 0 0 0
 253       0 zram0 36 0 288 0 1 0 8 0 0 0 0
 179       0 mmcblk0 4971 3148 1154906 12816 213 752 9768 908 0 2104 2460
 179       1 mmcblk0p1 0 0 0 0 0 0 0 0 0 0 0
 179       2 mmcblk0p2 0 0 0 0 0 0 0 0 0 0 0
 179       3 mmcblk0p3 0 0 0 0 0 0 0 0 0 0 0
 179       4 mmcblk0p4 0 0 0 0 0 0 0 0 0 0 0
 179       5 mmcblk0p5 3087 1957 1017256 10784 0 0 0 0 0 1668 1924
 179       6 mmcblk0p6 0 0 0 0 0 0 0 0 0 0 0
 179       7 mmcblk0p7 1 0 32 0 0 0 0 0 0 0 0
 179       8 mmcblk0p8 0 0 0 0 0 0 0 0 0 0 0
 179       9 mmcblk0p9 6 0 2056 8 0 0 0 0 0 0 0
 179      10 mmcblk0p10 814 188 48736 1056 0 0 0 0 0 168 188
 179      11 mmcblk0p11 0 0 0 0 0 0 0 0 0 0 0
 179      12 mmcblk0p12 1056 1003 86522 964 210 752 9768 904 0 248 252
 179      13 mmcblk0p13 0 0 0 0 0 0 0 0 0 0 0
 179      14 mmcblk0p14 1 0 256 0 0 0 0 0 0 0 0
 179      15 mmcblk0p15 0 0 0 0 0 0 0 0 0 0 0
 179      96 mmcblk0rpmb 0 0 0 0 0 0 0 0 0 0 0
 179      64 mmcblk0boot1 0 0 0 0 0 0 0 0 0 0 0
 179      32 mmcblk0boot0 0 0 0 0 0 0 0 0 0 0 0
 252       0 dm-0 2849 0 1002280 13496 0 0 0 0 0 3476 13576
 252       1 dm-1 810 0 47200 1524 0 0 0 0 0 992 1524

1097
   1       0 ram0 0 0 0 0 0 0 0 0 0 0 0
   1       1 ram1 0 0 0 0 0 0 0 0 0 0 0
   1       2 ram2 0 0 0 0 0 0 0 0 0 0 0
   1       3 ram3 0 0 0 0 0 0 0 0 0 0 0
   1       4 ram4 0 0 0 0 0 0 0 0 0 0 0
   1       5 ram5 0 0 0 0 0 0 0 0 0 0 0
   1       6 ram6 0 0 0 0 0 0 0 0 0 0 0
   1       7 ram7 0 0 0 0 0 0 0 0 0 0 0
   1       8 ram8 0 0 0 0 0 0 0 0 0 0 0
   1       9 ram9 0 0 0 0 0 0 0 0 0 0 0
   1      10 ram10 0 0 0 0 0 0 0 0 0 0 0
   1      11 ram11 0 0 0 0 0 0 0 0 0 0 0
   1      12 ram12 0 0 0 0 0 0 0 0 0 0 0
   1      13 ram13 0 0 0 0 0 0 0 0 0 0 0
   1      14 ram14 0 0 0 0 0 0 0 0 0 0 0
   1      15 ram15 0 0 0 0 0 0 0 0 0 0 0
   7       0 loop0 0 0 0 0 0 0 0 0 0 0 0
   7       1 loop1 0 0 0 0 0 0 0 0 0 0 0
   7       2 loop2 0 0 0 0 0 0 0 0 0 0 0
   7       3 loop3 0 0 0 0 0 0 0 0 0 0 0
   7       4 loop4 0 0 0 0 0 0 0 0 0 0 0
   7       5 loop5 0 0 0 0 0 0 0 0 0 0 0
   7       6 loop6 0 0 0 0 0 0 0 0 0 0 0
   7       7 loop7 0 0 0 0 0 0 0 0 0 0 0
 253       0 zram0 36 0 288 0 1 0 8 0 0 0 0
 179       0 mmcblk0 4972 3148 1154914 12816 216 763 9880 916 0 2104 2460
 179       1 mmcblk0p1 0 0 0 0 0 0 0 0 0 0 0
 179       2 mmcblk0p2 0 0 0 0 0 0 0 0 0 0 0
 179       3 mmcblk0p3 0 0 0 0 0 0 0 0 0 0 0
 179       4 mmcblk0p4 0 0 0 0 0 0 0 0 0 0 0
 179       5 mmcblk0p5 3087 1957 1017256 10784 0 0 0 0 0 1668 1924
 179       6 mmcblk0p6 0 0 0 0 0 0 0 0 0 0 0
 179       7 mmcblk0p7 1 0 32 0 0 0 0 0 0 0 0
 179       8 mmcblk0p8 0 0 0 0 0 0 0 0 0 0 0
 179       9 mmcblk0p9 6 0 2056 8 0 0 0 0 0 0 0
 179      10 mmcblk0p10 814 188 48736 1056 0 0 0 0 0 168 188
 179      11 mmcblk0p11 0 0 0 0 0 0 0 0 0 0 0
 179      12 mmcblk0p12 1057 1003 86530 964 213 763 9880 912 0 248 252
 179      13 mmcblk0p13 0 0 0 0 0 0 0 0 0 0 0
 179      14 mmcblk0p14 1 0 256 0 0 0 0 0 0 0 0
 179      15 mmcblk0p15 0 0 0 0 0 0 0 0 0 0 0
 179      96 mmcblk0rpmb 0 0 0 0 0 0 0 0 0 0 0
 179      64 mmcblk0boot1 0 0 0 0 0 0 0 0 0 0 0
 179      32 mmcblk0boot0 0 0 0 0 0 0 0 0 0 0 0
 252       0 dm-0 2849 0 1002280 13496 0 0 0 0 0 3476 13576
 252       1 dm-1 810 0 47200 1524 0 0 0 0 0 992 1524

1118
   1       0 ram0 0 0 0 0 0 0 0 0 0 0 0
   1       1 ram1 0 0 0 0 0 0 0 0 0 0 0
   1       2 ram2 0 0 0 0 0 0 0 0 0 0 0
   1       3 ram3 0 0 0 0 0 0 0 0 0 0 0
   1       4 ram4 0 0 0 0 0 0 0 0 0 0 0
   1       5 ram5 0 0 0 0 0 0 0 0 0 0 0
   1       6 ram6 0 0 0 0 0 0 0 0 0 0 0
   1       7 ram7 0 0 0 0 0 0 0 0 0 0 0
   1       8 ram8 0 0 0 0 0 0 0 0 0 0 0
   1       9 ram9 0 0 0 0 0 0 0 0 0 0 0
   1      10 ram10 0 0 0 0 0 0 0 0 0 0 0
   1      11 ram11 0 0 0 0 0 0 0 0 0 0 0
   1      12 ram12 0 0 0 0 0 0 0 0 0 0 0
   1      13 ram13 0 0 0 0 0 0 0 0 0 0 0
   1      14 ram14 0 0 0 0 0 0 0 0 0 0 0
   1      15 ram15 0 0 0 0 0 0 0 0 0 0 0
   7       0 loop0 0 0 0 0 0 0 0 0 0 0 0
   7       1 loop1 0 0 0 0 0 0 0 0 0 0 0
   7       2 loop2 0 0 0 0 0 0 0 0 0 0 0
   7       3 loop3 0 0 0 0 0 0 0 0 0 0 0
   7       4 loop4 0 0 0 0 0 0 0 0 0 0 0
   7       5 loop5 0 0 0 0 0 0 0 0 0 0 0
   7       6 loop6 0 0 0 0 0 0 0 0 0 0 0
   7       7 loop7 0 0 0 0 0 0 0 0 0 0 0
 253       0 zram0 36 0 288 0 1 0 8 0 0 0 0
 179       0 mmcblk0 4972 3148 1154914 12816 216 763 9880 916 0 2104 2460
 179       1 mmcblk0p1 0 0 0 0 0 0 0 0 0 0 0
 179       2 mmcblk0p2 0 0 0 0 0 0 0 0 0 0 0
 179       3 mmcblk0p3 0 0 0 0 0 0 0 0 0 0 0
 179       4 mmcblk0p4 0 0 0 0 0 0 0 0 0 0 0
 179       5 mmcblk0p5 3087 1957 1017256 10784 0 0 0 0 0 1668 1924
 179       6 mmcblk0p6 0 0 0 0 0 0 0 0 0 0 0
 179       7 mmcblk0p7 1 0 32 0 0 0 0 0 0 0 0
 179       8 mmcblk0p8 0 0 0 0 0 0 0 0 0 0 0
 179       9 mmcblk0p9 6 0 2056 8 0 0 0 0 0 0 0
 179      10 mmcblk0p10 814 188 48736 1056 0 0 0 0 0 168 188
 179      11 mmcblk0p11 0 0 0 0 0 0 0 0 0 0 0
 179      12 mmcblk0p12 1057 1003 86530 964 213 763 9880 912 0 248 252
 179      13 mmcblk0p13 0 0 0 0 0 0 0 0 0 0 0
 179      14 mmcblk0p14 1 0 256 0 0 0 0 0 0 0 0
 179      15 mmcblk0p15 0 0 0 0 0 0 0 0 0 0 0
 179      96 mmcblk0rpmb 0 0 0 0 0 0 0 0 0 0 0
 179      64 mmcblk0boot1 0 0 0 0 0 0 0 0 0 0 0
 179      32 mmcblk0boot0 0 0 0 0 0 0 0 0 0 0 0
 252       0 dm-0 2849 0 1002280 13496 0 0 0 0 0 3476 13576
 252       1 dm-1 810 0 47200 1524 0 0 0 0 0 992 1524

1140
   1       0 ram0 0 0 0 0 0 0 0 0 0 0 0
   1       1 ram1 0 0 0 0 0 0 0 0 0 0 0
   1       2 ram2 0 0 0 0 0 0 0 0 0 0 0
   1       3 ram3 0 0 0 0 0 0 0 0 0 0 0
   1       4 ram4 0 0 0 0 0 0 0 0 0 0 0
   1       5 ram5 0 0 0 0 0 0 0 0 0 0 0
   1       6 ram6 0 0 0 0 0 0 0 0 0 0 0
   1       7 ram7 0 0 0 0 0 0 0 0 0 0 0
   1       8 ram8 0 0 0 0 0 0 0 0 0 0 0
   1       9 ram9 0 0 0 0 0 0 0 0 0 0 0
   1      10 ram10 0 0 0 0 0 0 0 0 0 0 0
   1      11 ram11 0 0 0 0 0 0 0 0 0 0 0
   1      12 ram12 0 0 0 0 0 0 0 0 0 0 0
   1      13 ram13 0 0 0 0 0 0 0 0 0 0 0
   1      14 ram14 0 0 0 0 0 0 0 0 0 0 0
   1      15 ram15 0 0 0 0 0 0 0 0 0 0 0
   7       0 loop0 0 0 0 0 0 0 0 0 0 0 0
   7       1 loop1 0 0 0 0 0 0 0 0 0 0 0
   7       2 loop2 0 0 0 0 0 0 0 0 0 0 0
   7       3 loop3 0 0 0 0 0 0 0 0 0 0 0
   7       4 loop4 0 0 0 0 0 0 0 0 0 0 0
   7       5 loop5 0 0 0 0 0 0 0 0 0 0 0
   7       6 loop6 0 0 0 0 0 0 0 0 0 0 0
   7       7 loop7 0 0 0 0 0 0 0 0 0 0 0
 253       0 zram0 36 0 288 0 1 0 8 0 0 0 0
 179       0 mmcblk0 4973 3148 1154922 12820 219 779 10032 924 0 2104 2460
 179       1 mmcblk0p1 0 0 0 0 0 0 0 0 0 0 0
 179       2 mmcblk0p2 0 0 0 0 0 0 0 0 0 0 0
 179       3 mmcblk0p3 0 0 0 0 0 0 0 0 0 0 0
 179       4 mmcblk0p4 0 0 0 0 0 0 0 0 0 0 0
 179       5 mmcblk0p5 3087 1957 1017256 10784 0 0 0 0 0 1668 1924
 179       6 mmcblk0p6 0 0 0 0 0 0 0 0 0 0 0
 179       7 mmcblk0p7 1 0 32 0 0 0 0 0 0 0 0
 179       8 mmcblk0p8 0 0 0 0 0 0 0 0 0 0 0
 179       9 mmcblk0p9 6 0 2056 8 0 0 0 0 0 0 0
 179      10 mmcblk0p10 814 188 48736 1056 0 0 0 0 0 168 188
 179      11 mmcblk0p11 0 0 0 0 0 0 0 0 0 0 0
 179      12 mmcblk0p12 1058 1003 86538 968 216 779 10032 920 0 248 252
 179      13 mmcblk0p13 0 0 0 0 0 0 0 0 0 0 0
 179      14 mmcblk0p14 1 0 256 0 0 0 0 0 0 0 0
 179      15 mmcblk0p15 0 0 0 0 0 0 0 0 0 0 0
 179      96 mmcblk0rpmb 0 0 0 0 0 0 0 0 0 0 0
 179      64 mmcblk0boot1 0 0 0 0 0 0 0 0 0 0 0
 179      32 mmcblk0boot0 0 0 0 0 0 0 0 0 0 0 0
 252       0 dm-0 2849 0 1002280 13496 0 0 0 0 0 3476 13576
 252       1 dm-1 810 0 47200 1524 0 0 0 0 0 992 1524

1162
   1       0 ram0 0 0 0 0 0 0 0 0 0 0 0
   1       1 ram1 0 0 0 0 0 0 0 0 0 0 0
   1       2 ram2 0 0 0 0 0 0 0 0 0 0 0
   1       3 ram3 0 0 0 0 0 0 0 0 0 0 0
   1       4 ram4 0 0 0 0 0 0 0 0 0 0 0
   1       5 ram5 0 0 0 0 0 0 0 0 0 0 0
   1       6 ram6 0 0 0 0 0 0 0 0 0 0 0
   1       7 ram7 0 0 0 0 0 0 0 0 0 0 0
   1       8 ram8 0 0 0 0 0 0 0 0 0 0 0
   1       9 ram9 0 0 0 0 0 0 0 0 0 0 0
   1      10 ram10 0 0 0 0 0 0 0 0 0 0 0
   1      11 ram11 0 0 0 0 0 0 0 0 0 0 0
   1      12 ram12 0 0 0 0 0 0 0 0 0 0 0
   1      13 ram13 0 0 0 0 0 0 0 0 0 0 0
   1      14 ram14 0 0 0 0 0 0 0 0 0 0 0
   1      15 ram15 0 0 0 0 0 0 0 0 0 0 0
   7       0 loop0 0 0 0 0 0 0 0 0 0 0 0
   7       1 loop1 0 0 0 0 0 0 0 0 0 0 0
   7       2 loop2 0 0 0 0 0 0 0 0 0 0 0
   7       3 loop3 0 0 0 0 0 0 0 0 0 0 0
   7       4 loop4 0 0 0 0 0 0 0 0 0 0 0
   7       5 loop5 0 0 0 0 0 0 0 0 0 0 0
   7       6 loop6 0 0 0 0 0 0 0 0 0 0 0
   7       7 loop7 0 0 0 0 0 0 0 0 0 0 0
 253       0 zram0 36 0 288 0 1 0 8 0 0 0 0
 179       0 mmcblk0 4973 3148 1154922 12820 219 779 10032 924 0 2104 2460
 179       1 mmcblk0p1 0 0 0 0 0 0 0 0 0 0 0
 179       2 mmcblk0p2 0 0 0 0 0 0 0 0 0 0 0
 179       3 mmcblk0p3 0 0 0 0 0 0 0 0 0 0 0
 179       4 mmcblk0p4 0 0 0 0 0 0 0 0 0 0 0
 179       5 mmcblk0p5 3087 1957 1017256 10784 0 0 0 0 0 1668 1924
 179       6 mmcblk0p6 0 0 0 0 0 0 0 0 0 0 0
 179       7 mmcblk0p7 1 0 32 0 0 0 0 0 0 0 0
 179       8 mmcblk0p8 0 0 0 0 0 0 0 0 0 0 0
 179       9 mmcblk0p9 6 0 2056 8 0 0 0 0 0 0 0
 179      10 mmcblk0p10 814 188 48736 1056 0 0 0 0 0 168 188
 179      11 mmcblk0p11 0 0 0 0 0 0 0 0 0 0 0
 179      12 mmcblk0p12 1058 1003 86538 968 216 779 10032 920 0 248 252
 179      13 mmcblk0p13 0 0 0 0 0 0 0 0 0 0 0
 179      14 mmcblk0p14 1 0 256 0 0 0 0 0 0 0 0
 179      15 mmcblk0p15 0 0 0 0 0 0 0 0 0 0 0
 179      96 mmcblk0rpmb 0 0 0 0 0 0 0 0 0 0 0
 179      64 mmcblk0boot1 0 0 0 0 0 0 0 0 0 0 0
 179      32 mmcblk0boot0 0 0 0 0 0 0 0 0 0 0 0
 252       0 dm-0 2849 0 1002280 13496 0 0 0 0 0 3476 13576
 252       1 dm-1 810 0 47200 1524 0 0 0 0 0 992 1524

1183
   1       0 ram0 0 0 0 0 0 0 0 0 0 0 0
   1       1 ram1 0 0 0 0 0 0 0 0 0 0 0
   1       2 ram2 0 0 0 0 0 0 0 0 0 0 0
   1       3 ram3 0 0 0 0 0 0 0 0 0 0 0
   1       4 ram4 0 0 0 0 0 0 0 0 0 0 0
   1       5 ram5 0 0 0 0 0 0 0 0 0 0 0
   1       6 ram6 0 0 0 0 0 0 0 0 0 0 0
   1       7 ram7 0 0 0 0 0 0 0 0 0 0 0
   1       8 ram8 0 0 0 0 0 0 0 0 0 0 0
   1       9 ram9 0 0 0 0 0 0 0 0 0 0 0
   1      10 ram10 0 0 0 0 0 0 0 0 0 0 0
   1      11 ram11 0 0 0 0 0 0 0 0 0 0 0
   1      12 ram12 0 0 0 0 0 0 0 0 0 0 0
   1      13 ram13 0 0 0 0 0 0 0 0 0 0 0
   1      14 ram14 0 0 0 0 0 0 0 0 0 0 0
   1      15 ram15 0 0 0 0 0 0 0 0 0 0 0
   7       0 loop0 0 0 0 0 0 0 0 0 0 0 0
   7       1 loop1 0 0 0 0 0 0 0 0 0 0 0
   7       2 loop2 0 0 0 0 0 0 0 0 0 0 0
   7       3 loop3 0 0 0 0 0 0 0 0 0 0 0
   7       4 loop4 0 0 0 0 0 0 0 0 0 0 0
   7       5 loop5 0 0 0 0 0 0 0 0 0 0 0
   7       6 loop6 0 0 0 0 0 0 0 0 0 0 0
   7       7 loop7 0 0 0 0 0 0 0 0 0 0 0
 253       0 zram0 36 0 288 0 1 0 8 0 0 0 0
 179       0 mmcblk0 4973 3148 1154922 12820 219 779 10032 924 0 2104 2460
 179       1 mmcblk0p1 0 0 0 0 0 0 0 0 0 0 0
 179       2 mmcblk0p2 0 0 0 0 0 0 0 0 0 0 0
 179       3 mmcblk0p3 0 0 0 0 0 0 0 0 0 0 0
 179       4 mmcblk0p4 0 0 0 0 0 0 0 0 0 0 0
 179       5 mmcblk0p5 3087 1957 1017256 10784 0 0 0 0 0 1668 1924
 179       6 mmcblk0p6 0 0 0 0 0 0 0 0 0 0 0
 179       7 mmcblk0p7 1 0 32 0 0 0 0 0 0 0 0
 179       8 mmcblk0p8 0 0 0 0 0 0 0 0 0 0 0
 179       9 mmcblk0p9 6 0 2056 8 0 0 0 0 0 0 0
 179      10 mmcblk0p10 814 188 48736 1056 0 0 0 0 0 168 188
 179      11 mmcblk0p11 0 0 0 0 0 0 0 0 0 0 0
 179      12 mmcblk0p12 1058 1003 86538 968 216 779 10032 920 0 248 252
 179      13 mmcblk0p13 0 0 0 0 0 0 0 0 0 0 0
 179      14 mmcblk0p14 1 0 256 0 0 0 0 0 0 0 0
 179      15 mmcblk0p15 0 0 0 0 0 0 0 0 0 0 0
 179      96 mmcblk0rpmb 0 0 0 0 0 0 0 0 0 0 0
 179      64 mmcblk0boot1 0 0 0 0 0 0 0 0 0 0 0
 179      32 mmcblk0boot0 0 0 0 0 0 0 0 0 0 0 0
 252       0 dm-0 2849 0 1002280 13496 0 0 0 0 0 3476 13576
 252       1 dm-1 810 0 47200 1524 0 0 0 0 0 992 1524

1204
   1       0 ram0 0 0 0 0 0 0 0 0 0 0 0
   1       1 ram1 0 0 0 0 0 0 0 0 0 0 0
   1       2 ram2 0 0 0 0 0 0 0 0 0 0 0
   1       3 ram3 0 0 0 0 0 0 0 0 0 0 0
   1       4 ram4 0 0 0 0 0 0 0 0 0 0 0
   1       5 ram5 0 0 0 0 0 0 0 0 0 0 0
   1       6 ram6 0 0 0 0 0 0 0 0 0 0 0
   1       7 ram7 0 0 0 0 0 0 0 0 0 0 0
   1       8 ram8 0 0 0 0 0 0 0 0 0 0 0
   1       9 ram9 0 0 0 0 0 0 0 0 0 0 0
   1      10 ram10 0 0 0 0 0 0 0 0 0 0 0
   1      11 ram11 0 0 0 0 0 0 0 0 0 0 0
   1      12 ram12 0 0 0 0 0 0 0 0 0 0 0
   1      13 ram13 0 0 0 0 0 0 0 0 0 0 0
   1      14 ram14 0 0 0 0 0 0 0 0 0 0 0
   1      15 ram15 0 0 0 0 0 0 0 0 0 0 0
   7       0 loop0 0 0 0 0 0 0 0 0 0 0 0
   7       1 loop1 0 0 0 0 0 0 0 0 0 0 0
   7       2 loop2 0 0 0 0 0 0 0 0 0 0 0
   7       3 loop3 0 0 0 0 0 0 0 0 0 0 0
   7       4 loop4 0 0 0 0 0 0 0 0 0 0 0
   7       5 loop5 0 0 0 0 0 0 0 0 0 0 0
   7       6 loop6 0 0 0 0 0 0 0 0 0 0 0
   7       7 loop7 0 0 0 0 0 0 0 0 0 0 0
 253       0 zram0 36 0 288 0 1 0 8 0 0 0 0
 179       0 mmcblk0 4973 3148 1154922 12820 219 779 10032 924 0 2104 2460
 179       1 mmcblk0p1 0 0 0 0 0 0 0 0 0 0 0
 179       2 mmcblk0p2 0 0 0 0 0 0 0 0 0 0 0
 179       3 mmcblk0p3 0 0 0 0 0 0 0 0 0 0 0
 179       4 mmcblk0p4 0 0 0 0 0 0 0 0 0 0 0
 179       5 mmcblk0p5 3087 1957 1017256 10784 0 0 0 0 0 1668 1924
 179       6 mmcblk0p6 0 0 0 0 0 0 0 0 0 0 0
 179       7 mmcblk0p7 1 0 32 0 0 0 0 0 0 0 0
 179       8 mmcblk0p8 0 0 0 0 0 0 0 0 0 0 0
 179       9 mmcblk0p9 6 0 2056 8 0 0 0 0 0 0 0
 179      10 mmcblk0p10 814 188 48736 1056 0 0 0 0 0 168 188
 179      11 mmcblk0p11 0 0 0 0 0 0 0 0 0 0 0
 179      12 mmcblk0p12 1058 1003 86538 968 216 779 10032 920 0 248 252
 179      13 mmcblk0p13 0 0 0 0 0 0 0 0 0 0 0
 179      14 mmcblk0p14 1 0 256 0 0 0 0 0 0 0 0
 179      15 mmcblk0p15 0 0 0 0 0 0 0 0 0 0 0
 179      96 mmcblk0rpmb 0 0 0 0 0 0 0 0 0 0 0
 179      64 mmcblk0boot1 0 0 0 0 0 0 0 0 0 0 0
 179      32 mmcblk0boot0 0 0 0 0 0 0 0 0 0 0 0
 252       0 dm-0 2849 0 1002280 13496 0 0 0 0 0 3476 13576
 252       1 dm-1 810 0 47200 1524 0 0 0 0 0 992 1524

