343
cpu  49 3 301 929 9 5 11 0 0 0
cpu0 5 0 112 197 4 2 7 0 0 0
cpu1 13 2 64 244 0 0 1 0 0 0
cpu2 11 1 76 237 1 0 1 0 0 0
cpu3 18 0 49 249 2 0 1 0 0 0
intr 15049 0 0 0 2388 0 0 26 0 0 0 0 0 0 0 0 0 0 0 0 0 0 0 0 0 0 0 0 0 123 0 0 5 161 124 0 0 1 0 0 0 0 0 0 0 0 0 0 0 2154 52 0 0 0 0 0 0 0 0 3 0 114 58 0 0 0 1 724 0 0 0 0 0 0 0 0 0 0 0 0 0 0 0 0 0 0 0 0 0 0 0 0 0 0 0 0 0 0 0 0 0 0 0 0 0 0 0 0 0 0 0 0 0 0 0 0 0 0 0 0 0 0 0 0 0 0 0 0 0 0 0 0 0 0 0 0 0 0 0 0 0 0 0 0 0 0 0 0 0 0 0 0 0 0 0 0 0 0 0 0 0 0 0 0 0 0 0 0 0 0 0 0 0 0 0 0 0 0 0 0 0 0 0 0 0 0 0 0 0 0 0 0 0 0 0 0 0 0 0 0 0 0 0 0 0 0 0 0 0 0 0 0 0 0 0 0 0 0 0 0 0 0 0 0 0 0 0 0 0 0 0 0 0 0 725 0 0 0 0 0 0 0 0 0 0 0 0 0 0 0 0 0 0 0 0 0 0 0 0 0 0 0 0 0 0 0
ctxt 27316
btime 1571728501
processes 2941
procs_running 4
procs_blocked 0
softirq 8517 2 2024 0 0 0 0 1891 1054 0 3546

364
cpu  65 3 334 948 18 6 16 0 0 0
cpu0 7 0 119 201 7 3 11 0 0 0
cpu1 15 2 75 248 4 0 1 0 0 0
cpu2 17 1 83 242 4 0 1 0 0 0
cpu3 24 0 55 257 3 1 1 0 0 0
intr 18400 0 0 0 2601 0 0 26 0 0 0 0 0 0 0 0 0 0 0 0 0 0 0 0 0 0 0 0 0 136 0 0 5 173 137 0 0 1 0 0 0 0 0 0 0 0 0 0 0 2659 52 0 0 0 0 0 0 0 0 3 0 114 58 0 0 0 1 1656 0 0 0 0 0 0 0 0 0 0 0 0 0 0 0 0 0 0 0 0 0 0 0 0 0 0 0 0 0 0 0 0 0 0 0 0 0 0 0 0 0 0 0 0 0 0 0 0 0 0 0 0 0 0 0 0 0 0 0 0 0 0 0 0 0 0 0 0 0 0 0 0 0 0 0 0 0 0 0 0 0 0 0 0 0 0 0 0 0 0 0 0 0 0 0 0 0 0 0 0 0 0 0 0 0 0 0 0 0 0 0 0 0 0 0 0 0 0 0 0 0 0 0 0 0 0 0 0 0 0 0 0 0 0 0 0 0 0 0 0 0 0 0 0 0 0 0 0 0 0 0 0 0 0 0 0 0 0 0 0 0 0 0 0 0 0 1659 0 0 0 0 0 0 0 0 0 0 0 0 0 0 0 0 0 0 0 0 0 0 0 0 0 0 0 0 0 0 0
ctxt 31286
btime 1571728501
processes 2962
procs_running 16
procs_blocked 4
softirq 10332 2 2226 0 0 0 0 3076 1162 0 3866

391
cpu  104 3 398 948 19 8 20 0 0 0
cpu0 15 0 133 201 7 4 16 0 0 0
cpu1 26 2 91 248 4 1 1 0 0 0
cpu2 27 1 100 242 4 1 1 0 0 0
cpu3 35 0 72 257 3 1 1 0 0 0
intr 22554 0 0 0 2880 0 0 26 0 0 0 0 0 0 0 0 0 0 0 0 0 0 0 0 0 0 0 0 0 152 0 0 5 189 153 0 0 1 0 0 0 0 0 0 0 1 0 0 0 3514 52 0 0 0 0 0 0 0 0 3 0 114 58 0 0 0 1 2844 0 0 0 0 0 0 0 0 0 0 0 0 0 0 0 0 0 0 0 0 0 0 0 0 0 0 0 0 0 0 0 0 0 0 0 0 0 0 0 0 0 0 0 0 0 0 0 0 0 0 0 0 0 0 0 0 0 0 0 0 0 0 0 0 0 0 0 0 0 0 0 0 0 0 0 0 0 0 0 0 0 0 0 0 0 0 0 0 0 0 0 0 0 0 0 0 0 0 0 0 0 0 0 0 0 0 0 0 0 0 0 0 0 0 0 0 0 0 0 0 0 0 0 0 0 0 0 0 0 0 0 0 0 0 0 0 0 0 0 0 0 0 0 0 0 0 0 0 0 0 0 0 0 0 0 0 0 0 0 0 0 0 0 0 0 0 2845 0 0 0 0 0 0 0 0 0 0 0 0 0 0 0 0 0 0 0 0 0 0 0 0 0 0 0 0 0 0 0
ctxt 36114
btime 1571728501
processes 2989
procs_running 20
procs_blocked 13
softirq 12724 2 2499 0 0 0 0 4692 1176 0 4355

420
cpu  146 4 465 948 19 9 23 0 0 0
cpu0 24 0 148 201 7 5 18 0 0 0
cpu1 35 2 111 248 4 1 1 0 0 0
cpu2 40 1 115 242 4 1 1 0 0 0
cpu3 45 0 89 257 3 1 1 0 0 0
intr 25023 0 0 0 3165 0 0 26 0 0 0 0 0 0 0 0 0 0 0 0 0 0 0 0 0 0 0 0 0 168 0 0 5 205 169 0 0 1 0 0 0 0 0 0 0 1 0 0 0 4420 52 0 0 0 0 0 0 0 0 3 0 114 58 0 0 0 1 3105 0 0 0 0 0 0 0 0 0 0 0 0 0 0 0 0 0 0 0 0 0 0 0 0 0 0 0 0 0 0 0 0 0 0 0 0 0 0 0 0 0 0 0 0 0 0 0 0 0 0 0 0 0 0 0 0 0 0 0 0 0 0 0 0 0 0 0 0 0 0 0 0 0 0 0 0 0 0 0 0 0 0 0 0 0 0 0 0 0 0 0 0 0 0 0 0 0 0 0 0 0 0 0 0 0 0 0 0 0 0 0 0 0 0 0 0 0 0 0 0 0 0 0 0 0 0 0 0 0 0 0 0 0 0 0 0 0 0 0 0 0 0 0 0 0 0 0 0 0 0 0 0 0 0 0 0 0 0 0 0 0 0 0 0 0 0 3105 0 0 0 0 0 0 0 0 0 0 0 0 0 0 0 0 0 0 0 0 0 0 0 0 0 0 0 0 0 0 0
ctxt 39698
btime 1571728501
processes 3015
procs_running 25
procs_blocked 7
softirq 14206 2 2771 0 0 0 0 5406 1187 0 4840

450
cpu  234 4 496 948 19 10 24 0 0 0
cpu0 40 0 161 201 7 5 19 0 0 0
cpu1 59 2 117 248 4 1 1 0 0 0
cpu2 58 1 127 242 4 1 1 0 0 0
cpu3 75 0 90 257 3 1 2 0 0 0
intr 26219 0 0 0 3479 0 0 26 0 0 0 0 0 0 0 0 0 0 0 0 0 0 0 0 0 0 0 0 0 186 0 0 5 223 187 0 0 1 0 0 0 0 0 0 0 1 0 0 0 4792 52 0 0 0 0 0 0 0 0 3 0 114 58 0 0 0 1 3247 0 0 0 0 0 0 0 0 0 0 0 0 0 0 0 0 0 0 0 0 0 0 0 0 0 0 0 0 0 0 0 0 0 0 0 0 0 0 0 0 0 0 0 0 0 0 0 0 0 0 0 0 0 0 0 0 0 0 0 0 0 0 0 0 0 0 0 0 0 0 0 0 0 0 0 0 0 0 0 0 0 0 0 0 0 0 0 0 0 0 0 0 0 0 0 0 0 0 0 0 0 0 0 0 0 0 0 0 0 0 0 0 0 0 0 0 0 0 0 0 0 0 0 0 0 0 0 0 0 0 0 0 0 0 0 0 0 0 0 0 0 0 0 0 0 0 0 0 0 0 0 0 0 0 0 0 0 0 0 0 0 0 0 0 0 0 3247 0 0 0 0 0 0 0 0 0 0 0 0 0 0 0 0 0 0 0 0 0 0 0 0 0 0 0 0 0 0 0
ctxt 41569
btime 1571728501
processes 3057
procs_running 22
procs_blocked 0
softirq 15245 2 3075 0 0 0 0 5730 1193 0 5245

476
cpu  317 4 516 948 19 11 25 0 0 0
cpu0 55 0 172 201 7 6 19 0 0 0
cpu1 85 2 117 248 4 1 1 0 0 0
cpu2 80 1 131 242 4 1 1 0 0 0
cpu3 95 0 95 257 3 1 2 0 0 0
intr 26839 0 0 0 3753 0 0 26 0 0 0 0 0 0 0 0 0 0 0 0 0 0 0 0 0 0 0 0 0 201 0 0 5 238 202 0 0 1 0 0 0 0 0 0 0 1 0 0 0 4989 52 0 0 0 0 0 0 0 0 3 0 114 58 0 0 0 1 3247 0 0 0 0 0 0 0 0 0 0 0 0 0 0 0 0 0 0 0 0 0 0 0 0 0 0 0 0 0 0 0 0 0 0 0 0 0 0 0 0 0 0 0 0 0 0 0 0 0 0 0 0 0 0 0 0 0 0 0 0 0 0 0 0 0 0 0 0 0 0 0 0 0 0 0 0 0 0 0 0 0 0 0 0 0 0 0 0 0 0 0 0 0 0 0 0 0 0 0 0 0 0 0 0 0 0 0 0 0 0 0 0 0 0 0 0 0 0 0 0 0 0 0 0 0 0 0 0 0 0 0 0 0 0 0 0 0 0 0 0 0 0 0 0 0 0 0 0 0 0 0 0 0 0 0 0 0 0 0 0 0 0 0 0 0 0 3247 0 0 0 0 0 0 0 0 0 0 0 0 0 0 0 0 0 0 0 0 0 0 0 0 0 0 0 0 0 0 0
ctxt 42602
btime 1571728501
processes 3068
procs_running 16
procs_blocked 1
softirq 15916 2 3335 0 0 0 0 5831 1202 0 5546

509
cpu  409 5 549 948 19 12 26 0 0 0
cpu0 76 0 182 201 7 6 20 0 0 0
cpu1 114 2 119 248 4 1 2 0 0 0
cpu2 93 1 149 242 4 2 1 0 0 0
cpu3 125 0 98 257 3 2 2 0 0 0
intr 27884 0 0 0 4083 0 0 26 0 0 0 0 0 0 0 0 0 0 0 0 0 0 0 0 0 0 0 0 0 220 0 0 5 257 221 0 0 1 0 0 0 0 0 0 0 1 0 0 0 5413 52 0 0 0 0 0 0 0 0 3 0 114 58 0 0 0 1 3247 0 0 0 0 0 0 0 0 0 0 0 0 0 0 0 0 0 0 0 0 0 0 0 0 0 0 0 0 0 0 0 0 0 0 0 0 0 0 0 0 0 0 0 0 0 0 0 0 0 0 0 0 0 0 0 0 0 0 0 0 0 0 0 0 0 0 0 0 0 0 0 0 0 0 0 0 0 0 0 0 0 0 0 0 0 0 0 0 0 0 0 0 0 0 0 0 0 0 0 0 0 0 0 0 0 0 0 0 0 0 0 0 0 0 0 0 0 0 0 0 0 0 0 0 0 0 0 0 0 0 0 0 0 0 0 0 0 0 0 0 0 0 0 0 0 0 0 0 0 0 0 0 0 0 0 0 0 0 0 0 0 0 0 0 0 0 3247 0 0 0 0 0 0 0 0 0 0 0 0 0 0 0 0 0 0 0 0 0 0 0 0 0 0 0 0 0 0 0
ctxt 44068
btime 1571728501
processes 3075
procs_running 9
procs_blocked 4
softirq 16776 2 3660 0 0 0 0 6045 1217 0 5852

534
cpu  444 6 587 955 31 13 27 0 0 0
cpu0 83 0 193 201 10 7 21 0 0 0
cpu1 124 2 127 251 6 2 2 0 0 0
cpu2 100 3 161 243 6 2 1 0 0 0
cpu3 136 0 105 258 7 2 2 0 0 0
intr 28975 0 0 0 4342 0 0 26 0 0 0 0 0 0 0 0 0 0 0 0 0 0 0 0 0 0 0 0 0 234 0 0 6 271 235 0 0 1 0 0 0 0 0 0 0 1 0 0 0 5845 52 0 0 0 0 0 0 0 0 3 2 117 58 0 0 0 1 3247 0 0 0 0 0 0 0 0 0 0 0 0 0 0 0 0 0 0 0 0 0 0 0 0 0 0 0 0 0 0 0 0 0 0 0 0 0 0 0 0 0 0 0 0 0 0 0 0 0 0 0 0 0 0 0 0 0 0 0 0 0 0 0 0 0 0 0 0 0 0 0 0 0 0 0 0 0 0 0 0 0 0 0 0 0 0 0 0 0 0 0 0 0 0 0 0 0 0 0 0 0 0 0 0 0 0 0 0 0 0 0 0 0 0 0 0 0 0 0 0 0 0 0 0 0 0 0 0 0 0 0 0 0 0 0 0 0 0 0 0 0 0 0 0 0 0 0 0 0 0 0 0 0 0 0 0 0 0 0 0 0 0 0 0 0 0 3247 0 0 0 0 0 0 0 0 0 0 0 0 0 0 0 0 0 0 0 0 0 0 0 0 0 0 0 0 0 0 0
ctxt 46003
btime 1571728501
processes 3095
procs_running 4
procs_blocked 1
softirq 17646 2 3899 0 0 0 0 6261 1318 0 6166

560
cpu  508 7 619 961 32 15 28 0 0 0
cpu0 98 1 201 203 10 7 21 0 0 0
cpu1 136 2 140 252 7 2 2 0 0 0
cpu2 123 3 163 244 6 2 1 0 0 0
cpu3 150 0 115 260 7 2 2 0 0 0
intr 30221 0 0 0 4624 0 0 26 0 0 0 0 0 0 0 0 0 0 0 0 0 0 0 0 0 0 0 0 0 250 0 0 6 287 251 0 0 1 0 0 0 0 0 0 0 1 0 0 0 6084 52 0 0 0 0 0 0 0 0 3 2 120 58 0 0 0 1 3248 0 0 0 0 0 0 0 0 0 0 0 0 0 0 0 0 0 0 0 0 0 0 0 0 0 0 0 0 0 0 0 0 0 0 0 0 0 0 0 0 0 0 0 0 0 0 0 0 0 0 0 0 0 0 0 0 0 0 0 0 0 0 0 0 0 0 0 0 0 0 0 0 0 0 0 0 0 0 0 0 0 0 0 0 0 0 0 0 0 0 0 0 0 0 0 0 0 0 0 0 0 0 0 0 0 0 0 0 0 0 0 0 0 0 0 0 0 0 0 0 0 0 0 0 0 0 0 0 0 0 0 0 0 0 0 0 0 0 0 0 0 0 0 0 0 0 0 0 0 0 0 0 0 0 0 0 0 0 0 0 0 0 0 39 0 0 3248 0 0 0 0 0 0 0 0 0 0 0 0 0 0 0 0 0 0 0 0 0 0 0 0 0 0 0 0 0 0 0
ctxt 48156
btime 1571728501
processes 3108
procs_running 8
procs_blocked 1
softirq 18632 2 4155 0 0 0 0 6382 1368 0 6725

584
cpu  540 7 650 976 45 15 29 0 0 0
cpu0 110 1 208 206 10 8 22 0 0 0
cpu1 145 2 144 254 14 2 2 0 0 0
cpu2 125 3 174 254 6 2 1 0 0 0
cpu3 159 0 121 261 13 2 2 0 0 0
intr 31239 0 0 0 4887 0 0 26 0 0 0 0 0 0 0 0 0 0 0 0 0 0 0 0 0 0 0 0 0 263 0 0 7 300 264 0 0 1 0 0 0 0 0 0 0 1 0 0 0 6423 52 0 0 0 0 0 0 0 0 3 2 120 58 0 0 0 1 3248 0 0 0 0 0 0 0 0 0 0 0 0 0 0 0 0 0 0 0 0 0 0 0 0 0 0 0 0 0 0 0 0 0 0 0 0 0 0 0 0 0 0 0 0 0 0 0 0 0 0 0 0 0 0 0 0 0 0 0 0 0 0 0 0 0 0 0 0 0 0 0 0 0 0 0 0 0 0 0 0 0 0 0 0 0 0 0 0 0 0 0 0 0 0 0 0 0 0 0 0 0 0 0 0 0 0 0 0 0 0 0 0 0 0 0 0 0 0 0 0 0 0 0 0 0 0 0 0 0 0 0 0 0 0 0 0 0 0 0 0 0 0 0 0 0 0 0 0 0 0 0 0 0 0 0 0 0 0 0 0 0 0 0 39 0 0 3248 0 0 0 0 0 0 0 0 0 0 0 0 0 0 0 0 0 0 0 0 0 0 0 0 0 0 0 0 0 0 0
ctxt 49863
btime 1571728501
processes 3121
procs_running 3
procs_blocked 1
softirq 19362 2 4376 0 0 0 0 6551 1485 0 6948

606
cpu  585 7 674 990 49 16 29 0 0 0
cpu0 128 1 212 206 10 8 22 0 0 0
cpu1 155 2 149 261 14 2 2 0 0 0
cpu2 131 3 184 259 6 2 2 0 0 0
cpu3 169 0 128 263 16 2 2 0 0 0
intr 32576 0 0 0 5124 0 0 26 0 0 0 0 0 0 0 0 0 0 0 0 0 0 0 0 0 0 0 0 0 276 0 0 7 313 277 0 0 1 0 0 0 0 0 0 0 1 0 0 0 6554 52 0 0 0 0 0 0 0 0 3 2 120 58 0 0 0 1 3248 0 0 0 0 0 0 0 0 0 0 0 0 0 0 0 0 0 0 0 0 0 0 0 0 0 0 0 0 0 0 0 0 0 0 0 0 0 0 0 0 0 0 0 0 0 0 0 0 0 0 0 0 0 0 0 0 0 0 0 0 0 0 0 0 0 0 0 0 0 0 0 0 0 0 0 0 0 0 0 0 0 0 0 0 0 0 0 0 0 0 0 0 0 0 0 0 0 0 0 0 0 0 0 0 0 0 0 0 0 0 0 0 0 0 0 0 0 0 0 0 0 0 0 0 0 0 0 0 0 0 0 0 0 0 0 0 0 0 0 0 0 0 0 0 0 0 0 0 0 0 0 0 0 0 0 0 0 0 0 0 0 0 0 50 0 0 3248 0 0 0 0 0 0 0 0 0 0 0 0 0 0 0 0 0 0 0 0 0 0 0 0 0 0 0 0 0 0 0
ctxt 52507
btime 1571728501
processes 3130
procs_running 5
procs_blocked 0
softirq 19919 2 4579 0 0 0 0 6617 1584 0 7137

631
cpu  643 7 699 1001 52 17 30 0 0 0
cpu0 141 1 222 207 11 9 23 0 0 0
cpu1 169 2 154 267 15 2 2 0 0 0
cpu2 148 3 187 263 7 2 2 0 0 0
cpu3 184 0 134 264 19 2 2 0 0 0
intr 33725 0 0 0 5398 0 0 26 0 0 0 0 0 0 0 0 0 0 0 0 0 0 0 0 0 0 0 0 0 291 0 0 7 328 292 0 0 1 0 0 0 0 0 0 0 1 0 0 0 6835 52 0 0 0 0 0 0 0 0 3 2 120 58 0 0 0 1 3248 0 0 0 0 0 0 0 0 0 0 0 0 0 0 0 0 0 0 0 0 0 0 0 0 0 0 0 0 0 0 0 0 0 0 0 0 0 0 0 0 0 0 0 0 0 0 0 0 0 0 0 0 0 0 0 0 0 0 0 0 0 0 0 0 0 0 0 0 0 0 0 0 0 0 0 0 0 0 0 0 0 0 0 0 0 0 0 0 0 0 0 0 0 0 0 0 0 0 0 0 0 0 0 0 0 0 0 0 0 0 0 0 0 0 0 0 0 0 0 0 0 0 0 0 0 0 0 0 0 0 0 0 0 0 0 0 0 0 0 0 0 0 0 0 0 0 0 0 0 0 0 0 0 0 0 0 0 0 0 0 0 0 0 79 0 0 3248 0 0 0 0 0 0 0 0 0 0 0 0 0 0 0 0 0 0 0 0 0 0 0 0 0 0 0 0 0 0 0
ctxt 54966
btime 1571728501
processes 3139
procs_running 6
procs_blocked 1
softirq 20712 2 4821 0 0 0 0 6757 1685 0 7447

653
cpu  674 7 733 1014 57 18 31 0 0 0
cpu0 151 1 227 211 11 10 23 0 0 0
cpu1 171 2 169 271 15 2 2 0 0 0
cpu2 164 3 192 263 7 2 2 0 0 0
cpu3 186 0 144 267 24 3 2 0 0 0
intr 34982 0 0 0 5630 0 0 26 0 0 0 0 0 0 0 0 0 0 0 0 0 0 0 0 0 0 0 0 0 304 0 0 7 341 305 0 0 1 0 0 0 0 0 0 0 1 0 0 0 7158 52 0 0 0 0 0 0 0 0 3 2 120 58 0 0 0 1 3249 0 0 0 0 0 0 0 0 0 0 0 0 0 0 0 0 0 0 0 0 0 0 0 0 0 0 0 0 0 0 0 0 0 0 0 0 0 0 0 0 0 0 0 0 0 0 0 0 0 0 0 0 0 0 0 0 0 0 0 0 0 0 0 0 0 0 0 0 0 0 0 0 0 0 0 0 0 0 0 0 0 0 0 0 0 0 0 0 0 0 0 0 0 0 0 0 0 0 0 0 0 0 0 0 0 0 0 0 0 0 0 0 0 0 0 0 0 0 0 0 0 0 0 0 0 0 0 0 0 0 0 0 0 0 0 0 0 0 0 0 0 0 0 0 0 0 0 0 0 0 0 0 0 0 0 0 0 0 0 0 0 0 0 157 0 0 3249 0 0 0 0 0 0 0 0 0 0 0 0 0 0 0 0 0 0 0 0 0 0 0 0 0 0 0 0 0 0 0
ctxt 58714
btime 1571728501
processes 3143
procs_running 3
procs_blocked 0
softirq 21392 2 5032 0 0 0 0 6920 1771 0 7667

675
cpu  692 7 747 1066 60 19 31 0 0 0
cpu0 165 1 231 214 12 10 23 0 0 0
cpu1 173 2 173 288 15 2 2 0 0 0
cpu2 165 3 195 280 7 3 2 0 0 0
cpu3 187 0 146 283 24 3 2 0 0 0
intr 35624 0 0 0 5878 0 0 26 0 0 0 0 0 0 0 0 0 0 0 0 0 0 0 0 0 0 0 0 0 316 0 0 11 353 317 0 0 1 0 0 0 0 0 0 0 1 0 0 0 7238 52 0 0 0 0 0 0 0 0 3 20 123 58 0 0 0 1 3249 0 0 0 0 0 0 0 0 0 0 0 0 0 0 0 0 0 0 0 0 0 0 0 0 0 0 0 0 0 0 0 0 0 0 0 0 0 0 0 0 0 0 0 0 0 0 0 0 0 0 0 0 0 0 0 0 0 0 0 0 0 0 0 0 0 0 0 0 0 0 0 0 0 0 0 0 0 0 0 0 0 0 0 0 0 0 0 0 0 0 0 0 0 0 0 0 0 0 0 0 0 0 0 0 0 0 0 0 0 0 0 0 0 0 0 0 0 0 0 0 0 0 0 0 0 0 0 0 0 0 0 0 0 0 0 0 0 0 0 0 0 0 0 0 0 0 0 0 0 0 0 0 0 0 0 0 0 0 0 0 0 0 0 172 0 0 3249 0 0 0 0 0 0 0 0 0 0 0 0 0 0 0 0 0 0 0 0 0 0 0 0 0 0 0 0 0 0 0
ctxt 59620
btime 1571728501
processes 3145
procs_running 3
procs_blocked 1
softirq 21915 2 5222 0 0 0 0 6960 1871 0 7860

696
cpu  707 8 752 1127 60 20 31 0 0 0
cpu0 179 1 235 216 12 10 23 0 0 0
cpu1 173 2 173 308 15 2 2 0 0 0
cpu2 166 3 196 298 7 3 2 0 0 0
cpu3 187 0 147 304 24 3 2 0 0 0
intr 36052 0 0 0 6107 0 0 26 0 0 0 0 0 0 0 0 0 0 0 0 0 0 0 0 0 0 0 0 0 329 0 0 13 366 330 0 0 1 0 0 0 0 0 0 0 1 0 0 0 7242 52 0 0 0 0 0 0 0 0 3 30 123 58 0 0 0 1 3249 0 0 0 0 0 0 0 0 0 0 0 0 0 0 0 0 0 0 0 0 0 0 0 0 0 0 0 0 0 0 0 0 0 0 0 0 0 0 0 0 0 0 0 0 0 0 0 0 0 0 0 0 0 0 0 0 0 0 0 0 0 0 0 0 0 0 0 0 0 0 0 0 0 0 0 0 0 0 0 0 0 0 0 0 0 0 0 0 0 0 0 0 0 0 0 0 0 0 0 0 0 0 0 0 0 0 0 0 0 0 0 0 0 0 0 0 0 0 0 0 0 0 0 0 0 0 0 0 0 0 0 0 0 0 0 0 0 0 0 0 0 0 0 0 0 0 0 0 0 0 0 0 0 0 0 0 0 0 0 0 0 0 0 184 0 0 3249 0 0 0 0 0 0 0 0 0 0 0 0 0 0 0 0 0 0 0 0 0 0 0 0 0 0 0 0 0 0 0
ctxt 60088
btime 1571728501
processes 3145
procs_running 3
procs_blocked 0
softirq 22353 2 5385 0 0 0 0 6962 1975 0 8029

718
cpu  711 8 776 1177 66 20 32 0 0 0
cpu0 179 1 239 232 13 11 24 0 0 0
cpu1 176 2 183 314 17 3 2 0 0 0
cpu2 167 3 201 310 10 3 2 0 0 0
cpu3 188 0 152 320 24 3 2 0 0 0
intr 36970 0 0 0 6350 0 0 26 0 0 0 0 0 0 0 0 0 0 0 0 0 0 0 0 0 0 0 0 0 341 0 0 16 378 342 0 0 1 0 0 0 0 0 0 0 1 0 0 0 7434 52 0 0 0 0 0 0 0 0 3 45 123 58 0 0 0 1 3249 0 0 0 0 0 0 0 0 0 0 0 0 0 0 0 0 0 0 0 0 0 0 0 0 0 0 0 0 0 0 0 0 0 0 0 0 0 0 0 0 0 0 0 0 0 0 0 0 0 0 0 0 0 0 0 0 0 0 0 0 0 0 0 0 0 0 0 0 0 0 0 0 0 0 0 0 0 0 0 0 0 0 0 0 0 0 0 0 0 0 0 0 0 0 0 0 0 0 0 0 0 0 0 0 0 0 0 0 0 0 0 0 0 0 0 0 0 0 0 0 0 0 0 0 0 0 0 0 0 0 0 0 0 0 0 0 0 0 0 0 0 0 0 0 0 0 0 0 0 0 0 0 0 0 0 0 0 0 0 0 0 0 0 232 0 0 3249 0 0 0 0 0 0 0 0 0 0 0 0 0 0 0 0 0 0 0 0 0 0 0 0 0 0 0 0 0 0 0
ctxt 61516
btime 1571728501
processes 3158
procs_running 1
procs_blocked 1
softirq 22976 2 5570 0 0 0 0 7060 2099 0 8245

739
cpu  725 8 785 1238 68 21 32 0 0 0
cpu0 180 1 242 250 13 11 24 0 0 0
cpu1 189 2 185 317 19 3 2 0 0 0
cpu2 167 3 203 329 10 3 2 0 0 0
cpu3 188 0 153 341 24 3 2 0 0 0
intr 37478 0 0 0 6585 0 0 26 0 0 0 0 0 0 0 0 0 0 0 0 0 0 0 0 0 0 0 0 0 353 0 0 18 391 354 0 0 1 0 0 0 0 0 0 0 1 0 0 0 7519 52 0 0 0 0 0 0 0 0 3 56 123 58 0 0 0 1 3250 0 0 0 0 0 0 0 0 0 0 0 0 0 0 0 0 0 0 0 0 0 0 0 0 0 0 0 0 0 0 0 0 0 0 0 0 0 0 0 0 0 0 0 0 0 0 0 0 0 0 0 0 0 0 0 0 0 0 0 0 0 0 0 0 0 0 0 0 0 0 0 0 0 0 0 0 0 0 0 0 0 0 0 0 0 0 0 0 0 0 0 0 0 0 0 0 0 0 0 0 0 0 0 0 0 0 0 0 0 0 0 0 0 0 0 0 0 0 0 0 0 0 0 0 0 0 0 0 0 0 0 0 0 0 0 0 0 0 0 0 0 0 0 0 0 0 0 0 0 0 0 0 0 0 0 0 0 0 0 0 0 0 0 232 0 0 3250 0 0 0 0 0 0 0 0 0 0 0 0 0 0 0 0 0 0 0 0 0 0 0 0 0 0 0 0 0 0 0
ctxt 62117
btime 1571728501
processes 3158
procs_running 3
procs_blocked 1
softirq 23370 2 5744 0 0 0 0 7103 2196 0 8325

760
cpu  735 8 808 1286 70 22 33 0 0 0
cpu0 180 1 245 266 13 11 24 0 0 0
cpu1 196 2 197 318 20 3 2 0 0 0
cpu2 168 3 208 344 11 3 2 0 0 0
cpu3 189 0 156 357 25 3 2 0 0 0
intr 38405 0 0 0 6818 0 0 26 0 0 0 0 0 0 0 0 0 0 0 0 0 0 0 0 0 0 0 0 0 366 0 0 21 403 367 0 0 1 0 0 0 0 0 0 0 1 0 0 0 7738 52 0 0 0 0 0 0 0 0 3 70 123 58 0 0 0 1 3250 0 0 0 0 0 0 0 0 0 0 0 0 0 0 0 0 0 0 0 0 0 0 0 0 0 0 0 0 0 0 0 0 0 0 0 0 0 0 0 0 0 0 0 0 0 0 0 0 0 0 0 0 0 0 0 0 0 0 0 0 0 0 0 0 0 0 0 0 0 0 0 0 0 0 0 0 0 0 0 0 0 0 0 0 0 0 0 0 0 0 0 0 0 0 0 0 0 0 0 0 0 0 0 0 0 0 0 0 0 0 0 0 0 0 0 0 0 0 0 0 0 0 0 0 0 0 0 0 0 0 0 0 0 0 0 0 0 0 0 0 0 0 0 0 0 0 0 0 0 0 0 0 0 0 0 0 0 0 0 0 0 0 0 268 0 0 3250 0 0 0 0 0 0 0 0 0 0 0 0 0 0 0 0 0 0 0 0 0 0 0 0 0 0 0 0 0 0 0
ctxt 63686
btime 1571728501
processes 3165
procs_running 3
procs_blocked 0
softirq 23938 2 5930 0 0 0 0 7216 2305 0 8485

782
cpu  752 12 823 1334 70 22 33 0 0 0
cpu0 181 1 249 281 13 12 24 0 0 0
cpu1 198 6 199 330 20 3 2 0 0 0
cpu2 171 3 211 360 11 3 2 0 0 0
cpu3 201 0 162 361 25 3 3 0 0 0
intr 39136 0 0 0 7052 0 0 26 0 0 0 0 0 0 0 0 0 0 0 0 0 0 0 0 0 0 0 0 0 378 0 0 23 415 379 0 0 1 0 0 0 0 0 0 0 1 0 0 0 7805 52 0 0 0 0 0 0 0 0 3 85 123 58 0 0 0 1 3250 0 0 0 0 0 0 0 0 0 0 0 0 0 0 0 0 0 0 0 0 0 0 0 0 0 0 0 0 0 0 0 0 0 0 0 0 0 0 0 0 0 0 0 0 0 0 0 0 0 0 0 0 0 0 0 0 0 0 0 0 0 0 0 0 0 0 0 0 0 0 0 0 0 0 0 0 0 0 0 0 0 0 0 0 0 0 0 0 0 0 0 0 0 0 0 0 0 0 0 0 0 0 0 0 0 0 0 0 0 0 0 0 0 0 0 0 0 0 0 0 0 0 0 0 0 0 0 0 0 0 0 0 0 0 0 0 0 0 0 0 0 0 0 0 0 0 0 0 0 0 0 0 0 0 0 0 0 0 0 0 0 0 0 319 0 0 3250 0 0 0 0 0 0 0 0 0 0 0 0 0 0 0 0 0 0 0 0 0 0 0 0 0 0 0 0 0 0 0
ctxt 65006
btime 1571728501
processes 3180
procs_running 2
procs_blocked 0
softirq 24493 2 6094 0 0 0 0 7249 2423 0 8725

802
cpu  770 17 846 1370 71 23 34 0 0 0
cpu0 183 3 254 293 13 13 25 0 0 0
cpu1 202 9 206 337 20 3 3 0 0 0
cpu2 178 3 216 369 11 3 2 0 0 0
cpu3 206 0 169 370 26 3 3 0 0 0
intr 40689 0 0 0 7287 0 0 26 0 0 0 0 0 0 0 0 0 0 0 0 0 0 0 0 0 0 0 0 0 390 0 0 26 428 391 0 0 1 0 0 0 0 0 0 0 1 0 0 0 8260 52 0 0 0 0 0 0 0 0 3 95 123 58 0 0 0 1 3250 0 0 0 0 0 0 0 0 0 0 0 0 0 0 0 0 0 0 0 0 0 0 0 0 0 0 0 0 0 0 0 0 0 0 0 0 0 0 0 0 0 0 0 0 0 0 0 0 0 0 0 0 0 0 0 0 0 0 0 0 0 0 0 0 0 0 0 0 0 0 0 0 0 0 0 0 0 0 0 0 0 0 0 0 0 0 0 0 0 0 0 0 0 0 0 0 0 0 0 0 0 0 0 0 0 0 0 0 0 0 0 0 0 0 0 0 0 0 0 0 0 0 0 0 0 0 0 0 0 0 0 0 0 0 0 0 0 0 0 0 0 0 0 0 0 0 0 0 0 0 0 0 0 0 0 0 0 0 0 0 0 0 0 361 0 0 3250 0 0 0 0 0 0 0 0 0 0 0 0 0 0 0 0 0 0 0 0 0 0 0 0 0 0 0 0 0 0 0
ctxt 68122
btime 1571728501
processes 3199
procs_running 2
procs_blocked 1
softirq 25241 2 6277 0 0 0 0 7477 2561 0 8924

824
cpu  791 17 873 1400 74 25 35 0 0 0
cpu0 187 3 262 298 13 14 26 0 0 0
cpu1 205 9 213 346 21 3 3 0 0 0
cpu2 182 4 220 381 11 3 2 0 0 0
cpu3 216 0 176 373 27 3 3 0 0 0
intr 42242 0 0 0 7521 0 0 26 0 0 0 0 0 0 0 0 0 0 0 0 0 0 0 0 0 0 0 0 0 403 0 0 28 440 404 0 0 1 0 0 0 0 0 0 0 1 0 0 0 8887 52 0 0 0 0 0 0 0 0 3 110 123 58 0 0 0 1 3250 0 0 0 0 0 0 0 0 0 0 0 0 0 0 0 0 0 0 0 0 0 0 0 0 0 0 0 0 0 0 0 0 0 0 0 0 0 0 0 0 0 0 0 0 0 0 0 0 0 0 0 0 0 0 0 0 0 0 0 0 0 0 0 0 0 0 0 0 0 0 0 0 0 0 0 0 0 0 0 0 0 0 0 0 0 0 0 0 0 0 0 0 0 0 0 0 0 0 0 0 0 0 0 0 0 0 0 0 0 0 0 0 0 0 0 0 0 0 0 0 0 0 0 0 0 0 0 0 0 0 0 0 0 0 0 0 0 0 0 0 0 0 0 0 0 0 0 0 0 0 0 0 0 0 0 0 0 0 0 0 0 0 0 448 0 0 3250 0 0 0 0 0 0 0 0 0 0 0 0 0 0 0 0 0 0 0 0 0 0 0 0 0 0 0 0 0 0 0
ctxt 71045
btime 1571728501
processes 3216
procs_running 6
procs_blocked 0
softirq 26177 2 6457 0 0 0 0 7844 2682 0 9192

846
cpu  834 25 897 1405 74 26 35 0 0 0
cpu0 200 3 267 299 13 15 26 0 0 0
cpu1 214 15 219 347 22 3 3 0 0 0
cpu2 197 4 225 381 11 3 2 0 0 0
cpu3 222 1 184 377 27 4 3 0 0 0
intr 43401 0 0 0 7754 0 0 26 0 0 0 0 0 0 0 0 0 0 0 0 0 0 0 0 0 0 0 0 0 415 0 0 33 452 416 0 0 1 0 0 0 0 0 0 0 1 0 0 0 9012 52 0 0 0 0 0 0 0 0 3 129 123 58 0 0 0 1 3251 0 0 0 0 0 0 0 0 0 0 0 0 0 0 0 0 0 0 0 0 0 0 0 0 0 0 0 0 0 0 0 0 0 0 0 0 0 0 0 0 0 0 0 0 0 0 0 0 0 0 0 0 0 0 0 0 0 0 0 0 0 0 0 0 0 0 0 0 0 0 0 0 0 0 0 0 0 0 0 0 0 0 0 0 0 0 0 0 0 0 0 0 0 0 0 0 0 0 0 0 0 0 0 0 0 0 0 0 0 0 0 0 0 0 0 0 0 0 0 0 0 0 0 0 0 0 0 0 0 0 0 0 0 0 0 0 0 0 0 0 0 0 0 0 0 0 0 0 0 0 0 0 0 0 0 0 0 0 0 0 0 0 0 550 0 0 3251 0 0 0 0 0 0 0 0 0 0 0 0 0 0 0 0 0 0 0 0 0 0 0 0 0 0 0 0 0 0 0
ctxt 73648
btime 1571728501
processes 3230
procs_running 9
procs_blocked 0
softirq 26779 2 6665 0 0 0 0 7914 2752 0 9446

869
cpu  892 27 924 1410 75 27 36 0 0 0
cpu0 216 3 274 299 13 15 26 0 0 0
cpu1 226 17 225 349 22 3 3 0 0 0
cpu2 211 4 233 383 11 4 3 0 0 0
cpu3 237 1 190 378 27 4 3 0 0 0
intr 44579 0 0 0 8006 0 0 26 0 0 0 0 0 0 0 0 0 0 0 0 0 0 0 0 0 0 0 0 0 429 0 0 37 466 430 0 0 1 0 0 0 0 0 0 0 1 0 0 0 9056 52 0 0 0 0 0 0 0 0 3 144 123 58 0 0 0 1 3251 0 0 0 0 0 0 0 0 0 0 0 0 0 0 0 0 0 0 0 0 0 0 0 0 0 0 0 0 0 0 0 0 0 0 0 0 0 0 0 0 0 0 0 0 0 0 0 0 0 0 0 0 0 0 0 0 0 0 0 0 0 0 0 0 0 0 0 0 0 0 0 0 0 0 0 0 0 0 0 0 0 0 0 0 0 0 0 0 0 0 0 0 0 0 0 0 0 0 0 0 0 0 0 0 0 0 0 0 0 0 0 0 0 0 0 0 0 0 0 0 0 0 0 0 0 0 0 0 0 0 0 0 0 0 0 0 0 0 0 0 0 0 0 0 0 0 0 0 0 0 0 0 0 0 0 0 0 0 0 0 0 0 0 607 0 0 3251 0 0 0 0 0 0 0 0 0 0 0 0 0 0 0 0 0 0 0 0 0 0 0 0 0 0 0 0 0 0 0
ctxt 76018
btime 1571728501
processes 3240
procs_running 6
procs_blocked 0
softirq 27385 2 6893 0 0 0 0 7936 2815 0 9739

893
cpu  943 27 952 1421 75 29 36 0 0 0
cpu0 229 3 281 301 13 16 26 0 0 0
cpu1 240 17 231 352 22 4 3 0 0 0
cpu2 223 4 244 384 11 4 3 0 0 0
cpu3 251 1 195 382 27 4 3 0 0 0
intr 45926 0 0 0 8271 0 0 26 0 0 0 0 0 0 0 0 0 0 0 0 0 0 0 0 0 0 0 0 0 443 0 0 40 480 444 0 0 1 0 0 0 0 0 0 0 1 0 0 0 9123 52 0 0 0 0 0 0 0 0 3 160 123 58 0 0 0 1 3251 0 0 0 0 0 0 0 0 0 0 0 0 0 0 0 0 0 0 0 0 0 0 0 0 0 0 0 0 0 0 0 0 0 0 0 0 0 0 0 0 0 0 0 0 0 0 0 0 0 0 0 0 0 0 0 0 0 0 0 0 0 0 0 0 0 0 0 0 0 0 0 0 0 0 0 0 0 0 0 0 0 0 0 0 0 0 0 0 0 0 0 0 0 0 0 0 0 0 0 0 0 0 0 0 0 0 0 0 0 0 0 0 0 0 0 0 0 0 0 0 0 0 0 0 0 0 0 0 0 0 0 0 0 0 0 0 0 0 0 0 0 0 0 0 0 0 0 0 0 0 0 0 0 0 0 0 0 0 0 0 0 0 0 725 0 0 3251 0 0 0 0 0 0 0 0 0 0 0 0 0 0 0 0 0 0 0 0 0 0 0 0 0 0 0 0 0 0 0
ctxt 79168
btime 1571728501
processes 3258
procs_running 5
procs_blocked 0
softirq 28125 2 7128 0 0 0 0 7972 2940 0 10083

915
cpu  993 30 969 1436 76 30 37 0 0 0
cpu0 239 4 284 307 14 17 26 0 0 0
cpu1 251 19 237 354 22 4 3 0 0 0
cpu2 239 4 248 385 11 4 3 0 0 0
cpu3 263 1 199 388 27 4 3 0 0 0
intr 46705 0 0 0 8535 0 0 26 0 0 0 0 0 0 0 0 0 0 0 0 0 0 0 0 0 0 0 0 0 456 0 0 42 493 457 0 0 1 0 0 0 0 0 0 0 1 0 0 0 9217 52 0 0 0 0 0 0 0 0 4 172 123 58 0 0 0 1 3251 0 0 0 0 0 0 0 0 0 0 0 0 0 0 0 0 0 0 0 0 0 0 0 0 0 0 0 0 0 0 0 0 0 0 0 0 0 0 0 0 0 0 0 0 0 0 0 0 0 0 0 0 0 0 0 0 0 0 0 0 0 0 0 0 0 0 0 0 0 0 0 0 0 0 0 0 0 0 0 0 0 0 0 0 0 0 0 0 0 0 0 0 0 0 0 0 0 0 0 0 0 0 0 0 0 0 0 0 0 0 0 0 0 0 0 0 0 0 0 0 0 0 0 0 0 0 0 0 0 0 0 0 0 0 0 0 0 0 0 0 0 0 0 0 0 0 0 0 0 0 0 0 0 0 0 0 0 0 0 0 0 0 0 725 0 0 3251 0 0 0 0 0 0 0 0 0 0 0 0 0 0 0 0 0 0 0 0 0 0 0 0 0 0 0 0 0 0 0
ctxt 80772
btime 1571728501
processes 3272
procs_running 7
procs_blocked 0
softirq 28764 2 7335 0 0 0 0 8019 3032 0 10376

938
cpu  1014 37 1010 1449 79 31 38 0 0 0
cpu0 244 4 295 312 14 17 27 0 0 0
cpu1 255 23 246 356 23 4 3 0 0 0
cpu2 246 4 259 389 12 4 3 0 0 0
cpu3 268 4 208 392 29 4 3 0 0 0
intr 47838 0 0 0 8809 0 0 26 0 0 0 0 0 0 0 0 0 0 0 0 0 0 0 0 0 0 0 0 0 469 0 0 46 506 470 0 0 1 0 0 0 0 0 0 0 1 0 0 0 9457 52 0 0 0 0 0 0 0 0 33 188 123 58 0 0 0 1 3252 0 0 0 0 0 0 0 0 0 0 0 0 0 0 0 0 0 0 0 0 0 0 0 0 0 0 0 0 0 0 0 0 0 0 0 0 0 0 0 0 0 0 0 0 0 0 0 0 0 0 0 0 0 0 0 0 0 0 0 0 0 0 0 0 0 0 0 0 0 0 0 0 0 0 0 0 0 0 0 0 0 0 0 0 0 0 0 0 0 0 0 0 0 0 0 0 0 0 0 0 0 0 0 0 0 0 0 0 0 0 0 0 0 0 0 0 0 0 0 0 0 0 0 0 0 0 0 0 0 0 0 0 0 0 0 0 0 0 0 0 0 0 0 0 0 0 0 0 0 0 0 0 0 0 0 0 0 0 0 0 0 0 0 725 0 0 3252 0 0 0 0 0 0 0 0 0 0 0 0 0 0 0 0 0 0 0 0 0 0 0 0 0 0 0 0 0 0 0
ctxt 83315
btime 1571728501
processes 3330
procs_running 10
procs_blocked 0
softirq 29580 4 7546 0 0 0 0 8168 3150 0 10712

961
cpu  1037 38 1049 1464 90 32 39 0 0 0
cpu0 247 5 305 315 18 17 28 0 0 0
cpu1 260 24 255 360 28 4 3 0 0 0
cpu2 252 5 269 395 12 4 3 0 0 0
cpu3 277 4 218 393 31 4 3 0 0 0
intr 49123 0 0 0 9091 0 0 26 0 0 0 0 0 0 0 0 0 0 0 0 0 0 0 0 0 0 0 0 0 482 0 0 49 519 483 0 0 1 0 0 0 0 0 0 0 1 0 0 0 9734 52 0 0 0 0 0 0 0 0 33 204 123 58 0 0 0 1 3252 0 0 0 0 0 0 0 0 0 0 0 0 0 0 0 0 0 0 0 0 0 0 0 0 0 0 0 0 0 0 0 0 0 0 0 0 0 0 0 0 0 0 0 0 0 0 0 0 0 0 0 0 0 0 0 0 0 0 0 0 0 0 0 0 0 0 0 0 0 0 0 0 0 0 0 0 0 0 0 0 0 0 0 0 0 0 0 0 0 0 0 0 0 0 0 0 0 0 0 0 0 0 0 0 0 0 0 0 0 0 0 0 0 0 0 0 0 0 0 0 0 0 0 0 0 0 0 0 0 0 0 0 0 0 0 0 0 0 0 0 0 0 0 0 0 0 0 0 0 0 0 0 0 0 0 0 0 0 0 0 0 0 0 725 0 0 3252 0 0 0 0 0 0 0 0 0 0 0 0 0 0 0 0 0 0 0 0 0 0 0 0 0 0 0 0 0 0 0
ctxt 86227
btime 1571728501
processes 3419
procs_running 4
procs_blocked 2
softirq 30466 4 7767 0 0 0 0 8306 3300 0 11089

982
cpu  1052 39 1087 1482 102 32 40 0 0 0
cpu0 252 5 317 316 21 18 29 0 0 0
cpu1 264 24 266 361 32 4 3 0 0 0
cpu2 255 5 277 404 13 4 3 0 0 0
cpu3 280 4 226 400 34 5 3 0 0 0
intr 50163 0 0 0 9349 0 0 26 0 0 0 0 0 0 0 0 0 0 0 0 0 0 0 0 0 0 0 0 0 495 0 0 52 532 496 0 0 1 0 0 0 0 0 0 0 1 0 0 0 10018 52 0 0 0 0 0 0 0 0 33 218 123 58 0 0 0 1 3252 0 0 0 0 0 0 0 0 0 0 0 0 0 0 0 0 0 0 0 0 0 0 0 0 0 0 0 0 0 0 0 0 0 0 0 0 0 0 0 0 0 0 0 0 0 0 0 0 0 0 0 0 0 0 0 0 0 0 0 0 0 0 0 0 0 0 0 0 0 0 0 0 0 0 0 0 0 0 0 0 0 0 0 0 0 0 0 0 0 0 0 0 0 0 0 0 0 0 0 0 0 0 0 0 0 0 0 0 0 0 0 0 0 0 0 0 0 0 0 0 0 0 0 0 0 0 0 0 0 0 0 0 0 0 0 0 0 0 0 0 0 0 0 0 0 0 0 0 0 0 0 0 0 0 0 0 0 0 0 0 0 0 0 725 0 0 3252 0 0 0 0 0 0 0 0 0 0 0 0 0 0 0 0 0 0 0 0 0 0 0 0 0 0 0 0 0 0 0
ctxt 88288
btime 1571728501
processes 3440
procs_running 7
procs_blocked 0
softirq 31288 4 7974 0 0 0 0 8451 3432 0 11427

1003
cpu  1085 40 1116 1500 103 33 41 0 0 0
cpu0 261 5 324 322 21 18 29 0 0 0
cpu1 273 24 272 367 33 4 3 0 0 0
cpu2 266 5 284 405 14 4 3 0 0 0
cpu3 284 5 235 405 34 5 4 0 0 0
intr 51172 0 0 0 9606 0 0 26 0 0 0 0 0 0 0 0 0 0 0 0 0 0 0 0 0 0 0 0 0 507 0 0 57 544 508 0 0 1 0 0 0 0 0 0 0 1 0 0 0 10164 52 0 0 0 0 0 0 0 0 33 238 123 58 0 0 0 1 3252 0 0 0 0 0 0 0 0 0 0 0 0 0 0 0 0 0 0 0 0 0 0 0 0 0 0 0 0 0 0 0 0 0 0 0 0 0 0 0 0 0 0 0 0 0 0 0 0 0 0 0 0 0 0 0 0 0 0 0 0 0 0 0 0 0 0 0 0 0 0 0 0 0 0 0 0 0 0 0 0 0 0 0 0 0 0 0 0 0 0 0 0 0 0 0 0 0 0 0 0 0 0 0 0 0 0 0 0 0 0 0 0 0 0 0 0 0 0 0 0 0 0 0 0 0 0 0 0 0 0 0 0 0 0 0 0 0 0 0 0 0 0 0 0 0 0 0 0 0 0 0 0 0 0 0 0 0 0 0 0 0 0 0 725 0 0 3252 0 0 0 0 0 0 0 0 0 0 0 0 0 0 0 0 0 0 0 0 0 0 0 0 0 0 0 0 0 0 0
ctxt 91447
btime 1571728501
processes 3525
procs_running 13
procs_blocked 1
softirq 31928 4 8179 0 0 0 0 8529 3547 0 11669

1027
cpu  1119 48 1158 1501 106 34 42 0 0 0
cpu0 271 5 334 322 21 19 30 0 0 0
cpu1 280 27 282 367 33 4 4 0 0 0
cpu2 275 5 295 406 16 5 3 0 0 0
cpu3 291 9 246 405 34 5 4 0 0 0
intr 52493 0 0 0 9872 0 0 26 0 0 0 0 0 0 0 0 0 0 0 0 0 0 0 0 0 0 0 0 0 520 0 0 61 557 521 0 0 1 0 0 0 0 0 0 0 1 0 0 0 10475 52 0 0 0 0 0 0 0 0 39 256 123 58 0 0 0 1 3252 0 0 0 0 0 0 0 0 0 0 0 0 0 0 0 0 0 0 0 0 0 0 0 0 0 0 0 0 0 0 0 0 0 0 0 0 0 0 0 0 0 0 0 0 0 0 0 0 0 0 0 0 0 0 0 0 0 0 0 0 0 0 0 0 0 0 0 0 0 0 0 0 0 0 0 0 0 0 0 0 0 0 0 0 0 0 0 0 0 0 0 0 0 0 0 0 0 0 0 0 0 0 0 0 0 0 0 0 0 0 0 0 0 0 0 0 0 0 0 0 0 0 0 0 0 0 0 0 0 0 0 0 0 0 0 0 0 0 0 0 0 0 0 0 0 0 0 0 0 0 0 0 0 0 0 0 0 0 0 0 0 0 0 727 0 0 3252 0 0 0 0 0 0 0 0 0 0 0 0 0 0 0 0 0 0 0 0 0 0 0 0 0 0 0 0 0 0 0
ctxt 95866
btime 1571728501
processes 3561
procs_running 9
procs_blocked 0
softirq 32717 4 8396 0 0 0 0 8720 3604 0 11993

1050
cpu  1157 50 1204 1506 106 35 42 0 0 0
cpu0 280 5 346 323 21 19 30 0 0 0
cpu1 291 28 292 369 33 4 4 0 0 0
cpu2 285 5 305 407 16 5 3 0 0 0
cpu3 300 10 258 406 34 5 4 0 0 0
intr 53955 0 0 0 10153 0 0 26 0 0 0 0 0 0 0 0 0 0 0 0 0 0 0 0 0 0 0 0 0 534 0 0 68 571 534 0 0 1 0 0 0 0 0 0 0 1 0 0 0 10630 52 0 0 0 0 0 0 0 0 39 282 123 58 0 0 0 1 3253 0 0 0 0 0 0 0 0 0 0 0 0 0 0 0 0 0 0 0 0 0 0 0 0 0 0 0 0 0 0 0 0 0 0 0 0 0 0 0 0 0 0 0 0 0 0 0 0 0 0 0 0 0 0 0 0 0 0 0 0 0 0 0 0 0 0 0 0 0 0 0 0 0 0 0 0 0 0 0 0 0 0 0 0 0 0 0 0 0 0 0 0 0 0 0 0 0 0 0 0 0 0 0 0 0 0 0 0 0 0 0 0 0 0 0 0 0 0 0 0 0 0 0 0 0 0 0 0 0 0 0 0 0 0 0 0 0 0 0 0 0 0 0 0 0 0 0 0 0 0 0 0 0 0 0 0 0 0 0 0 0 0 0 764 0 0 3253 0 0 0 0 0 0 0 0 0 0 0 0 0 0 0 0 0 0 0 0 0 0 0 0 0 0 0 0 0 0 0
ctxt 102930
btime 1571728501
processes 3613
procs_running 11
procs_blocked 0
softirq 33438 4 8607 0 0 0 0 8811 3674 0 12342

1075
cpu  1195 55 1247 1518 106 36 43 0 0 0
cpu0 288 5 357 328 21 20 30 0 0 0
cpu1 299 33 303 369 33 5 4 0 0 0
cpu2 295 6 316 411 16 5 3 0 0 0
cpu3 311 10 269 408 34 5 4 0 0 0
intr 55703 0 0 0 10448 0 0 26 0 0 0 0 0 0 0 0 0 0 0 0 0 0 0 0 0 0 0 0 0 548 0 0 73 585 549 0 0 1 0 0 0 0 0 0 0 1 0 0 0 10723 52 0 0 0 0 0 0 0 0 39 306 123 58 0 0 0 1 3253 0 0 0 0 0 0 0 0 0 0 0 0 0 0 0 0 0 0 0 0 0 0 0 0 0 0 0 0 0 0 0 0 0 0 0 0 0 0 0 0 0 0 0 0 0 0 0 0 0 0 0 0 0 0 0 0 0 0 0 0 0 0 0 0 0 0 0 0 0 0 0 0 0 0 0 0 0 0 0 0 0 0 0 0 0 0 0 0 0 0 0 0 0 0 0 0 0 0 0 0 0 0 0 0 0 0 0 0 0 0 0 0 0 0 0 0 0 0 0 0 0 0 0 0 0 0 0 0 0 0 0 0 0 0 0 0 0 0 0 0 0 0 0 0 0 0 0 0 0 0 0 0 0 0 0 0 0 0 0 0 0 0 0 764 0 0 3253 0 0 0 0 0 0 0 0 0 0 0 0 0 0 0 0 0 0 0 0 0 0 0 0 0 0 0 0 0 0 0
ctxt 109204
btime 1571728501
processes 3646
procs_running 10
procs_blocked 0
softirq 34168 4 8836 0 0 0 0 8872 3785 0 12671

1097
cpu  1218 59 1259 1568 106 37 43 0 0 0
cpu0 290 6 360 345 21 20 30 0 0 0
cpu1 312 36 308 371 33 5 4 0 0 0
cpu2 302 6 318 424 16 5 4 0 0 0
cpu3 313 10 272 426 34 5 4 0 0 0
intr 56416 0 0 0 10710 0 0 26 0 0 0 0 0 0 0 0 0 0 0 0 0 0 0 0 0 0 0 0 0 561 0 0 78 598 562 0 0 1 0 0 0 0 0 0 0 1 0 0 0 10736 52 0 0 0 0 0 0 0 0 39 322 123 58 0 0 0 1 3253 0 0 0 0 0 0 0 0 0 0 0 0 0 0 0 0 0 0 0 0 0 0 0 0 0 0 0 0 0 0 0 0 0 0 0 0 0 0 0 0 0 0 0 0 0 0 0 0 0 0 0 0 0 0 0 0 0 0 0 0 0 0 0 0 0 0 0 0 0 0 0 0 0 0 0 0 0 0 0 0 0 0 0 0 0 0 0 0 0 0 0 0 0 0 0 0 0 0 0 0 0 0 0 0 0 0 0 0 0 0 0 0 0 0 0 0 0 0 0 0 0 0 0 0 0 0 0 0 0 0 0 0 0 0 0 0 0 0 0 0 0 0 0 0 0 0 0 0 0 0 0 0 0 0 0 0 0 0 0 0 0 0 0 764 0 0 3253 0 0 0 0 0 0 0 0 0 0 0 0 0 0 0 0 0 0 0 0 0 0 0 0 0 0 0 0 0 0 0
ctxt 110940
btime 1571728501
processes 3650
procs_running 2
procs_blocked 0
softirq 34690 4 9045 0 0 0 0 8881 3886 0 12874

1118
cpu  1242 62 1275 1607 106 38 43 0 0 0
cpu0 291 6 363 360 21 21 30 0 0 0
cpu1 314 39 313 381 33 5 4 0 0 0
cpu2 311 6 322 432 16 5 4 0 0 0
cpu3 324 10 276 432 34 5 4 0 0 0
intr 57325 0 0 0 10960 0 0 26 0 0 0 0 0 0 0 0 0 0 0 0 0 0 0 0 0 0 0 0 0 573 0 0 85 610 574 0 0 1 0 0 0 0 0 0 0 1 0 0 0 10736 52 0 0 0 0 0 0 0 0 39 350 123 58 0 0 0 1 3253 0 0 0 0 0 0 0 0 0 0 0 0 0 0 0 0 0 0 0 0 0 0 0 0 0 0 0 0 0 0 0 0 0 0 0 0 0 0 0 0 0 0 0 0 0 0 0 0 0 0 0 0 0 0 0 0 0 0 0 0 0 0 0 0 0 0 0 0 0 0 0 0 0 0 0 0 0 0 0 0 0 0 0 0 0 0 0 0 0 0 0 0 0 0 0 0 0 0 0 0 0 0 0 0 0 0 0 0 0 0 0 0 0 0 0 0 0 0 0 0 0 0 0 0 0 0 0 0 0 0 0 0 0 0 0 0 0 0 0 0 0 0 0 0 0 0 0 0 0 0 0 0 0 0 0 0 0 0 0 0 0 0 0 928 0 0 3253 0 0 0 0 0 0 0 0 0 0 0 0 0 0 0 0 0 0 0 0 0 0 0 0 0 0 0 0 0 0 0
ctxt 113056
btime 1571728501
processes 3658
procs_running 6
procs_blocked 0
softirq 35170 4 9235 0 0 0 0 8881 3981 0 13069

1140
cpu  1272 70 1313 1617 106 40 44 0 0 0
cpu0 299 11 370 361 21 23 30 0 0 0
cpu1 321 40 322 385 33 5 4 0 0 0
cpu2 318 6 334 435 16 5 4 0 0 0
cpu3 332 11 286 434 34 6 4 0 0 0
intr 58694 0 0 0 11214 0 0 26 0 0 0 0 0 0 0 0 0 0 0 0 0 0 0 0 0 0 0 0 0 586 0 0 91 623 587 0 0 1 0 0 0 0 0 0 0 1 0 0 0 10749 52 0 0 0 0 0 0 0 0 45 375 123 58 0 0 0 1 3254 0 0 0 0 0 0 0 0 0 0 0 0 0 0 0 0 0 0 0 0 0 0 0 0 0 0 0 0 0 0 0 0 0 0 0 0 0 0 0 0 0 0 0 0 0 0 0 0 0 0 0 0 0 0 0 0 0 0 0 0 0 0 0 0 0 0 0 0 0 0 0 0 0 0 0 0 0 0 0 0 0 0 0 0 0 0 0 0 0 0 0 0 0 0 0 0 0 0 0 0 0 0 0 0 0 0 0 0 0 0 0 0 0 0 0 0 0 0 0 0 0 0 0 0 0 0 0 0 0 0 0 0 0 0 0 0 0 0 0 0 0 0 0 0 0 0 0 0 0 0 0 0 0 0 0 0 0 0 0 0 0 0 0 1121 0 0 3254 0 0 0 0 0 0 0 0 0 0 0 0 0 0 0 0 0 0 0 0 0 0 0 0 0 0 0 0 0 0 0
ctxt 120237
btime 1571728501
processes 3667
procs_running 5
procs_blocked 0
softirq 35716 4 9435 0 0 0 0 8891 4081 0 13305

1162
cpu  1296 71 1324 1667 106 41 44 0 0 0
cpu0 307 11 373 372 21 23 31 0 0 0
cpu1 325 41 324 399 33 5 4 0 0 0
cpu2 329 6 337 442 16 6 4 0 0 0
cpu3 333 11 288 453 34 6 4 0 0 0
intr 59456 0 0 0 11478 0 0 26 0 0 0 0 0 0 0 0 0 0 0 0 0 0 0 0 0 0 0 0 0 599 0 0 97 636 600 0 0 1 0 0 0 0 0 0 0 1 0 0 0 10749 52 0 0 0 0 0 0 0 0 45 399 123 58 0 0 0 1 3254 0 0 0 0 0 0 0 0 0 0 0 0 0 0 0 0 0 0 0 0 0 0 0 0 0 0 0 0 0 0 0 0 0 0 0 0 0 0 0 0 0 0 0 0 0 0 0 0 0 0 0 0 0 0 0 0 0 0 0 0 0 0 0 0 0 0 0 0 0 0 0 0 0 0 0 0 0 0 0 0 0 0 0 0 0 0 0 0 0 0 0 0 0 0 0 0 0 0 0 0 0 0 0 0 0 0 0 0 0 0 0 0 0 0 0 0 0 0 0 0 0 0 0 0 0 0 0 0 0 0 0 0 0 0 0 0 0 0 0 0 0 0 0 0 0 0 0 0 0 0 0 0 0 0 0 0 0 0 0 0 0 0 0 1186 0 0 3254 0 0 0 0 0 0 0 0 0 0 0 0 0 0 0 0 0 0 0 0 0 0 0 0 0 0 0 0 0 0 0
ctxt 122317
btime 1571728501
processes 3669
procs_running 2
procs_blocked 0
softirq 36249 4 9639 0 0 0 0 8891 4185 0 13530

1183
cpu  1317 78 1328 1720 106 42 44 0 0 0
cpu0 316 11 374 382 21 24 31 0 0 0
cpu1 325 46 326 414 33 5 4 0 0 0
cpu2 341 8 339 449 16 6 4 0 0 0
cpu3 333 11 288 474 34 6 4 0 0 0
intr 59908 0 0 0 11724 0 0 26 0 0 0 0 0 0 0 0 0 0 0 0 0 0 0 0 0 0 0 0 0 611 0 0 99 648 612 0 0 1 0 0 0 0 0 0 0 1 0 0 0 10749 52 0 0 0 0 0 0 0 0 45 414 123 58 0 0 0 1 3254 0 0 0 0 0 0 0 0 0 0 0 0 0 0 0 0 0 0 0 0 0 0 0 0 0 0 0 0 0 0 0 0 0 0 0 0 0 0 0 0 0 0 0 0 0 0 0 0 0 0 0 0 0 0 0 0 0 0 0 0 0 0 0 0 0 0 0 0 0 0 0 0 0 0 0 0 0 0 0 0 0 0 0 0 0 0 0 0 0 0 0 0 0 0 0 0 0 0 0 0 0 0 0 0 0 0 0 0 0 0 0 0 0 0 0 0 0 0 0 0 0 0 0 0 0 0 0 0 0 0 0 0 0 0 0 0 0 0 0 0 0 0 0 0 0 0 0 0 0 0 0 0 0 0 0 0 0 0 0 0 0 0 0 1189 0 0 3254 0 0 0 0 0 0 0 0 0 0 0 0 0 0 0 0 0 0 0 0 0 0 0 0 0 0 0 0 0 0 0
ctxt 122918
btime 1571728501
processes 3669
procs_running 2
procs_blocked 0
softirq 36663 4 9837 0 0 0 0 8891 4285 0 13646

1204
cpu  1341 88 1340 1756 106 43 45 0 0 0
cpu0 317 17 378 392 21 24 31 0 0 0
cpu1 329 49 328 424 33 5 4 0 0 0
cpu2 355 8 340 454 16 6 4 0 0 0
cpu3 338 12 292 484 34 6 4 0 0 0
intr 60671 0 0 0 11957 0 0 26 0 0 0 0 0 0 0 0 0 0 0 0 0 0 0 0 0 0 0 0 0 623 0 0 109 660 624 0 0 1 0 0 0 0 0 0 0 1 0 0 0 10749 52 0 0 0 0 0 0 0 0 45 480 123 58 0 0 0 1 3254 0 0 0 0 0 0 0 0 0 0 0 0 0 0 0 0 0 0 0 0 0 0 0 0 0 0 0 0 0 0 0 0 0 0 0 0 0 0 0 0 0 0 0 0 0 0 0 0 0 0 0 0 0 0 0 0 0 0 0 0 0 0 0 0 0 0 0 0 0 0 0 0 0 0 0 0 0 0 0 0 0 0 0 0 0 0 0 0 0 0 0 0 0 0 0 0 0 0 0 0 0 0 0 0 0 0 0 0 0 0 0 0 0 0 0 0 0 0 0 0 0 0 0 0 0 0 0 0 0 0 0 0 0 0 0 0 0 0 0 0 0 0 0 0 0 0 0 0 0 0 0 0 0 0 0 0 0 0 0 0 0 0 0 1204 0 0 3254 0 0 0 0 0 0 0 0 0 0 0 0 0 0 0 0 0 0 0 0 0 0 0 0 0 0 0 0 0 0 0
ctxt 124507
btime 1571728501
processes 3670
procs_running 3
procs_blocked 0
softirq 37148 4 10030 0 0 0 0 8891 4408 0 13815

