1362
   1       0 ram0 0 0 0 0 0 0 0 0 0 0 0
   1       1 ram1 0 0 0 0 0 0 0 0 0 0 0
   1       2 ram2 0 0 0 0 0 0 0 0 0 0 0
   1       3 ram3 0 0 0 0 0 0 0 0 0 0 0
   1       4 ram4 0 0 0 0 0 0 0 0 0 0 0
   1       5 ram5 0 0 0 0 0 0 0 0 0 0 0
   1       6 ram6 0 0 0 0 0 0 0 0 0 0 0
   1       7 ram7 0 0 0 0 0 0 0 0 0 0 0
   1       8 ram8 0 0 0 0 0 0 0 0 0 0 0
   1       9 ram9 0 0 0 0 0 0 0 0 0 0 0
   1      10 ram10 0 0 0 0 0 0 0 0 0 0 0
   1      11 ram11 0 0 0 0 0 0 0 0 0 0 0
   1      12 ram12 0 0 0 0 0 0 0 0 0 0 0
   1      13 ram13 0 0 0 0 0 0 0 0 0 0 0
   1      14 ram14 0 0 0 0 0 0 0 0 0 0 0
   1      15 ram15 0 0 0 0 0 0 0 0 0 0 0
   7       0 loop0 0 0 0 0 0 0 0 0 0 0 0
   7       1 loop1 0 0 0 0 0 0 0 0 0 0 0
   7       2 loop2 0 0 0 0 0 0 0 0 0 0 0
   7       3 loop3 0 0 0 0 0 0 0 0 0 0 0
   7       4 loop4 0 0 0 0 0 0 0 0 0 0 0
   7       5 loop5 0 0 0 0 0 0 0 0 0 0 0
   7       6 loop6 0 0 0 0 0 0 0 0 0 0 0
   7       7 loop7 0 0 0 0 0 0 0 0 0 0 0
 253       0 zram0 36 0 288 0 1 0 8 0 0 0 0
 179       0 mmcblk0 17171 3549 3906028 10652 141 63 1552 1212 0 6596 6656
 179       1 mmcblk0p1 0 0 0 0 0 0 0 0 0 0 0
 179       2 mmcblk0p2 0 0 0 0 0 0 0 0 0 0 0
 179       3 mmcblk0p3 0 0 0 0 0 0 0 0 0 0 0
 179       4 mmcblk0p4 0 0 0 0 0 0 0 0 0 0 0
 179       5 mmcblk0p5 448 861 45304 260 0 0 0 0 0 68 76
 179       6 mmcblk0p6 0 0 0 0 0 0 0 0 0 0 0
 179       7 mmcblk0p7 0 0 0 0 0 0 0 0 0 0 0
 179       8 mmcblk0p8 0 0 0 0 0 0 0 0 0 0 0
 179       9 mmcblk0p9 0 0 0 0 0 0 0 0 0 0 0
 179      10 mmcblk0p10 233 187 16968 84 0 0 0 0 0 12 12
 179      11 mmcblk0p11 0 0 0 0 0 0 0 0 0 0 0
 179      12 mmcblk0p12 16484 2501 3843532 10308 131 63 1552 1196 2 6512 6552
 179      13 mmcblk0p13 0 0 0 0 0 0 0 0 0 0 0
 179      14 mmcblk0p14 1 0 256 0 0 0 0 0 0 0 0
 179      15 mmcblk0p15 0 0 0 0 0 0 0 0 0 0 0
 179      96 mmcblk0rpmb 0 0 0 0 0 0 0 0 0 0 0
 179      64 mmcblk0boot1 0 0 0 0 0 0 0 0 0 0 0
 179      32 mmcblk0boot0 0 0 0 0 0 0 0 0 0 0 0
 252       0 dm-0 529 0 39080 372 0 0 0 0 0 208 372
 252       1 dm-1 228 0 15432 136 0 0 0 0 0 108 136

1383
   1       0 ram0 0 0 0 0 0 0 0 0 0 0 0
   1       1 ram1 0 0 0 0 0 0 0 0 0 0 0
   1       2 ram2 0 0 0 0 0 0 0 0 0 0 0
   1       3 ram3 0 0 0 0 0 0 0 0 0 0 0
   1       4 ram4 0 0 0 0 0 0 0 0 0 0 0
   1       5 ram5 0 0 0 0 0 0 0 0 0 0 0
   1       6 ram6 0 0 0 0 0 0 0 0 0 0 0
   1       7 ram7 0 0 0 0 0 0 0 0 0 0 0
   1       8 ram8 0 0 0 0 0 0 0 0 0 0 0
   1       9 ram9 0 0 0 0 0 0 0 0 0 0 0
   1      10 ram10 0 0 0 0 0 0 0 0 0 0 0
   1      11 ram11 0 0 0 0 0 0 0 0 0 0 0
   1      12 ram12 0 0 0 0 0 0 0 0 0 0 0
   1      13 ram13 0 0 0 0 0 0 0 0 0 0 0
   1      14 ram14 0 0 0 0 0 0 0 0 0 0 0
   1      15 ram15 0 0 0 0 0 0 0 0 0 0 0
   7       0 loop0 0 0 0 0 0 0 0 0 0 0 0
   7       1 loop1 0 0 0 0 0 0 0 0 0 0 0
   7       2 loop2 0 0 0 0 0 0 0 0 0 0 0
   7       3 loop3 0 0 0 0 0 0 0 0 0 0 0
   7       4 loop4 0 0 0 0 0 0 0 0 0 0 0
   7       5 loop5 0 0 0 0 0 0 0 0 0 0 0
   7       6 loop6 0 0 0 0 0 0 0 0 0 0 0
   7       7 loop7 0 0 0 0 0 0 0 0 0 0 0
 253       0 zram0 36 0 288 0 1 0 8 0 0 0 0
 179       0 mmcblk0 17403 3876 3958316 11096 146 125 2088 1236 0 6708 6780
 179       1 mmcblk0p1 0 0 0 0 0 0 0 0 0 0 0
 179       2 mmcblk0p2 0 0 0 0 0 0 0 0 0 0 0
 179       3 mmcblk0p3 0 0 0 0 0 0 0 0 0 0 0
 179       4 mmcblk0p4 0 0 0 0 0 0 0 0 0 0 0
 179       5 mmcblk0p5 647 1188 97040 656 0 0 0 0 2 172 192
 179       6 mmcblk0p6 0 0 0 0 0 0 0 0 0 0 0
 179       7 mmcblk0p7 3 0 72 0 1 0 8 4 0 0 0
 179       8 mmcblk0p8 0 0 0 0 0 0 0 0 0 0 0
 179       9 mmcblk0p9 0 0 0 0 0 0 0 0 0 0 0
 179      10 mmcblk0p10 238 187 17032 112 0 0 0 0 0 20 20
 179      11 mmcblk0p11 0 0 0 0 0 0 0 0 0 0 0
 179      12 mmcblk0p12 16508 2501 3843868 10328 135 125 2080 1216 0 6512 6552
 179      13 mmcblk0p13 0 0 0 0 0 0 0 0 0 0 0
 179      14 mmcblk0p14 1 0 256 0 0 0 0 0 0 0 0
 179      15 mmcblk0p15 0 0 0 0 0 0 0 0 0 0 0
 179      96 mmcblk0rpmb 0 0 0 0 0 0 0 0 0 0 0
 179      64 mmcblk0boot1 0 0 0 0 0 0 0 0 0 0 0
 179      32 mmcblk0boot0 0 0 0 0 0 0 0 0 0 0 0
 252       0 dm-0 721 0 89336 804 0 0 0 0 5 364 856
 252       1 dm-1 236 0 15536 168 0 0 0 0 3 132 184

1407
   1       0 ram0 0 0 0 0 0 0 0 0 0 0 0
   1       1 ram1 0 0 0 0 0 0 0 0 0 0 0
   1       2 ram2 0 0 0 0 0 0 0 0 0 0 0
   1       3 ram3 0 0 0 0 0 0 0 0 0 0 0
   1       4 ram4 0 0 0 0 0 0 0 0 0 0 0
   1       5 ram5 0 0 0 0 0 0 0 0 0 0 0
   1       6 ram6 0 0 0 0 0 0 0 0 0 0 0
   1       7 ram7 0 0 0 0 0 0 0 0 0 0 0
   1       8 ram8 0 0 0 0 0 0 0 0 0 0 0
   1       9 ram9 0 0 0 0 0 0 0 0 0 0 0
   1      10 ram10 0 0 0 0 0 0 0 0 0 0 0
   1      11 ram11 0 0 0 0 0 0 0 0 0 0 0
   1      12 ram12 0 0 0 0 0 0 0 0 0 0 0
   1      13 ram13 0 0 0 0 0 0 0 0 0 0 0
   1      14 ram14 0 0 0 0 0 0 0 0 0 0 0
   1      15 ram15 0 0 0 0 0 0 0 0 0 0 0
   7       0 loop0 0 0 0 0 0 0 0 0 0 0 0
   7       1 loop1 0 0 0 0 0 0 0 0 0 0 0
   7       2 loop2 0 0 0 0 0 0 0 0 0 0 0
   7       3 loop3 0 0 0 0 0 0 0 0 0 0 0
   7       4 loop4 0 0 0 0 0 0 0 0 0 0 0
   7       5 loop5 0 0 0 0 0 0 0 0 0 0 0
   7       6 loop6 0 0 0 0 0 0 0 0 0 0 0
   7       7 loop7 0 0 0 0 0 0 0 0 0 0 0
 253       0 zram0 36 0 288 0 1 0 8 0 0 0 0
 179       0 mmcblk0 17794 3876 4037820 12228 146 125 2088 1236 0 6888 7016
 179       1 mmcblk0p1 0 0 0 0 0 0 0 0 0 0 0
 179       2 mmcblk0p2 0 0 0 0 0 0 0 0 0 0 0
 179       3 mmcblk0p3 0 0 0 0 0 0 0 0 0 0 0
 179       4 mmcblk0p4 0 0 0 0 0 0 0 0 0 0 0
 179       5 mmcblk0p5 971 1188 174672 1572 0 0 0 0 2 336 384
 179       6 mmcblk0p6 0 0 0 0 0 0 0 0 0 0 0
 179       7 mmcblk0p7 3 0 72 0 1 0 8 4 0 0 0
 179       8 mmcblk0p8 0 0 0 0 0 0 0 0 0 0 0
 179       9 mmcblk0p9 0 0 0 0 0 0 0 0 0 0 0
 179      10 mmcblk0p10 305 187 18904 328 0 0 0 0 0 60 60
 179      11 mmcblk0p11 0 0 0 0 0 0 0 0 0 0 0
 179      12 mmcblk0p12 16508 2501 3843868 10328 135 125 2080 1216 0 6512 6552
 179      13 mmcblk0p13 0 0 0 0 0 0 0 0 0 0 0
 179      14 mmcblk0p14 1 0 256 0 0 0 0 0 0 0 0
 179      15 mmcblk0p15 0 0 0 0 0 0 0 0 0 0 0
 179      96 mmcblk0rpmb 0 0 0 0 0 0 0 0 0 0 0
 179      64 mmcblk0boot1 0 0 0 0 0 0 0 0 0 0 0
 179      32 mmcblk0boot0 0 0 0 0 0 0 0 0 0 0 0
 252       0 dm-0 1023 0 166560 2288 0 0 0 0 7 604 2340
 252       1 dm-1 300 0 17368 472 0 0 0 0 1 276 480

1432
   1       0 ram0 0 0 0 0 0 0 0 0 0 0 0
   1       1 ram1 0 0 0 0 0 0 0 0 0 0 0
   1       2 ram2 0 0 0 0 0 0 0 0 0 0 0
   1       3 ram3 0 0 0 0 0 0 0 0 0 0 0
   1       4 ram4 0 0 0 0 0 0 0 0 0 0 0
   1       5 ram5 0 0 0 0 0 0 0 0 0 0 0
   1       6 ram6 0 0 0 0 0 0 0 0 0 0 0
   1       7 ram7 0 0 0 0 0 0 0 0 0 0 0
   1       8 ram8 0 0 0 0 0 0 0 0 0 0 0
   1       9 ram9 0 0 0 0 0 0 0 0 0 0 0
   1      10 ram10 0 0 0 0 0 0 0 0 0 0 0
   1      11 ram11 0 0 0 0 0 0 0 0 0 0 0
   1      12 ram12 0 0 0 0 0 0 0 0 0 0 0
   1      13 ram13 0 0 0 0 0 0 0 0 0 0 0
   1      14 ram14 0 0 0 0 0 0 0 0 0 0 0
   1      15 ram15 0 0 0 0 0 0 0 0 0 0 0
   7       0 loop0 0 0 0 0 0 0 0 0 0 0 0
   7       1 loop1 0 0 0 0 0 0 0 0 0 0 0
   7       2 loop2 0 0 0 0 0 0 0 0 0 0 0
   7       3 loop3 0 0 0 0 0 0 0 0 0 0 0
   7       4 loop4 0 0 0 0 0 0 0 0 0 0 0
   7       5 loop5 0 0 0 0 0 0 0 0 0 0 0
   7       6 loop6 0 0 0 0 0 0 0 0 0 0 0
   7       7 loop7 0 0 0 0 0 0 0 0 0 0 0
 253       0 zram0 36 0 288 0 1 0 8 0 0 0 0
 179       0 mmcblk0 18230 3876 4106332 13932 146 125 2088 1236 0 7084 7292
 179       1 mmcblk0p1 0 0 0 0 0 0 0 0 0 0 0
 179       2 mmcblk0p2 0 0 0 0 0 0 0 0 0 0 0
 179       3 mmcblk0p3 0 0 0 0 0 0 0 0 0 0 0
 179       4 mmcblk0p4 0 0 0 0 0 0 0 0 0 0 0
 179       5 mmcblk0p5 1303 1188 238728 3004 0 0 0 0 2 512 608
 179       6 mmcblk0p6 0 0 0 0 0 0 0 0 0 0 0
 179       7 mmcblk0p7 3 0 72 0 1 0 8 4 0 0 0
 179       8 mmcblk0p8 0 0 0 0 0 0 0 0 0 0 0
 179       9 mmcblk0p9 0 0 0 0 0 0 0 0 0 0 0
 179      10 mmcblk0p10 408 187 23352 576 0 0 0 0 0 112 112
 179      11 mmcblk0p11 0 0 0 0 0 0 0 0 0 0 0
 179      12 mmcblk0p12 16509 2501 3843876 10352 135 125 2080 1216 0 6512 6552
 179      13 mmcblk0p13 0 0 0 0 0 0 0 0 0 0 0
 179      14 mmcblk0p14 1 0 256 0 0 0 0 0 0 0 0
 179      15 mmcblk0p15 0 0 0 0 0 0 0 0 0 0 0
 179      96 mmcblk0rpmb 0 0 0 0 0 0 0 0 0 0 0
 179      64 mmcblk0boot1 0 0 0 0 0 0 0 0 0 0 0
 179      32 mmcblk0boot0 0 0 0 0 0 0 0 0 0 0 0
 252       0 dm-0 1343 0 230256 4956 0 0 0 0 4 860 4956
 252       1 dm-1 403 0 21816 924 0 0 0 0 0 496 924

1460
   1       0 ram0 0 0 0 0 0 0 0 0 0 0 0
   1       1 ram1 0 0 0 0 0 0 0 0 0 0 0
   1       2 ram2 0 0 0 0 0 0 0 0 0 0 0
   1       3 ram3 0 0 0 0 0 0 0 0 0 0 0
   1       4 ram4 0 0 0 0 0 0 0 0 0 0 0
   1       5 ram5 0 0 0 0 0 0 0 0 0 0 0
   1       6 ram6 0 0 0 0 0 0 0 0 0 0 0
   1       7 ram7 0 0 0 0 0 0 0 0 0 0 0
   1       8 ram8 0 0 0 0 0 0 0 0 0 0 0
   1       9 ram9 0 0 0 0 0 0 0 0 0 0 0
   1      10 ram10 0 0 0 0 0 0 0 0 0 0 0
   1      11 ram11 0 0 0 0 0 0 0 0 0 0 0
   1      12 ram12 0 0 0 0 0 0 0 0 0 0 0
   1      13 ram13 0 0 0 0 0 0 0 0 0 0 0
   1      14 ram14 0 0 0 0 0 0 0 0 0 0 0
   1      15 ram15 0 0 0 0 0 0 0 0 0 0 0
   7       0 loop0 0 0 0 0 0 0 0 0 0 0 0
   7       1 loop1 0 0 0 0 0 0 0 0 0 0 0
   7       2 loop2 0 0 0 0 0 0 0 0 0 0 0
   7       3 loop3 0 0 0 0 0 0 0 0 0 0 0
   7       4 loop4 0 0 0 0 0 0 0 0 0 0 0
   7       5 loop5 0 0 0 0 0 0 0 0 0 0 0
   7       6 loop6 0 0 0 0 0 0 0 0 0 0 0
   7       7 loop7 0 0 0 0 0 0 0 0 0 0 0
 253       0 zram0 36 0 288 0 1 0 8 0 0 0 0
 179       0 mmcblk0 18470 3878 4149220 14156 146 125 2088 1236 0 7148 7368
 179       1 mmcblk0p1 0 0 0 0 0 0 0 0 0 0 0
 179       2 mmcblk0p2 0 0 0 0 0 0 0 0 0 0 0
 179       3 mmcblk0p3 0 0 0 0 0 0 0 0 0 0 0
 179       4 mmcblk0p4 0 0 0 0 0 0 0 0 0 0 0
 179       5 mmcblk0p5 1501 1190 278600 3208 0 0 0 0 0 576 688
 179       6 mmcblk0p6 0 0 0 0 0 0 0 0 0 0 0
 179       7 mmcblk0p7 3 0 72 0 1 0 8 4 0 0 0
 179       8 mmcblk0p8 0 0 0 0 0 0 0 0 0 0 0
 179       9 mmcblk0p9 0 0 0 0 0 0 0 0 0 0 0
 179      10 mmcblk0p10 447 187 26344 592 0 0 0 0 0 112 112
 179      11 mmcblk0p11 0 0 0 0 0 0 0 0 0 0 0
 179      12 mmcblk0p12 16512 2501 3843900 10356 135 125 2080 1216 0 6512 6552
 179      13 mmcblk0p13 0 0 0 0 0 0 0 0 0 0 0
 179      14 mmcblk0p14 1 0 256 0 0 0 0 0 0 0 0
 179      15 mmcblk0p15 0 0 0 0 0 0 0 0 0 0 0
 179      96 mmcblk0rpmb 0 0 0 0 0 0 0 0 0 0 0
 179      64 mmcblk0boot1 0 0 0 0 0 0 0 0 0 0 0
 179      32 mmcblk0boot0 0 0 0 0 0 0 0 0 0 0 0
 252       0 dm-0 1530 0 269800 5548 0 0 0 0 2 1108 5564
 252       1 dm-1 442 0 24808 1004 0 0 0 0 1 572 1012

1488
   1       0 ram0 0 0 0 0 0 0 0 0 0 0 0
   1       1 ram1 0 0 0 0 0 0 0 0 0 0 0
   1       2 ram2 0 0 0 0 0 0 0 0 0 0 0
   1       3 ram3 0 0 0 0 0 0 0 0 0 0 0
   1       4 ram4 0 0 0 0 0 0 0 0 0 0 0
   1       5 ram5 0 0 0 0 0 0 0 0 0 0 0
   1       6 ram6 0 0 0 0 0 0 0 0 0 0 0
   1       7 ram7 0 0 0 0 0 0 0 0 0 0 0
   1       8 ram8 0 0 0 0 0 0 0 0 0 0 0
   1       9 ram9 0 0 0 0 0 0 0 0 0 0 0
   1      10 ram10 0 0 0 0 0 0 0 0 0 0 0
   1      11 ram11 0 0 0 0 0 0 0 0 0 0 0
   1      12 ram12 0 0 0 0 0 0 0 0 0 0 0
   1      13 ram13 0 0 0 0 0 0 0 0 0 0 0
   1      14 ram14 0 0 0 0 0 0 0 0 0 0 0
   1      15 ram15 0 0 0 0 0 0 0 0 0 0 0
   7       0 loop0 0 0 0 0 0 0 0 0 0 0 0
   7       1 loop1 0 0 0 0 0 0 0 0 0 0 0
   7       2 loop2 0 0 0 0 0 0 0 0 0 0 0
   7       3 loop3 0 0 0 0 0 0 0 0 0 0 0
   7       4 loop4 0 0 0 0 0 0 0 0 0 0 0
   7       5 loop5 0 0 0 0 0 0 0 0 0 0 0
   7       6 loop6 0 0 0 0 0 0 0 0 0 0 0
   7       7 loop7 0 0 0 0 0 0 0 0 0 0 0
 253       0 zram0 36 0 288 0 1 0 8 0 0 0 0
 179       0 mmcblk0 18507 4004 4165852 14288 149 153 2336 1240 0 7172 7392
 179       1 mmcblk0p1 0 0 0 0 0 0 0 0 0 0 0
 179       2 mmcblk0p2 0 0 0 0 0 0 0 0 0 0 0
 179       3 mmcblk0p3 0 0 0 0 0 0 0 0 0 0 0
 179       4 mmcblk0p4 0 0 0 0 0 0 0 0 0 0 0
 179       5 mmcblk0p5 1530 1316 295168 3316 0 0 0 0 0 596 708
 179       6 mmcblk0p6 0 0 0 0 0 0 0 0 0 0 0
 179       7 mmcblk0p7 3 0 72 0 1 0 8 4 0 0 0
 179       8 mmcblk0p8 0 0 0 0 0 0 0 0 0 0 0
 179       9 mmcblk0p9 0 0 0 0 0 0 0 0 0 0 0
 179      10 mmcblk0p10 447 187 26344 592 0 0 0 0 0 112 112
 179      11 mmcblk0p11 0 0 0 0 0 0 0 0 0 0 0
 179      12 mmcblk0p12 16520 2501 3843964 10380 138 153 2328 1220 0 6512 6552
 179      13 mmcblk0p13 0 0 0 0 0 0 0 0 0 0 0
 179      14 mmcblk0p14 1 0 256 0 0 0 0 0 0 0 0
 179      15 mmcblk0p15 0 0 0 0 0 0 0 0 0 0 0
 179      96 mmcblk0rpmb 0 0 0 0 0 0 0 0 0 0 0
 179      64 mmcblk0boot1 0 0 0 0 0 0 0 0 0 0 0
 179      32 mmcblk0boot0 0 0 0 0 0 0 0 0 0 0 0
 252       0 dm-0 1548 0 285328 5700 0 0 0 0 0 1168 5700
 252       1 dm-1 442 0 24808 1012 0 0 0 0 0 572 1012

1512
   1       0 ram0 0 0 0 0 0 0 0 0 0 0 0
   1       1 ram1 0 0 0 0 0 0 0 0 0 0 0
   1       2 ram2 0 0 0 0 0 0 0 0 0 0 0
   1       3 ram3 0 0 0 0 0 0 0 0 0 0 0
   1       4 ram4 0 0 0 0 0 0 0 0 0 0 0
   1       5 ram5 0 0 0 0 0 0 0 0 0 0 0
   1       6 ram6 0 0 0 0 0 0 0 0 0 0 0
   1       7 ram7 0 0 0 0 0 0 0 0 0 0 0
   1       8 ram8 0 0 0 0 0 0 0 0 0 0 0
   1       9 ram9 0 0 0 0 0 0 0 0 0 0 0
   1      10 ram10 0 0 0 0 0 0 0 0 0 0 0
   1      11 ram11 0 0 0 0 0 0 0 0 0 0 0
   1      12 ram12 0 0 0 0 0 0 0 0 0 0 0
   1      13 ram13 0 0 0 0 0 0 0 0 0 0 0
   1      14 ram14 0 0 0 0 0 0 0 0 0 0 0
   1      15 ram15 0 0 0 0 0 0 0 0 0 0 0
   7       0 loop0 0 0 0 0 0 0 0 0 0 0 0
   7       1 loop1 0 0 0 0 0 0 0 0 0 0 0
   7       2 loop2 0 0 0 0 0 0 0 0 0 0 0
   7       3 loop3 0 0 0 0 0 0 0 0 0 0 0
   7       4 loop4 0 0 0 0 0 0 0 0 0 0 0
   7       5 loop5 0 0 0 0 0 0 0 0 0 0 0
   7       6 loop6 0 0 0 0 0 0 0 0 0 0 0
   7       7 loop7 0 0 0 0 0 0 0 0 0 0 0
 253       0 zram0 36 0 288 0 1 0 8 0 0 0 0
 179       0 mmcblk0 18667 4194 4233420 15076 152 169 2488 1260 0 7308 7548
 179       1 mmcblk0p1 0 0 0 0 0 0 0 0 0 0 0
 179       2 mmcblk0p2 0 0 0 0 0 0 0 0 0 0 0
 179       3 mmcblk0p3 0 0 0 0 0 0 0 0 0 0 0
 179       4 mmcblk0p4 0 0 0 0 0 0 0 0 0 0 0
 179       5 mmcblk0p5 1619 1505 353752 3904 0 0 0 0 2 704 820
 179       6 mmcblk0p6 0 0 0 0 0 0 0 0 0 0 0
 179       7 mmcblk0p7 3 0 72 0 1 0 8 4 0 0 0
 179       8 mmcblk0p8 0 0 0 0 0 0 0 0 0 0 0
 179       9 mmcblk0p9 0 0 0 0 0 0 0 0 0 0 0
 179      10 mmcblk0p10 499 188 30032 728 0 0 0 0 0 148 148
 179      11 mmcblk0p11 0 0 0 0 0 0 0 0 0 0 0
 179      12 mmcblk0p12 16539 2501 3849260 10444 141 169 2480 1240 0 6532 6572
 179      13 mmcblk0p13 0 0 0 0 0 0 0 0 0 0 0
 179      14 mmcblk0p14 1 0 256 0 0 0 0 0 0 0 0
 179      15 mmcblk0p15 0 0 0 0 0 0 0 0 0 0 0
 179      96 mmcblk0rpmb 0 0 0 0 0 0 0 0 0 0 0
 179      64 mmcblk0boot1 0 0 0 0 0 0 0 0 0 0 0
 179      32 mmcblk0boot0 0 0 0 0 0 0 0 0 0 0 0
 252       0 dm-0 1609 0 343920 6308 0 0 0 0 2 1348 6316
 252       1 dm-1 496 0 28832 1220 0 0 0 0 3 724 1264

1535
   1       0 ram0 0 0 0 0 0 0 0 0 0 0 0
   1       1 ram1 0 0 0 0 0 0 0 0 0 0 0
   1       2 ram2 0 0 0 0 0 0 0 0 0 0 0
   1       3 ram3 0 0 0 0 0 0 0 0 0 0 0
   1       4 ram4 0 0 0 0 0 0 0 0 0 0 0
   1       5 ram5 0 0 0 0 0 0 0 0 0 0 0
   1       6 ram6 0 0 0 0 0 0 0 0 0 0 0
   1       7 ram7 0 0 0 0 0 0 0 0 0 0 0
   1       8 ram8 0 0 0 0 0 0 0 0 0 0 0
   1       9 ram9 0 0 0 0 0 0 0 0 0 0 0
   1      10 ram10 0 0 0 0 0 0 0 0 0 0 0
   1      11 ram11 0 0 0 0 0 0 0 0 0 0 0
   1      12 ram12 0 0 0 0 0 0 0 0 0 0 0
   1      13 ram13 0 0 0 0 0 0 0 0 0 0 0
   1      14 ram14 0 0 0 0 0 0 0 0 0 0 0
   1      15 ram15 0 0 0 0 0 0 0 0 0 0 0
   7       0 loop0 0 0 0 0 0 0 0 0 0 0 0
   7       1 loop1 0 0 0 0 0 0 0 0 0 0 0
   7       2 loop2 0 0 0 0 0 0 0 0 0 0 0
   7       3 loop3 0 0 0 0 0 0 0 0 0 0 0
   7       4 loop4 0 0 0 0 0 0 0 0 0 0 0
   7       5 loop5 0 0 0 0 0 0 0 0 0 0 0
   7       6 loop6 0 0 0 0 0 0 0 0 0 0 0
   7       7 loop7 0 0 0 0 0 0 0 0 0 0 0
 253       0 zram0 36 0 288 0 1 0 8 0 0 0 0
 179       0 mmcblk0 18865 4194 4309628 16088 152 169 2488 1260 0 7428 7688
 179       1 mmcblk0p1 0 0 0 0 0 0 0 0 0 0 0
 179       2 mmcblk0p2 0 0 0 0 0 0 0 0 0 0 0
 179       3 mmcblk0p3 0 0 0 0 0 0 0 0 0 0 0
 179       4 mmcblk0p4 0 0 0 0 0 0 0 0 0 0 0
 179       5 mmcblk0p5 1741 1505 423912 4788 0 0 0 0 0 812 944
 179       6 mmcblk0p6 0 0 0 0 0 0 0 0 0 0 0
 179       7 mmcblk0p7 3 0 72 0 1 0 8 4 0 0 0
 179       8 mmcblk0p8 0 0 0 0 0 0 0 0 0 0 0
 179       9 mmcblk0p9 0 0 0 0 0 0 0 0 0 0 0
 179      10 mmcblk0p10 543 188 35360 812 0 0 0 0 0 148 148
 179      11 mmcblk0p11 0 0 0 0 0 0 0 0 0 0 0
 179      12 mmcblk0p12 16571 2501 3849980 10488 141 169 2480 1240 0 6536 6576
 179      13 mmcblk0p13 0 0 0 0 0 0 0 0 0 0 0
 179      14 mmcblk0p14 1 0 256 0 0 0 0 0 0 0 0
 179      15 mmcblk0p15 0 0 0 0 0 0 0 0 0 0 0
 179      96 mmcblk0rpmb 0 0 0 0 0 0 0 0 0 0 0
 179      64 mmcblk0boot1 0 0 0 0 0 0 0 0 0 0 0
 179      32 mmcblk0boot0 0 0 0 0 0 0 0 0 0 0 0
 252       0 dm-0 1698 0 412528 7100 0 0 0 0 0 1552 7104
 252       1 dm-1 539 0 33824 1416 0 0 0 0 0 856 1416

1557
   1       0 ram0 0 0 0 0 0 0 0 0 0 0 0
   1       1 ram1 0 0 0 0 0 0 0 0 0 0 0
   1       2 ram2 0 0 0 0 0 0 0 0 0 0 0
   1       3 ram3 0 0 0 0 0 0 0 0 0 0 0
   1       4 ram4 0 0 0 0 0 0 0 0 0 0 0
   1       5 ram5 0 0 0 0 0 0 0 0 0 0 0
   1       6 ram6 0 0 0 0 0 0 0 0 0 0 0
   1       7 ram7 0 0 0 0 0 0 0 0 0 0 0
   1       8 ram8 0 0 0 0 0 0 0 0 0 0 0
   1       9 ram9 0 0 0 0 0 0 0 0 0 0 0
   1      10 ram10 0 0 0 0 0 0 0 0 0 0 0
   1      11 ram11 0 0 0 0 0 0 0 0 0 0 0
   1      12 ram12 0 0 0 0 0 0 0 0 0 0 0
   1      13 ram13 0 0 0 0 0 0 0 0 0 0 0
   1      14 ram14 0 0 0 0 0 0 0 0 0 0 0
   1      15 ram15 0 0 0 0 0 0 0 0 0 0 0
   7       0 loop0 0 0 0 0 0 0 0 0 0 0 0
   7       1 loop1 0 0 0 0 0 0 0 0 0 0 0
   7       2 loop2 0 0 0 0 0 0 0 0 0 0 0
   7       3 loop3 0 0 0 0 0 0 0 0 0 0 0
   7       4 loop4 0 0 0 0 0 0 0 0 0 0 0
   7       5 loop5 0 0 0 0 0 0 0 0 0 0 0
   7       6 loop6 0 0 0 0 0 0 0 0 0 0 0
   7       7 loop7 0 0 0 0 0 0 0 0 0 0 0
 253       0 zram0 36 0 288 0 1 0 8 0 0 0 0
 179       0 mmcblk0 19025 4195 4394268 16816 152 169 2488 1260 0 7580 7884
 179       1 mmcblk0p1 0 0 0 0 0 0 0 0 0 0 0
 179       2 mmcblk0p2 0 0 0 0 0 0 0 0 0 0 0
 179       3 mmcblk0p3 0 0 0 0 0 0 0 0 0 0 0
 179       4 mmcblk0p4 0 0 0 0 0 0 0 0 0 0 0
 179       5 mmcblk0p5 1782 1505 446272 4996 0 0 0 0 0 852 984
 179       6 mmcblk0p6 0 0 0 0 0 0 0 0 0 0 0
 179       7 mmcblk0p7 3 0 72 0 1 0 8 4 0 0 0
 179       8 mmcblk0p8 0 0 0 0 0 0 0 0 0 0 0
 179       9 mmcblk0p9 0 0 0 0 0 0 0 0 0 0 0
 179      10 mmcblk0p10 587 189 40648 924 0 0 0 0 0 148 148
 179      11 mmcblk0p11 0 0 0 0 0 0 0 0 0 0 0
 179      12 mmcblk0p12 16646 2501 3906972 10896 141 169 2480 1240 0 6636 6700
 179      13 mmcblk0p13 0 0 0 0 0 0 0 0 0 0 0
 179      14 mmcblk0p14 1 0 256 0 0 0 0 0 0 0 0
 179      15 mmcblk0p15 0 0 0 0 0 0 0 0 0 0 0
 179      96 mmcblk0rpmb 0 0 0 0 0 0 0 0 0 0 0
 179      64 mmcblk0boot1 0 0 0 0 0 0 0 0 0 0 0
 179      32 mmcblk0boot0 0 0 0 0 0 0 0 0 0 0 0
 252       0 dm-0 1990 0 434920 9764 0 0 0 0 1 1628 9768
 252       1 dm-1 584 0 39112 1560 0 0 0 0 0 988 1560

1580
   1       0 ram0 0 0 0 0 0 0 0 0 0 0 0
   1       1 ram1 0 0 0 0 0 0 0 0 0 0 0
   1       2 ram2 0 0 0 0 0 0 0 0 0 0 0
   1       3 ram3 0 0 0 0 0 0 0 0 0 0 0
   1       4 ram4 0 0 0 0 0 0 0 0 0 0 0
   1       5 ram5 0 0 0 0 0 0 0 0 0 0 0
   1       6 ram6 0 0 0 0 0 0 0 0 0 0 0
   1       7 ram7 0 0 0 0 0 0 0 0 0 0 0
   1       8 ram8 0 0 0 0 0 0 0 0 0 0 0
   1       9 ram9 0 0 0 0 0 0 0 0 0 0 0
   1      10 ram10 0 0 0 0 0 0 0 0 0 0 0
   1      11 ram11 0 0 0 0 0 0 0 0 0 0 0
   1      12 ram12 0 0 0 0 0 0 0 0 0 0 0
   1      13 ram13 0 0 0 0 0 0 0 0 0 0 0
   1      14 ram14 0 0 0 0 0 0 0 0 0 0 0
   1      15 ram15 0 0 0 0 0 0 0 0 0 0 0
   7       0 loop0 0 0 0 0 0 0 0 0 0 0 0
   7       1 loop1 0 0 0 0 0 0 0 0 0 0 0
   7       2 loop2 0 0 0 0 0 0 0 0 0 0 0
   7       3 loop3 0 0 0 0 0 0 0 0 0 0 0
   7       4 loop4 0 0 0 0 0 0 0 0 0 0 0
   7       5 loop5 0 0 0 0 0 0 0 0 0 0 0
   7       6 loop6 0 0 0 0 0 0 0 0 0 0 0
   7       7 loop7 0 0 0 0 0 0 0 0 0 0 0
 253       0 zram0 36 0 288 0 1 0 8 0 0 0 0
 179       0 mmcblk0 19152 4195 4411316 16880 152 169 2488 1260 0 7592 7900
 179       1 mmcblk0p1 0 0 0 0 0 0 0 0 0 0 0
 179       2 mmcblk0p2 0 0 0 0 0 0 0 0 0 0 0
 179       3 mmcblk0p3 0 0 0 0 0 0 0 0 0 0 0
 179       4 mmcblk0p4 0 0 0 0 0 0 0 0 0 0 0
 179       5 mmcblk0p5 1871 1505 458304 5032 0 0 0 0 0 860 996
 179       6 mmcblk0p6 0 0 0 0 0 0 0 0 0 0 0
 179       7 mmcblk0p7 3 0 72 0 1 0 8 4 0 0 0
 179       8 mmcblk0p8 0 0 0 0 0 0 0 0 0 0 0
 179       9 mmcblk0p9 0 0 0 0 0 0 0 0 0 0 0
 179      10 mmcblk0p10 620 189 41456 940 0 0 0 0 0 148 148
 179      11 mmcblk0p11 0 0 0 0 0 0 0 0 0 0 0
 179      12 mmcblk0p12 16651 2501 3911180 10908 141 169 2480 1240 0 6640 6704
 179      13 mmcblk0p13 0 0 0 0 0 0 0 0 0 0 0
 179      14 mmcblk0p14 1 0 256 0 0 0 0 0 0 0 0
 179      15 mmcblk0p15 0 0 0 0 0 0 0 0 0 0 0
 179      96 mmcblk0rpmb 0 0 0 0 0 0 0 0 0 0 0
 179      64 mmcblk0boot1 0 0 0 0 0 0 0 0 0 0 0
 179      32 mmcblk0boot0 0 0 0 0 0 0 0 0 0 0 0
 252       0 dm-0 2076 0 446920 9824 0 0 0 0 0 1680 9828
 252       1 dm-1 617 0 39920 1576 0 0 0 0 0 1004 1576

1601
   1       0 ram0 0 0 0 0 0 0 0 0 0 0 0
   1       1 ram1 0 0 0 0 0 0 0 0 0 0 0
   1       2 ram2 0 0 0 0 0 0 0 0 0 0 0
   1       3 ram3 0 0 0 0 0 0 0 0 0 0 0
   1       4 ram4 0 0 0 0 0 0 0 0 0 0 0
   1       5 ram5 0 0 0 0 0 0 0 0 0 0 0
   1       6 ram6 0 0 0 0 0 0 0 0 0 0 0
   1       7 ram7 0 0 0 0 0 0 0 0 0 0 0
   1       8 ram8 0 0 0 0 0 0 0 0 0 0 0
   1       9 ram9 0 0 0 0 0 0 0 0 0 0 0
   1      10 ram10 0 0 0 0 0 0 0 0 0 0 0
   1      11 ram11 0 0 0 0 0 0 0 0 0 0 0
   1      12 ram12 0 0 0 0 0 0 0 0 0 0 0
   1      13 ram13 0 0 0 0 0 0 0 0 0 0 0
   1      14 ram14 0 0 0 0 0 0 0 0 0 0 0
   1      15 ram15 0 0 0 0 0 0 0 0 0 0 0
   7       0 loop0 0 0 0 0 0 0 0 0 0 0 0
   7       1 loop1 0 0 0 0 0 0 0 0 0 0 0
   7       2 loop2 0 0 0 0 0 0 0 0 0 0 0
   7       3 loop3 0 0 0 0 0 0 0 0 0 0 0
   7       4 loop4 0 0 0 0 0 0 0 0 0 0 0
   7       5 loop5 0 0 0 0 0 0 0 0 0 0 0
   7       6 loop6 0 0 0 0 0 0 0 0 0 0 0
   7       7 loop7 0 0 0 0 0 0 0 0 0 0 0
 253       0 zram0 36 0 288 0 1 0 8 0 0 0 0
 179       0 mmcblk0 19269 4258 4479476 17328 152 169 2488 1260 0 7700 8028
 179       1 mmcblk0p1 0 0 0 0 0 0 0 0 0 0 0
 179       2 mmcblk0p2 0 0 0 0 0 0 0 0 0 0 0
 179       3 mmcblk0p3 0 0 0 0 0 0 0 0 0 0 0
 179       4 mmcblk0p4 0 0 0 0 0 0 0 0 0 0 0
 179       5 mmcblk0p5 1988 1568 526464 5480 0 0 0 0 0 968 1124
 179       6 mmcblk0p6 0 0 0 0 0 0 0 0 0 0 0
 179       7 mmcblk0p7 3 0 72 0 1 0 8 4 0 0 0
 179       8 mmcblk0p8 0 0 0 0 0 0 0 0 0 0 0
 179       9 mmcblk0p9 0 0 0 0 0 0 0 0 0 0 0
 179      10 mmcblk0p10 620 189 41456 940 0 0 0 0 0 148 148
 179      11 mmcblk0p11 0 0 0 0 0 0 0 0 0 0 0
 179      12 mmcblk0p12 16651 2501 3911180 10908 141 169 2480 1240 0 6640 6704
 179      13 mmcblk0p13 0 0 0 0 0 0 0 0 0 0 0
 179      14 mmcblk0p14 1 0 256 0 0 0 0 0 0 0 0
 179      15 mmcblk0p15 0 0 0 0 0 0 0 0 0 0 0
 179      96 mmcblk0rpmb 0 0 0 0 0 0 0 0 0 0 0
 179      64 mmcblk0boot1 0 0 0 0 0 0 0 0 0 0 0
 179      32 mmcblk0boot0 0 0 0 0 0 0 0 0 0 0 0
 252       0 dm-0 2160 0 514568 10216 0 0 0 0 0 1820 10220
 252       1 dm-1 617 0 39920 1576 0 0 0 0 0 1004 1576

1623
   1       0 ram0 0 0 0 0 0 0 0 0 0 0 0
   1       1 ram1 0 0 0 0 0 0 0 0 0 0 0
   1       2 ram2 0 0 0 0 0 0 0 0 0 0 0
   1       3 ram3 0 0 0 0 0 0 0 0 0 0 0
   1       4 ram4 0 0 0 0 0 0 0 0 0 0 0
   1       5 ram5 0 0 0 0 0 0 0 0 0 0 0
   1       6 ram6 0 0 0 0 0 0 0 0 0 0 0
   1       7 ram7 0 0 0 0 0 0 0 0 0 0 0
   1       8 ram8 0 0 0 0 0 0 0 0 0 0 0
   1       9 ram9 0 0 0 0 0 0 0 0 0 0 0
   1      10 ram10 0 0 0 0 0 0 0 0 0 0 0
   1      11 ram11 0 0 0 0 0 0 0 0 0 0 0
   1      12 ram12 0 0 0 0 0 0 0 0 0 0 0
   1      13 ram13 0 0 0 0 0 0 0 0 0 0 0
   1      14 ram14 0 0 0 0 0 0 0 0 0 0 0
   1      15 ram15 0 0 0 0 0 0 0 0 0 0 0
   7       0 loop0 0 0 0 0 0 0 0 0 0 0 0
   7       1 loop1 0 0 0 0 0 0 0 0 0 0 0
   7       2 loop2 0 0 0 0 0 0 0 0 0 0 0
   7       3 loop3 0 0 0 0 0 0 0 0 0 0 0
   7       4 loop4 0 0 0 0 0 0 0 0 0 0 0
   7       5 loop5 0 0 0 0 0 0 0 0 0 0 0
   7       6 loop6 0 0 0 0 0 0 0 0 0 0 0
   7       7 loop7 0 0 0 0 0 0 0 0 0 0 0
 253       0 zram0 36 0 288 0 1 0 8 0 0 0 0
 179       0 mmcblk0 19331 4258 4513956 17604 152 169 2488 1260 0 7752 8084
 179       1 mmcblk0p1 0 0 0 0 0 0 0 0 0 0 0
 179       2 mmcblk0p2 0 0 0 0 0 0 0 0 0 0 0
 179       3 mmcblk0p3 0 0 0 0 0 0 0 0 0 0 0
 179       4 mmcblk0p4 0 0 0 0 0 0 0 0 0 0 0
 179       5 mmcblk0p5 2050 1568 560944 5756 0 0 0 0 0 1020 1180
 179       6 mmcblk0p6 0 0 0 0 0 0 0 0 0 0 0
 179       7 mmcblk0p7 3 0 72 0 1 0 8 4 0 0 0
 179       8 mmcblk0p8 0 0 0 0 0 0 0 0 0 0 0
 179       9 mmcblk0p9 0 0 0 0 0 0 0 0 0 0 0
 179      10 mmcblk0p10 620 189 41456 940 0 0 0 0 0 148 148
 179      11 mmcblk0p11 0 0 0 0 0 0 0 0 0 0 0
 179      12 mmcblk0p12 16651 2501 3911180 10908 141 169 2480 1240 0 6640 6704
 179      13 mmcblk0p13 0 0 0 0 0 0 0 0 0 0 0
 179      14 mmcblk0p14 1 0 256 0 0 0 0 0 0 0 0
 179      15 mmcblk0p15 0 0 0 0 0 0 0 0 0 0 0
 179      96 mmcblk0rpmb 0 0 0 0 0 0 0 0 0 0 0
 179      64 mmcblk0boot1 0 0 0 0 0 0 0 0 0 0 0
 179      32 mmcblk0boot0 0 0 0 0 0 0 0 0 0 0 0
 252       0 dm-0 2206 0 549048 10468 0 0 0 0 0 1912 10472
 252       1 dm-1 617 0 39920 1576 0 0 0 0 0 1004 1576

1645
   1       0 ram0 0 0 0 0 0 0 0 0 0 0 0
   1       1 ram1 0 0 0 0 0 0 0 0 0 0 0
   1       2 ram2 0 0 0 0 0 0 0 0 0 0 0
   1       3 ram3 0 0 0 0 0 0 0 0 0 0 0
   1       4 ram4 0 0 0 0 0 0 0 0 0 0 0
   1       5 ram5 0 0 0 0 0 0 0 0 0 0 0
   1       6 ram6 0 0 0 0 0 0 0 0 0 0 0
   1       7 ram7 0 0 0 0 0 0 0 0 0 0 0
   1       8 ram8 0 0 0 0 0 0 0 0 0 0 0
   1       9 ram9 0 0 0 0 0 0 0 0 0 0 0
   1      10 ram10 0 0 0 0 0 0 0 0 0 0 0
   1      11 ram11 0 0 0 0 0 0 0 0 0 0 0
   1      12 ram12 0 0 0 0 0 0 0 0 0 0 0
   1      13 ram13 0 0 0 0 0 0 0 0 0 0 0
   1      14 ram14 0 0 0 0 0 0 0 0 0 0 0
   1      15 ram15 0 0 0 0 0 0 0 0 0 0 0
   7       0 loop0 0 0 0 0 0 0 0 0 0 0 0
   7       1 loop1 0 0 0 0 0 0 0 0 0 0 0
   7       2 loop2 0 0 0 0 0 0 0 0 0 0 0
   7       3 loop3 0 0 0 0 0 0 0 0 0 0 0
   7       4 loop4 0 0 0 0 0 0 0 0 0 0 0
   7       5 loop5 0 0 0 0 0 0 0 0 0 0 0
   7       6 loop6 0 0 0 0 0 0 0 0 0 0 0
   7       7 loop7 0 0 0 0 0 0 0 0 0 0 0
 253       0 zram0 36 0 288 0 1 0 8 0 0 0 0
 179       0 mmcblk0 19458 4321 4548364 17784 152 169 2488 1260 0 7776 8108
 179       1 mmcblk0p1 0 0 0 0 0 0 0 0 0 0 0
 179       2 mmcblk0p2 0 0 0 0 0 0 0 0 0 0 0
 179       3 mmcblk0p3 0 0 0 0 0 0 0 0 0 0 0
 179       4 mmcblk0p4 0 0 0 0 0 0 0 0 0 0 0
 179       5 mmcblk0p5 2168 1631 595272 5932 0 0 0 0 0 1040 1200
 179       6 mmcblk0p6 0 0 0 0 0 0 0 0 0 0 0
 179       7 mmcblk0p7 3 0 72 0 1 0 8 4 0 0 0
 179       8 mmcblk0p8 0 0 0 0 0 0 0 0 0 0 0
 179       9 mmcblk0p9 0 0 0 0 0 0 0 0 0 0 0
 179      10 mmcblk0p10 628 189 41528 944 0 0 0 0 0 148 148
 179      11 mmcblk0p11 0 0 0 0 0 0 0 0 0 0 0
 179      12 mmcblk0p12 16652 2501 3911188 10908 141 169 2480 1240 0 6640 6704
 179      13 mmcblk0p13 0 0 0 0 0 0 0 0 0 0 0
 179      14 mmcblk0p14 1 0 256 0 0 0 0 0 0 0 0
 179      15 mmcblk0p15 0 0 0 0 0 0 0 0 0 0 0
 179      96 mmcblk0rpmb 0 0 0 0 0 0 0 0 0 0 0
 179      64 mmcblk0boot1 0 0 0 0 0 0 0 0 0 0 0
 179      32 mmcblk0boot0 0 0 0 0 0 0 0 0 0 0 0
 252       0 dm-0 2317 0 582864 10688 0 0 0 0 0 2052 10692
 252       1 dm-1 625 0 39992 1588 0 0 0 0 0 1016 1588

1667
   1       0 ram0 0 0 0 0 0 0 0 0 0 0 0
   1       1 ram1 0 0 0 0 0 0 0 0 0 0 0
   1       2 ram2 0 0 0 0 0 0 0 0 0 0 0
   1       3 ram3 0 0 0 0 0 0 0 0 0 0 0
   1       4 ram4 0 0 0 0 0 0 0 0 0 0 0
   1       5 ram5 0 0 0 0 0 0 0 0 0 0 0
   1       6 ram6 0 0 0 0 0 0 0 0 0 0 0
   1       7 ram7 0 0 0 0 0 0 0 0 0 0 0
   1       8 ram8 0 0 0 0 0 0 0 0 0 0 0
   1       9 ram9 0 0 0 0 0 0 0 0 0 0 0
   1      10 ram10 0 0 0 0 0 0 0 0 0 0 0
   1      11 ram11 0 0 0 0 0 0 0 0 0 0 0
   1      12 ram12 0 0 0 0 0 0 0 0 0 0 0
   1      13 ram13 0 0 0 0 0 0 0 0 0 0 0
   1      14 ram14 0 0 0 0 0 0 0 0 0 0 0
   1      15 ram15 0 0 0 0 0 0 0 0 0 0 0
   7       0 loop0 0 0 0 0 0 0 0 0 0 0 0
   7       1 loop1 0 0 0 0 0 0 0 0 0 0 0
   7       2 loop2 0 0 0 0 0 0 0 0 0 0 0
   7       3 loop3 0 0 0 0 0 0 0 0 0 0 0
   7       4 loop4 0 0 0 0 0 0 0 0 0 0 0
   7       5 loop5 0 0 0 0 0 0 0 0 0 0 0
   7       6 loop6 0 0 0 0 0 0 0 0 0 0 0
   7       7 loop7 0 0 0 0 0 0 0 0 0 0 0
 253       0 zram0 36 0 288 0 1 0 8 0 0 0 0
 179       0 mmcblk0 19638 4321 4605588 18240 152 169 2488 1260 0 7848 8188
 179       1 mmcblk0p1 0 0 0 0 0 0 0 0 0 0 0
 179       2 mmcblk0p2 0 0 0 0 0 0 0 0 0 0 0
 179       3 mmcblk0p3 0 0 0 0 0 0 0 0 0 0 0
 179       4 mmcblk0p4 0 0 0 0 0 0 0 0 0 0 0
 179       5 mmcblk0p5 2347 1631 652488 6388 0 0 0 0 0 1112 1280
 179       6 mmcblk0p6 0 0 0 0 0 0 0 0 0 0 0
 179       7 mmcblk0p7 3 0 72 0 1 0 8 4 0 0 0
 179       8 mmcblk0p8 0 0 0 0 0 0 0 0 0 0 0
 179       9 mmcblk0p9 0 0 0 0 0 0 0 0 0 0 0
 179      10 mmcblk0p10 629 189 41536 944 0 0 0 0 0 148 148
 179      11 mmcblk0p11 0 0 0 0 0 0 0 0 0 0 0
 179      12 mmcblk0p12 16652 2501 3911188 10908 141 169 2480 1240 0 6640 6704
 179      13 mmcblk0p13 0 0 0 0 0 0 0 0 0 0 0
 179      14 mmcblk0p14 1 0 256 0 0 0 0 0 0 0 0
 179      15 mmcblk0p15 0 0 0 0 0 0 0 0 0 0 0
 179      96 mmcblk0rpmb 0 0 0 0 0 0 0 0 0 0 0
 179      64 mmcblk0boot1 0 0 0 0 0 0 0 0 0 0 0
 179      32 mmcblk0boot0 0 0 0 0 0 0 0 0 0 0 0
 252       0 dm-0 2474 0 640080 11092 0 0 0 0 0 2240 11096
 252       1 dm-1 626 0 40000 1588 0 0 0 0 0 1016 1588

1689
   1       0 ram0 0 0 0 0 0 0 0 0 0 0 0
   1       1 ram1 0 0 0 0 0 0 0 0 0 0 0
   1       2 ram2 0 0 0 0 0 0 0 0 0 0 0
   1       3 ram3 0 0 0 0 0 0 0 0 0 0 0
   1       4 ram4 0 0 0 0 0 0 0 0 0 0 0
   1       5 ram5 0 0 0 0 0 0 0 0 0 0 0
   1       6 ram6 0 0 0 0 0 0 0 0 0 0 0
   1       7 ram7 0 0 0 0 0 0 0 0 0 0 0
   1       8 ram8 0 0 0 0 0 0 0 0 0 0 0
   1       9 ram9 0 0 0 0 0 0 0 0 0 0 0
   1      10 ram10 0 0 0 0 0 0 0 0 0 0 0
   1      11 ram11 0 0 0 0 0 0 0 0 0 0 0
   1      12 ram12 0 0 0 0 0 0 0 0 0 0 0
   1      13 ram13 0 0 0 0 0 0 0 0 0 0 0
   1      14 ram14 0 0 0 0 0 0 0 0 0 0 0
   1      15 ram15 0 0 0 0 0 0 0 0 0 0 0
   7       0 loop0 0 0 0 0 0 0 0 0 0 0 0
   7       1 loop1 0 0 0 0 0 0 0 0 0 0 0
   7       2 loop2 0 0 0 0 0 0 0 0 0 0 0
   7       3 loop3 0 0 0 0 0 0 0 0 0 0 0
   7       4 loop4 0 0 0 0 0 0 0 0 0 0 0
   7       5 loop5 0 0 0 0 0 0 0 0 0 0 0
   7       6 loop6 0 0 0 0 0 0 0 0 0 0 0
   7       7 loop7 0 0 0 0 0 0 0 0 0 0 0
 253       0 zram0 36 0 288 0 1 0 8 0 0 0 0
 179       0 mmcblk0 19678 4321 4619764 18372 152 169 2488 1260 0 7868 8208
 179       1 mmcblk0p1 0 0 0 0 0 0 0 0 0 0 0
 179       2 mmcblk0p2 0 0 0 0 0 0 0 0 0 0 0
 179       3 mmcblk0p3 0 0 0 0 0 0 0 0 0 0 0
 179       4 mmcblk0p4 0 0 0 0 0 0 0 0 0 0 0
 179       5 mmcblk0p5 2385 1631 666608 6504 0 0 0 0 0 1132 1300
 179       6 mmcblk0p6 0 0 0 0 0 0 0 0 0 0 0
 179       7 mmcblk0p7 3 0 72 0 1 0 8 4 0 0 0
 179       8 mmcblk0p8 0 0 0 0 0 0 0 0 0 0 0
 179       9 mmcblk0p9 0 0 0 0 0 0 0 0 0 0 0
 179      10 mmcblk0p10 631 189 41592 960 0 0 0 0 0 148 148
 179      11 mmcblk0p11 0 0 0 0 0 0 0 0 0 0 0
 179      12 mmcblk0p12 16652 2501 3911188 10908 141 169 2480 1240 0 6640 6704
 179      13 mmcblk0p13 0 0 0 0 0 0 0 0 0 0 0
 179      14 mmcblk0p14 1 0 256 0 0 0 0 0 0 0 0
 179      15 mmcblk0p15 0 0 0 0 0 0 0 0 0 0 0
 179      96 mmcblk0rpmb 0 0 0 0 0 0 0 0 0 0 0
 179      64 mmcblk0boot1 0 0 0 0 0 0 0 0 0 0 0
 179      32 mmcblk0boot0 0 0 0 0 0 0 0 0 0 0 0
 252       0 dm-0 2506 0 654200 11192 0 0 0 0 0 2280 11196
 252       1 dm-1 628 0 40056 1604 0 0 0 0 0 1032 1604

1710
   1       0 ram0 0 0 0 0 0 0 0 0 0 0 0
   1       1 ram1 0 0 0 0 0 0 0 0 0 0 0
   1       2 ram2 0 0 0 0 0 0 0 0 0 0 0
   1       3 ram3 0 0 0 0 0 0 0 0 0 0 0
   1       4 ram4 0 0 0 0 0 0 0 0 0 0 0
   1       5 ram5 0 0 0 0 0 0 0 0 0 0 0
   1       6 ram6 0 0 0 0 0 0 0 0 0 0 0
   1       7 ram7 0 0 0 0 0 0 0 0 0 0 0
   1       8 ram8 0 0 0 0 0 0 0 0 0 0 0
   1       9 ram9 0 0 0 0 0 0 0 0 0 0 0
   1      10 ram10 0 0 0 0 0 0 0 0 0 0 0
   1      11 ram11 0 0 0 0 0 0 0 0 0 0 0
   1      12 ram12 0 0 0 0 0 0 0 0 0 0 0
   1      13 ram13 0 0 0 0 0 0 0 0 0 0 0
   1      14 ram14 0 0 0 0 0 0 0 0 0 0 0
   1      15 ram15 0 0 0 0 0 0 0 0 0 0 0
   7       0 loop0 0 0 0 0 0 0 0 0 0 0 0
   7       1 loop1 0 0 0 0 0 0 0 0 0 0 0
   7       2 loop2 0 0 0 0 0 0 0 0 0 0 0
   7       3 loop3 0 0 0 0 0 0 0 0 0 0 0
   7       4 loop4 0 0 0 0 0 0 0 0 0 0 0
   7       5 loop5 0 0 0 0 0 0 0 0 0 0 0
   7       6 loop6 0 0 0 0 0 0 0 0 0 0 0
   7       7 loop7 0 0 0 0 0 0 0 0 0 0 0
 253       0 zram0 36 0 288 0 1 0 8 0 0 0 0
 179       0 mmcblk0 19680 4321 4619796 18376 152 169 2488 1260 0 7868 8208
 179       1 mmcblk0p1 0 0 0 0 0 0 0 0 0 0 0
 179       2 mmcblk0p2 0 0 0 0 0 0 0 0 0 0 0
 179       3 mmcblk0p3 0 0 0 0 0 0 0 0 0 0 0
 179       4 mmcblk0p4 0 0 0 0 0 0 0 0 0 0 0
 179       5 mmcblk0p5 2387 1631 666640 6508 0 0 0 0 0 1132 1300
 179       6 mmcblk0p6 0 0 0 0 0 0 0 0 0 0 0
 179       7 mmcblk0p7 3 0 72 0 1 0 8 4 0 0 0
 179       8 mmcblk0p8 0 0 0 0 0 0 0 0 0 0 0
 179       9 mmcblk0p9 0 0 0 0 0 0 0 0 0 0 0
 179      10 mmcblk0p10 631 189 41592 960 0 0 0 0 0 148 148
 179      11 mmcblk0p11 0 0 0 0 0 0 0 0 0 0 0
 179      12 mmcblk0p12 16652 2501 3911188 10908 141 169 2480 1240 0 6640 6704
 179      13 mmcblk0p13 0 0 0 0 0 0 0 0 0 0 0
 179      14 mmcblk0p14 1 0 256 0 0 0 0 0 0 0 0
 179      15 mmcblk0p15 0 0 0 0 0 0 0 0 0 0 0
 179      96 mmcblk0rpmb 0 0 0 0 0 0 0 0 0 0 0
 179      64 mmcblk0boot1 0 0 0 0 0 0 0 0 0 0 0
 179      32 mmcblk0boot0 0 0 0 0 0 0 0 0 0 0 0
 252       0 dm-0 2508 0 654232 11196 0 0 0 0 0 2284 11200
 252       1 dm-1 628 0 40056 1604 0 0 0 0 0 1032 1604

1732
   1       0 ram0 0 0 0 0 0 0 0 0 0 0 0
   1       1 ram1 0 0 0 0 0 0 0 0 0 0 0
   1       2 ram2 0 0 0 0 0 0 0 0 0 0 0
   1       3 ram3 0 0 0 0 0 0 0 0 0 0 0
   1       4 ram4 0 0 0 0 0 0 0 0 0 0 0
   1       5 ram5 0 0 0 0 0 0 0 0 0 0 0
   1       6 ram6 0 0 0 0 0 0 0 0 0 0 0
   1       7 ram7 0 0 0 0 0 0 0 0 0 0 0
   1       8 ram8 0 0 0 0 0 0 0 0 0 0 0
   1       9 ram9 0 0 0 0 0 0 0 0 0 0 0
   1      10 ram10 0 0 0 0 0 0 0 0 0 0 0
   1      11 ram11 0 0 0 0 0 0 0 0 0 0 0
   1      12 ram12 0 0 0 0 0 0 0 0 0 0 0
   1      13 ram13 0 0 0 0 0 0 0 0 0 0 0
   1      14 ram14 0 0 0 0 0 0 0 0 0 0 0
   1      15 ram15 0 0 0 0 0 0 0 0 0 0 0
   7       0 loop0 0 0 0 0 0 0 0 0 0 0 0
   7       1 loop1 0 0 0 0 0 0 0 0 0 0 0
   7       2 loop2 0 0 0 0 0 0 0 0 0 0 0
   7       3 loop3 0 0 0 0 0 0 0 0 0 0 0
   7       4 loop4 0 0 0 0 0 0 0 0 0 0 0
   7       5 loop5 0 0 0 0 0 0 0 0 0 0 0
   7       6 loop6 0 0 0 0 0 0 0 0 0 0 0
   7       7 loop7 0 0 0 0 0 0 0 0 0 0 0
 253       0 zram0 36 0 288 0 1 0 8 0 0 0 0
 179       0 mmcblk0 19757 4321 4677684 18828 155 180 2600 1264 0 7964 8312
 179       1 mmcblk0p1 0 0 0 0 0 0 0 0 0 0 0
 179       2 mmcblk0p2 0 0 0 0 0 0 0 0 0 0 0
 179       3 mmcblk0p3 0 0 0 0 0 0 0 0 0 0 0
 179       4 mmcblk0p4 0 0 0 0 0 0 0 0 0 0 0
 179       5 mmcblk0p5 2463 1631 724520 6956 0 0 0 0 0 1228 1404
 179       6 mmcblk0p6 0 0 0 0 0 0 0 0 0 0 0
 179       7 mmcblk0p7 3 0 72 0 1 0 8 4 0 0 0
 179       8 mmcblk0p8 0 0 0 0 0 0 0 0 0 0 0
 179       9 mmcblk0p9 0 0 0 0 0 0 0 0 0 0 0
 179      10 mmcblk0p10 632 189 41600 964 0 0 0 0 0 148 148
 179      11 mmcblk0p11 0 0 0 0 0 0 0 0 0 0 0
 179      12 mmcblk0p12 16652 2501 3911188 10908 144 180 2592 1244 0 6640 6704
 179      13 mmcblk0p13 0 0 0 0 0 0 0 0 0 0 0
 179      14 mmcblk0p14 1 0 256 0 0 0 0 0 0 0 0
 179      15 mmcblk0p15 0 0 0 0 0 0 0 0 0 0 0
 179      96 mmcblk0rpmb 0 0 0 0 0 0 0 0 0 0 0
 179      64 mmcblk0boot1 0 0 0 0 0 0 0 0 0 0 0
 179      32 mmcblk0boot0 0 0 0 0 0 0 0 0 0 0 0
 252       0 dm-0 2557 0 712112 11536 0 0 0 0 1 2412 11544
 252       1 dm-1 629 0 40064 1608 0 0 0 0 0 1036 1608

1753
   1       0 ram0 0 0 0 0 0 0 0 0 0 0 0
   1       1 ram1 0 0 0 0 0 0 0 0 0 0 0
   1       2 ram2 0 0 0 0 0 0 0 0 0 0 0
   1       3 ram3 0 0 0 0 0 0 0 0 0 0 0
   1       4 ram4 0 0 0 0 0 0 0 0 0 0 0
   1       5 ram5 0 0 0 0 0 0 0 0 0 0 0
   1       6 ram6 0 0 0 0 0 0 0 0 0 0 0
   1       7 ram7 0 0 0 0 0 0 0 0 0 0 0
   1       8 ram8 0 0 0 0 0 0 0 0 0 0 0
   1       9 ram9 0 0 0 0 0 0 0 0 0 0 0
   1      10 ram10 0 0 0 0 0 0 0 0 0 0 0
   1      11 ram11 0 0 0 0 0 0 0 0 0 0 0
   1      12 ram12 0 0 0 0 0 0 0 0 0 0 0
   1      13 ram13 0 0 0 0 0 0 0 0 0 0 0
   1      14 ram14 0 0 0 0 0 0 0 0 0 0 0
   1      15 ram15 0 0 0 0 0 0 0 0 0 0 0
   7       0 loop0 0 0 0 0 0 0 0 0 0 0 0
   7       1 loop1 0 0 0 0 0 0 0 0 0 0 0
   7       2 loop2 0 0 0 0 0 0 0 0 0 0 0
   7       3 loop3 0 0 0 0 0 0 0 0 0 0 0
   7       4 loop4 0 0 0 0 0 0 0 0 0 0 0
   7       5 loop5 0 0 0 0 0 0 0 0 0 0 0
   7       6 loop6 0 0 0 0 0 0 0 0 0 0 0
   7       7 loop7 0 0 0 0 0 0 0 0 0 0 0
 253       0 zram0 36 0 288 0 1 0 8 0 0 0 0
 179       0 mmcblk0 19806 4321 4687076 18852 155 180 2600 1264 0 7972 8324
 179       1 mmcblk0p1 0 0 0 0 0 0 0 0 0 0 0
 179       2 mmcblk0p2 0 0 0 0 0 0 0 0 0 0 0
 179       3 mmcblk0p3 0 0 0 0 0 0 0 0 0 0 0
 179       4 mmcblk0p4 0 0 0 0 0 0 0 0 0 0 0
 179       5 mmcblk0p5 2512 1631 733912 6980 0 0 0 0 2 1236 1416
 179       6 mmcblk0p6 0 0 0 0 0 0 0 0 0 0 0
 179       7 mmcblk0p7 3 0 72 0 1 0 8 4 0 0 0
 179       8 mmcblk0p8 0 0 0 0 0 0 0 0 0 0 0
 179       9 mmcblk0p9 0 0 0 0 0 0 0 0 0 0 0
 179      10 mmcblk0p10 632 189 41600 964 0 0 0 0 0 148 148
 179      11 mmcblk0p11 0 0 0 0 0 0 0 0 0 0 0
 179      12 mmcblk0p12 16652 2501 3911188 10908 144 180 2592 1244 0 6640 6704
 179      13 mmcblk0p13 0 0 0 0 0 0 0 0 0 0 0
 179      14 mmcblk0p14 1 0 256 0 0 0 0 0 0 0 0
 179      15 mmcblk0p15 0 0 0 0 0 0 0 0 0 0 0
 179      96 mmcblk0rpmb 0 0 0 0 0 0 0 0 0 0 0
 179      64 mmcblk0boot1 0 0 0 0 0 0 0 0 0 0 0
 179      32 mmcblk0boot0 0 0 0 0 0 0 0 0 0 0 0
 252       0 dm-0 2609 0 728672 11580 0 0 0 0 5 2452 11592
 252       1 dm-1 629 0 40064 1608 0 0 0 0 0 1036 1608

1773
   1       0 ram0 0 0 0 0 0 0 0 0 0 0 0
   1       1 ram1 0 0 0 0 0 0 0 0 0 0 0
   1       2 ram2 0 0 0 0 0 0 0 0 0 0 0
   1       3 ram3 0 0 0 0 0 0 0 0 0 0 0
   1       4 ram4 0 0 0 0 0 0 0 0 0 0 0
   1       5 ram5 0 0 0 0 0 0 0 0 0 0 0
   1       6 ram6 0 0 0 0 0 0 0 0 0 0 0
   1       7 ram7 0 0 0 0 0 0 0 0 0 0 0
   1       8 ram8 0 0 0 0 0 0 0 0 0 0 0
   1       9 ram9 0 0 0 0 0 0 0 0 0 0 0
   1      10 ram10 0 0 0 0 0 0 0 0 0 0 0
   1      11 ram11 0 0 0 0 0 0 0 0 0 0 0
   1      12 ram12 0 0 0 0 0 0 0 0 0 0 0
   1      13 ram13 0 0 0 0 0 0 0 0 0 0 0
   1      14 ram14 0 0 0 0 0 0 0 0 0 0 0
   1      15 ram15 0 0 0 0 0 0 0 0 0 0 0
   7       0 loop0 0 0 0 0 0 0 0 0 0 0 0
   7       1 loop1 0 0 0 0 0 0 0 0 0 0 0
   7       2 loop2 0 0 0 0 0 0 0 0 0 0 0
   7       3 loop3 0 0 0 0 0 0 0 0 0 0 0
   7       4 loop4 0 0 0 0 0 0 0 0 0 0 0
   7       5 loop5 0 0 0 0 0 0 0 0 0 0 0
   7       6 loop6 0 0 0 0 0 0 0 0 0 0 0
   7       7 loop7 0 0 0 0 0 0 0 0 0 0 0
 253       0 zram0 36 0 288 0 1 0 8 0 0 0 0
 179       0 mmcblk0 19909 4321 4711884 19052 158 197 2880 1268 0 8004 8360
 179       1 mmcblk0p1 0 0 0 0 0 0 0 0 0 0 0
 179       2 mmcblk0p2 0 0 0 0 0 0 0 0 0 0 0
 179       3 mmcblk0p3 0 0 0 0 0 0 0 0 0 0 0
 179       4 mmcblk0p4 0 0 0 0 0 0 0 0 0 0 0
 179       5 mmcblk0p5 2551 1631 758088 7160 0 0 0 0 0 1268 1452
 179       6 mmcblk0p6 0 0 0 0 0 0 0 0 0 0 0
 179       7 mmcblk0p7 3 0 72 0 1 0 8 4 0 0 0
 179       8 mmcblk0p8 0 0 0 0 0 0 0 0 0 0 0
 179       9 mmcblk0p9 0 0 0 0 0 0 0 0 0 0 0
 179      10 mmcblk0p10 692 189 42080 984 0 0 0 0 0 148 148
 179      11 mmcblk0p11 0 0 0 0 0 0 0 0 0 0 0
 179      12 mmcblk0p12 16656 2501 3911340 10908 147 197 2872 1248 0 6640 6704
 179      13 mmcblk0p13 0 0 0 0 0 0 0 0 0 0 0
 179      14 mmcblk0p14 1 0 256 0 0 0 0 0 0 0 0
 179      15 mmcblk0p15 0 0 0 0 0 0 0 0 0 0 0
 179      96 mmcblk0rpmb 0 0 0 0 0 0 0 0 0 0 0
 179      64 mmcblk0boot1 0 0 0 0 0 0 0 0 0 0 0
 179      32 mmcblk0boot0 0 0 0 0 0 0 0 0 0 0 0
 252       0 dm-0 2632 0 745680 11748 0 0 0 0 0 2520 11752
 252       1 dm-1 689 0 40544 1632 0 0 0 0 0 1060 1632

1795
   1       0 ram0 0 0 0 0 0 0 0 0 0 0 0
   1       1 ram1 0 0 0 0 0 0 0 0 0 0 0
   1       2 ram2 0 0 0 0 0 0 0 0 0 0 0
   1       3 ram3 0 0 0 0 0 0 0 0 0 0 0
   1       4 ram4 0 0 0 0 0 0 0 0 0 0 0
   1       5 ram5 0 0 0 0 0 0 0 0 0 0 0
   1       6 ram6 0 0 0 0 0 0 0 0 0 0 0
   1       7 ram7 0 0 0 0 0 0 0 0 0 0 0
   1       8 ram8 0 0 0 0 0 0 0 0 0 0 0
   1       9 ram9 0 0 0 0 0 0 0 0 0 0 0
   1      10 ram10 0 0 0 0 0 0 0 0 0 0 0
   1      11 ram11 0 0 0 0 0 0 0 0 0 0 0
   1      12 ram12 0 0 0 0 0 0 0 0 0 0 0
   1      13 ram13 0 0 0 0 0 0 0 0 0 0 0
   1      14 ram14 0 0 0 0 0 0 0 0 0 0 0
   1      15 ram15 0 0 0 0 0 0 0 0 0 0 0
   7       0 loop0 0 0 0 0 0 0 0 0 0 0 0
   7       1 loop1 0 0 0 0 0 0 0 0 0 0 0
   7       2 loop2 0 0 0 0 0 0 0 0 0 0 0
   7       3 loop3 0 0 0 0 0 0 0 0 0 0 0
   7       4 loop4 0 0 0 0 0 0 0 0 0 0 0
   7       5 loop5 0 0 0 0 0 0 0 0 0 0 0
   7       6 loop6 0 0 0 0 0 0 0 0 0 0 0
   7       7 loop7 0 0 0 0 0 0 0 0 0 0 0
 253       0 zram0 36 0 288 0 1 0 8 0 0 0 0
 179       0 mmcblk0 19928 4350 4713316 19060 158 197 2880 1268 0 8004 8360
 179       1 mmcblk0p1 0 0 0 0 0 0 0 0 0 0 0
 179       2 mmcblk0p2 0 0 0 0 0 0 0 0 0 0 0
 179       3 mmcblk0p3 0 0 0 0 0 0 0 0 0 0 0
 179       4 mmcblk0p4 0 0 0 0 0 0 0 0 0 0 0
 179       5 mmcblk0p5 2554 1631 758568 7160 0 0 0 0 0 1268 1452
 179       6 mmcblk0p6 0 0 0 0 0 0 0 0 0 0 0
 179       7 mmcblk0p7 3 0 72 0 1 0 8 4 0 0 0
 179       8 mmcblk0p8 0 0 0 0 0 0 0 0 0 0 0
 179       9 mmcblk0p9 0 0 0 0 0 0 0 0 0 0 0
 179      10 mmcblk0p10 694 189 42096 984 0 0 0 0 0 148 148
 179      11 mmcblk0p11 0 0 0 0 0 0 0 0 0 0 0
 179      12 mmcblk0p12 16670 2530 3912276 10916 147 197 2872 1248 0 6640 6704
 179      13 mmcblk0p13 0 0 0 0 0 0 0 0 0 0 0
 179      14 mmcblk0p14 1 0 256 0 0 0 0 0 0 0 0
 179      15 mmcblk0p15 0 0 0 0 0 0 0 0 0 0 0
 179      96 mmcblk0rpmb 0 0 0 0 0 0 0 0 0 0 0
 179      64 mmcblk0boot1 0 0 0 0 0 0 0 0 0 0 0
 179      32 mmcblk0boot0 0 0 0 0 0 0 0 0 0 0 0
 252       0 dm-0 2635 0 746160 11748 0 0 0 0 0 2520 11752
 252       1 dm-1 691 0 40560 1632 0 0 0 0 0 1060 1632

1817
   1       0 ram0 0 0 0 0 0 0 0 0 0 0 0
   1       1 ram1 0 0 0 0 0 0 0 0 0 0 0
   1       2 ram2 0 0 0 0 0 0 0 0 0 0 0
   1       3 ram3 0 0 0 0 0 0 0 0 0 0 0
   1       4 ram4 0 0 0 0 0 0 0 0 0 0 0
   1       5 ram5 0 0 0 0 0 0 0 0 0 0 0
   1       6 ram6 0 0 0 0 0 0 0 0 0 0 0
   1       7 ram7 0 0 0 0 0 0 0 0 0 0 0
   1       8 ram8 0 0 0 0 0 0 0 0 0 0 0
   1       9 ram9 0 0 0 0 0 0 0 0 0 0 0
   1      10 ram10 0 0 0 0 0 0 0 0 0 0 0
   1      11 ram11 0 0 0 0 0 0 0 0 0 0 0
   1      12 ram12 0 0 0 0 0 0 0 0 0 0 0
   1      13 ram13 0 0 0 0 0 0 0 0 0 0 0
   1      14 ram14 0 0 0 0 0 0 0 0 0 0 0
   1      15 ram15 0 0 0 0 0 0 0 0 0 0 0
   7       0 loop0 0 0 0 0 0 0 0 0 0 0 0
   7       1 loop1 0 0 0 0 0 0 0 0 0 0 0
   7       2 loop2 0 0 0 0 0 0 0 0 0 0 0
   7       3 loop3 0 0 0 0 0 0 0 0 0 0 0
   7       4 loop4 0 0 0 0 0 0 0 0 0 0 0
   7       5 loop5 0 0 0 0 0 0 0 0 0 0 0
   7       6 loop6 0 0 0 0 0 0 0 0 0 0 0
   7       7 loop7 0 0 0 0 0 0 0 0 0 0 0
 253       0 zram0 36 0 288 0 1 0 8 0 0 0 0
 179       0 mmcblk0 20157 4477 4717316 19128 158 197 2880 1268 0 8016 8376
 179       1 mmcblk0p1 0 0 0 0 0 0 0 0 0 0 0
 179       2 mmcblk0p2 0 0 0 0 0 0 0 0 0 0 0
 179       3 mmcblk0p3 0 0 0 0 0 0 0 0 0 0 0
 179       4 mmcblk0p4 0 0 0 0 0 0 0 0 0 0 0
 179       5 mmcblk0p5 2622 1757 760120 7196 0 0 0 0 0 1276 1460
 179       6 mmcblk0p6 0 0 0 0 0 0 0 0 0 0 0
 179       7 mmcblk0p7 3 0 72 0 1 0 8 4 0 0 0
 179       8 mmcblk0p8 0 0 0 0 0 0 0 0 0 0 0
 179       9 mmcblk0p9 0 0 0 0 0 0 0 0 0 0 0
 179      10 mmcblk0p10 710 189 42224 988 0 0 0 0 0 148 148
 179      11 mmcblk0p11 0 0 0 0 0 0 0 0 0 0 0
 179      12 mmcblk0p12 16816 2531 3914596 10944 147 197 2872 1248 0 6640 6704
 179      13 mmcblk0p13 0 0 0 0 0 0 0 0 0 0 0
 179      14 mmcblk0p14 1 0 256 0 0 0 0 0 0 0 0
 179      15 mmcblk0p15 0 0 0 0 0 0 0 0 0 0 0
 179      96 mmcblk0rpmb 0 0 0 0 0 0 0 0 0 0 0
 179      64 mmcblk0boot1 0 0 0 0 0 0 0 0 0 0 0
 179      32 mmcblk0boot0 0 0 0 0 0 0 0 0 0 0 0
 252       0 dm-0 2701 0 746688 11784 0 0 0 0 0 2556 11788
 252       1 dm-1 707 0 40688 1636 0 0 0 0 0 1064 1636

1838
   1       0 ram0 0 0 0 0 0 0 0 0 0 0 0
   1       1 ram1 0 0 0 0 0 0 0 0 0 0 0
   1       2 ram2 0 0 0 0 0 0 0 0 0 0 0
   1       3 ram3 0 0 0 0 0 0 0 0 0 0 0
   1       4 ram4 0 0 0 0 0 0 0 0 0 0 0
   1       5 ram5 0 0 0 0 0 0 0 0 0 0 0
   1       6 ram6 0 0 0 0 0 0 0 0 0 0 0
   1       7 ram7 0 0 0 0 0 0 0 0 0 0 0
   1       8 ram8 0 0 0 0 0 0 0 0 0 0 0
   1       9 ram9 0 0 0 0 0 0 0 0 0 0 0
   1      10 ram10 0 0 0 0 0 0 0 0 0 0 0
   1      11 ram11 0 0 0 0 0 0 0 0 0 0 0
   1      12 ram12 0 0 0 0 0 0 0 0 0 0 0
   1      13 ram13 0 0 0 0 0 0 0 0 0 0 0
   1      14 ram14 0 0 0 0 0 0 0 0 0 0 0
   1      15 ram15 0 0 0 0 0 0 0 0 0 0 0
   7       0 loop0 0 0 0 0 0 0 0 0 0 0 0
   7       1 loop1 0 0 0 0 0 0 0 0 0 0 0
   7       2 loop2 0 0 0 0 0 0 0 0 0 0 0
   7       3 loop3 0 0 0 0 0 0 0 0 0 0 0
   7       4 loop4 0 0 0 0 0 0 0 0 0 0 0
   7       5 loop5 0 0 0 0 0 0 0 0 0 0 0
   7       6 loop6 0 0 0 0 0 0 0 0 0 0 0
   7       7 loop7 0 0 0 0 0 0 0 0 0 0 0
 253       0 zram0 36 0 288 0 1 0 8 0 0 0 0
 179       0 mmcblk0 20343 4477 4718796 19192 174 258 4096 1300 0 8040 8400
 179       1 mmcblk0p1 0 0 0 0 0 0 0 0 0 0 0
 179       2 mmcblk0p2 0 0 0 0 0 0 0 0 0 0 0
 179       3 mmcblk0p3 0 0 0 0 0 0 0 0 0 0 0
 179       4 mmcblk0p4 0 0 0 0 0 0 0 0 0 0 0
 179       5 mmcblk0p5 2622 1757 760120 7196 0 0 0 0 0 1276 1460
 179       6 mmcblk0p6 0 0 0 0 0 0 0 0 0 0 0
 179       7 mmcblk0p7 3 0 72 0 1 0 8 4 0 0 0
 179       8 mmcblk0p8 0 0 0 0 0 0 0 0 0 0 0
 179       9 mmcblk0p9 0 0 0 0 0 0 0 0 0 0 0
 179      10 mmcblk0p10 710 189 42224 988 0 0 0 0 0 148 148
 179      11 mmcblk0p11 0 0 0 0 0 0 0 0 0 0 0
 179      12 mmcblk0p12 17001 2531 3916076 11008 162 258 4088 1280 0 6656 6720
 179      13 mmcblk0p13 0 0 0 0 0 0 0 0 0 0 0
 179      14 mmcblk0p14 1 0 256 0 0 0 0 0 0 0 0
 179      15 mmcblk0p15 0 0 0 0 0 0 0 0 0 0 0
 179      96 mmcblk0rpmb 0 0 0 0 0 0 0 0 0 0 0
 179      64 mmcblk0boot1 0 0 0 0 0 0 0 0 0 0 0
 179      32 mmcblk0boot0 0 0 0 0 0 0 0 0 0 0 0
 252       0 dm-0 2701 0 746688 11784 0 0 0 0 0 2556 11788
 252       1 dm-1 707 0 40688 1636 0 0 0 0 0 1064 1636

1859
   1       0 ram0 0 0 0 0 0 0 0 0 0 0 0
   1       1 ram1 0 0 0 0 0 0 0 0 0 0 0
   1       2 ram2 0 0 0 0 0 0 0 0 0 0 0
   1       3 ram3 0 0 0 0 0 0 0 0 0 0 0
   1       4 ram4 0 0 0 0 0 0 0 0 0 0 0
   1       5 ram5 0 0 0 0 0 0 0 0 0 0 0
   1       6 ram6 0 0 0 0 0 0 0 0 0 0 0
   1       7 ram7 0 0 0 0 0 0 0 0 0 0 0
   1       8 ram8 0 0 0 0 0 0 0 0 0 0 0
   1       9 ram9 0 0 0 0 0 0 0 0 0 0 0
   1      10 ram10 0 0 0 0 0 0 0 0 0 0 0
   1      11 ram11 0 0 0 0 0 0 0 0 0 0 0
   1      12 ram12 0 0 0 0 0 0 0 0 0 0 0
   1      13 ram13 0 0 0 0 0 0 0 0 0 0 0
   1      14 ram14 0 0 0 0 0 0 0 0 0 0 0
   1      15 ram15 0 0 0 0 0 0 0 0 0 0 0
   7       0 loop0 0 0 0 0 0 0 0 0 0 0 0
   7       1 loop1 0 0 0 0 0 0 0 0 0 0 0
   7       2 loop2 0 0 0 0 0 0 0 0 0 0 0
   7       3 loop3 0 0 0 0 0 0 0 0 0 0 0
   7       4 loop4 0 0 0 0 0 0 0 0 0 0 0
   7       5 loop5 0 0 0 0 0 0 0 0 0 0 0
   7       6 loop6 0 0 0 0 0 0 0 0 0 0 0
   7       7 loop7 0 0 0 0 0 0 0 0 0 0 0
 253       0 zram0 36 0 288 0 1 0 8 0 0 0 0
 179       0 mmcblk0 20392 4477 4721068 19204 181 293 4440 1308 0 8040 8400
 179       1 mmcblk0p1 0 0 0 0 0 0 0 0 0 0 0
 179       2 mmcblk0p2 0 0 0 0 0 0 0 0 0 0 0
 179       3 mmcblk0p3 0 0 0 0 0 0 0 0 0 0 0
 179       4 mmcblk0p4 0 0 0 0 0 0 0 0 0 0 0
 179       5 mmcblk0p5 2638 1757 762048 7200 0 0 0 0 0 1276 1460
 179       6 mmcblk0p6 0 0 0 0 0 0 0 0 0 0 0
 179       7 mmcblk0p7 3 0 72 0 1 0 8 4 0 0 0
 179       8 mmcblk0p8 0 0 0 0 0 0 0 0 0 0 0
 179       9 mmcblk0p9 0 0 0 0 0 0 0 0 0 0 0
 179      10 mmcblk0p10 718 189 42336 988 0 0 0 0 0 148 148
 179      11 mmcblk0p11 0 0 0 0 0 0 0 0 0 0 0
 179      12 mmcblk0p12 17026 2531 3916308 11016 169 293 4432 1288 0 6656 6720
 179      13 mmcblk0p13 0 0 0 0 0 0 0 0 0 0 0
 179      14 mmcblk0p14 1 0 256 0 0 0 0 0 0 0 0
 179      15 mmcblk0p15 0 0 0 0 0 0 0 0 0 0 0
 179      96 mmcblk0rpmb 0 0 0 0 0 0 0 0 0 0 0
 179      64 mmcblk0boot1 0 0 0 0 0 0 0 0 0 0 0
 179      32 mmcblk0boot0 0 0 0 0 0 0 0 0 0 0 0
 252       0 dm-0 2717 0 748616 11796 0 0 0 0 0 2568 11800
 252       1 dm-1 715 0 40800 1640 0 0 0 0 0 1068 1640

1882
   1       0 ram0 0 0 0 0 0 0 0 0 0 0 0
   1       1 ram1 0 0 0 0 0 0 0 0 0 0 0
   1       2 ram2 0 0 0 0 0 0 0 0 0 0 0
   1       3 ram3 0 0 0 0 0 0 0 0 0 0 0
   1       4 ram4 0 0 0 0 0 0 0 0 0 0 0
   1       5 ram5 0 0 0 0 0 0 0 0 0 0 0
   1       6 ram6 0 0 0 0 0 0 0 0 0 0 0
   1       7 ram7 0 0 0 0 0 0 0 0 0 0 0
   1       8 ram8 0 0 0 0 0 0 0 0 0 0 0
   1       9 ram9 0 0 0 0 0 0 0 0 0 0 0
   1      10 ram10 0 0 0 0 0 0 0 0 0 0 0
   1      11 ram11 0 0 0 0 0 0 0 0 0 0 0
   1      12 ram12 0 0 0 0 0 0 0 0 0 0 0
   1      13 ram13 0 0 0 0 0 0 0 0 0 0 0
   1      14 ram14 0 0 0 0 0 0 0 0 0 0 0
   1      15 ram15 0 0 0 0 0 0 0 0 0 0 0
   7       0 loop0 0 0 0 0 0 0 0 0 0 0 0
   7       1 loop1 0 0 0 0 0 0 0 0 0 0 0
   7       2 loop2 0 0 0 0 0 0 0 0 0 0 0
   7       3 loop3 0 0 0 0 0 0 0 0 0 0 0
   7       4 loop4 0 0 0 0 0 0 0 0 0 0 0
   7       5 loop5 0 0 0 0 0 0 0 0 0 0 0
   7       6 loop6 0 0 0 0 0 0 0 0 0 0 0
   7       7 loop7 0 0 0 0 0 0 0 0 0 0 0
 253       0 zram0 36 0 288 0 1 0 8 0 0 0 0
 179       0 mmcblk0 20413 4477 4727436 19240 262 310 6632 1652 0 8060 8424
 179       1 mmcblk0p1 0 0 0 0 0 0 0 0 0 0 0
 179       2 mmcblk0p2 0 0 0 0 0 0 0 0 0 0 0
 179       3 mmcblk0p3 0 0 0 0 0 0 0 0 0 0 0
 179       4 mmcblk0p4 0 0 0 0 0 0 0 0 0 0 0
 179       5 mmcblk0p5 2641 1757 764232 7208 0 0 0 0 2 1280 1464
 179       6 mmcblk0p6 0 0 0 0 0 0 0 0 0 0 0
 179       7 mmcblk0p7 3 0 72 0 1 0 8 4 0 0 0
 179       8 mmcblk0p8 0 0 0 0 0 0 0 0 0 0 0
 179       9 mmcblk0p9 14 0 4128 24 3 0 24 0 0 0 0
 179      10 mmcblk0p10 719 189 42368 988 0 0 0 0 0 148 148
 179      11 mmcblk0p11 0 0 0 0 0 0 0 0 0 0 0
 179      12 mmcblk0p12 17029 2531 3916332 11020 247 310 6600 1632 0 6672 6740
 179      13 mmcblk0p13 0 0 0 0 0 0 0 0 0 0 0
 179      14 mmcblk0p14 1 0 256 0 0 0 0 0 0 0 0
 179      15 mmcblk0p15 0 0 0 0 0 0 0 0 0 0 0
 179      96 mmcblk0rpmb 0 0 0 0 0 0 0 0 0 0 0
 179      64 mmcblk0boot1 0 0 0 0 0 0 0 0 0 0 0
 179      32 mmcblk0boot0 0 0 0 0 0 0 0 0 0 0 0
 252       0 dm-0 2721 0 753032 11796 0 0 0 0 3 2572 11812
 252       1 dm-1 716 0 40832 1640 0 0 0 0 0 1068 1640

1905
   1       0 ram0 0 0 0 0 0 0 0 0 0 0 0
   1       1 ram1 0 0 0 0 0 0 0 0 0 0 0
   1       2 ram2 0 0 0 0 0 0 0 0 0 0 0
   1       3 ram3 0 0 0 0 0 0 0 0 0 0 0
   1       4 ram4 0 0 0 0 0 0 0 0 0 0 0
   1       5 ram5 0 0 0 0 0 0 0 0 0 0 0
   1       6 ram6 0 0 0 0 0 0 0 0 0 0 0
   1       7 ram7 0 0 0 0 0 0 0 0 0 0 0
   1       8 ram8 0 0 0 0 0 0 0 0 0 0 0
   1       9 ram9 0 0 0 0 0 0 0 0 0 0 0
   1      10 ram10 0 0 0 0 0 0 0 0 0 0 0
   1      11 ram11 0 0 0 0 0 0 0 0 0 0 0
   1      12 ram12 0 0 0 0 0 0 0 0 0 0 0
   1      13 ram13 0 0 0 0 0 0 0 0 0 0 0
   1      14 ram14 0 0 0 0 0 0 0 0 0 0 0
   1      15 ram15 0 0 0 0 0 0 0 0 0 0 0
   7       0 loop0 0 0 0 0 0 0 0 0 0 0 0
   7       1 loop1 0 0 0 0 0 0 0 0 0 0 0
   7       2 loop2 0 0 0 0 0 0 0 0 0 0 0
   7       3 loop3 0 0 0 0 0 0 0 0 0 0 0
   7       4 loop4 0 0 0 0 0 0 0 0 0 0 0
   7       5 loop5 0 0 0 0 0 0 0 0 0 0 0
   7       6 loop6 0 0 0 0 0 0 0 0 0 0 0
   7       7 loop7 0 0 0 0 0 0 0 0 0 0 0
 253       0 zram0 36 0 288 0 1 0 8 0 0 0 0
 179       0 mmcblk0 20452 4477 4731572 19284 265 336 6864 1656 0 8068 8432
 179       1 mmcblk0p1 0 0 0 0 0 0 0 0 0 0 0
 179       2 mmcblk0p2 0 0 0 0 0 0 0 0 0 0 0
 179       3 mmcblk0p3 0 0 0 0 0 0 0 0 0 0 0
 179       4 mmcblk0p4 0 0 0 0 0 0 0 0 0 0 0
 179       5 mmcblk0p5 2652 1757 766688 7236 0 0 0 0 0 1284 1468
 179       6 mmcblk0p6 0 0 0 0 0 0 0 0 0 0 0
 179       7 mmcblk0p7 3 0 72 0 1 0 8 4 0 0 0
 179       8 mmcblk0p8 0 0 0 0 0 0 0 0 0 0 0
 179       9 mmcblk0p9 14 0 4128 24 3 0 24 0 0 0 0
 179      10 mmcblk0p10 745 189 44016 1000 0 0 0 0 0 148 148
 179      11 mmcblk0p11 0 0 0 0 0 0 0 0 0 0 0
 179      12 mmcblk0p12 17031 2531 3916364 11024 250 336 6832 1636 0 6672 6740
 179      13 mmcblk0p13 0 0 0 0 0 0 0 0 0 0 0
 179      14 mmcblk0p14 1 0 256 0 0 0 0 0 0 0 0
 179      15 mmcblk0p15 0 0 0 0 0 0 0 0 0 0 0
 179      96 mmcblk0rpmb 0 0 0 0 0 0 0 0 0 0 0
 179      64 mmcblk0boot1 0 0 0 0 0 0 0 0 0 0 0
 179      32 mmcblk0boot0 0 0 0 0 0 0 0 0 0 0 0
 252       0 dm-0 2729 0 753256 11836 0 0 0 0 0 2588 11840
 252       1 dm-1 743 0 42616 1668 0 0 0 0 1 1092 1668

1927
   1       0 ram0 0 0 0 0 0 0 0 0 0 0 0
   1       1 ram1 0 0 0 0 0 0 0 0 0 0 0
   1       2 ram2 0 0 0 0 0 0 0 0 0 0 0
   1       3 ram3 0 0 0 0 0 0 0 0 0 0 0
   1       4 ram4 0 0 0 0 0 0 0 0 0 0 0
   1       5 ram5 0 0 0 0 0 0 0 0 0 0 0
   1       6 ram6 0 0 0 0 0 0 0 0 0 0 0
   1       7 ram7 0 0 0 0 0 0 0 0 0 0 0
   1       8 ram8 0 0 0 0 0 0 0 0 0 0 0
   1       9 ram9 0 0 0 0 0 0 0 0 0 0 0
   1      10 ram10 0 0 0 0 0 0 0 0 0 0 0
   1      11 ram11 0 0 0 0 0 0 0 0 0 0 0
   1      12 ram12 0 0 0 0 0 0 0 0 0 0 0
   1      13 ram13 0 0 0 0 0 0 0 0 0 0 0
   1      14 ram14 0 0 0 0 0 0 0 0 0 0 0
   1      15 ram15 0 0 0 0 0 0 0 0 0 0 0
   7       0 loop0 0 0 0 0 0 0 0 0 0 0 0
   7       1 loop1 0 0 0 0 0 0 0 0 0 0 0
   7       2 loop2 0 0 0 0 0 0 0 0 0 0 0
   7       3 loop3 0 0 0 0 0 0 0 0 0 0 0
   7       4 loop4 0 0 0 0 0 0 0 0 0 0 0
   7       5 loop5 0 0 0 0 0 0 0 0 0 0 0
   7       6 loop6 0 0 0 0 0 0 0 0 0 0 0
   7       7 loop7 0 0 0 0 0 0 0 0 0 0 0
 253       0 zram0 36 0 288 0 1 0 8 0 0 0 0
 179       0 mmcblk0 20486 4477 4734468 19308 265 336 6864 1656 0 8072 8436
 179       1 mmcblk0p1 0 0 0 0 0 0 0 0 0 0 0
 179       2 mmcblk0p2 0 0 0 0 0 0 0 0 0 0 0
 179       3 mmcblk0p3 0 0 0 0 0 0 0 0 0 0 0
 179       4 mmcblk0p4 0 0 0 0 0 0 0 0 0 0 0
 179       5 mmcblk0p5 2660 1757 766768 7236 0 0 0 0 0 1284 1468
 179       6 mmcblk0p6 0 0 0 0 0 0 0 0 0 0 0
 179       7 mmcblk0p7 3 0 72 0 1 0 8 4 0 0 0
 179       8 mmcblk0p8 0 0 0 0 0 0 0 0 0 0 0
 179       9 mmcblk0p9 14 0 4128 24 3 0 24 0 0 0 0
 179      10 mmcblk0p10 763 189 46752 1016 0 0 0 0 0 148 148
 179      11 mmcblk0p11 0 0 0 0 0 0 0 0 0 0 0
 179      12 mmcblk0p12 17039 2531 3916444 11032 250 336 6832 1636 0 6676 6744
 179      13 mmcblk0p13 0 0 0 0 0 0 0 0 0 0 0
 179      14 mmcblk0p14 1 0 256 0 0 0 0 0 0 0 0
 179      15 mmcblk0p15 0 0 0 0 0 0 0 0 0 0 0
 179      96 mmcblk0rpmb 0 0 0 0 0 0 0 0 0 0 0
 179      64 mmcblk0boot1 0 0 0 0 0 0 0 0 0 0 0
 179      32 mmcblk0boot0 0 0 0 0 0 0 0 0 0 0 0
 252       0 dm-0 2737 0 753336 11836 0 0 0 0 0 2588 11840
 252       1 dm-1 760 0 45216 1696 0 0 0 0 0 1120 1696

1950
   1       0 ram0 0 0 0 0 0 0 0 0 0 0 0
   1       1 ram1 0 0 0 0 0 0 0 0 0 0 0
   1       2 ram2 0 0 0 0 0 0 0 0 0 0 0
   1       3 ram3 0 0 0 0 0 0 0 0 0 0 0
   1       4 ram4 0 0 0 0 0 0 0 0 0 0 0
   1       5 ram5 0 0 0 0 0 0 0 0 0 0 0
   1       6 ram6 0 0 0 0 0 0 0 0 0 0 0
   1       7 ram7 0 0 0 0 0 0 0 0 0 0 0
   1       8 ram8 0 0 0 0 0 0 0 0 0 0 0
   1       9 ram9 0 0 0 0 0 0 0 0 0 0 0
   1      10 ram10 0 0 0 0 0 0 0 0 0 0 0
   1      11 ram11 0 0 0 0 0 0 0 0 0 0 0
   1      12 ram12 0 0 0 0 0 0 0 0 0 0 0
   1      13 ram13 0 0 0 0 0 0 0 0 0 0 0
   1      14 ram14 0 0 0 0 0 0 0 0 0 0 0
   1      15 ram15 0 0 0 0 0 0 0 0 0 0 0
   7       0 loop0 0 0 0 0 0 0 0 0 0 0 0
   7       1 loop1 0 0 0 0 0 0 0 0 0 0 0
   7       2 loop2 0 0 0 0 0 0 0 0 0 0 0
   7       3 loop3 0 0 0 0 0 0 0 0 0 0 0
   7       4 loop4 0 0 0 0 0 0 0 0 0 0 0
   7       5 loop5 0 0 0 0 0 0 0 0 0 0 0
   7       6 loop6 0 0 0 0 0 0 0 0 0 0 0
   7       7 loop7 0 0 0 0 0 0 0 0 0 0 0
 253       0 zram0 36 0 288 0 1 0 8 0 0 0 0
 179       0 mmcblk0 20562 4477 4777172 19632 274 377 7264 1668 0 8144 8524
 179       1 mmcblk0p1 0 0 0 0 0 0 0 0 0 0 0
 179       2 mmcblk0p2 0 0 0 0 0 0 0 0 0 0 0
 179       3 mmcblk0p3 0 0 0 0 0 0 0 0 0 0 0
 179       4 mmcblk0p4 0 0 0 0 0 0 0 0 0 0 0
 179       5 mmcblk0p5 2723 1757 809368 7556 0 0 0 0 0 1356 1556
 179       6 mmcblk0p6 0 0 0 0 0 0 0 0 0 0 0
 179       7 mmcblk0p7 3 0 72 0 1 0 8 4 0 0 0
 179       8 mmcblk0p8 0 0 0 0 0 0 0 0 0 0 0
 179       9 mmcblk0p9 14 0 4128 24 3 0 24 0 0 0 0
 179      10 mmcblk0p10 763 189 46752 1016 0 0 0 0 0 148 148
 179      11 mmcblk0p11 0 0 0 0 0 0 0 0 0 0 0
 179      12 mmcblk0p12 17052 2531 3916548 11036 259 377 7232 1648 0 6676 6744
 179      13 mmcblk0p13 0 0 0 0 0 0 0 0 0 0 0
 179      14 mmcblk0p14 1 0 256 0 0 0 0 0 0 0 0
 179      15 mmcblk0p15 0 0 0 0 0 0 0 0 0 0 0
 179      96 mmcblk0rpmb 0 0 0 0 0 0 0 0 0 0 0
 179      64 mmcblk0boot1 0 0 0 0 0 0 0 0 0 0 0
 179      32 mmcblk0boot0 0 0 0 0 0 0 0 0 0 0 0
 252       0 dm-0 2779 0 795936 12124 0 0 0 0 0 2696 12128
 252       1 dm-1 760 0 45216 1696 0 0 0 0 0 1120 1696

1973
   1       0 ram0 0 0 0 0 0 0 0 0 0 0 0
   1       1 ram1 0 0 0 0 0 0 0 0 0 0 0
   1       2 ram2 0 0 0 0 0 0 0 0 0 0 0
   1       3 ram3 0 0 0 0 0 0 0 0 0 0 0
   1       4 ram4 0 0 0 0 0 0 0 0 0 0 0
   1       5 ram5 0 0 0 0 0 0 0 0 0 0 0
   1       6 ram6 0 0 0 0 0 0 0 0 0 0 0
   1       7 ram7 0 0 0 0 0 0 0 0 0 0 0
   1       8 ram8 0 0 0 0 0 0 0 0 0 0 0
   1       9 ram9 0 0 0 0 0 0 0 0 0 0 0
   1      10 ram10 0 0 0 0 0 0 0 0 0 0 0
   1      11 ram11 0 0 0 0 0 0 0 0 0 0 0
   1      12 ram12 0 0 0 0 0 0 0 0 0 0 0
   1      13 ram13 0 0 0 0 0 0 0 0 0 0 0
   1      14 ram14 0 0 0 0 0 0 0 0 0 0 0
   1      15 ram15 0 0 0 0 0 0 0 0 0 0 0
   7       0 loop0 0 0 0 0 0 0 0 0 0 0 0
   7       1 loop1 0 0 0 0 0 0 0 0 0 0 0
   7       2 loop2 0 0 0 0 0 0 0 0 0 0 0
   7       3 loop3 0 0 0 0 0 0 0 0 0 0 0
   7       4 loop4 0 0 0 0 0 0 0 0 0 0 0
   7       5 loop5 0 0 0 0 0 0 0 0 0 0 0
   7       6 loop6 0 0 0 0 0 0 0 0 0 0 0
   7       7 loop7 0 0 0 0 0 0 0 0 0 0 0
 253       0 zram0 36 0 288 0 1 0 8 0 0 0 0
 179       0 mmcblk0 20679 4601 4798252 19776 283 422 7720 1684 0 8184 8568
 179       1 mmcblk0p1 0 0 0 0 0 0 0 0 0 0 0
 179       2 mmcblk0p2 0 0 0 0 0 0 0 0 0 0 0
 179       3 mmcblk0p3 0 0 0 0 0 0 0 0 0 0 0
 179       4 mmcblk0p4 0 0 0 0 0 0 0 0 0 0 0
 179       5 mmcblk0p5 2799 1881 828856 7680 0 0 0 0 2 1392 1596
 179       6 mmcblk0p6 0 0 0 0 0 0 0 0 0 0 0
 179       7 mmcblk0p7 3 0 72 0 1 0 8 4 0 0 0
 179       8 mmcblk0p8 0 0 0 0 0 0 0 0 0 0 0
 179       9 mmcblk0p9 14 0 4128 24 3 0 24 0 0 0 0
 179      10 mmcblk0p10 798 189 48296 1032 0 0 0 0 0 148 148
 179      11 mmcblk0p11 0 0 0 0 0 0 0 0 0 0 0
 179      12 mmcblk0p12 17058 2531 3916596 11040 268 422 7688 1664 0 6680 6748
 179      13 mmcblk0p13 0 0 0 0 0 0 0 0 0 0 0
 179      14 mmcblk0p14 1 0 256 0 0 0 0 0 0 0 0
 179      15 mmcblk0p15 0 0 0 0 0 0 0 0 0 0 0
 179      96 mmcblk0rpmb 0 0 0 0 0 0 0 0 0 0 0
 179      64 mmcblk0boot1 0 0 0 0 0 0 0 0 0 0 0
 179      32 mmcblk0boot0 0 0 0 0 0 0 0 0 0 0 0
 252       0 dm-0 2847 0 819032 12272 0 0 0 0 3 2784 12288
 252       1 dm-1 795 0 46760 1716 0 0 0 0 0 1140 1716

1995
   1       0 ram0 0 0 0 0 0 0 0 0 0 0 0
   1       1 ram1 0 0 0 0 0 0 0 0 0 0 0
   1       2 ram2 0 0 0 0 0 0 0 0 0 0 0
   1       3 ram3 0 0 0 0 0 0 0 0 0 0 0
   1       4 ram4 0 0 0 0 0 0 0 0 0 0 0
   1       5 ram5 0 0 0 0 0 0 0 0 0 0 0
   1       6 ram6 0 0 0 0 0 0 0 0 0 0 0
   1       7 ram7 0 0 0 0 0 0 0 0 0 0 0
   1       8 ram8 0 0 0 0 0 0 0 0 0 0 0
   1       9 ram9 0 0 0 0 0 0 0 0 0 0 0
   1      10 ram10 0 0 0 0 0 0 0 0 0 0 0
   1      11 ram11 0 0 0 0 0 0 0 0 0 0 0
   1      12 ram12 0 0 0 0 0 0 0 0 0 0 0
   1      13 ram13 0 0 0 0 0 0 0 0 0 0 0
   1      14 ram14 0 0 0 0 0 0 0 0 0 0 0
   1      15 ram15 0 0 0 0 0 0 0 0 0 0 0
   7       0 loop0 0 0 0 0 0 0 0 0 0 0 0
   7       1 loop1 0 0 0 0 0 0 0 0 0 0 0
   7       2 loop2 0 0 0 0 0 0 0 0 0 0 0
   7       3 loop3 0 0 0 0 0 0 0 0 0 0 0
   7       4 loop4 0 0 0 0 0 0 0 0 0 0 0
   7       5 loop5 0 0 0 0 0 0 0 0 0 0 0
   7       6 loop6 0 0 0 0 0 0 0 0 0 0 0
   7       7 loop7 0 0 0 0 0 0 0 0 0 0 0
 253       0 zram0 36 0 288 0 1 0 8 0 0 0 0
 179       0 mmcblk0 20827 4633 4906844 21496 286 447 7944 1744 0 8376 8796
 179       1 mmcblk0p1 0 0 0 0 0 0 0 0 0 0 0
 179       2 mmcblk0p2 0 0 0 0 0 0 0 0 0 0 0
 179       3 mmcblk0p3 0 0 0 0 0 0 0 0 0 0 0
 179       4 mmcblk0p4 0 0 0 0 0 0 0 0 0 0 0
 179       5 mmcblk0p5 2935 1913 937128 9376 0 0 0 0 2 1580 1816
 179       6 mmcblk0p6 0 0 0 0 0 0 0 0 0 0 0
 179       7 mmcblk0p7 3 0 72 0 1 0 8 4 0 0 0
 179       8 mmcblk0p8 0 0 0 0 0 0 0 0 0 0 0
 179       9 mmcblk0p9 14 0 4128 24 3 0 24 0 0 0 0
 179      10 mmcblk0p10 808 189 48600 1052 0 0 0 0 0 148 148
 179      11 mmcblk0p11 0 0 0 0 0 0 0 0 0 0 0
 179      12 mmcblk0p12 17060 2531 3916612 11044 271 447 7912 1724 0 6684 6752
 179      13 mmcblk0p13 0 0 0 0 0 0 0 0 0 0 0
 179      14 mmcblk0p14 1 0 256 0 0 0 0 0 0 0 0
 179      15 mmcblk0p15 0 0 0 0 0 0 0 0 0 0 0
 179      96 mmcblk0rpmb 0 0 0 0 0 0 0 0 0 0 0
 179      64 mmcblk0boot1 0 0 0 0 0 0 0 0 0 0 0
 179      32 mmcblk0boot0 0 0 0 0 0 0 0 0 0 0 0
 252       0 dm-0 2935 0 934152 13516 0 0 0 0 10 2996 13640
 252       1 dm-1 805 0 47064 1744 0 0 0 0 0 1168 1744

2019
   1       0 ram0 0 0 0 0 0 0 0 0 0 0 0
   1       1 ram1 0 0 0 0 0 0 0 0 0 0 0
   1       2 ram2 0 0 0 0 0 0 0 0 0 0 0
   1       3 ram3 0 0 0 0 0 0 0 0 0 0 0
   1       4 ram4 0 0 0 0 0 0 0 0 0 0 0
   1       5 ram5 0 0 0 0 0 0 0 0 0 0 0
   1       6 ram6 0 0 0 0 0 0 0 0 0 0 0
   1       7 ram7 0 0 0 0 0 0 0 0 0 0 0
   1       8 ram8 0 0 0 0 0 0 0 0 0 0 0
   1       9 ram9 0 0 0 0 0 0 0 0 0 0 0
   1      10 ram10 0 0 0 0 0 0 0 0 0 0 0
   1      11 ram11 0 0 0 0 0 0 0 0 0 0 0
   1      12 ram12 0 0 0 0 0 0 0 0 0 0 0
   1      13 ram13 0 0 0 0 0 0 0 0 0 0 0
   1      14 ram14 0 0 0 0 0 0 0 0 0 0 0
   1      15 ram15 0 0 0 0 0 0 0 0 0 0 0
   7       0 loop0 0 0 0 0 0 0 0 0 0 0 0
   7       1 loop1 0 0 0 0 0 0 0 0 0 0 0
   7       2 loop2 0 0 0 0 0 0 0 0 0 0 0
   7       3 loop3 0 0 0 0 0 0 0 0 0 0 0
   7       4 loop4 0 0 0 0 0 0 0 0 0 0 0
   7       5 loop5 0 0 0 0 0 0 0 0 0 0 0
   7       6 loop6 0 0 0 0 0 0 0 0 0 0 0
   7       7 loop7 0 0 0 0 0 0 0 0 0 0 0
 253       0 zram0 36 0 288 0 1 0 8 0 0 0 0
 179       0 mmcblk0 20902 4633 4940172 22024 289 465 8112 1752 0 8432 8852
 179       1 mmcblk0p1 0 0 0 0 0 0 0 0 0 0 0
 179       2 mmcblk0p2 0 0 0 0 0 0 0 0 0 0 0
 179       3 mmcblk0p3 0 0 0 0 0 0 0 0 0 0 0
 179       4 mmcblk0p4 0 0 0 0 0 0 0 0 0 0 0
 179       5 mmcblk0p5 3000 1913 970280 9880 0 0 0 0 0 1636 1872
 179       6 mmcblk0p6 0 0 0 0 0 0 0 0 0 0 0
 179       7 mmcblk0p7 3 0 72 0 1 0 8 4 0 0 0
 179       8 mmcblk0p8 0 0 0 0 0 0 0 0 0 0 0
 179       9 mmcblk0p9 14 0 4128 24 3 0 24 0 0 0 0
 179      10 mmcblk0p10 813 189 48736 1056 0 0 0 0 0 148 148
 179      11 mmcblk0p11 0 0 0 0 0 0 0 0 0 0 0
 179      12 mmcblk0p12 17065 2531 3916652 11064 274 465 8080 1732 0 6684 6752
 179      13 mmcblk0p13 0 0 0 0 0 0 0 0 0 0 0
 179      14 mmcblk0p14 1 0 256 0 0 0 0 0 0 0 0
 179      15 mmcblk0p15 0 0 0 0 0 0 0 0 0 0 0
 179      96 mmcblk0rpmb 0 0 0 0 0 0 0 0 0 0 0
 179      64 mmcblk0boot1 0 0 0 0 0 0 0 0 0 0 0
 179      32 mmcblk0boot0 0 0 0 0 0 0 0 0 0 0 0
 252       0 dm-0 2979 0 955304 13968 0 0 0 0 0 3084 13972
 252       1 dm-1 810 0 47200 1752 0 0 0 0 0 1176 1752

2041
   1       0 ram0 0 0 0 0 0 0 0 0 0 0 0
   1       1 ram1 0 0 0 0 0 0 0 0 0 0 0
   1       2 ram2 0 0 0 0 0 0 0 0 0 0 0
   1       3 ram3 0 0 0 0 0 0 0 0 0 0 0
   1       4 ram4 0 0 0 0 0 0 0 0 0 0 0
   1       5 ram5 0 0 0 0 0 0 0 0 0 0 0
   1       6 ram6 0 0 0 0 0 0 0 0 0 0 0
   1       7 ram7 0 0 0 0 0 0 0 0 0 0 0
   1       8 ram8 0 0 0 0 0 0 0 0 0 0 0
   1       9 ram9 0 0 0 0 0 0 0 0 0 0 0
   1      10 ram10 0 0 0 0 0 0 0 0 0 0 0
   1      11 ram11 0 0 0 0 0 0 0 0 0 0 0
   1      12 ram12 0 0 0 0 0 0 0 0 0 0 0
   1      13 ram13 0 0 0 0 0 0 0 0 0 0 0
   1      14 ram14 0 0 0 0 0 0 0 0 0 0 0
   1      15 ram15 0 0 0 0 0 0 0 0 0 0 0
   7       0 loop0 0 0 0 0 0 0 0 0 0 0 0
   7       1 loop1 0 0 0 0 0 0 0 0 0 0 0
   7       2 loop2 0 0 0 0 0 0 0 0 0 0 0
   7       3 loop3 0 0 0 0 0 0 0 0 0 0 0
   7       4 loop4 0 0 0 0 0 0 0 0 0 0 0
   7       5 loop5 0 0 0 0 0 0 0 0 0 0 0
   7       6 loop6 0 0 0 0 0 0 0 0 0 0 0
   7       7 loop7 0 0 0 0 0 0 0 0 0 0 0
 253       0 zram0 36 0 288 0 1 0 8 0 0 0 0
 179       0 mmcblk0 20983 4634 4974428 22300 318 621 9624 1852 0 8520 8940
 179       1 mmcblk0p1 0 0 0 0 0 0 0 0 0 0 0
 179       2 mmcblk0p2 0 0 0 0 0 0 0 0 0 0 0
 179       3 mmcblk0p3 0 0 0 0 0 0 0 0 0 0 0
 179       4 mmcblk0p4 0 0 0 0 0 0 0 0 0 0 0
 179       5 mmcblk0p5 3063 1913 1004072 10128 0 0 0 0 0 1692 1928
 179       6 mmcblk0p6 0 0 0 0 0 0 0 0 0 0 0
 179       7 mmcblk0p7 3 0 72 0 1 0 8 4 0 0 0
 179       8 mmcblk0p8 0 0 0 0 0 0 0 0 0 0 0
 179       9 mmcblk0p9 14 0 4128 24 3 0 24 0 0 0 0
 179      10 mmcblk0p10 813 189 48736 1056 0 0 0 0 0 148 148
 179      11 mmcblk0p11 0 0 0 0 0 0 0 0 0 0 0
 179      12 mmcblk0p12 17083 2532 3917116 11092 303 621 9592 1832 0 6700 6768
 179      13 mmcblk0p13 0 0 0 0 0 0 0 0 0 0 0
 179      14 mmcblk0p14 1 0 256 0 0 0 0 0 0 0 0
 179      15 mmcblk0p15 0 0 0 0 0 0 0 0 0 0 0
 179      96 mmcblk0rpmb 0 0 0 0 0 0 0 0 0 0 0
 179      64 mmcblk0boot1 0 0 0 0 0 0 0 0 0 0 0
 179      32 mmcblk0boot0 0 0 0 0 0 0 0 0 0 0 0
 252       0 dm-0 3026 0 989096 14264 0 0 0 0 0 3216 14268
 252       1 dm-1 810 0 47200 1752 0 0 0 0 0 1176 1752

2067
   1       0 ram0 0 0 0 0 0 0 0 0 0 0 0
   1       1 ram1 0 0 0 0 0 0 0 0 0 0 0
   1       2 ram2 0 0 0 0 0 0 0 0 0 0 0
   1       3 ram3 0 0 0 0 0 0 0 0 0 0 0
   1       4 ram4 0 0 0 0 0 0 0 0 0 0 0
   1       5 ram5 0 0 0 0 0 0 0 0 0 0 0
   1       6 ram6 0 0 0 0 0 0 0 0 0 0 0
   1       7 ram7 0 0 0 0 0 0 0 0 0 0 0
   1       8 ram8 0 0 0 0 0 0 0 0 0 0 0
   1       9 ram9 0 0 0 0 0 0 0 0 0 0 0
   1      10 ram10 0 0 0 0 0 0 0 0 0 0 0
   1      11 ram11 0 0 0 0 0 0 0 0 0 0 0
   1      12 ram12 0 0 0 0 0 0 0 0 0 0 0
   1      13 ram13 0 0 0 0 0 0 0 0 0 0 0
   1      14 ram14 0 0 0 0 0 0 0 0 0 0 0
   1      15 ram15 0 0 0 0 0 0 0 0 0 0 0
   7       0 loop0 0 0 0 0 0 0 0 0 0 0 0
   7       1 loop1 0 0 0 0 0 0 0 0 0 0 0
   7       2 loop2 0 0 0 0 0 0 0 0 0 0 0
   7       3 loop3 0 0 0 0 0 0 0 0 0 0 0
   7       4 loop4 0 0 0 0 0 0 0 0 0 0 0
   7       5 loop5 0 0 0 0 0 0 0 0 0 0 0
   7       6 loop6 0 0 0 0 0 0 0 0 0 0 0
   7       7 loop7 0 0 0 0 0 0 0 0 0 0 0
 253       0 zram0 36 0 288 0 1 0 8 0 0 0 0
 179       0 mmcblk0 21030 4634 4985004 22392 337 707 10480 1896 0 8548 8976
 179       1 mmcblk0p1 0 0 0 0 0 0 0 0 0 0 0
 179       2 mmcblk0p2 0 0 0 0 0 0 0 0 0 0 0
 179       3 mmcblk0p3 0 0 0 0 0 0 0 0 0 0 0
 179       4 mmcblk0p4 0 0 0 0 0 0 0 0 0 0 0
 179       5 mmcblk0p5 3095 1913 1014368 10216 0 0 0 0 0 1708 1944
 179       6 mmcblk0p6 0 0 0 0 0 0 0 0 0 0 0
 179       7 mmcblk0p7 3 0 72 0 1 0 8 4 0 0 0
 179       8 mmcblk0p8 0 0 0 0 0 0 0 0 0 0 0
 179       9 mmcblk0p9 14 0 4128 24 3 0 24 0 0 0 0
 179      10 mmcblk0p10 813 189 48736 1056 0 0 0 0 0 148 148
 179      11 mmcblk0p11 0 0 0 0 0 0 0 0 0 0 0
 179      12 mmcblk0p12 17098 2532 3917396 11096 322 707 10448 1876 0 6712 6780
 179      13 mmcblk0p13 0 0 0 0 0 0 0 0 0 0 0
 179      14 mmcblk0p14 1 0 256 0 0 0 0 0 0 0 0
 179      15 mmcblk0p15 0 0 0 0 0 0 0 0 0 0 0
 179      96 mmcblk0rpmb 0 0 0 0 0 0 0 0 0 0 0
 179      64 mmcblk0boot1 0 0 0 0 0 0 0 0 0 0 0
 179      32 mmcblk0boot0 0 0 0 0 0 0 0 0 0 0 0
 252       0 dm-0 3054 0 999392 14380 0 0 0 0 0 3260 14388
 252       1 dm-1 810 0 47200 1752 0 0 0 0 0 1176 1752

2091
   1       0 ram0 0 0 0 0 0 0 0 0 0 0 0
   1       1 ram1 0 0 0 0 0 0 0 0 0 0 0
   1       2 ram2 0 0 0 0 0 0 0 0 0 0 0
   1       3 ram3 0 0 0 0 0 0 0 0 0 0 0
   1       4 ram4 0 0 0 0 0 0 0 0 0 0 0
   1       5 ram5 0 0 0 0 0 0 0 0 0 0 0
   1       6 ram6 0 0 0 0 0 0 0 0 0 0 0
   1       7 ram7 0 0 0 0 0 0 0 0 0 0 0
   1       8 ram8 0 0 0 0 0 0 0 0 0 0 0
   1       9 ram9 0 0 0 0 0 0 0 0 0 0 0
   1      10 ram10 0 0 0 0 0 0 0 0 0 0 0
   1      11 ram11 0 0 0 0 0 0 0 0 0 0 0
   1      12 ram12 0 0 0 0 0 0 0 0 0 0 0
   1      13 ram13 0 0 0 0 0 0 0 0 0 0 0
   1      14 ram14 0 0 0 0 0 0 0 0 0 0 0
   1      15 ram15 0 0 0 0 0 0 0 0 0 0 0
   7       0 loop0 0 0 0 0 0 0 0 0 0 0 0
   7       1 loop1 0 0 0 0 0 0 0 0 0 0 0
   7       2 loop2 0 0 0 0 0 0 0 0 0 0 0
   7       3 loop3 0 0 0 0 0 0 0 0 0 0 0
   7       4 loop4 0 0 0 0 0 0 0 0 0 0 0
   7       5 loop5 0 0 0 0 0 0 0 0 0 0 0
   7       6 loop6 0 0 0 0 0 0 0 0 0 0 0
   7       7 loop7 0 0 0 0 0 0 0 0 0 0 0
 253       0 zram0 36 0 288 0 1 0 8 0 0 0 0
 179       0 mmcblk0 21071 4634 4990004 22432 350 759 11008 1916 0 8572 9000
 179       1 mmcblk0p1 0 0 0 0 0 0 0 0 0 0 0
 179       2 mmcblk0p2 0 0 0 0 0 0 0 0 0 0 0
 179       3 mmcblk0p3 0 0 0 0 0 0 0 0 0 0 0
 179       4 mmcblk0p4 0 0 0 0 0 0 0 0 0 0 0
 179       5 mmcblk0p5 3113 1913 1018168 10240 0 0 0 0 0 1712 1948
 179       6 mmcblk0p6 0 0 0 0 0 0 0 0 0 0 0
 179       7 mmcblk0p7 3 0 72 0 1 0 8 4 0 0 0
 179       8 mmcblk0p8 0 0 0 0 0 0 0 0 0 0 0
 179       9 mmcblk0p9 14 0 4128 24 3 0 24 0 0 0 0
 179      10 mmcblk0p10 813 189 48736 1056 0 0 0 0 0 148 148
 179      11 mmcblk0p11 0 0 0 0 0 0 0 0 0 0 0
 179      12 mmcblk0p12 17121 2532 3918596 11112 334 759 10976 1892 0 6724 6792
 179      13 mmcblk0p13 0 0 0 0 0 0 0 0 0 0 0
 179      14 mmcblk0p14 1 0 256 0 0 0 0 0 0 0 0
 179      15 mmcblk0p15 0 0 0 0 0 0 0 0 0 0 0
 179      96 mmcblk0rpmb 0 0 0 0 0 0 0 0 0 0 0
 179      64 mmcblk0boot1 0 0 0 0 0 0 0 0 0 0 0
 179      32 mmcblk0boot0 0 0 0 0 0 0 0 0 0 0 0
 252       0 dm-0 3070 0 1003192 14424 0 0 0 0 0 3296 14432
 252       1 dm-1 810 0 47200 1752 0 0 0 0 0 1176 1752

2116
   1       0 ram0 0 0 0 0 0 0 0 0 0 0 0
   1       1 ram1 0 0 0 0 0 0 0 0 0 0 0
   1       2 ram2 0 0 0 0 0 0 0 0 0 0 0
   1       3 ram3 0 0 0 0 0 0 0 0 0 0 0
   1       4 ram4 0 0 0 0 0 0 0 0 0 0 0
   1       5 ram5 0 0 0 0 0 0 0 0 0 0 0
   1       6 ram6 0 0 0 0 0 0 0 0 0 0 0
   1       7 ram7 0 0 0 0 0 0 0 0 0 0 0
   1       8 ram8 0 0 0 0 0 0 0 0 0 0 0
   1       9 ram9 0 0 0 0 0 0 0 0 0 0 0
   1      10 ram10 0 0 0 0 0 0 0 0 0 0 0
   1      11 ram11 0 0 0 0 0 0 0 0 0 0 0
   1      12 ram12 0 0 0 0 0 0 0 0 0 0 0
   1      13 ram13 0 0 0 0 0 0 0 0 0 0 0
   1      14 ram14 0 0 0 0 0 0 0 0 0 0 0
   1      15 ram15 0 0 0 0 0 0 0 0 0 0 0
   7       0 loop0 0 0 0 0 0 0 0 0 0 0 0
   7       1 loop1 0 0 0 0 0 0 0 0 0 0 0
   7       2 loop2 0 0 0 0 0 0 0 0 0 0 0
   7       3 loop3 0 0 0 0 0 0 0 0 0 0 0
   7       4 loop4 0 0 0 0 0 0 0 0 0 0 0
   7       5 loop5 0 0 0 0 0 0 0 0 0 0 0
   7       6 loop6 0 0 0 0 0 0 0 0 0 0 0
   7       7 loop7 0 0 0 0 0 0 0 0 0 0 0
 253       0 zram0 36 0 288 0 1 0 8 0 0 0 0
 179       0 mmcblk0 21077 4634 4990292 22444 365 822 11648 1936 0 8576 9004
 179       1 mmcblk0p1 0 0 0 0 0 0 0 0 0 0 0
 179       2 mmcblk0p2 0 0 0 0 0 0 0 0 0 0 0
 179       3 mmcblk0p3 0 0 0 0 0 0 0 0 0 0 0
 179       4 mmcblk0p4 0 0 0 0 0 0 0 0 0 0 0
 179       5 mmcblk0p5 3114 1913 1018192 10244 0 0 0 0 0 1712 1948
 179       6 mmcblk0p6 0 0 0 0 0 0 0 0 0 0 0
 179       7 mmcblk0p7 3 0 72 0 1 0 8 4 0 0 0
 179       8 mmcblk0p8 0 0 0 0 0 0 0 0 0 0 0
 179       9 mmcblk0p9 14 0 4128 24 3 0 24 0 0 0 0
 179      10 mmcblk0p10 813 189 48736 1056 0 0 0 0 0 148 148
 179      11 mmcblk0p11 0 0 0 0 0 0 0 0 0 0 0
 179      12 mmcblk0p12 17126 2532 3918860 11120 349 822 11616 1912 0 6724 6792
 179      13 mmcblk0p13 0 0 0 0 0 0 0 0 0 0 0
 179      14 mmcblk0p14 1 0 256 0 0 0 0 0 0 0 0
 179      15 mmcblk0p15 0 0 0 0 0 0 0 0 0 0 0
 179      96 mmcblk0rpmb 0 0 0 0 0 0 0 0 0 0 0
 179      64 mmcblk0boot1 0 0 0 0 0 0 0 0 0 0 0
 179      32 mmcblk0boot0 0 0 0 0 0 0 0 0 0 0 0
 252       0 dm-0 3071 0 1003216 14428 0 0 0 0 0 3300 14436
 252       1 dm-1 810 0 47200 1752 0 0 0 0 0 1176 1752

2138
   1       0 ram0 0 0 0 0 0 0 0 0 0 0 0
   1       1 ram1 0 0 0 0 0 0 0 0 0 0 0
   1       2 ram2 0 0 0 0 0 0 0 0 0 0 0
   1       3 ram3 0 0 0 0 0 0 0 0 0 0 0
   1       4 ram4 0 0 0 0 0 0 0 0 0 0 0
   1       5 ram5 0 0 0 0 0 0 0 0 0 0 0
   1       6 ram6 0 0 0 0 0 0 0 0 0 0 0
   1       7 ram7 0 0 0 0 0 0 0 0 0 0 0
   1       8 ram8 0 0 0 0 0 0 0 0 0 0 0
   1       9 ram9 0 0 0 0 0 0 0 0 0 0 0
   1      10 ram10 0 0 0 0 0 0 0 0 0 0 0
   1      11 ram11 0 0 0 0 0 0 0 0 0 0 0
   1      12 ram12 0 0 0 0 0 0 0 0 0 0 0
   1      13 ram13 0 0 0 0 0 0 0 0 0 0 0
   1      14 ram14 0 0 0 0 0 0 0 0 0 0 0
   1      15 ram15 0 0 0 0 0 0 0 0 0 0 0
   7       0 loop0 0 0 0 0 0 0 0 0 0 0 0
   7       1 loop1 0 0 0 0 0 0 0 0 0 0 0
   7       2 loop2 0 0 0 0 0 0 0 0 0 0 0
   7       3 loop3 0 0 0 0 0 0 0 0 0 0 0
   7       4 loop4 0 0 0 0 0 0 0 0 0 0 0
   7       5 loop5 0 0 0 0 0 0 0 0 0 0 0
   7       6 loop6 0 0 0 0 0 0 0 0 0 0 0
   7       7 loop7 0 0 0 0 0 0 0 0 0 0 0
 253       0 zram0 36 0 288 0 1 0 8 0 0 0 0
 179       0 mmcblk0 21077 4634 4990292 22444 365 822 11648 1936 0 8576 9004
 179       1 mmcblk0p1 0 0 0 0 0 0 0 0 0 0 0
 179       2 mmcblk0p2 0 0 0 0 0 0 0 0 0 0 0
 179       3 mmcblk0p3 0 0 0 0 0 0 0 0 0 0 0
 179       4 mmcblk0p4 0 0 0 0 0 0 0 0 0 0 0
 179       5 mmcblk0p5 3114 1913 1018192 10244 0 0 0 0 0 1712 1948
 179       6 mmcblk0p6 0 0 0 0 0 0 0 0 0 0 0
 179       7 mmcblk0p7 3 0 72 0 1 0 8 4 0 0 0
 179       8 mmcblk0p8 0 0 0 0 0 0 0 0 0 0 0
 179       9 mmcblk0p9 14 0 4128 24 3 0 24 0 0 0 0
 179      10 mmcblk0p10 813 189 48736 1056 0 0 0 0 0 148 148
 179      11 mmcblk0p11 0 0 0 0 0 0 0 0 0 0 0
 179      12 mmcblk0p12 17126 2532 3918860 11120 349 822 11616 1912 0 6724 6792
 179      13 mmcblk0p13 0 0 0 0 0 0 0 0 0 0 0
 179      14 mmcblk0p14 1 0 256 0 0 0 0 0 0 0 0
 179      15 mmcblk0p15 0 0 0 0 0 0 0 0 0 0 0
 179      96 mmcblk0rpmb 0 0 0 0 0 0 0 0 0 0 0
 179      64 mmcblk0boot1 0 0 0 0 0 0 0 0 0 0 0
 179      32 mmcblk0boot0 0 0 0 0 0 0 0 0 0 0 0
 252       0 dm-0 3071 0 1003216 14428 0 0 0 0 0 3300 14436
 252       1 dm-1 810 0 47200 1752 0 0 0 0 0 1176 1752

2159
   1       0 ram0 0 0 0 0 0 0 0 0 0 0 0
   1       1 ram1 0 0 0 0 0 0 0 0 0 0 0
   1       2 ram2 0 0 0 0 0 0 0 0 0 0 0
   1       3 ram3 0 0 0 0 0 0 0 0 0 0 0
   1       4 ram4 0 0 0 0 0 0 0 0 0 0 0
   1       5 ram5 0 0 0 0 0 0 0 0 0 0 0
   1       6 ram6 0 0 0 0 0 0 0 0 0 0 0
   1       7 ram7 0 0 0 0 0 0 0 0 0 0 0
   1       8 ram8 0 0 0 0 0 0 0 0 0 0 0
   1       9 ram9 0 0 0 0 0 0 0 0 0 0 0
   1      10 ram10 0 0 0 0 0 0 0 0 0 0 0
   1      11 ram11 0 0 0 0 0 0 0 0 0 0 0
   1      12 ram12 0 0 0 0 0 0 0 0 0 0 0
   1      13 ram13 0 0 0 0 0 0 0 0 0 0 0
   1      14 ram14 0 0 0 0 0 0 0 0 0 0 0
   1      15 ram15 0 0 0 0 0 0 0 0 0 0 0
   7       0 loop0 0 0 0 0 0 0 0 0 0 0 0
   7       1 loop1 0 0 0 0 0 0 0 0 0 0 0
   7       2 loop2 0 0 0 0 0 0 0 0 0 0 0
   7       3 loop3 0 0 0 0 0 0 0 0 0 0 0
   7       4 loop4 0 0 0 0 0 0 0 0 0 0 0
   7       5 loop5 0 0 0 0 0 0 0 0 0 0 0
   7       6 loop6 0 0 0 0 0 0 0 0 0 0 0
   7       7 loop7 0 0 0 0 0 0 0 0 0 0 0
 253       0 zram0 36 0 288 0 1 0 8 0 0 0 0
 179       0 mmcblk0 21077 4634 4990292 22444 368 839 11808 1940 0 8576 9004
 179       1 mmcblk0p1 0 0 0 0 0 0 0 0 0 0 0
 179       2 mmcblk0p2 0 0 0 0 0 0 0 0 0 0 0
 179       3 mmcblk0p3 0 0 0 0 0 0 0 0 0 0 0
 179       4 mmcblk0p4 0 0 0 0 0 0 0 0 0 0 0
 179       5 mmcblk0p5 3114 1913 1018192 10244 0 0 0 0 0 1712 1948
 179       6 mmcblk0p6 0 0 0 0 0 0 0 0 0 0 0
 179       7 mmcblk0p7 3 0 72 0 1 0 8 4 0 0 0
 179       8 mmcblk0p8 0 0 0 0 0 0 0 0 0 0 0
 179       9 mmcblk0p9 14 0 4128 24 3 0 24 0 0 0 0
 179      10 mmcblk0p10 813 189 48736 1056 0 0 0 0 0 148 148
 179      11 mmcblk0p11 0 0 0 0 0 0 0 0 0 0 0
 179      12 mmcblk0p12 17126 2532 3918860 11120 352 839 11776 1916 0 6724 6792
 179      13 mmcblk0p13 0 0 0 0 0 0 0 0 0 0 0
 179      14 mmcblk0p14 1 0 256 0 0 0 0 0 0 0 0
 179      15 mmcblk0p15 0 0 0 0 0 0 0 0 0 0 0
 179      96 mmcblk0rpmb 0 0 0 0 0 0 0 0 0 0 0
 179      64 mmcblk0boot1 0 0 0 0 0 0 0 0 0 0 0
 179      32 mmcblk0boot0 0 0 0 0 0 0 0 0 0 0 0
 252       0 dm-0 3071 0 1003216 14428 0 0 0 0 0 3300 14436
 252       1 dm-1 810 0 47200 1752 0 0 0 0 0 1176 1752

2181
   1       0 ram0 0 0 0 0 0 0 0 0 0 0 0
   1       1 ram1 0 0 0 0 0 0 0 0 0 0 0
   1       2 ram2 0 0 0 0 0 0 0 0 0 0 0
   1       3 ram3 0 0 0 0 0 0 0 0 0 0 0
   1       4 ram4 0 0 0 0 0 0 0 0 0 0 0
   1       5 ram5 0 0 0 0 0 0 0 0 0 0 0
   1       6 ram6 0 0 0 0 0 0 0 0 0 0 0
   1       7 ram7 0 0 0 0 0 0 0 0 0 0 0
   1       8 ram8 0 0 0 0 0 0 0 0 0 0 0
   1       9 ram9 0 0 0 0 0 0 0 0 0 0 0
   1      10 ram10 0 0 0 0 0 0 0 0 0 0 0
   1      11 ram11 0 0 0 0 0 0 0 0 0 0 0
   1      12 ram12 0 0 0 0 0 0 0 0 0 0 0
   1      13 ram13 0 0 0 0 0 0 0 0 0 0 0
   1      14 ram14 0 0 0 0 0 0 0 0 0 0 0
   1      15 ram15 0 0 0 0 0 0 0 0 0 0 0
   7       0 loop0 0 0 0 0 0 0 0 0 0 0 0
   7       1 loop1 0 0 0 0 0 0 0 0 0 0 0
   7       2 loop2 0 0 0 0 0 0 0 0 0 0 0
   7       3 loop3 0 0 0 0 0 0 0 0 0 0 0
   7       4 loop4 0 0 0 0 0 0 0 0 0 0 0
   7       5 loop5 0 0 0 0 0 0 0 0 0 0 0
   7       6 loop6 0 0 0 0 0 0 0 0 0 0 0
   7       7 loop7 0 0 0 0 0 0 0 0 0 0 0
 253       0 zram0 36 0 288 0 1 0 8 0 0 0 0
 179       0 mmcblk0 21078 4634 4990300 22448 368 839 11808 1940 0 8576 9004
 179       1 mmcblk0p1 0 0 0 0 0 0 0 0 0 0 0
 179       2 mmcblk0p2 0 0 0 0 0 0 0 0 0 0 0
 179       3 mmcblk0p3 0 0 0 0 0 0 0 0 0 0 0
 179       4 mmcblk0p4 0 0 0 0 0 0 0 0 0 0 0
 179       5 mmcblk0p5 3114 1913 1018192 10244 0 0 0 0 0 1712 1948
 179       6 mmcblk0p6 0 0 0 0 0 0 0 0 0 0 0
 179       7 mmcblk0p7 3 0 72 0 1 0 8 4 0 0 0
 179       8 mmcblk0p8 0 0 0 0 0 0 0 0 0 0 0
 179       9 mmcblk0p9 14 0 4128 24 3 0 24 0 0 0 0
 179      10 mmcblk0p10 813 189 48736 1056 0 0 0 0 0 148 148
 179      11 mmcblk0p11 0 0 0 0 0 0 0 0 0 0 0
 179      12 mmcblk0p12 17127 2532 3918868 11124 352 839 11776 1916 0 6724 6792
 179      13 mmcblk0p13 0 0 0 0 0 0 0 0 0 0 0
 179      14 mmcblk0p14 1 0 256 0 0 0 0 0 0 0 0
 179      15 mmcblk0p15 0 0 0 0 0 0 0 0 0 0 0
 179      96 mmcblk0rpmb 0 0 0 0 0 0 0 0 0 0 0
 179      64 mmcblk0boot1 0 0 0 0 0 0 0 0 0 0 0
 179      32 mmcblk0boot0 0 0 0 0 0 0 0 0 0 0 0
 252       0 dm-0 3071 0 1003216 14428 0 0 0 0 0 3300 14436
 252       1 dm-1 810 0 47200 1752 0 0 0 0 0 1176 1752

2202
   1       0 ram0 0 0 0 0 0 0 0 0 0 0 0
   1       1 ram1 0 0 0 0 0 0 0 0 0 0 0
   1       2 ram2 0 0 0 0 0 0 0 0 0 0 0
   1       3 ram3 0 0 0 0 0 0 0 0 0 0 0
   1       4 ram4 0 0 0 0 0 0 0 0 0 0 0
   1       5 ram5 0 0 0 0 0 0 0 0 0 0 0
   1       6 ram6 0 0 0 0 0 0 0 0 0 0 0
   1       7 ram7 0 0 0 0 0 0 0 0 0 0 0
   1       8 ram8 0 0 0 0 0 0 0 0 0 0 0
   1       9 ram9 0 0 0 0 0 0 0 0 0 0 0
   1      10 ram10 0 0 0 0 0 0 0 0 0 0 0
   1      11 ram11 0 0 0 0 0 0 0 0 0 0 0
   1      12 ram12 0 0 0 0 0 0 0 0 0 0 0
   1      13 ram13 0 0 0 0 0 0 0 0 0 0 0
   1      14 ram14 0 0 0 0 0 0 0 0 0 0 0
   1      15 ram15 0 0 0 0 0 0 0 0 0 0 0
   7       0 loop0 0 0 0 0 0 0 0 0 0 0 0
   7       1 loop1 0 0 0 0 0 0 0 0 0 0 0
   7       2 loop2 0 0 0 0 0 0 0 0 0 0 0
   7       3 loop3 0 0 0 0 0 0 0 0 0 0 0
   7       4 loop4 0 0 0 0 0 0 0 0 0 0 0
   7       5 loop5 0 0 0 0 0 0 0 0 0 0 0
   7       6 loop6 0 0 0 0 0 0 0 0 0 0 0
   7       7 loop7 0 0 0 0 0 0 0 0 0 0 0
 253       0 zram0 36 0 288 0 1 0 8 0 0 0 0
 179       0 mmcblk0 21078 4634 4990300 22448 368 839 11808 1940 0 8576 9004
 179       1 mmcblk0p1 0 0 0 0 0 0 0 0 0 0 0
 179       2 mmcblk0p2 0 0 0 0 0 0 0 0 0 0 0
 179       3 mmcblk0p3 0 0 0 0 0 0 0 0 0 0 0
 179       4 mmcblk0p4 0 0 0 0 0 0 0 0 0 0 0
 179       5 mmcblk0p5 3114 1913 1018192 10244 0 0 0 0 0 1712 1948
 179       6 mmcblk0p6 0 0 0 0 0 0 0 0 0 0 0
 179       7 mmcblk0p7 3 0 72 0 1 0 8 4 0 0 0
 179       8 mmcblk0p8 0 0 0 0 0 0 0 0 0 0 0
 179       9 mmcblk0p9 14 0 4128 24 3 0 24 0 0 0 0
 179      10 mmcblk0p10 813 189 48736 1056 0 0 0 0 0 148 148
 179      11 mmcblk0p11 0 0 0 0 0 0 0 0 0 0 0
 179      12 mmcblk0p12 17127 2532 3918868 11124 352 839 11776 1916 0 6724 6792
 179      13 mmcblk0p13 0 0 0 0 0 0 0 0 0 0 0
 179      14 mmcblk0p14 1 0 256 0 0 0 0 0 0 0 0
 179      15 mmcblk0p15 0 0 0 0 0 0 0 0 0 0 0
 179      96 mmcblk0rpmb 0 0 0 0 0 0 0 0 0 0 0
 179      64 mmcblk0boot1 0 0 0 0 0 0 0 0 0 0 0
 179      32 mmcblk0boot0 0 0 0 0 0 0 0 0 0 0 0
 252       0 dm-0 3071 0 1003216 14428 0 0 0 0 0 3300 14436
 252       1 dm-1 810 0 47200 1752 0 0 0 0 0 1176 1752

2223
   1       0 ram0 0 0 0 0 0 0 0 0 0 0 0
   1       1 ram1 0 0 0 0 0 0 0 0 0 0 0
   1       2 ram2 0 0 0 0 0 0 0 0 0 0 0
   1       3 ram3 0 0 0 0 0 0 0 0 0 0 0
   1       4 ram4 0 0 0 0 0 0 0 0 0 0 0
   1       5 ram5 0 0 0 0 0 0 0 0 0 0 0
   1       6 ram6 0 0 0 0 0 0 0 0 0 0 0
   1       7 ram7 0 0 0 0 0 0 0 0 0 0 0
   1       8 ram8 0 0 0 0 0 0 0 0 0 0 0
   1       9 ram9 0 0 0 0 0 0 0 0 0 0 0
   1      10 ram10 0 0 0 0 0 0 0 0 0 0 0
   1      11 ram11 0 0 0 0 0 0 0 0 0 0 0
   1      12 ram12 0 0 0 0 0 0 0 0 0 0 0
   1      13 ram13 0 0 0 0 0 0 0 0 0 0 0
   1      14 ram14 0 0 0 0 0 0 0 0 0 0 0
   1      15 ram15 0 0 0 0 0 0 0 0 0 0 0
   7       0 loop0 0 0 0 0 0 0 0 0 0 0 0
   7       1 loop1 0 0 0 0 0 0 0 0 0 0 0
   7       2 loop2 0 0 0 0 0 0 0 0 0 0 0
   7       3 loop3 0 0 0 0 0 0 0 0 0 0 0
   7       4 loop4 0 0 0 0 0 0 0 0 0 0 0
   7       5 loop5 0 0 0 0 0 0 0 0 0 0 0
   7       6 loop6 0 0 0 0 0 0 0 0 0 0 0
   7       7 loop7 0 0 0 0 0 0 0 0 0 0 0
 253       0 zram0 36 0 288 0 1 0 8 0 0 0 0
 179       0 mmcblk0 21078 4634 4990300 22448 368 839 11808 1940 0 8576 9004
 179       1 mmcblk0p1 0 0 0 0 0 0 0 0 0 0 0
 179       2 mmcblk0p2 0 0 0 0 0 0 0 0 0 0 0
 179       3 mmcblk0p3 0 0 0 0 0 0 0 0 0 0 0
 179       4 mmcblk0p4 0 0 0 0 0 0 0 0 0 0 0
 179       5 mmcblk0p5 3114 1913 1018192 10244 0 0 0 0 0 1712 1948
 179       6 mmcblk0p6 0 0 0 0 0 0 0 0 0 0 0
 179       7 mmcblk0p7 3 0 72 0 1 0 8 4 0 0 0
 179       8 mmcblk0p8 0 0 0 0 0 0 0 0 0 0 0
 179       9 mmcblk0p9 14 0 4128 24 3 0 24 0 0 0 0
 179      10 mmcblk0p10 813 189 48736 1056 0 0 0 0 0 148 148
 179      11 mmcblk0p11 0 0 0 0 0 0 0 0 0 0 0
 179      12 mmcblk0p12 17127 2532 3918868 11124 352 839 11776 1916 0 6724 6792
 179      13 mmcblk0p13 0 0 0 0 0 0 0 0 0 0 0
 179      14 mmcblk0p14 1 0 256 0 0 0 0 0 0 0 0
 179      15 mmcblk0p15 0 0 0 0 0 0 0 0 0 0 0
 179      96 mmcblk0rpmb 0 0 0 0 0 0 0 0 0 0 0
 179      64 mmcblk0boot1 0 0 0 0 0 0 0 0 0 0 0
 179      32 mmcblk0boot0 0 0 0 0 0 0 0 0 0 0 0
 252       0 dm-0 3071 0 1003216 14428 0 0 0 0 0 3300 14436
 252       1 dm-1 810 0 47200 1752 0 0 0 0 0 1176 1752

2245
   1       0 ram0 0 0 0 0 0 0 0 0 0 0 0
   1       1 ram1 0 0 0 0 0 0 0 0 0 0 0
   1       2 ram2 0 0 0 0 0 0 0 0 0 0 0
   1       3 ram3 0 0 0 0 0 0 0 0 0 0 0
   1       4 ram4 0 0 0 0 0 0 0 0 0 0 0
   1       5 ram5 0 0 0 0 0 0 0 0 0 0 0
   1       6 ram6 0 0 0 0 0 0 0 0 0 0 0
   1       7 ram7 0 0 0 0 0 0 0 0 0 0 0
   1       8 ram8 0 0 0 0 0 0 0 0 0 0 0
   1       9 ram9 0 0 0 0 0 0 0 0 0 0 0
   1      10 ram10 0 0 0 0 0 0 0 0 0 0 0
   1      11 ram11 0 0 0 0 0 0 0 0 0 0 0
   1      12 ram12 0 0 0 0 0 0 0 0 0 0 0
   1      13 ram13 0 0 0 0 0 0 0 0 0 0 0
   1      14 ram14 0 0 0 0 0 0 0 0 0 0 0
   1      15 ram15 0 0 0 0 0 0 0 0 0 0 0
   7       0 loop0 0 0 0 0 0 0 0 0 0 0 0
   7       1 loop1 0 0 0 0 0 0 0 0 0 0 0
   7       2 loop2 0 0 0 0 0 0 0 0 0 0 0
   7       3 loop3 0 0 0 0 0 0 0 0 0 0 0
   7       4 loop4 0 0 0 0 0 0 0 0 0 0 0
   7       5 loop5 0 0 0 0 0 0 0 0 0 0 0
   7       6 loop6 0 0 0 0 0 0 0 0 0 0 0
   7       7 loop7 0 0 0 0 0 0 0 0 0 0 0
 253       0 zram0 36 0 288 0 1 0 8 0 0 0 0
 179       0 mmcblk0 21079 4634 4991132 22456 368 839 11808 1940 0 8576 9004
 179       1 mmcblk0p1 0 0 0 0 0 0 0 0 0 0 0
 179       2 mmcblk0p2 0 0 0 0 0 0 0 0 0 0 0
 179       3 mmcblk0p3 0 0 0 0 0 0 0 0 0 0 0
 179       4 mmcblk0p4 0 0 0 0 0 0 0 0 0 0 0
 179       5 mmcblk0p5 3115 1913 1019024 10252 0 0 0 0 0 1712 1948
 179       6 mmcblk0p6 0 0 0 0 0 0 0 0 0 0 0
 179       7 mmcblk0p7 3 0 72 0 1 0 8 4 0 0 0
 179       8 mmcblk0p8 0 0 0 0 0 0 0 0 0 0 0
 179       9 mmcblk0p9 14 0 4128 24 3 0 24 0 0 0 0
 179      10 mmcblk0p10 813 189 48736 1056 0 0 0 0 0 148 148
 179      11 mmcblk0p11 0 0 0 0 0 0 0 0 0 0 0
 179      12 mmcblk0p12 17127 2532 3918868 11124 352 839 11776 1916 0 6724 6792
 179      13 mmcblk0p13 0 0 0 0 0 0 0 0 0 0 0
 179      14 mmcblk0p14 1 0 256 0 0 0 0 0 0 0 0
 179      15 mmcblk0p15 0 0 0 0 0 0 0 0 0 0 0
 179      96 mmcblk0rpmb 0 0 0 0 0 0 0 0 0 0 0
 179      64 mmcblk0boot1 0 0 0 0 0 0 0 0 0 0 0
 179      32 mmcblk0boot0 0 0 0 0 0 0 0 0 0 0 0
 252       0 dm-0 3072 0 1004048 14436 0 0 0 0 0 3308 14444
 252       1 dm-1 810 0 47200 1752 0 0 0 0 0 1176 1752

