1362
cpu  546 4 804 3864 44 26 67 0 0 0
cpu0 91 0 254 889 8 16 61 0 0 0
cpu1 40 0 76 1221 5 2 2 0 0 0
cpu2 361 0 434 519 25 4 2 0 0 0
cpu3 53 4 37 1233 4 2 2 0 0 0
intr 72425 0 0 0 12574 0 0 24 0 0 0 0 0 0 0 0 0 0 0 0 0 0 0 0 0 0 0 0 0 368 0 0 5 405 369 0 0 1 0 0 0 0 0 0 0 0 0 0 0 34806 52 0 0 0 0 0 0 0 0 3 0 114 58 0 0 0 1 3258 0 0 0 0 0 0 0 0 0 0 0 0 0 0 0 0 0 0 0 0 0 0 0 0 0 0 0 0 0 0 0 0 0 0 0 0 0 0 0 0 0 0 0 0 0 0 0 0 0 0 0 0 0 0 0 0 0 0 0 0 0 0 0 0 0 0 0 0 0 0 0 0 0 0 0 0 0 0 0 0 0 0 0 0 0 0 0 0 0 0 0 0 0 0 0 0 0 0 0 0 0 0 0 0 0 0 0 0 0 0 0 0 0 0 0 0 0 0 0 0 0 0 0 0 0 0 0 0 0 0 0 0 0 0 0 0 0 0 0 0 0 0 0 0 0 0 0 0 0 0 0 0 0 0 0 0 0 0 0 0 0 0 0 0 0 0 3258 0 0 0 0 0 0 0 0 0 0 0 0 0 0 0 0 0 0 0 0 0 0 0 0 0 0 0 0 0 0 0
ctxt 105207
btime 5
processes 2970
procs_running 3
procs_blocked 0
softirq 43247 2 9874 0 0 0 0 20824 7385 0 5162

1383
cpu  558 4 839 3882 59 26 68 0 0 0
cpu0 92 0 261 893 14 17 61 0 0 0
cpu1 42 0 87 1225 9 2 2 0 0 0
cpu2 364 0 444 524 27 4 2 0 0 0
cpu3 58 4 45 1237 7 2 2 0 0 0
intr 73624 0 0 0 12783 0 0 24 0 0 0 0 0 0 0 0 0 0 0 0 0 0 0 0 0 0 0 0 0 368 0 0 5 405 369 0 0 1 0 0 0 0 0 0 0 0 0 0 0 35289 52 0 0 0 0 0 0 0 0 3 0 114 58 0 0 0 1 3258 0 0 0 0 0 0 0 0 0 0 0 0 0 0 0 0 0 0 0 0 0 0 0 0 0 0 0 0 0 0 0 0 0 0 0 0 0 0 0 0 0 0 0 0 0 0 0 0 0 0 0 0 0 0 0 0 0 0 0 0 0 0 0 0 0 0 0 0 0 0 0 0 0 0 0 0 0 0 0 0 0 0 0 0 0 0 0 0 0 0 0 0 0 0 0 0 0 0 0 0 0 0 0 0 0 0 0 0 0 0 0 0 0 0 0 0 0 0 0 0 0 0 0 0 0 0 0 0 0 0 0 0 0 0 0 0 0 0 0 0 0 0 0 0 0 0 0 0 0 0 0 0 0 0 0 0 0 0 0 0 0 0 0 0 0 0 3258 0 0 0 0 0 0 0 0 0 0 0 0 0 0 0 0 0 0 0 0 0 0 0 0 0 0 0 0 0 0 0
ctxt 107429
btime 5
processes 2989
procs_running 5
procs_blocked 6
softirq 44072 2 10067 0 0 0 0 21069 7510 0 5424

1407
cpu  600 4 888 3882 63 27 70 0 0 0
cpu0 100 0 275 893 15 17 63 0 0 0
cpu1 49 0 101 1225 10 2 2 0 0 0
cpu2 379 0 453 524 27 4 2 0 0 0
cpu3 70 4 56 1237 8 2 2 0 0 0
intr 75165 0 0 0 13028 0 0 24 0 0 0 0 0 0 0 0 0 0 0 0 0 0 0 0 0 0 0 0 0 368 0 0 5 405 369 0 0 1 0 0 0 0 0 0 0 0 0 0 0 36070 52 0 0 0 0 0 0 0 0 3 0 114 58 0 0 0 1 3259 0 0 0 0 0 0 0 0 0 0 0 0 0 0 0 0 0 0 0 0 0 0 0 0 0 0 0 0 0 0 0 0 0 0 0 0 0 0 0 0 0 0 0 0 0 0 0 0 0 0 0 0 0 0 0 0 0 0 0 0 0 0 0 0 0 0 0 0 0 0 0 0 0 0 0 0 0 0 0 0 0 0 0 0 0 0 0 0 0 0 0 0 0 0 0 0 0 0 0 0 0 0 0 0 0 0 0 0 0 0 0 0 0 0 0 0 0 0 0 0 0 0 0 0 0 0 0 0 0 0 0 0 0 0 0 0 0 0 0 0 0 0 0 0 0 0 0 0 0 0 0 0 0 0 0 0 0 0 0 0 0 0 0 0 0 0 3259 0 0 0 0 0 0 0 0 0 0 0 0 0 0 0 0 0 0 0 0 0 0 0 0 0 0 0 0 0 0 0
ctxt 109826
btime 5
processes 3011
procs_running 23
procs_blocked 8
softirq 45149 2 10302 0 0 0 0 21460 7557 0 5828

1432
cpu  642 4 943 3882 63 28 72 0 0 0
cpu0 107 0 290 893 15 18 65 0 0 0
cpu1 61 0 115 1225 10 3 2 0 0 0
cpu2 391 0 467 524 27 4 2 0 0 0
cpu3 81 4 70 1237 8 2 2 0 0 0
intr 76803 0 0 0 13282 0 0 24 0 0 0 0 0 0 0 0 0 0 0 0 0 0 0 0 0 0 0 0 0 368 0 0 5 405 369 0 0 1 0 0 0 0 0 0 0 1 0 0 0 36933 52 0 0 0 0 0 0 0 0 3 0 114 58 0 0 0 1 3259 0 0 0 0 0 0 0 0 0 0 0 0 0 0 0 0 0 0 0 0 0 0 0 0 0 0 0 0 0 0 0 0 0 0 0 0 0 0 0 0 0 0 0 0 0 0 0 0 0 0 0 0 0 0 0 0 0 0 0 0 0 0 0 0 0 0 0 0 0 0 0 0 0 0 0 0 0 0 0 0 0 0 0 0 0 0 0 0 0 0 0 0 0 0 0 0 0 0 0 0 0 0 0 0 0 0 0 0 0 0 0 0 0 0 0 0 0 0 0 0 0 0 0 0 0 0 0 0 0 0 0 0 0 0 0 0 0 0 0 0 0 0 0 0 0 0 0 0 0 0 0 0 0 0 0 0 0 0 0 0 0 0 0 0 0 0 3259 0 0 0 0 0 0 0 0 0 0 0 0 0 0 0 0 0 0 0 0 0 0 0 0 0 0 0 0 0 0 0
ctxt 112306
btime 5
processes 3043
procs_running 24
procs_blocked 6
softirq 46329 2 10537 0 0 0 0 21892 7565 0 6333

1459
cpu  717 4 975 3882 63 29 73 0 0 0
cpu0 126 0 298 893 15 18 65 0 0 0
cpu1 85 0 118 1225 10 3 2 0 0 0
cpu2 412 0 473 524 27 5 2 0 0 0
cpu3 93 4 86 1237 8 3 2 0 0 0
intr 77787 0 0 0 13563 0 0 24 0 0 0 0 0 0 0 0 0 0 0 0 0 0 0 0 0 0 0 0 0 368 0 0 5 405 369 0 0 1 0 0 0 0 0 0 0 1 0 0 0 37425 52 0 0 0 0 0 0 0 0 3 0 114 58 0 0 0 1 3259 0 0 0 0 0 0 0 0 0 0 0 0 0 0 0 0 0 0 0 0 0 0 0 0 0 0 0 0 0 0 0 0 0 0 0 0 0 0 0 0 0 0 0 0 0 0 0 0 0 0 0 0 0 0 0 0 0 0 0 0 0 0 0 0 0 0 0 0 0 0 0 0 0 0 0 0 0 0 0 0 0 0 0 0 0 0 0 0 0 0 0 0 0 0 0 0 0 0 0 0 0 0 0 0 0 0 0 0 0 0 0 0 0 0 0 0 0 0 0 0 0 0 0 0 0 0 0 0 0 0 0 0 0 0 0 0 0 0 0 0 0 0 0 0 0 0 0 0 0 0 0 0 0 0 0 0 0 0 0 0 0 0 0 0 0 0 3259 0 0 0 0 0 0 0 0 0 0 0 0 0 0 0 0 0 0 0 0 0 0 0 0 0 0 0 0 0 0 0
ctxt 114219
btime 5
processes 3059
procs_running 21
procs_blocked 1
softirq 47227 2 10805 0 0 0 0 22138 7572 0 6710

1488
cpu  819 5 988 3882 63 30 74 0 0 0
cpu0 153 0 300 893 15 18 66 0 0 0
cpu1 110 0 121 1225 10 3 2 0 0 0
cpu2 437 0 476 524 27 5 2 0 0 0
cpu3 117 5 89 1237 8 3 2 0 0 0
intr 78282 0 0 0 13866 0 0 24 0 0 0 0 0 0 0 0 0 0 0 0 0 0 0 0 0 0 0 0 0 368 0 0 5 405 369 0 0 1 0 0 0 0 0 0 0 1 0 0 0 37510 52 0 0 0 0 0 0 0 0 3 0 114 58 0 0 0 1 3259 0 0 0 0 0 0 0 0 0 0 0 0 0 0 0 0 0 0 0 0 0 0 0 0 0 0 0 0 0 0 0 0 0 0 0 0 0 0 0 0 0 0 0 0 0 0 0 0 0 0 0 0 0 0 0 0 0 0 0 0 0 0 0 0 0 0 0 0 0 0 0 0 0 0 0 0 0 0 0 0 0 0 0 0 0 0 0 0 0 0 0 0 0 0 0 0 0 0 0 0 0 0 0 0 0 0 0 0 0 0 0 0 0 0 0 0 0 0 0 0 0 0 0 0 0 0 0 0 0 0 0 0 0 0 0 0 0 0 0 0 0 0 0 0 0 0 0 0 0 0 0 0 0 0 0 0 0 0 0 0 0 0 0 0 0 0 3259 0 0 0 0 0 0 0 0 0 0 0 0 0 0 0 0 0 0 0 0 0 0 0 0 0 0 0 0 0 0 0
ctxt 114847
btime 5
processes 3064
procs_running 14
procs_blocked 0
softirq 47836 2 11096 0 0 0 0 22183 7577 0 6978

1512
cpu  882 7 1015 3882 63 31 75 0 0 0
cpu0 162 0 313 893 15 19 66 0 0 0
cpu1 128 0 127 1225 10 3 2 0 0 0
cpu2 454 0 482 524 27 5 2 0 0 0
cpu3 136 6 92 1237 8 3 2 0 0 0
intr 79074 0 0 0 14109 0 0 24 0 0 0 0 0 0 0 0 0 0 0 0 0 0 0 0 0 0 0 0 0 368 0 0 5 405 369 0 0 1 0 0 0 0 0 0 0 1 0 0 0 37842 52 0 0 0 0 0 0 0 0 3 0 114 58 0 0 0 1 3260 0 0 0 0 0 0 0 0 0 0 0 0 0 0 0 0 0 0 0 0 0 0 0 0 0 0 0 0 0 0 0 0 0 0 0 0 0 0 0 0 0 0 0 0 0 0 0 0 0 0 0 0 0 0 0 0 0 0 0 0 0 0 0 0 0 0 0 0 0 0 0 0 0 0 0 0 0 0 0 0 0 0 0 0 0 0 0 0 0 0 0 0 0 0 0 0 0 0 0 0 0 0 0 0 0 0 0 0 0 0 0 0 0 0 0 0 0 0 0 0 0 0 0 0 0 0 0 0 0 0 0 0 0 0 0 0 0 0 0 0 0 0 0 0 0 0 0 0 0 0 0 0 0 0 0 0 0 0 0 0 0 0 0 0 0 0 3260 0 0 0 0 0 0 0 0 0 0 0 0 0 0 0 0 0 0 0 0 0 0 0 0 0 0 0 0 0 0 0
ctxt 116103
btime 5
processes 3078
procs_running 9
procs_blocked 4
softirq 48510 2 11327 0 0 0 0 22352 7586 0 7243

1534
cpu  933 9 1048 3883 64 32 75 0 0 0
cpu0 177 0 318 894 17 19 67 0 0 0
cpu1 141 0 135 1226 11 3 2 0 0 0
cpu2 463 1 495 524 27 5 2 0 0 0
cpu3 151 7 98 1238 8 3 2 0 0 0
intr 80061 0 0 0 14340 0 0 24 0 0 0 0 0 0 0 0 0 0 0 0 0 0 0 0 0 0 0 0 0 368 0 0 5 405 369 0 0 1 0 0 0 0 0 0 0 1 0 0 0 38237 52 0 0 0 0 0 0 0 0 3 0 117 58 0 0 0 1 3260 0 0 0 0 0 0 0 0 0 0 0 0 0 0 0 0 0 0 0 0 0 0 0 0 0 0 0 0 0 0 0 0 0 0 0 0 0 0 0 0 0 0 0 0 0 0 0 0 0 0 0 0 0 0 0 0 0 0 0 0 0 0 0 0 0 0 0 0 0 0 0 0 0 0 0 0 0 0 0 0 0 0 0 0 0 0 0 0 0 0 0 0 0 0 0 0 0 0 0 0 0 0 0 0 0 0 0 0 0 0 0 0 0 0 0 0 0 0 0 0 0 0 0 0 0 0 0 0 0 0 0 0 0 0 0 0 0 0 0 0 0 0 0 0 0 0 0 0 0 0 0 0 0 0 0 0 0 0 0 0 0 0 0 0 0 0 3260 0 0 0 0 0 0 0 0 0 0 0 0 0 0 0 0 0 0 0 0 0 0 0 0 0 0 0 0 0 0 0
ctxt 117691
btime 5
processes 3087
procs_running 9
procs_blocked 0
softirq 49199 2 11548 0 0 0 0 22550 7614 0 7485

1557
cpu  964 9 1090 3888 73 33 76 0 0 0
cpu0 180 0 333 895 19 20 68 0 0 0
cpu1 145 0 146 1227 16 3 3 0 0 0
cpu2 479 1 500 524 28 5 2 0 0 0
cpu3 159 7 109 1240 9 3 2 0 0 0
intr 81109 0 0 0 14577 0 0 24 0 0 0 0 0 0 0 0 0 0 0 0 0 0 0 0 0 0 0 0 0 381 0 0 6 418 382 0 0 1 0 0 0 0 0 0 0 1 0 0 0 38556 52 0 0 0 0 0 0 0 0 3 2 117 58 0 0 0 1 3260 0 0 0 0 0 0 0 0 0 0 0 0 0 0 0 0 0 0 0 0 0 0 0 0 0 0 0 0 0 0 0 0 0 0 0 0 0 0 0 0 0 0 0 0 0 0 0 0 0 0 0 0 0 0 0 0 0 0 0 0 0 0 0 0 0 0 0 0 0 0 0 0 0 0 0 0 0 0 0 0 0 0 0 0 0 0 0 0 0 0 0 0 0 0 0 0 0 0 0 0 0 0 0 0 0 0 0 0 0 0 0 0 0 0 0 0 0 0 0 0 0 0 0 0 0 0 0 0 0 0 0 0 0 0 0 0 0 0 0 0 0 0 0 0 0 0 0 0 0 0 0 0 0 0 0 0 0 0 0 0 0 0 0 0 0 0 3260 0 0 0 0 0 0 0 0 0 0 0 0 0 0 0 0 0 0 0 0 0 0 0 0 0 0 0 0 0 0 0
ctxt 119564
btime 5
processes 3107
procs_running 6
procs_blocked 0
softirq 49937 2 11768 0 0 0 0 22710 7704 0 7753

1580
cpu  1010 9 1120 3903 75 34 77 0 0 0
cpu0 189 0 343 897 20 20 68 0 0 0
cpu1 151 0 153 1236 16 4 3 0 0 0
cpu2 499 1 503 525 28 5 2 0 0 0
cpu3 170 7 120 1243 10 4 3 0 0 0
intr 82159 0 0 0 14833 0 0 24 0 0 0 0 0 0 0 0 0 0 0 0 0 0 0 0 0 0 0 0 0 394 0 0 7 431 395 0 0 1 0 0 0 0 0 0 0 1 0 0 0 38811 52 0 0 0 0 0 0 0 0 3 2 120 58 0 0 0 1 3260 0 0 0 0 0 0 0 0 0 0 0 0 0 0 0 0 0 0 0 0 0 0 0 0 0 0 0 0 0 0 0 0 0 0 0 0 0 0 0 0 0 0 0 0 0 0 0 0 0 0 0 0 0 0 0 0 0 0 0 0 0 0 0 0 0 0 0 0 0 0 0 0 0 0 0 0 0 0 0 0 0 0 0 0 0 0 0 0 0 0 0 0 0 0 0 0 0 0 0 0 0 0 0 0 0 0 0 0 0 0 0 0 0 0 0 0 0 0 0 0 0 0 0 0 0 0 0 0 0 0 0 0 0 0 0 0 0 0 0 0 0 0 0 0 0 0 0 0 0 0 0 0 0 0 0 0 0 0 0 0 0 0 0 31 0 0 3260 0 0 0 0 0 0 0 0 0 0 0 0 0 0 0 0 0 0 0 0 0 0 0 0 0 0 0 0 0 0 0
ctxt 121693
btime 5
processes 3115
procs_running 4
procs_blocked 0
softirq 50888 2 11984 0 0 0 0 22838 7778 0 8286

1601
cpu  1045 9 1145 3916 86 35 78 0 0 0
cpu0 191 0 354 905 22 20 68 0 0 0
cpu1 157 0 159 1238 22 4 3 0 0 0
cpu2 518 1 504 525 28 5 2 0 0 0
cpu3 177 7 126 1247 12 4 3 0 0 0
intr 82948 0 0 0 15068 0 0 24 0 0 0 0 0 0 0 0 0 0 0 0 0 0 0 0 0 0 0 0 0 406 0 0 7 444 407 0 0 1 0 0 0 0 0 0 0 1 0 0 0 39045 52 0 0 0 0 0 0 0 0 3 2 120 58 0 0 0 1 3261 0 0 0 0 0 0 0 0 0 0 0 0 0 0 0 0 0 0 0 0 0 0 0 0 0 0 0 0 0 0 0 0 0 0 0 0 0 0 0 0 0 0 0 0 0 0 0 0 0 0 0 0 0 0 0 0 0 0 0 0 0 0 0 0 0 0 0 0 0 0 0 0 0 0 0 0 0 0 0 0 0 0 0 0 0 0 0 0 0 0 0 0 0 0 0 0 0 0 0 0 0 0 0 0 0 0 0 0 0 0 0 0 0 0 0 0 0 0 0 0 0 0 0 0 0 0 0 0 0 0 0 0 0 0 0 0 0 0 0 0 0 0 0 0 0 0 0 0 0 0 0 0 0 0 0 0 0 0 0 0 0 0 0 31 0 0 3261 0 0 0 0 0 0 0 0 0 0 0 0 0 0 0 0 0 0 0 0 0 0 0 0 0 0 0 0 0 0 0
ctxt 122794
btime 5
processes 3123
procs_running 3
procs_blocked 0
softirq 51452 2 12192 0 0 0 0 22956 7874 0 8428

1623
cpu  1084 9 1169 3935 89 35 78 0 0 0
cpu0 197 0 365 910 22 21 69 0 0 0
cpu1 166 0 167 1240 25 4 3 0 0 0
cpu2 525 1 509 534 29 6 2 0 0 0
cpu3 194 7 128 1250 12 4 3 0 0 0
intr 84338 0 0 0 15296 0 0 24 0 0 0 0 0 0 0 0 0 0 0 0 0 0 0 0 0 0 0 0 0 419 0 0 7 456 420 0 0 1 0 0 0 0 0 0 0 1 0 0 0 39169 52 0 0 0 0 0 0 0 0 3 2 120 58 0 0 0 1 3261 0 0 0 0 0 0 0 0 0 0 0 0 0 0 0 0 0 0 0 0 0 0 0 0 0 0 0 0 0 0 0 0 0 0 0 0 0 0 0 0 0 0 0 0 0 0 0 0 0 0 0 0 0 0 0 0 0 0 0 0 0 0 0 0 0 0 0 0 0 0 0 0 0 0 0 0 0 0 0 0 0 0 0 0 0 0 0 0 0 0 0 0 0 0 0 0 0 0 0 0 0 0 0 0 0 0 0 0 0 0 0 0 0 0 0 0 0 0 0 0 0 0 0 0 0 0 0 0 0 0 0 0 0 0 0 0 0 0 0 0 0 0 0 0 0 0 0 0 0 0 0 0 0 0 0 0 0 0 0 0 0 0 0 31 0 0 3261 0 0 0 0 0 0 0 0 0 0 0 0 0 0 0 0 0 0 0 0 0 0 0 0 0 0 0 0 0 0 0
ctxt 125173
btime 5
processes 3128
procs_running 7
procs_blocked 0
softirq 51908 2 12382 0 0 0 0 23018 7961 0 8545

1645
cpu  1133 9 1193 3945 92 36 79 0 0 0
cpu0 210 0 370 912 22 21 69 0 0 0
cpu1 180 0 169 1246 25 4 3 0 0 0
cpu2 539 1 515 535 29 6 3 0 0 0
cpu3 202 7 138 1250 15 4 3 0 0 0
intr 85392 0 0 0 15539 0 0 24 0 0 0 0 0 0 0 0 0 0 0 0 0 0 0 0 0 0 0 0 0 432 0 0 7 469 433 0 0 1 0 0 0 0 0 0 0 1 0 0 0 39423 52 0 0 0 0 0 0 0 0 3 2 120 58 0 0 0 1 3261 0 0 0 0 0 0 0 0 0 0 0 0 0 0 0 0 0 0 0 0 0 0 0 0 0 0 0 0 0 0 0 0 0 0 0 0 0 0 0 0 0 0 0 0 0 0 0 0 0 0 0 0 0 0 0 0 0 0 0 0 0 0 0 0 0 0 0 0 0 0 0 0 0 0 0 0 0 0 0 0 0 0 0 0 0 0 0 0 0 0 0 0 0 0 0 0 0 0 0 0 0 0 0 0 0 0 0 0 0 0 0 0 0 0 0 0 0 0 0 0 0 0 0 0 0 0 0 0 0 0 0 0 0 0 0 0 0 0 0 0 0 0 0 0 0 0 0 0 0 0 0 0 0 0 0 0 0 0 0 0 0 0 0 41 0 0 3261 0 0 0 0 0 0 0 0 0 0 0 0 0 0 0 0 0 0 0 0 0 0 0 0 0 0 0 0 0 0 0
ctxt 127337
btime 5
processes 3135
procs_running 4
procs_blocked 0
softirq 52571 2 12593 0 0 0 0 23145 8044 0 8787

1667
cpu  1171 10 1225 3954 100 37 79 0 0 0
cpu0 213 0 380 916 24 22 69 0 0 0
cpu1 198 0 172 1246 25 4 3 0 0 0
cpu2 552 1 521 538 30 6 3 0 0 0
cpu3 205 7 151 1253 19 4 3 0 0 0
intr 86532 0 0 0 15779 0 0 24 0 0 0 0 0 0 0 0 0 0 0 0 0 0 0 0 0 0 0 0 0 445 0 0 7 482 446 0 0 1 0 0 0 0 0 0 0 1 0 0 0 39783 52 0 0 0 0 0 0 0 0 3 2 120 58 0 0 0 1 3261 0 0 0 0 0 0 0 0 0 0 0 0 0 0 0 0 0 0 0 0 0 0 0 0 0 0 0 0 0 0 0 0 0 0 0 0 0 0 0 0 0 0 0 0 0 0 0 0 0 0 0 0 0 0 0 0 0 0 0 0 0 0 0 0 0 0 0 0 0 0 0 0 0 0 0 0 0 0 0 0 0 0 0 0 0 0 0 0 0 0 0 0 0 0 0 0 0 0 0 0 0 0 0 0 0 0 0 0 0 0 0 0 0 0 0 0 0 0 0 0 0 0 0 0 0 0 0 0 0 0 0 0 0 0 0 0 0 0 0 0 0 0 0 0 0 0 0 0 0 0 0 0 0 0 0 0 0 0 0 0 0 0 0 92 0 0 3261 0 0 0 0 0 0 0 0 0 0 0 0 0 0 0 0 0 0 0 0 0 0 0 0 0 0 0 0 0 0 0
ctxt 129975
btime 5
processes 3145
procs_running 7
procs_blocked 0
softirq 53354 2 12809 0 0 0 0 23325 8130 0 9088

1689
cpu  1189 10 1240 3999 103 38 80 0 0 0
cpu0 216 0 382 929 26 22 70 0 0 0
cpu1 203 1 176 1257 26 4 3 0 0 0
cpu2 555 1 526 551 30 6 3 0 0 0
cpu3 214 7 155 1261 19 4 3 0 0 0
intr 87315 0 0 0 16022 0 0 24 0 0 0 0 0 0 0 0 0 0 0 0 0 0 0 0 0 0 0 0 0 457 0 0 10 494 458 0 0 1 0 0 0 0 0 0 0 1 0 0 0 39863 52 0 0 0 0 0 0 0 0 3 20 123 58 0 0 0 1 3261 0 0 0 0 0 0 0 0 0 0 0 0 0 0 0 0 0 0 0 0 0 0 0 0 0 0 0 0 0 0 0 0 0 0 0 0 0 0 0 0 0 0 0 0 0 0 0 0 0 0 0 0 0 0 0 0 0 0 0 0 0 0 0 0 0 0 0 0 0 0 0 0 0 0 0 0 0 0 0 0 0 0 0 0 0 0 0 0 0 0 0 0 0 0 0 0 0 0 0 0 0 0 0 0 0 0 0 0 0 0 0 0 0 0 0 0 0 0 0 0 0 0 0 0 0 0 0 0 0 0 0 0 0 0 0 0 0 0 0 0 0 0 0 0 0 0 0 0 0 0 0 0 0 0 0 0 0 0 0 0 0 0 0 129 0 0 3261 0 0 0 0 0 0 0 0 0 0 0 0 0 0 0 0 0 0 0 0 0 0 0 0 0 0 0 0 0 0 0
ctxt 131670
btime 5
processes 3148
procs_running 3
procs_blocked 0
softirq 53900 2 13001 0 0 0 0 23365 8227 0 9305

1710
cpu  1206 10 1247 4060 103 39 80 0 0 0
cpu0 217 0 385 948 26 23 70 0 0 0
cpu1 205 1 178 1275 26 4 3 0 0 0
cpu2 569 1 528 555 30 6 3 0 0 0
cpu3 214 7 156 1281 19 4 3 0 0 0
intr 87714 0 0 0 16250 0 0 24 0 0 0 0 0 0 0 0 0 0 0 0 0 0 0 0 0 0 0 0 0 469 0 0 13 507 470 0 0 1 0 0 0 0 0 0 0 1 0 0 0 39867 52 0 0 0 0 0 0 0 0 3 29 123 58 0 0 0 1 3262 0 0 0 0 0 0 0 0 0 0 0 0 0 0 0 0 0 0 0 0 0 0 0 0 0 0 0 0 0 0 0 0 0 0 0 0 0 0 0 0 0 0 0 0 0 0 0 0 0 0 0 0 0 0 0 0 0 0 0 0 0 0 0 0 0 0 0 0 0 0 0 0 0 0 0 0 0 0 0 0 0 0 0 0 0 0 0 0 0 0 0 0 0 0 0 0 0 0 0 0 0 0 0 0 0 0 0 0 0 0 0 0 0 0 0 0 0 0 0 0 0 0 0 0 0 0 0 0 0 0 0 0 0 0 0 0 0 0 0 0 0 0 0 0 0 0 0 0 0 0 0 0 0 0 0 0 0 0 0 0 0 0 0 141 0 0 3262 0 0 0 0 0 0 0 0 0 0 0 0 0 0 0 0 0 0 0 0 0 0 0 0 0 0 0 0 0 0 0
ctxt 132155
btime 5
processes 3148
procs_running 2
procs_blocked 0
softirq 54300 2 13162 0 0 0 0 23368 8325 0 9443

1732
cpu  1210 10 1273 4110 108 39 80 0 0 0
cpu0 220 0 392 954 31 23 70 0 0 0
cpu1 205 1 180 1293 26 4 3 0 0 0
cpu2 570 1 538 565 31 6 3 0 0 0
cpu3 214 7 160 1298 19 4 3 0 0 0
intr 88617 0 0 0 16493 0 0 24 0 0 0 0 0 0 0 0 0 0 0 0 0 0 0 0 0 0 0 0 0 482 0 0 16 519 483 0 0 1 0 0 0 0 0 0 0 1 0 0 0 40032 52 0 0 0 0 0 0 0 0 3 44 123 58 0 0 0 1 3262 0 0 0 0 0 0 0 0 0 0 0 0 0 0 0 0 0 0 0 0 0 0 0 0 0 0 0 0 0 0 0 0 0 0 0 0 0 0 0 0 0 0 0 0 0 0 0 0 0 0 0 0 0 0 0 0 0 0 0 0 0 0 0 0 0 0 0 0 0 0 0 0 0 0 0 0 0 0 0 0 0 0 0 0 0 0 0 0 0 0 0 0 0 0 0 0 0 0 0 0 0 0 0 0 0 0 0 0 0 0 0 0 0 0 0 0 0 0 0 0 0 0 0 0 0 0 0 0 0 0 0 0 0 0 0 0 0 0 0 0 0 0 0 0 0 0 0 0 0 0 0 0 0 0 0 0 0 0 0 0 0 0 0 191 0 0 3262 0 0 0 0 0 0 0 0 0 0 0 0 0 0 0 0 0 0 0 0 0 0 0 0 0 0 0 0 0 0 0
ctxt 133530
btime 5
processes 3161
procs_running 2
procs_blocked 1
softirq 54907 2 13340 0 0 0 0 23453 8461 0 9651

1753
cpu  1222 10 1282 4172 110 40 81 0 0 0
cpu0 232 0 399 956 33 23 70 0 0 0
cpu1 205 1 182 1313 26 4 3 0 0 0
cpu2 570 1 538 586 31 6 3 0 0 0
cpu3 214 7 162 1317 19 4 3 0 0 0
intr 89104 0 0 0 16727 0 0 24 0 0 0 0 0 0 0 0 0 0 0 0 0 0 0 0 0 0 0 0 0 494 0 0 18 531 495 0 0 1 0 0 0 0 0 0 0 1 0 0 0 40131 52 0 0 0 0 0 0 0 0 3 54 123 58 0 0 0 1 3262 0 0 0 0 0 0 0 0 0 0 0 0 0 0 0 0 0 0 0 0 0 0 0 0 0 0 0 0 0 0 0 0 0 0 0 0 0 0 0 0 0 0 0 0 0 0 0 0 0 0 0 0 0 0 0 0 0 0 0 0 0 0 0 0 0 0 0 0 0 0 0 0 0 0 0 0 0 0 0 0 0 0 0 0 0 0 0 0 0 0 0 0 0 0 0 0 0 0 0 0 0 0 0 0 0 0 0 0 0 0 0 0 0 0 0 0 0 0 0 0 0 0 0 0 0 0 0 0 0 0 0 0 0 0 0 0 0 0 0 0 0 0 0 0 0 0 0 0 0 0 0 0 0 0 0 0 0 0 0 0 0 0 0 191 0 0 3262 0 0 0 0 0 0 0 0 0 0 0 0 0 0 0 0 0 0 0 0 0 0 0 0 0 0 0 0 0 0 0
ctxt 134175
btime 5
processes 3161
procs_running 1
procs_blocked 1
softirq 55328 2 13506 0 0 0 0 23502 8557 0 9761

1773
cpu  1234 10 1304 4219 113 41 81 0 0 0
cpu0 234 0 406 966 34 24 70 0 0 0
cpu1 207 1 186 1326 27 5 3 0 0 0
cpu2 570 1 543 602 31 6 3 0 0 0
cpu3 221 7 168 1324 19 4 3 0 0 0
intr 90024 0 0 0 16963 0 0 24 0 0 0 0 0 0 0 0 0 0 0 0 0 0 0 0 0 0 0 0 0 507 0 0 21 544 508 0 0 1 0 0 0 0 0 0 0 1 0 0 0 40347 52 0 0 0 0 0 0 0 0 3 69 123 58 0 0 0 1 3262 0 0 0 0 0 0 0 0 0 0 0 0 0 0 0 0 0 0 0 0 0 0 0 0 0 0 0 0 0 0 0 0 0 0 0 0 0 0 0 0 0 0 0 0 0 0 0 0 0 0 0 0 0 0 0 0 0 0 0 0 0 0 0 0 0 0 0 0 0 0 0 0 0 0 0 0 0 0 0 0 0 0 0 0 0 0 0 0 0 0 0 0 0 0 0 0 0 0 0 0 0 0 0 0 0 0 0 0 0 0 0 0 0 0 0 0 0 0 0 0 0 0 0 0 0 0 0 0 0 0 0 0 0 0 0 0 0 0 0 0 0 0 0 0 0 0 0 0 0 0 0 0 0 0 0 0 0 0 0 0 0 0 0 230 0 0 3262 0 0 0 0 0 0 0 0 0 0 0 0 0 0 0 0 0 0 0 0 0 0 0 0 0 0 0 0 0 0 0
ctxt 135826
btime 5
processes 3168
procs_running 3
procs_blocked 0
softirq 55890 2 13693 0 0 0 0 23613 8664 0 9918

1795
cpu  1252 14 1315 4268 113 41 81 0 0 0
cpu0 235 1 408 982 34 24 70 0 0 0
cpu1 213 1 188 1338 27 5 3 0 0 0
cpu2 577 1 547 611 31 6 3 0 0 0
cpu3 225 11 171 1335 19 5 3 0 0 0
intr 90691 0 0 0 17205 0 0 24 0 0 0 0 0 0 0 0 0 0 0 0 0 0 0 0 0 0 0 0 0 519 0 0 23 556 520 0 0 1 0 0 0 0 0 0 0 1 0 0 0 40385 52 0 0 0 0 0 0 0 0 3 79 123 58 0 0 0 1 3262 0 0 0 0 0 0 0 0 0 0 0 0 0 0 0 0 0 0 0 0 0 0 0 0 0 0 0 0 0 0 0 0 0 0 0 0 0 0 0 0 0 0 0 0 0 0 0 0 0 0 0 0 0 0 0 0 0 0 0 0 0 0 0 0 0 0 0 0 0 0 0 0 0 0 0 0 0 0 0 0 0 0 0 0 0 0 0 0 0 0 0 0 0 0 0 0 0 0 0 0 0 0 0 0 0 0 0 0 0 0 0 0 0 0 0 0 0 0 0 0 0 0 0 0 0 0 0 0 0 0 0 0 0 0 0 0 0 0 0 0 0 0 0 0 0 0 0 0 0 0 0 0 0 0 0 0 0 0 0 0 0 0 0 284 0 0 3262 0 0 0 0 0 0 0 0 0 0 0 0 0 0 0 0 0 0 0 0 0 0 0 0 0 0 0 0 0 0 0
ctxt 137013
btime 5
processes 3178
procs_running 3
procs_blocked 0
softirq 56382 2 13871 0 0 0 0 23632 8768 0 10109

1817
cpu  1267 20 1335 4305 115 42 82 0 0 0
cpu0 239 1 413 993 35 25 71 0 0 0
cpu1 217 1 192 1349 27 5 3 0 0 0
cpu2 579 5 550 622 31 6 3 0 0 0
cpu3 231 12 178 1340 20 5 3 0 0 0
intr 92244 0 0 0 17448 0 0 24 0 0 0 0 0 0 0 0 0 0 0 0 0 0 0 0 0 0 0 0 0 531 0 0 26 568 532 0 0 1 0 0 0 0 0 0 0 1 0 0 0 40841 52 0 0 0 0 0 0 0 0 3 94 123 58 0 0 0 1 3263 0 0 0 0 0 0 0 0 0 0 0 0 0 0 0 0 0 0 0 0 0 0 0 0 0 0 0 0 0 0 0 0 0 0 0 0 0 0 0 0 0 0 0 0 0 0 0 0 0 0 0 0 0 0 0 0 0 0 0 0 0 0 0 0 0 0 0 0 0 0 0 0 0 0 0 0 0 0 0 0 0 0 0 0 0 0 0 0 0 0 0 0 0 0 0 0 0 0 0 0 0 0 0 0 0 0 0 0 0 0 0 0 0 0 0 0 0 0 0 0 0 0 0 0 0 0 0 0 0 0 0 0 0 0 0 0 0 0 0 0 0 0 0 0 0 0 0 0 0 0 0 0 0 0 0 0 0 0 0 0 0 0 0 317 0 0 3263 0 0 0 0 0 0 0 0 0 0 0 0 0 0 0 0 0 0 0 0 0 0 0 0 0 0 0 0 0 0 0
ctxt 140177
btime 5
processes 3201
procs_running 2
procs_blocked 1
softirq 57165 2 14056 0 0 0 0 23861 8908 0 10338

1838
cpu  1289 20 1360 4337 117 44 83 0 0 0
cpu0 242 1 419 1003 35 26 71 0 0 0
cpu1 225 1 196 1358 27 5 3 0 0 0
cpu2 583 5 556 631 32 7 3 0 0 0
cpu3 237 12 186 1344 21 5 3 0 0 0
intr 93585 0 0 0 17687 0 0 24 0 0 0 0 0 0 0 0 0 0 0 0 0 0 0 0 0 0 0 0 0 544 0 0 28 581 545 0 0 1 0 0 0 0 0 0 0 1 0 0 0 41272 52 0 0 0 0 0 0 0 0 3 106 123 58 0 0 0 1 3263 0 0 0 0 0 0 0 0 0 0 0 0 0 0 0 0 0 0 0 0 0 0 0 0 0 0 0 0 0 0 0 0 0 0 0 0 0 0 0 0 0 0 0 0 0 0 0 0 0 0 0 0 0 0 0 0 0 0 0 0 0 0 0 0 0 0 0 0 0 0 0 0 0 0 0 0 0 0 0 0 0 0 0 0 0 0 0 0 0 0 0 0 0 0 0 0 0 0 0 0 0 0 0 0 0 0 0 0 0 0 0 0 0 0 0 0 0 0 0 0 0 0 0 0 0 0 0 0 0 0 0 0 0 0 0 0 0 0 0 0 0 0 0 0 0 0 0 0 0 0 0 0 0 0 0 0 0 0 0 0 0 0 0 395 0 0 3263 0 0 0 0 0 0 0 0 0 0 0 0 0 0 0 0 0 0 0 0 0 0 0 0 0 0 0 0 0 0 0
ctxt 142858
btime 5
processes 3219
procs_running 7
procs_blocked 0
softirq 57942 2 14240 0 0 0 0 24090 9028 0 10582

1859
cpu  1339 24 1386 4343 117 45 83 0 0 0
cpu0 250 1 429 1007 35 27 71 0 0 0
cpu1 243 1 200 1358 27 5 4 0 0 0
cpu2 599 5 562 631 32 7 3 0 0 0
cpu3 245 15 194 1345 21 5 4 0 0 0
intr 94714 0 0 0 17922 0 0 24 0 0 0 0 0 0 0 0 0 0 0 0 0 0 0 0 0 0 0 0 0 556 0 0 32 593 557 0 0 1 0 0 0 0 0 0 0 1 0 0 0 41397 52 0 0 0 0 0 0 0 0 3 126 123 58 0 0 0 1 3263 0 0 0 0 0 0 0 0 0 0 0 0 0 0 0 0 0 0 0 0 0 0 0 0 0 0 0 0 0 0 0 0 0 0 0 0 0 0 0 0 0 0 0 0 0 0 0 0 0 0 0 0 0 0 0 0 0 0 0 0 0 0 0 0 0 0 0 0 0 0 0 0 0 0 0 0 0 0 0 0 0 0 0 0 0 0 0 0 0 0 0 0 0 0 0 0 0 0 0 0 0 0 0 0 0 0 0 0 0 0 0 0 0 0 0 0 0 0 0 0 0 0 0 0 0 0 0 0 0 0 0 0 0 0 0 0 0 0 0 0 0 0 0 0 0 0 0 0 0 0 0 0 0 0 0 0 0 0 0 0 0 0 0 491 0 0 3263 0 0 0 0 0 0 0 0 0 0 0 0 0 0 0 0 0 0 0 0 0 0 0 0 0 0 0 0 0 0 0
ctxt 145482
btime 1571725391
processes 3234
procs_running 10
procs_blocked 0
softirq 58566 2 14444 0 0 0 0 24159 9086 0 10875

1882
cpu  1389 30 1410 4347 117 46 84 0 0 0
cpu0 260 1 435 1009 35 28 71 0 0 0
cpu1 260 1 205 1358 28 5 4 0 0 0
cpu2 615 5 568 632 32 7 3 0 0 0
cpu3 254 20 201 1347 21 5 4 0 0 0
intr 95939 0 0 0 18161 0 0 24 0 0 0 0 0 0 0 0 0 0 0 0 0 0 0 0 0 0 0 0 0 569 0 0 35 606 570 0 0 1 0 0 0 0 0 0 0 1 0 0 0 41682 52 0 0 0 0 0 0 0 0 3 141 123 58 0 0 0 1 3263 0 0 0 0 0 0 0 0 0 0 0 0 0 0 0 0 0 0 0 0 0 0 0 0 0 0 0 0 0 0 0 0 0 0 0 0 0 0 0 0 0 0 0 0 0 0 0 0 0 0 0 0 0 0 0 0 0 0 0 0 0 0 0 0 0 0 0 0 0 0 0 0 0 0 0 0 0 0 0 0 0 0 0 0 0 0 0 0 0 0 0 0 0 0 0 0 0 0 0 0 0 0 0 0 0 0 0 0 0 0 0 0 0 0 0 0 0 0 0 0 0 0 0 0 0 0 0 0 0 0 0 0 0 0 0 0 0 0 0 0 0 0 0 0 0 0 0 0 0 0 0 0 0 0 0 0 0 0 0 0 0 0 0 554 0 0 3263 0 0 0 0 0 0 0 0 0 0 0 0 0 0 0 0 0 0 0 0 0 0 0 0 0 0 0 0 0 0 0
ctxt 147820
btime 1571725391
processes 3244
procs_running 7
procs_blocked 1
softirq 59256 2 14656 0 0 0 0 24342 9132 0 11124

1905
cpu  1442 30 1438 4356 118 48 84 0 0 0
cpu0 273 1 442 1010 36 28 72 0 0 0
cpu1 273 1 212 1360 28 5 4 0 0 0
cpu2 624 5 576 637 32 7 3 0 0 0
cpu3 269 21 207 1348 21 5 4 0 0 0
intr 97054 0 0 0 18410 0 0 24 0 0 0 0 0 0 0 0 0 0 0 0 0 0 0 0 0 0 0 0 0 582 0 0 38 620 583 0 0 1 0 0 0 0 0 0 0 1 0 0 0 41770 52 0 0 0 0 0 0 0 0 3 152 123 58 0 0 0 1 3264 0 0 0 0 0 0 0 0 0 0 0 0 0 0 0 0 0 0 0 0 0 0 0 0 0 0 0 0 0 0 0 0 0 0 0 0 0 0 0 0 0 0 0 0 0 0 0 0 0 0 0 0 0 0 0 0 0 0 0 0 0 0 0 0 0 0 0 0 0 0 0 0 0 0 0 0 0 0 0 0 0 0 0 0 0 0 0 0 0 0 0 0 0 0 0 0 0 0 0 0 0 0 0 0 0 0 0 0 0 0 0 0 0 0 0 0 0 0 0 0 0 0 0 0 0 0 0 0 0 0 0 0 0 0 0 0 0 0 0 0 0 0 0 0 0 0 0 0 0 0 0 0 0 0 0 0 0 0 0 0 0 0 0 650 0 0 3264 0 0 0 0 0 0 0 0 0 0 0 0 0 0 0 0 0 0 0 0 0 0 0 0 0 0 0 0 0 0 0
ctxt 150260
btime 1571725391
processes 3257
procs_running 4
procs_blocked 0
softirq 59998 2 14875 0 0 0 0 24390 9247 0 11484

1927
cpu  1482 31 1458 4373 118 50 84 0 0 0
cpu0 282 1 447 1014 36 30 72 0 0 0
cpu1 288 1 215 1364 28 6 4 0 0 0
cpu2 636 5 580 640 32 7 4 0 0 0
cpu3 274 22 214 1354 21 5 4 0 0 0
intr 98360 0 0 0 18665 0 0 24 0 0 0 0 0 0 0 0 0 0 0 0 0 0 0 0 0 0 0 0 0 595 0 0 41 632 596 0 0 1 0 0 0 0 0 0 0 1 0 0 0 41838 52 0 0 0 0 0 0 0 0 4 166 123 58 0 0 0 1 3264 0 0 0 0 0 0 0 0 0 0 0 0 0 0 0 0 0 0 0 0 0 0 0 0 0 0 0 0 0 0 0 0 0 0 0 0 0 0 0 0 0 0 0 0 0 0 0 0 0 0 0 0 0 0 0 0 0 0 0 0 0 0 0 0 0 0 0 0 0 0 0 0 0 0 0 0 0 0 0 0 0 0 0 0 0 0 0 0 0 0 0 0 0 0 0 0 0 0 0 0 0 0 0 0 0 0 0 0 0 0 0 0 0 0 0 0 0 0 0 0 0 0 0 0 0 0 0 0 0 0 0 0 0 0 0 0 0 0 0 0 0 0 0 0 0 0 0 0 0 0 0 0 0 0 0 0 0 0 0 0 0 0 0 842 0 0 3264 0 0 0 0 0 0 0 0 0 0 0 0 0 0 0 0 0 0 0 0 0 0 0 0 0 0 0 0 0 0 0
ctxt 153341
btime 1571725391
processes 3269
procs_running 7
procs_blocked 0
softirq 60580 2 15083 0 0 0 0 24424 9361 0 11710

1950
cpu  1511 40 1493 4384 119 51 85 0 0 0
cpu0 288 2 455 1018 36 31 72 0 0 0
cpu1 298 5 220 1367 28 6 4 0 0 0
cpu2 642 9 591 642 32 7 4 0 0 0
cpu3 282 22 226 1355 22 6 4 0 0 0
intr 99692 0 0 0 18934 0 0 24 0 0 0 0 0 0 0 0 0 0 0 0 0 0 0 0 0 0 0 0 0 609 0 0 44 646 610 0 0 1 0 0 0 0 0 0 0 1 0 0 0 42023 52 0 0 0 0 0 0 0 0 33 180 123 58 0 0 0 1 3264 0 0 0 0 0 0 0 0 0 0 0 0 0 0 0 0 0 0 0 0 0 0 0 0 0 0 0 0 0 0 0 0 0 0 0 0 0 0 0 0 0 0 0 0 0 0 0 0 0 0 0 0 0 0 0 0 0 0 0 0 0 0 0 0 0 0 0 0 0 0 0 0 0 0 0 0 0 0 0 0 0 0 0 0 0 0 0 0 0 0 0 0 0 0 0 0 0 0 0 0 0 0 0 0 0 0 0 0 0 0 0 0 0 0 0 0 0 0 0 0 0 0 0 0 0 0 0 0 0 0 0 0 0 0 0 0 0 0 0 0 0 0 0 0 0 0 0 0 0 0 0 0 0 0 0 0 0 0 0 0 0 0 0 965 0 0 3264 0 0 0 0 0 0 0 0 0 0 0 0 0 0 0 0 0 0 0 0 0 0 0 0 0 0 0 0 0 0 0
ctxt 156101
btime 1571725391
processes 3298
procs_running 14
procs_blocked 0
softirq 61257 2 15292 0 0 0 0 24524 9467 0 11972

1973
cpu  1538 41 1544 4393 122 53 86 0 0 0
cpu0 293 2 470 1019 37 32 73 0 0 0
cpu1 308 5 231 1368 29 6 4 0 0 0
cpu2 646 10 605 646 32 7 4 0 0 0
cpu3 289 22 236 1359 22 6 4 0 0 0
intr 101292 0 0 0 19214 0 0 24 0 0 0 0 0 0 0 0 0 0 0 0 0 0 0 0 0 0 0 0 0 622 0 0 48 659 623 0 0 1 0 0 0 0 0 0 0 1 0 0 0 42289 52 0 0 0 0 0 0 0 0 33 201 123 58 0 0 0 1 3264 0 0 0 0 0 0 0 0 0 0 0 0 0 0 0 0 0 0 0 0 0 0 0 0 0 0 0 0 0 0 0 0 0 0 0 0 0 0 0 0 0 0 0 0 0 0 0 0 0 0 0 0 0 0 0 0 0 0 0 0 0 0 0 0 0 0 0 0 0 0 0 0 0 0 0 0 0 0 0 0 0 0 0 0 0 0 0 0 0 0 0 0 0 0 0 0 0 0 0 0 0 0 0 0 0 0 0 0 0 0 0 0 0 0 0 0 0 0 0 0 0 0 0 0 0 0 0 0 0 0 0 0 0 0 0 0 0 0 0 0 0 0 0 0 0 0 0 0 0 0 0 0 0 0 0 0 0 0 0 0 0 0 0 1076 0 0 3264 0 0 0 0 0 0 0 0 0 0 0 0 0 0 0 0 0 0 0 0 0 0 0 0 0 0 0 0 0 0 0
ctxt 160164
btime 1571725391
processes 3398
procs_running 8
procs_blocked 1
softirq 62135 4 15509 0 0 0 0 24680 9570 0 12372

1995
cpu  1551 41 1585 4401 142 54 87 0 0 0
cpu0 296 2 482 1020 40 33 73 0 0 0
cpu1 311 5 240 1368 37 6 4 0 0 0
cpu2 649 10 619 649 33 8 4 0 0 0
cpu3 294 22 242 1363 30 6 4 0 0 0
intr 102468 0 0 0 19471 0 0 24 0 0 0 0 0 0 0 0 0 0 0 0 0 0 0 0 0 0 0 0 0 635 0 0 51 672 636 0 0 1 0 0 0 0 0 0 0 1 0 0 0 42596 52 0 0 0 0 0 0 0 0 33 211 123 58 0 0 0 1 3264 0 0 0 0 0 0 0 0 0 0 0 0 0 0 0 0 0 0 0 0 0 0 0 0 0 0 0 0 0 0 0 0 0 0 0 0 0 0 0 0 0 0 0 0 0 0 0 0 0 0 0 0 0 0 0 0 0 0 0 0 0 0 0 0 0 0 0 0 0 0 0 0 0 0 0 0 0 0 0 0 0 0 0 0 0 0 0 0 0 0 0 0 0 0 0 0 0 0 0 0 0 0 0 0 0 0 0 0 0 0 0 0 0 0 0 0 0 0 0 0 0 0 0 0 0 0 0 0 0 0 0 0 0 0 0 0 0 0 0 0 0 0 0 0 0 0 0 0 0 0 0 0 0 0 0 0 0 0 0 0 0 0 0 1142 0 0 3264 0 0 0 0 0 0 0 0 0 0 0 0 0 0 0 0 0 0 0 0 0 0 0 0 0 0 0 0 0 0 0
ctxt 162348
btime 1571725391
processes 3419
procs_running 5
procs_blocked 4
softirq 62959 4 15705 0 0 0 0 24836 9707 0 12707

2018
cpu  1579 42 1624 4418 144 56 87 0 0 0
cpu0 300 3 492 1024 41 34 73 0 0 0
cpu1 320 6 248 1372 37 6 4 0 0 0
cpu2 659 10 630 651 33 8 4 0 0 0
cpu3 298 23 253 1369 31 6 4 0 0 0
intr 103924 0 0 0 19744 0 0 24 0 0 0 0 0 0 0 0 0 0 0 0 0 0 0 0 0 0 0 0 0 648 0 0 56 685 649 0 0 1 0 0 0 0 0 0 0 1 0 0 0 42756 52 0 0 0 0 0 0 0 0 33 232 123 58 0 0 0 1 3265 0 0 0 0 0 0 0 0 0 0 0 0 0 0 0 0 0 0 0 0 0 0 0 0 0 0 0 0 0 0 0 0 0 0 0 0 0 0 0 0 0 0 0 0 0 0 0 0 0 0 0 0 0 0 0 0 0 0 0 0 0 0 0 0 0 0 0 0 0 0 0 0 0 0 0 0 0 0 0 0 0 0 0 0 0 0 0 0 0 0 0 0 0 0 0 0 0 0 0 0 0 0 0 0 0 0 0 0 0 0 0 0 0 0 0 0 0 0 0 0 0 0 0 0 0 0 0 0 0 0 0 0 0 0 0 0 0 0 0 0 0 0 0 0 0 0 0 0 0 0 0 0 0 0 0 0 0 0 0 0 0 0 0 1294 0 0 3265 0 0 0 0 0 0 0 0 0 0 0 0 0 0 0 0 0 0 0 0 0 0 0 0 0 0 0 0 0 0 0
ctxt 166168
btime 1571725391
processes 3484
procs_running 9
procs_blocked 0
softirq 63637 4 15912 0 0 0 0 24920 9837 0 12964

2041
cpu  1611 46 1673 4420 145 58 88 0 0 0
cpu0 310 5 501 1025 41 35 74 0 0 0
cpu1 330 6 259 1374 37 6 4 0 0 0
cpu2 666 10 643 651 34 8 4 0 0 0
cpu3 303 23 268 1369 31 6 4 0 0 0
intr 105348 0 0 0 20011 0 0 24 0 0 0 0 0 0 0 0 0 0 0 0 0 0 0 0 0 0 0 0 0 661 0 0 58 699 662 0 0 1 0 0 0 0 0 0 0 1 0 0 0 43031 52 0 0 0 0 0 0 0 0 39 247 123 58 0 0 0 1 3265 0 0 0 0 0 0 0 0 0 0 0 0 0 0 0 0 0 0 0 0 0 0 0 0 0 0 0 0 0 0 0 0 0 0 0 0 0 0 0 0 0 0 0 0 0 0 0 0 0 0 0 0 0 0 0 0 0 0 0 0 0 0 0 0 0 0 0 0 0 0 0 0 0 0 0 0 0 0 0 0 0 0 0 0 0 0 0 0 0 0 0 0 0 0 0 0 0 0 0 0 0 0 0 0 0 0 0 0 0 0 0 0 0 0 0 0 0 0 0 0 0 0 0 0 0 0 0 0 0 0 0 0 0 0 0 0 0 0 0 0 0 0 0 0 0 0 0 0 0 0 0 0 0 0 0 0 0 0 0 0 0 0 0 1393 0 0 3265 0 0 0 0 0 0 0 0 0 0 0 0 0 0 0 0 0 0 0 0 0 0 0 0 0 0 0 0 0 0 0
ctxt 170285
btime 1571725391
processes 3540
procs_running 10
procs_blocked 0
softirq 64406 4 16116 0 0 0 0 25085 9908 0 13293

2067
cpu  1646 51 1727 4423 145 60 89 0 0 0
cpu0 317 8 514 1025 41 37 74 0 0 0
cpu1 338 8 274 1374 38 7 4 0 0 0
cpu2 678 10 655 652 34 8 4 0 0 0
cpu3 312 23 283 1371 31 6 4 0 0 0
intr 107225 0 0 0 20313 0 0 24 0 0 0 0 0 0 0 0 0 0 0 0 0 0 0 0 0 0 0 0 0 676 0 0 64 713 677 0 0 1 0 0 0 0 0 0 0 1 0 0 0 43196 52 0 0 0 0 0 0 0 0 39 270 123 58 0 0 0 1 3265 0 0 0 0 0 0 0 0 0 0 0 0 0 0 0 0 0 0 0 0 0 0 0 0 0 0 0 0 0 0 0 0 0 0 0 0 0 0 0 0 0 0 0 0 0 0 0 0 0 0 0 0 0 0 0 0 0 0 0 0 0 0 0 0 0 0 0 0 0 0 0 0 0 0 0 0 0 0 0 0 0 0 0 0 0 0 0 0 0 0 0 0 0 0 0 0 0 0 0 0 0 0 0 0 0 0 0 0 0 0 0 0 0 0 0 0 0 0 0 0 0 0 0 0 0 0 0 0 0 0 0 0 0 0 0 0 0 0 0 0 0 0 0 0 0 0 0 0 0 0 0 0 0 0 0 0 0 0 0 0 0 0 0 1586 0 0 3265 0 0 0 0 0 0 0 0 0 0 0 0 0 0 0 0 0 0 0 0 0 0 0 0 0 0 0 0 0 0 0
ctxt 177149
btime 1571725391
processes 3583
procs_running 17
procs_blocked 0
softirq 65196 4 16359 0 0 0 0 25184 9963 0 13686

2091
cpu  1685 56 1771 4430 146 61 90 0 0 0
cpu0 322 8 527 1028 41 38 75 0 0 0
cpu1 350 11 283 1375 38 7 4 0 0 0
cpu2 689 11 667 654 34 8 4 0 0 0
cpu3 324 24 293 1372 31 7 5 0 0 0
intr 109380 0 0 0 20615 0 0 24 0 0 0 0 0 0 0 0 0 0 0 0 0 0 0 0 0 0 0 0 0 691 0 0 68 728 692 0 0 1 0 0 0 0 0 0 0 1 0 0 0 43324 52 0 0 0 0 0 0 0 0 39 288 123 58 0 0 0 1 3265 0 0 0 0 0 0 0 0 0 0 0 0 0 0 0 0 0 0 0 0 0 0 0 0 0 0 0 0 0 0 0 0 0 0 0 0 0 0 0 0 0 0 0 0 0 0 0 0 0 0 0 0 0 0 0 0 0 0 0 0 0 0 0 0 0 0 0 0 0 0 0 0 0 0 0 0 0 0 0 0 0 0 0 0 0 0 0 0 0 0 0 0 0 0 0 0 0 0 0 0 0 0 0 0 0 0 0 0 0 0 0 0 0 0 0 0 0 0 0 0 0 0 0 0 0 0 0 0 0 0 0 0 0 0 0 0 0 0 0 0 0 0 0 0 0 0 0 0 0 0 0 0 0 0 0 0 0 0 0 0 0 0 0 1679 0 0 3265 0 0 0 0 0 0 0 0 0 0 0 0 0 0 0 0 0 0 0 0 0 0 0 0 0 0 0 0 0 0 0
ctxt 184384
btime 1571725391
processes 3620
procs_running 6
procs_blocked 0
softirq 65916 4 16582 0 0 0 0 25259 10066 0 14005

2116
cpu  1723 60 1806 4447 146 63 90 0 0 0
cpu0 333 9 535 1033 41 39 75 0 0 0
cpu1 361 13 290 1379 38 7 5 0 0 0
cpu2 693 12 679 659 34 9 4 0 0 0
cpu3 335 24 301 1376 31 7 5 0 0 0
intr 111299 0 0 0 20904 0 0 24 0 0 0 0 0 0 0 0 0 0 0 0 0 0 0 0 0 0 0 0 0 705 0 0 74 742 706 0 0 1 0 0 0 0 0 0 0 1 0 0 0 43391 52 0 0 0 0 0 0 0 0 39 311 123 58 0 0 0 1 3266 0 0 0 0 0 0 0 0 0 0 0 0 0 0 0 0 0 0 0 0 0 0 0 0 0 0 0 0 0 0 0 0 0 0 0 0 0 0 0 0 0 0 0 0 0 0 0 0 0 0 0 0 0 0 0 0 0 0 0 0 0 0 0 0 0 0 0 0 0 0 0 0 0 0 0 0 0 0 0 0 0 0 0 0 0 0 0 0 0 0 0 0 0 0 0 0 0 0 0 0 0 0 0 0 0 0 0 0 0 0 0 0 0 0 0 0 0 0 0 0 0 0 0 0 0 0 0 0 0 0 0 0 0 0 0 0 0 0 0 0 0 0 0 0 0 0 0 0 0 0 0 0 0 0 0 0 0 0 0 0 0 0 0 1784 0 0 3266 0 0 0 0 0 0 0 0 0 0 0 0 0 0 0 0 0 0 0 0 0 0 0 0 0 0 0 0 0 0 0
ctxt 190082
btime 1571725391
processes 3643
procs_running 3
procs_blocked 0
softirq 66599 4 16808 0 0 0 0 25306 10214 0 14267

2138
cpu  1745 65 1815 4499 146 63 90 0 0 0
cpu0 348 9 536 1038 41 39 75 0 0 0
cpu1 362 13 291 1397 38 7 5 0 0 0
cpu2 698 16 681 671 34 9 4 0 0 0
cpu3 335 26 305 1392 31 7 5 0 0 0
intr 111854 0 0 0 21159 0 0 24 0 0 0 0 0 0 0 0 0 0 0 0 0 0 0 0 0 0 0 0 0 717 0 0 78 755 718 0 0 1 0 0 0 0 0 0 0 1 0 0 0 43391 52 0 0 0 0 0 0 0 0 39 326 123 58 0 0 0 1 3266 0 0 0 0 0 0 0 0 0 0 0 0 0 0 0 0 0 0 0 0 0 0 0 0 0 0 0 0 0 0 0 0 0 0 0 0 0 0 0 0 0 0 0 0 0 0 0 0 0 0 0 0 0 0 0 0 0 0 0 0 0 0 0 0 0 0 0 0 0 0 0 0 0 0 0 0 0 0 0 0 0 0 0 0 0 0 0 0 0 0 0 0 0 0 0 0 0 0 0 0 0 0 0 0 0 0 0 0 0 0 0 0 0 0 0 0 0 0 0 0 0 0 0 0 0 0 0 0 0 0 0 0 0 0 0 0 0 0 0 0 0 0 0 0 0 0 0 0 0 0 0 0 0 0 0 0 0 0 0 0 0 0 0 1811 0 0 3266 0 0 0 0 0 0 0 0 0 0 0 0 0 0 0 0 0 0 0 0 0 0 0 0 0 0 0 0 0 0 0
ctxt 191088
btime 1571725391
processes 3644
procs_running 4
procs_blocked 0
softirq 67048 4 16987 0 0 0 0 25306 10325 0 14426

2159
cpu  1770 70 1831 4538 146 65 91 0 0 0
cpu0 353 10 540 1050 41 40 75 0 0 0
cpu1 366 14 293 1410 38 7 5 0 0 0
cpu2 712 17 684 674 34 9 5 0 0 0
cpu3 338 28 313 1402 31 7 5 0 0 0
intr 112806 0 0 0 21415 0 0 24 0 0 0 0 0 0 0 0 0 0 0 0 0 0 0 0 0 0 0 0 0 730 0 0 83 767 731 0 0 1 0 0 0 0 0 0 0 1 0 0 0 43402 52 0 0 0 0 0 0 0 0 45 353 123 58 0 0 0 1 3266 0 0 0 0 0 0 0 0 0 0 0 0 0 0 0 0 0 0 0 0 0 0 0 0 0 0 0 0 0 0 0 0 0 0 0 0 0 0 0 0 0 0 0 0 0 0 0 0 0 0 0 0 0 0 0 0 0 0 0 0 0 0 0 0 0 0 0 0 0 0 0 0 0 0 0 0 0 0 0 0 0 0 0 0 0 0 0 0 0 0 0 0 0 0 0 0 0 0 0 0 0 0 0 0 0 0 0 0 0 0 0 0 0 0 0 0 0 0 0 0 0 0 0 0 0 0 0 0 0 0 0 0 0 0 0 0 0 0 0 0 0 0 0 0 0 0 0 0 0 0 0 0 0 0 0 0 0 0 0 0 0 0 0 1889 0 0 3266 0 0 0 0 0 0 0 0 0 0 0 0 0 0 0 0 0 0 0 0 0 0 0 0 0 0 0 0 0 0 0
ctxt 193274
btime 1571725391
processes 3650
procs_running 3
procs_blocked 0
softirq 67582 4 17186 0 0 0 0 25314 10447 0 14631

2181
cpu  1791 75 1847 4581 146 65 91 0 0 0
cpu0 365 10 545 1052 41 41 75 0 0 0
cpu1 369 16 296 1423 38 7 5 0 0 0
cpu2 713 19 688 688 34 9 5 0 0 0
cpu3 342 28 316 1416 31 7 5 0 0 0
intr 113639 0 0 0 21672 0 0 24 0 0 0 0 0 0 0 0 0 0 0 0 0 0 0 0 0 0 0 0 0 742 0 0 90 780 743 0 0 1 0 0 0 0 0 0 0 1 0 0 0 43404 52 0 0 0 0 0 0 0 0 45 376 123 58 0 0 0 1 3266 0 0 0 0 0 0 0 0 0 0 0 0 0 0 0 0 0 0 0 0 0 0 0 0 0 0 0 0 0 0 0 0 0 0 0 0 0 0 0 0 0 0 0 0 0 0 0 0 0 0 0 0 0 0 0 0 0 0 0 0 0 0 0 0 0 0 0 0 0 0 0 0 0 0 0 0 0 0 0 0 0 0 0 0 0 0 0 0 0 0 0 0 0 0 0 0 0 0 0 0 0 0 0 0 0 0 0 0 0 0 0 0 0 0 0 0 0 0 0 0 0 0 0 0 0 0 0 0 0 0 0 0 0 0 0 0 0 0 0 0 0 0 0 0 0 0 0 0 0 0 0 0 0 0 0 0 0 0 0 0 0 0 0 1931 0 0 3266 0 0 0 0 0 0 0 0 0 0 0 0 0 0 0 0 0 0 0 0 0 0 0 0 0 0 0 0 0 0 0
ctxt 194760
btime 1571725391
processes 3650
procs_running 2
procs_blocked 0
softirq 68065 4 17354 0 0 0 0 25315 10563 0 14829

2202
cpu  1809 79 1852 4637 146 66 91 0 0 0
cpu0 384 10 547 1052 41 41 75 0 0 0
cpu1 369 18 297 1440 38 7 5 0 0 0
cpu2 713 19 688 709 34 9 5 0 0 0
cpu3 342 29 318 1434 31 7 5 0 0 0
intr 114074 0 0 0 21917 0 0 24 0 0 0 0 0 0 0 0 0 0 0 0 0 0 0 0 0 0 0 0 0 755 0 0 93 792 756 0 0 1 0 0 0 0 0 0 0 1 0 0 0 43404 52 0 0 0 0 0 0 0 0 45 390 123 58 0 0 0 1 3267 0 0 0 0 0 0 0 0 0 0 0 0 0 0 0 0 0 0 0 0 0 0 0 0 0 0 0 0 0 0 0 0 0 0 0 0 0 0 0 0 0 0 0 0 0 0 0 0 0 0 0 0 0 0 0 0 0 0 0 0 0 0 0 0 0 0 0 0 0 0 0 0 0 0 0 0 0 0 0 0 0 0 0 0 0 0 0 0 0 0 0 0 0 0 0 0 0 0 0 0 0 0 0 0 0 0 0 0 0 0 0 0 0 0 0 0 0 0 0 0 0 0 0 0 0 0 0 0 0 0 0 0 0 0 0 0 0 0 0 0 0 0 0 0 0 0 0 0 0 0 0 0 0 0 0 0 0 0 0 0 0 0 0 1934 0 0 3267 0 0 0 0 0 0 0 0 0 0 0 0 0 0 0 0 0 0 0 0 0 0 0 0 0 0 0 0 0 0 0
ctxt 195244
btime 1571725391
processes 3650
procs_running 2
procs_blocked 0
softirq 68408 4 17504 0 0 0 0 25316 10655 0 14929

2223
cpu  1834 93 1859 4675 146 67 91 0 0 0
cpu0 401 10 549 1054 41 41 75 0 0 0
cpu1 372 27 298 1449 38 7 5 0 0 0
cpu2 715 24 689 722 34 9 5 0 0 0
cpu3 344 30 321 1449 31 7 5 0 0 0
intr 114679 0 0 0 22147 0 0 24 0 0 0 0 0 0 0 0 0 0 0 0 0 0 0 0 0 0 0 0 0 767 0 0 98 804 768 0 0 1 0 0 0 0 0 0 0 1 0 0 0 43404 52 0 0 0 0 0 0 0 0 45 418 123 58 0 0 0 1 3267 0 0 0 0 0 0 0 0 0 0 0 0 0 0 0 0 0 0 0 0 0 0 0 0 0 0 0 0 0 0 0 0 0 0 0 0 0 0 0 0 0 0 0 0 0 0 0 0 0 0 0 0 0 0 0 0 0 0 0 0 0 0 0 0 0 0 0 0 0 0 0 0 0 0 0 0 0 0 0 0 0 0 0 0 0 0 0 0 0 0 0 0 0 0 0 0 0 0 0 0 0 0 0 0 0 0 0 0 0 0 0 0 0 0 0 0 0 0 0 0 0 0 0 0 0 0 0 0 0 0 0 0 0 0 0 0 0 0 0 0 0 0 0 0 0 0 0 0 0 0 0 0 0 0 0 0 0 0 0 0 0 0 0 1943 0 0 3267 0 0 0 0 0 0 0 0 0 0 0 0 0 0 0 0 0 0 0 0 0 0 0 0 0 0 0 0 0 0 0
ctxt 196410
btime 1571725391
processes 3651
procs_running 4
procs_blocked 0
softirq 68824 4 17679 0 0 0 0 25316 10760 0 15065

2245
cpu  1852 96 1869 4727 146 68 92 0 0 0
cpu0 408 10 551 1065 41 42 75 0 0 0
cpu1 374 30 301 1463 38 8 5 0 0 0
cpu2 721 24 693 734 34 9 5 0 0 0
cpu3 349 30 323 1464 31 7 5 0 0 0
intr 115279 0 0 0 22375 0 0 24 0 0 0 0 0 0 0 0 0 0 0 0 0 0 0 0 0 0 0 0 0 780 0 0 104 817 781 0 0 1 0 0 0 0 0 0 0 1 0 0 0 43406 52 0 0 0 0 0 0 0 0 51 472 123 58 0 0 0 1 3267 0 0 0 0 0 0 0 0 0 0 0 0 0 0 0 0 0 0 0 0 0 0 0 0 0 0 0 0 0 0 0 0 0 0 0 0 0 0 0 0 0 0 0 0 0 0 0 0 0 0 0 0 0 0 0 0 0 0 0 0 0 0 0 0 0 0 0 0 0 0 0 0 0 0 0 0 0 0 0 0 0 0 0 0 0 0 0 0 0 0 0 0 0 0 0 0 0 0 0 0 0 0 0 0 0 0 0 0 0 0 0 0 0 0 0 0 0 0 0 0 0 0 0 0 0 0 0 0 0 0 0 0 0 0 0 0 0 0 0 0 0 0 0 0 0 0 0 0 0 0 0 0 0 0 0 0 0 0 0 0 0 0 0 1952 0 0 3267 0 0 0 0 0 0 0 0 0 0 0 0 0 0 0 0 0 0 0 0 0 0 0 0 0 0 0 0 0 0 0
ctxt 197289
btime 1571725391
processes 3653
procs_running 3
procs_blocked 0
softirq 69290 4 17862 0 0 0 0 25317 10874 0 15233

