3125
   1       0 ram0 0 0 0 0 0 0 0 0 0 0 0
   1       1 ram1 0 0 0 0 0 0 0 0 0 0 0
   1       2 ram2 0 0 0 0 0 0 0 0 0 0 0
   1       3 ram3 0 0 0 0 0 0 0 0 0 0 0
   1       4 ram4 0 0 0 0 0 0 0 0 0 0 0
   1       5 ram5 0 0 0 0 0 0 0 0 0 0 0
   1       6 ram6 0 0 0 0 0 0 0 0 0 0 0
   1       7 ram7 0 0 0 0 0 0 0 0 0 0 0
   1       8 ram8 0 0 0 0 0 0 0 0 0 0 0
   1       9 ram9 0 0 0 0 0 0 0 0 0 0 0
   1      10 ram10 0 0 0 0 0 0 0 0 0 0 0
   1      11 ram11 0 0 0 0 0 0 0 0 0 0 0
   1      12 ram12 0 0 0 0 0 0 0 0 0 0 0
   1      13 ram13 0 0 0 0 0 0 0 0 0 0 0
   1      14 ram14 0 0 0 0 0 0 0 0 0 0 0
   1      15 ram15 0 0 0 0 0 0 0 0 0 0 0
   7       0 loop0 0 0 0 0 0 0 0 0 0 0 0
   7       1 loop1 0 0 0 0 0 0 0 0 0 0 0
   7       2 loop2 0 0 0 0 0 0 0 0 0 0 0
   7       3 loop3 0 0 0 0 0 0 0 0 0 0 0
   7       4 loop4 0 0 0 0 0 0 0 0 0 0 0
   7       5 loop5 0 0 0 0 0 0 0 0 0 0 0
   7       6 loop6 0 0 0 0 0 0 0 0 0 0 0
   7       7 loop7 0 0 0 0 0 0 0 0 0 0 0
 253       0 zram0 36 0 288 0 1 0 8 0 0 0 0
 179       0 mmcblk0 17216 3423 3905572 10960 138 73 1608 1704 0 6880 6920
 179       1 mmcblk0p1 0 0 0 0 0 0 0 0 0 0 0
 179       2 mmcblk0p2 0 0 0 0 0 0 0 0 0 0 0
 179       3 mmcblk0p3 0 0 0 0 0 0 0 0 0 0 0
 179       4 mmcblk0p4 0 0 0 0 0 0 0 0 0 0 0
 179       5 mmcblk0p5 492 818 45304 288 0 0 0 0 0 80 80
 179       6 mmcblk0p6 0 0 0 0 0 0 0 0 0 0 0
 179       7 mmcblk0p7 0 0 0 0 0 0 0 0 0 0 0
 179       8 mmcblk0p8 0 0 0 0 0 0 0 0 0 0 0
 179       9 mmcblk0p9 0 0 0 0 0 0 0 0 0 0 0
 179      10 mmcblk0p10 232 188 16968 120 0 0 0 0 0 40 40
 179      11 mmcblk0p11 0 0 0 0 0 0 0 0 0 0 0
 179      12 mmcblk0p12 16485 2417 3842996 10552 128 73 1608 1688 0 6756 6792
 179      13 mmcblk0p13 0 0 0 0 0 0 0 0 0 0 0
 179      14 mmcblk0p14 1 0 256 0 0 0 0 0 0 0 0
 179      15 mmcblk0p15 0 0 0 0 0 0 0 0 0 0 0
 179      96 mmcblk0rpmb 0 0 0 0 0 0 0 0 0 0 0
 179      64 mmcblk0boot1 0 0 0 0 0 0 0 0 0 0 0
 179      32 mmcblk0boot0 0 0 0 0 0 0 0 0 0 0 0
 252       0 dm-0 528 0 39080 424 0 0 0 0 0 268 424
 252       1 dm-1 228 0 15432 168 0 0 0 0 0 140 168

3146
   1       0 ram0 0 0 0 0 0 0 0 0 0 0 0
   1       1 ram1 0 0 0 0 0 0 0 0 0 0 0
   1       2 ram2 0 0 0 0 0 0 0 0 0 0 0
   1       3 ram3 0 0 0 0 0 0 0 0 0 0 0
   1       4 ram4 0 0 0 0 0 0 0 0 0 0 0
   1       5 ram5 0 0 0 0 0 0 0 0 0 0 0
   1       6 ram6 0 0 0 0 0 0 0 0 0 0 0
   1       7 ram7 0 0 0 0 0 0 0 0 0 0 0
   1       8 ram8 0 0 0 0 0 0 0 0 0 0 0
   1       9 ram9 0 0 0 0 0 0 0 0 0 0 0
   1      10 ram10 0 0 0 0 0 0 0 0 0 0 0
   1      11 ram11 0 0 0 0 0 0 0 0 0 0 0
   1      12 ram12 0 0 0 0 0 0 0 0 0 0 0
   1      13 ram13 0 0 0 0 0 0 0 0 0 0 0
   1      14 ram14 0 0 0 0 0 0 0 0 0 0 0
   1      15 ram15 0 0 0 0 0 0 0 0 0 0 0
   7       0 loop0 0 0 0 0 0 0 0 0 0 0 0
   7       1 loop1 0 0 0 0 0 0 0 0 0 0 0
   7       2 loop2 0 0 0 0 0 0 0 0 0 0 0
   7       3 loop3 0 0 0 0 0 0 0 0 0 0 0
   7       4 loop4 0 0 0 0 0 0 0 0 0 0 0
   7       5 loop5 0 0 0 0 0 0 0 0 0 0 0
   7       6 loop6 0 0 0 0 0 0 0 0 0 0 0
   7       7 loop7 0 0 0 0 0 0 0 0 0 0 0
 253       0 zram0 36 0 288 0 1 0 8 0 0 0 0
 179       0 mmcblk0 17429 3755 3949060 11312 142 134 2128 1720 0 6996 7064
 179       1 mmcblk0p1 0 0 0 0 0 0 0 0 0 0 0
 179       2 mmcblk0p2 0 0 0 0 0 0 0 0 0 0 0
 179       3 mmcblk0p3 0 0 0 0 0 0 0 0 0 0 0
 179       4 mmcblk0p4 0 0 0 0 0 0 0 0 0 0 0
 179       5 mmcblk0p5 678 1150 88512 616 0 0 0 0 0 184 204
 179       6 mmcblk0p6 0 0 0 0 0 0 0 0 0 0 0
 179       7 mmcblk0p7 1 0 32 0 0 0 0 0 0 0 0
 179       8 mmcblk0p8 0 0 0 0 0 0 0 0 0 0 0
 179       9 mmcblk0p9 0 0 0 0 0 0 0 0 0 0 0
 179      10 mmcblk0p10 242 188 17088 128 0 0 0 0 1 40 40
 179      11 mmcblk0p11 0 0 0 0 0 0 0 0 0 0 0
 179      12 mmcblk0p12 16501 2417 3843124 10568 132 134 2128 1704 0 6756 6792
 179      13 mmcblk0p13 0 0 0 0 0 0 0 0 0 0 0
 179      14 mmcblk0p14 1 0 256 0 0 0 0 0 0 0 0
 179      15 mmcblk0p15 0 0 0 0 0 0 0 0 0 0 0
 179      96 mmcblk0rpmb 0 0 0 0 0 0 0 0 0 0 0
 179      64 mmcblk0boot1 0 0 0 0 0 0 0 0 0 0 0
 179      32 mmcblk0boot0 0 0 0 0 0 0 0 0 0 0 0
 252       0 dm-0 713 0 79712 888 0 0 0 0 2 416 912
 252       1 dm-1 239 0 15560 184 0 0 0 0 1 152 184

3170
   1       0 ram0 0 0 0 0 0 0 0 0 0 0 0
   1       1 ram1 0 0 0 0 0 0 0 0 0 0 0
   1       2 ram2 0 0 0 0 0 0 0 0 0 0 0
   1       3 ram3 0 0 0 0 0 0 0 0 0 0 0
   1       4 ram4 0 0 0 0 0 0 0 0 0 0 0
   1       5 ram5 0 0 0 0 0 0 0 0 0 0 0
   1       6 ram6 0 0 0 0 0 0 0 0 0 0 0
   1       7 ram7 0 0 0 0 0 0 0 0 0 0 0
   1       8 ram8 0 0 0 0 0 0 0 0 0 0 0
   1       9 ram9 0 0 0 0 0 0 0 0 0 0 0
   1      10 ram10 0 0 0 0 0 0 0 0 0 0 0
   1      11 ram11 0 0 0 0 0 0 0 0 0 0 0
   1      12 ram12 0 0 0 0 0 0 0 0 0 0 0
   1      13 ram13 0 0 0 0 0 0 0 0 0 0 0
   1      14 ram14 0 0 0 0 0 0 0 0 0 0 0
   1      15 ram15 0 0 0 0 0 0 0 0 0 0 0
   7       0 loop0 0 0 0 0 0 0 0 0 0 0 0
   7       1 loop1 0 0 0 0 0 0 0 0 0 0 0
   7       2 loop2 0 0 0 0 0 0 0 0 0 0 0
   7       3 loop3 0 0 0 0 0 0 0 0 0 0 0
   7       4 loop4 0 0 0 0 0 0 0 0 0 0 0
   7       5 loop5 0 0 0 0 0 0 0 0 0 0 0
   7       6 loop6 0 0 0 0 0 0 0 0 0 0 0
   7       7 loop7 0 0 0 0 0 0 0 0 0 0 0
 253       0 zram0 36 0 288 0 1 0 8 0 0 0 0
 179       0 mmcblk0 17819 3758 4026884 12788 142 134 2128 1720 0 7188 7320
 179       1 mmcblk0p1 0 0 0 0 0 0 0 0 0 0 0
 179       2 mmcblk0p2 0 0 0 0 0 0 0 0 0 0 0
 179       3 mmcblk0p3 0 0 0 0 0 0 0 0 0 0 0
 179       4 mmcblk0p4 0 0 0 0 0 0 0 0 0 0 0
 179       5 mmcblk0p5 995 1153 163624 1784 0 0 0 0 2 348 412
 179       6 mmcblk0p6 0 0 0 0 0 0 0 0 0 0 0
 179       7 mmcblk0p7 1 0 32 0 0 0 0 0 0 0 0
 179       8 mmcblk0p8 0 0 0 0 0 0 0 0 0 0 0
 179       9 mmcblk0p9 0 0 0 0 0 0 0 0 0 0 0
 179      10 mmcblk0p10 315 188 19800 436 0 0 0 0 0 92 92
 179      11 mmcblk0p11 0 0 0 0 0 0 0 0 0 0 0
 179      12 mmcblk0p12 16501 2417 3843124 10568 132 134 2128 1704 0 6756 6792
 179      13 mmcblk0p13 0 0 0 0 0 0 0 0 0 0 0
 179      14 mmcblk0p14 1 0 256 0 0 0 0 0 0 0 0
 179      15 mmcblk0p15 0 0 0 0 0 0 0 0 0 0 0
 179      96 mmcblk0rpmb 0 0 0 0 0 0 0 0 0 0 0
 179      64 mmcblk0boot1 0 0 0 0 0 0 0 0 0 0 0
 179      32 mmcblk0boot0 0 0 0 0 0 0 0 0 0 0 0
 252       0 dm-0 1088 0 157592 3044 0 0 0 0 7 660 3176
 252       1 dm-1 312 0 18280 624 0 0 0 0 1 340 624

3194
   1       0 ram0 0 0 0 0 0 0 0 0 0 0 0
   1       1 ram1 0 0 0 0 0 0 0 0 0 0 0
   1       2 ram2 0 0 0 0 0 0 0 0 0 0 0
   1       3 ram3 0 0 0 0 0 0 0 0 0 0 0
   1       4 ram4 0 0 0 0 0 0 0 0 0 0 0
   1       5 ram5 0 0 0 0 0 0 0 0 0 0 0
   1       6 ram6 0 0 0 0 0 0 0 0 0 0 0
   1       7 ram7 0 0 0 0 0 0 0 0 0 0 0
   1       8 ram8 0 0 0 0 0 0 0 0 0 0 0
   1       9 ram9 0 0 0 0 0 0 0 0 0 0 0
   1      10 ram10 0 0 0 0 0 0 0 0 0 0 0
   1      11 ram11 0 0 0 0 0 0 0 0 0 0 0
   1      12 ram12 0 0 0 0 0 0 0 0 0 0 0
   1      13 ram13 0 0 0 0 0 0 0 0 0 0 0
   1      14 ram14 0 0 0 0 0 0 0 0 0 0 0
   1      15 ram15 0 0 0 0 0 0 0 0 0 0 0
   7       0 loop0 0 0 0 0 0 0 0 0 0 0 0
   7       1 loop1 0 0 0 0 0 0 0 0 0 0 0
   7       2 loop2 0 0 0 0 0 0 0 0 0 0 0
   7       3 loop3 0 0 0 0 0 0 0 0 0 0 0
   7       4 loop4 0 0 0 0 0 0 0 0 0 0 0
   7       5 loop5 0 0 0 0 0 0 0 0 0 0 0
   7       6 loop6 0 0 0 0 0 0 0 0 0 0 0
   7       7 loop7 0 0 0 0 0 0 0 0 0 0 0
 253       0 zram0 36 0 288 0 1 0 8 0 0 0 0
 179       0 mmcblk0 18186 3759 4091108 13980 142 134 2128 1720 0 7336 7532
 179       1 mmcblk0p1 0 0 0 0 0 0 0 0 0 0 0
 179       2 mmcblk0p2 0 0 0 0 0 0 0 0 0 0 0
 179       3 mmcblk0p3 0 0 0 0 0 0 0 0 0 0 0
 179       4 mmcblk0p4 0 0 0 0 0 0 0 0 0 0 0
 179       5 mmcblk0p5 1275 1154 225592 2828 0 0 0 0 1 484 604
 179       6 mmcblk0p6 0 0 0 0 0 0 0 0 0 0 0
 179       7 mmcblk0p7 1 0 32 0 0 0 0 0 0 0 0
 179       8 mmcblk0p8 0 0 0 0 0 0 0 0 0 0 0
 179       9 mmcblk0p9 0 0 0 0 0 0 0 0 0 0 0
 179      10 mmcblk0p10 402 188 23072 584 0 0 0 0 0 132 140
 179      11 mmcblk0p11 0 0 0 0 0 0 0 0 0 0 0
 179      12 mmcblk0p12 16502 2417 3843132 10572 132 134 2128 1704 0 6756 6792
 179      13 mmcblk0p13 0 0 0 0 0 0 0 0 0 0 0
 179      14 mmcblk0p14 1 0 256 0 0 0 0 0 0 0 0
 179      15 mmcblk0p15 0 0 0 0 0 0 0 0 0 0 0
 179      96 mmcblk0rpmb 0 0 0 0 0 0 0 0 0 0 0
 179      64 mmcblk0boot1 0 0 0 0 0 0 0 0 0 0 0
 179      32 mmcblk0boot0 0 0 0 0 0 0 0 0 0 0 0
 252       0 dm-0 1407 0 225216 6920 0 0 0 0 16 892 7132
 252       1 dm-1 401 0 21792 864 0 0 0 0 3 484 884

3224
   1       0 ram0 0 0 0 0 0 0 0 0 0 0 0
   1       1 ram1 0 0 0 0 0 0 0 0 0 0 0
   1       2 ram2 0 0 0 0 0 0 0 0 0 0 0
   1       3 ram3 0 0 0 0 0 0 0 0 0 0 0
   1       4 ram4 0 0 0 0 0 0 0 0 0 0 0
   1       5 ram5 0 0 0 0 0 0 0 0 0 0 0
   1       6 ram6 0 0 0 0 0 0 0 0 0 0 0
   1       7 ram7 0 0 0 0 0 0 0 0 0 0 0
   1       8 ram8 0 0 0 0 0 0 0 0 0 0 0
   1       9 ram9 0 0 0 0 0 0 0 0 0 0 0
   1      10 ram10 0 0 0 0 0 0 0 0 0 0 0
   1      11 ram11 0 0 0 0 0 0 0 0 0 0 0
   1      12 ram12 0 0 0 0 0 0 0 0 0 0 0
   1      13 ram13 0 0 0 0 0 0 0 0 0 0 0
   1      14 ram14 0 0 0 0 0 0 0 0 0 0 0
   1      15 ram15 0 0 0 0 0 0 0 0 0 0 0
   7       0 loop0 0 0 0 0 0 0 0 0 0 0 0
   7       1 loop1 0 0 0 0 0 0 0 0 0 0 0
   7       2 loop2 0 0 0 0 0 0 0 0 0 0 0
   7       3 loop3 0 0 0 0 0 0 0 0 0 0 0
   7       4 loop4 0 0 0 0 0 0 0 0 0 0 0
   7       5 loop5 0 0 0 0 0 0 0 0 0 0 0
   7       6 loop6 0 0 0 0 0 0 0 0 0 0 0
   7       7 loop7 0 0 0 0 0 0 0 0 0 0 0
 253       0 zram0 36 0 288 0 1 0 8 0 0 0 0
 179       0 mmcblk0 18484 3761 4141732 14784 142 134 2128 1720 0 7436 7656
 179       1 mmcblk0p1 0 0 0 0 0 0 0 0 0 0 0
 179       2 mmcblk0p2 0 0 0 0 0 0 0 0 0 0 0
 179       3 mmcblk0p3 0 0 0 0 0 0 0 0 0 0 0
 179       4 mmcblk0p4 0 0 0 0 0 0 0 0 0 0 0
 179       5 mmcblk0p5 1531 1156 272848 3524 0 0 0 0 2 572 712
 179       6 mmcblk0p6 0 0 0 0 0 0 0 0 0 0 0
 179       7 mmcblk0p7 1 0 32 0 0 0 0 0 0 0 0
 179       8 mmcblk0p8 0 0 0 0 0 0 0 0 0 0 0
 179       9 mmcblk0p9 0 0 0 0 0 0 0 0 0 0 0
 179      10 mmcblk0p10 438 188 25376 676 0 0 0 0 0 152 160
 179      11 mmcblk0p11 0 0 0 0 0 0 0 0 0 0 0
 179      12 mmcblk0p12 16507 2417 3843172 10584 132 134 2128 1704 0 6756 6792
 179      13 mmcblk0p13 0 0 0 0 0 0 0 0 0 0 0
 179      14 mmcblk0p14 1 0 256 0 0 0 0 0 0 0 0
 179      15 mmcblk0p15 0 0 0 0 0 0 0 0 0 0 0
 179      96 mmcblk0rpmb 0 0 0 0 0 0 0 0 0 0 0
 179      64 mmcblk0boot1 0 0 0 0 0 0 0 0 0 0 0
 179      32 mmcblk0boot0 0 0 0 0 0 0 0 0 0 0 0
 252       0 dm-0 1644 0 266936 9152 0 0 0 0 3 1192 9268
 252       1 dm-1 435 0 23872 1076 0 0 0 0 1 632 1076

3249
   1       0 ram0 0 0 0 0 0 0 0 0 0 0 0
   1       1 ram1 0 0 0 0 0 0 0 0 0 0 0
   1       2 ram2 0 0 0 0 0 0 0 0 0 0 0
   1       3 ram3 0 0 0 0 0 0 0 0 0 0 0
   1       4 ram4 0 0 0 0 0 0 0 0 0 0 0
   1       5 ram5 0 0 0 0 0 0 0 0 0 0 0
   1       6 ram6 0 0 0 0 0 0 0 0 0 0 0
   1       7 ram7 0 0 0 0 0 0 0 0 0 0 0
   1       8 ram8 0 0 0 0 0 0 0 0 0 0 0
   1       9 ram9 0 0 0 0 0 0 0 0 0 0 0
   1      10 ram10 0 0 0 0 0 0 0 0 0 0 0
   1      11 ram11 0 0 0 0 0 0 0 0 0 0 0
   1      12 ram12 0 0 0 0 0 0 0 0 0 0 0
   1      13 ram13 0 0 0 0 0 0 0 0 0 0 0
   1      14 ram14 0 0 0 0 0 0 0 0 0 0 0
   1      15 ram15 0 0 0 0 0 0 0 0 0 0 0
   7       0 loop0 0 0 0 0 0 0 0 0 0 0 0
   7       1 loop1 0 0 0 0 0 0 0 0 0 0 0
   7       2 loop2 0 0 0 0 0 0 0 0 0 0 0
   7       3 loop3 0 0 0 0 0 0 0 0 0 0 0
   7       4 loop4 0 0 0 0 0 0 0 0 0 0 0
   7       5 loop5 0 0 0 0 0 0 0 0 0 0 0
   7       6 loop6 0 0 0 0 0 0 0 0 0 0 0
   7       7 loop7 0 0 0 0 0 0 0 0 0 0 0
 253       0 zram0 36 0 288 0 1 0 8 0 0 0 0
 179       0 mmcblk0 18558 3761 4153452 14836 142 134 2128 1720 0 7440 7660
 179       1 mmcblk0p1 0 0 0 0 0 0 0 0 0 0 0
 179       2 mmcblk0p2 0 0 0 0 0 0 0 0 0 0 0
 179       3 mmcblk0p3 0 0 0 0 0 0 0 0 0 0 0
 179       4 mmcblk0p4 0 0 0 0 0 0 0 0 0 0 0
 179       5 mmcblk0p5 1552 1156 278608 3548 0 0 0 0 0 576 716
 179       6 mmcblk0p6 0 0 0 0 0 0 0 0 0 0 0
 179       7 mmcblk0p7 1 0 32 0 0 0 0 0 0 0 0
 179       8 mmcblk0p8 0 0 0 0 0 0 0 0 0 0 0
 179       9 mmcblk0p9 0 0 0 0 0 0 0 0 0 0 0
 179      10 mmcblk0p10 486 188 31296 700 0 0 0 0 0 152 160
 179      11 mmcblk0p11 0 0 0 0 0 0 0 0 0 0 0
 179      12 mmcblk0p12 16512 2417 3843212 10588 132 134 2128 1704 0 6756 6792
 179      13 mmcblk0p13 0 0 0 0 0 0 0 0 0 0 0
 179      14 mmcblk0p14 1 0 256 0 0 0 0 0 0 0 0
 179      15 mmcblk0p15 0 0 0 0 0 0 0 0 0 0 0
 179      96 mmcblk0rpmb 0 0 0 0 0 0 0 0 0 0 0
 179      64 mmcblk0boot1 0 0 0 0 0 0 0 0 0 0 0
 179      32 mmcblk0boot0 0 0 0 0 0 0 0 0 0 0 0
 252       0 dm-0 1660 0 269808 9208 0 0 0 0 0 1224 9324
 252       1 dm-1 482 0 29760 1132 0 0 0 0 0 676 1132

3275
   1       0 ram0 0 0 0 0 0 0 0 0 0 0 0
   1       1 ram1 0 0 0 0 0 0 0 0 0 0 0
   1       2 ram2 0 0 0 0 0 0 0 0 0 0 0
   1       3 ram3 0 0 0 0 0 0 0 0 0 0 0
   1       4 ram4 0 0 0 0 0 0 0 0 0 0 0
   1       5 ram5 0 0 0 0 0 0 0 0 0 0 0
   1       6 ram6 0 0 0 0 0 0 0 0 0 0 0
   1       7 ram7 0 0 0 0 0 0 0 0 0 0 0
   1       8 ram8 0 0 0 0 0 0 0 0 0 0 0
   1       9 ram9 0 0 0 0 0 0 0 0 0 0 0
   1      10 ram10 0 0 0 0 0 0 0 0 0 0 0
   1      11 ram11 0 0 0 0 0 0 0 0 0 0 0
   1      12 ram12 0 0 0 0 0 0 0 0 0 0 0
   1      13 ram13 0 0 0 0 0 0 0 0 0 0 0
   1      14 ram14 0 0 0 0 0 0 0 0 0 0 0
   1      15 ram15 0 0 0 0 0 0 0 0 0 0 0
   7       0 loop0 0 0 0 0 0 0 0 0 0 0 0
   7       1 loop1 0 0 0 0 0 0 0 0 0 0 0
   7       2 loop2 0 0 0 0 0 0 0 0 0 0 0
   7       3 loop3 0 0 0 0 0 0 0 0 0 0 0
   7       4 loop4 0 0 0 0 0 0 0 0 0 0 0
   7       5 loop5 0 0 0 0 0 0 0 0 0 0 0
   7       6 loop6 0 0 0 0 0 0 0 0 0 0 0
   7       7 loop7 0 0 0 0 0 0 0 0 0 0 0
 253       0 zram0 36 0 288 0 1 0 8 0 0 0 0
 179       0 mmcblk0 18689 4014 4211884 15356 145 162 2376 1724 0 7540 7772
 179       1 mmcblk0p1 0 0 0 0 0 0 0 0 0 0 0
 179       2 mmcblk0p2 0 0 0 0 0 0 0 0 0 0 0
 179       3 mmcblk0p3 0 0 0 0 0 0 0 0 0 0 0
 179       4 mmcblk0p4 0 0 0 0 0 0 0 0 0 0 0
 179       5 mmcblk0p5 1633 1409 329352 4004 0 0 0 0 0 668 816
 179       6 mmcblk0p6 0 0 0 0 0 0 0 0 0 0 0
 179       7 mmcblk0p7 1 0 32 0 0 0 0 0 0 0 0
 179       8 mmcblk0p8 0 0 0 0 0 0 0 0 0 0 0
 179       9 mmcblk0p9 0 0 0 0 0 0 0 0 0 0 0
 179      10 mmcblk0p10 527 188 36376 752 0 0 0 0 0 156 164
 179      11 mmcblk0p11 0 0 0 0 0 0 0 0 0 0 0
 179      12 mmcblk0p12 16521 2417 3845820 10600 135 162 2376 1708 0 6760 6796
 179      13 mmcblk0p13 0 0 0 0 0 0 0 0 0 0 0
 179      14 mmcblk0p14 1 0 256 0 0 0 0 0 0 0 0
 179      15 mmcblk0p15 0 0 0 0 0 0 0 0 0 0 0
 179      96 mmcblk0rpmb 0 0 0 0 0 0 0 0 0 0 0
 179      64 mmcblk0boot1 0 0 0 0 0 0 0 0 0 0 0
 179      32 mmcblk0boot0 0 0 0 0 0 0 0 0 0 0 0
 252       0 dm-0 1715 0 324560 9696 0 0 0 0 3 1376 9812
 252       1 dm-1 523 0 34840 1212 0 0 0 0 1 748 1212

3297
   1       0 ram0 0 0 0 0 0 0 0 0 0 0 0
   1       1 ram1 0 0 0 0 0 0 0 0 0 0 0
   1       2 ram2 0 0 0 0 0 0 0 0 0 0 0
   1       3 ram3 0 0 0 0 0 0 0 0 0 0 0
   1       4 ram4 0 0 0 0 0 0 0 0 0 0 0
   1       5 ram5 0 0 0 0 0 0 0 0 0 0 0
   1       6 ram6 0 0 0 0 0 0 0 0 0 0 0
   1       7 ram7 0 0 0 0 0 0 0 0 0 0 0
   1       8 ram8 0 0 0 0 0 0 0 0 0 0 0
   1       9 ram9 0 0 0 0 0 0 0 0 0 0 0
   1      10 ram10 0 0 0 0 0 0 0 0 0 0 0
   1      11 ram11 0 0 0 0 0 0 0 0 0 0 0
   1      12 ram12 0 0 0 0 0 0 0 0 0 0 0
   1      13 ram13 0 0 0 0 0 0 0 0 0 0 0
   1      14 ram14 0 0 0 0 0 0 0 0 0 0 0
   1      15 ram15 0 0 0 0 0 0 0 0 0 0 0
   7       0 loop0 0 0 0 0 0 0 0 0 0 0 0
   7       1 loop1 0 0 0 0 0 0 0 0 0 0 0
   7       2 loop2 0 0 0 0 0 0 0 0 0 0 0
   7       3 loop3 0 0 0 0 0 0 0 0 0 0 0
   7       4 loop4 0 0 0 0 0 0 0 0 0 0 0
   7       5 loop5 0 0 0 0 0 0 0 0 0 0 0
   7       6 loop6 0 0 0 0 0 0 0 0 0 0 0
   7       7 loop7 0 0 0 0 0 0 0 0 0 0 0
 253       0 zram0 36 0 288 0 1 0 8 0 0 0 0
 179       0 mmcblk0 18846 4078 4287844 16080 148 172 2480 1740 0 7696 7960
 179       1 mmcblk0p1 0 0 0 0 0 0 0 0 0 0 0
 179       2 mmcblk0p2 0 0 0 0 0 0 0 0 0 0 0
 179       3 mmcblk0p3 0 0 0 0 0 0 0 0 0 0 0
 179       4 mmcblk0p4 0 0 0 0 0 0 0 0 0 0 0
 179       5 mmcblk0p5 1726 1472 398384 4564 0 0 0 0 1 780 936
 179       6 mmcblk0p6 0 0 0 0 0 0 0 0 0 0 0
 179       7 mmcblk0p7 1 0 32 0 0 0 0 0 0 0 0
 179       8 mmcblk0p8 0 0 0 0 0 0 0 0 0 0 0
 179       9 mmcblk0p9 0 0 0 0 0 0 0 0 0 0 0
 179      10 mmcblk0p10 573 189 40408 888 0 0 0 0 0 168 176
 179      11 mmcblk0p11 0 0 0 0 0 0 0 0 0 0 0
 179      12 mmcblk0p12 16539 2417 3848716 10628 138 172 2480 1724 0 6768 6804
 179      13 mmcblk0p13 0 0 0 0 0 0 0 0 0 0 0
 179      14 mmcblk0p14 1 0 256 0 0 0 0 0 0 0 0
 179      15 mmcblk0p15 0 0 0 0 0 0 0 0 0 0 0
 179      96 mmcblk0rpmb 0 0 0 0 0 0 0 0 0 0 0
 179      64 mmcblk0boot1 0 0 0 0 0 0 0 0 0 0 0
 179      32 mmcblk0boot0 0 0 0 0 0 0 0 0 0 0 0
 252       0 dm-0 1775 0 387312 10444 0 0 0 0 1 1596 10564
 252       1 dm-1 570 0 38872 1452 0 0 0 0 0 936 1452

3321
   1       0 ram0 0 0 0 0 0 0 0 0 0 0 0
   1       1 ram1 0 0 0 0 0 0 0 0 0 0 0
   1       2 ram2 0 0 0 0 0 0 0 0 0 0 0
   1       3 ram3 0 0 0 0 0 0 0 0 0 0 0
   1       4 ram4 0 0 0 0 0 0 0 0 0 0 0
   1       5 ram5 0 0 0 0 0 0 0 0 0 0 0
   1       6 ram6 0 0 0 0 0 0 0 0 0 0 0
   1       7 ram7 0 0 0 0 0 0 0 0 0 0 0
   1       8 ram8 0 0 0 0 0 0 0 0 0 0 0
   1       9 ram9 0 0 0 0 0 0 0 0 0 0 0
   1      10 ram10 0 0 0 0 0 0 0 0 0 0 0
   1      11 ram11 0 0 0 0 0 0 0 0 0 0 0
   1      12 ram12 0 0 0 0 0 0 0 0 0 0 0
   1      13 ram13 0 0 0 0 0 0 0 0 0 0 0
   1      14 ram14 0 0 0 0 0 0 0 0 0 0 0
   1      15 ram15 0 0 0 0 0 0 0 0 0 0 0
   7       0 loop0 0 0 0 0 0 0 0 0 0 0 0
   7       1 loop1 0 0 0 0 0 0 0 0 0 0 0
   7       2 loop2 0 0 0 0 0 0 0 0 0 0 0
   7       3 loop3 0 0 0 0 0 0 0 0 0 0 0
   7       4 loop4 0 0 0 0 0 0 0 0 0 0 0
   7       5 loop5 0 0 0 0 0 0 0 0 0 0 0
   7       6 loop6 0 0 0 0 0 0 0 0 0 0 0
   7       7 loop7 0 0 0 0 0 0 0 0 0 0 0
 253       0 zram0 36 0 288 0 1 0 8 0 0 0 0
 179       0 mmcblk0 19030 4078 4366844 16744 148 172 2480 1740 0 7840 8120
 179       1 mmcblk0p1 0 0 0 0 0 0 0 0 0 0 0
 179       2 mmcblk0p2 0 0 0 0 0 0 0 0 0 0 0
 179       3 mmcblk0p3 0 0 0 0 0 0 0 0 0 0 0
 179       4 mmcblk0p4 0 0 0 0 0 0 0 0 0 0 0
 179       5 mmcblk0p5 1819 1472 442776 4944 0 0 0 0 0 864 1028
 179       6 mmcblk0p6 0 0 0 0 0 0 0 0 0 0 0
 179       7 mmcblk0p7 1 0 32 0 0 0 0 0 0 0 0
 179       8 mmcblk0p8 0 0 0 0 0 0 0 0 0 0 0
 179       9 mmcblk0p9 0 0 0 0 0 0 0 0 0 0 0
 179      10 mmcblk0p10 588 189 40688 920 0 0 0 0 0 168 176
 179      11 mmcblk0p11 0 0 0 0 0 0 0 0 0 0 0
 179      12 mmcblk0p12 16615 2417 3883044 10880 138 172 2480 1724 0 6828 6868
 179      13 mmcblk0p13 0 0 0 0 0 0 0 0 0 0 0
 179      14 mmcblk0p14 1 0 256 0 0 0 0 0 0 0 0
 179      15 mmcblk0p15 0 0 0 0 0 0 0 0 0 0 0
 179      96 mmcblk0rpmb 0 0 0 0 0 0 0 0 0 0 0
 179      64 mmcblk0boot1 0 0 0 0 0 0 0 0 0 0 0
 179      32 mmcblk0boot0 0 0 0 0 0 0 0 0 0 0 0
 252       0 dm-0 1848 0 431392 10820 0 0 0 0 2 1716 10936
 252       1 dm-1 585 0 39152 1484 0 0 0 0 0 968 1484

3344
   1       0 ram0 0 0 0 0 0 0 0 0 0 0 0
   1       1 ram1 0 0 0 0 0 0 0 0 0 0 0
   1       2 ram2 0 0 0 0 0 0 0 0 0 0 0
   1       3 ram3 0 0 0 0 0 0 0 0 0 0 0
   1       4 ram4 0 0 0 0 0 0 0 0 0 0 0
   1       5 ram5 0 0 0 0 0 0 0 0 0 0 0
   1       6 ram6 0 0 0 0 0 0 0 0 0 0 0
   1       7 ram7 0 0 0 0 0 0 0 0 0 0 0
   1       8 ram8 0 0 0 0 0 0 0 0 0 0 0
   1       9 ram9 0 0 0 0 0 0 0 0 0 0 0
   1      10 ram10 0 0 0 0 0 0 0 0 0 0 0
   1      11 ram11 0 0 0 0 0 0 0 0 0 0 0
   1      12 ram12 0 0 0 0 0 0 0 0 0 0 0
   1      13 ram13 0 0 0 0 0 0 0 0 0 0 0
   1      14 ram14 0 0 0 0 0 0 0 0 0 0 0
   1      15 ram15 0 0 0 0 0 0 0 0 0 0 0
   7       0 loop0 0 0 0 0 0 0 0 0 0 0 0
   7       1 loop1 0 0 0 0 0 0 0 0 0 0 0
   7       2 loop2 0 0 0 0 0 0 0 0 0 0 0
   7       3 loop3 0 0 0 0 0 0 0 0 0 0 0
   7       4 loop4 0 0 0 0 0 0 0 0 0 0 0
   7       5 loop5 0 0 0 0 0 0 0 0 0 0 0
   7       6 loop6 0 0 0 0 0 0 0 0 0 0 0
   7       7 loop7 0 0 0 0 0 0 0 0 0 0 0
 253       0 zram0 36 0 288 0 1 0 8 0 0 0 0
 179       0 mmcblk0 19163 4078 4406340 17048 148 172 2480 1740 0 7904 8188
 179       1 mmcblk0p1 0 0 0 0 0 0 0 0 0 0 0
 179       2 mmcblk0p2 0 0 0 0 0 0 0 0 0 0 0
 179       3 mmcblk0p3 0 0 0 0 0 0 0 0 0 0 0
 179       4 mmcblk0p4 0 0 0 0 0 0 0 0 0 0 0
 179       5 mmcblk0p5 1890 1472 454104 5016 0 0 0 0 0 888 1052
 179       6 mmcblk0p6 0 0 0 0 0 0 0 0 0 0 0
 179       7 mmcblk0p7 1 0 32 0 0 0 0 0 0 0 0
 179       8 mmcblk0p8 0 0 0 0 0 0 0 0 0 0 0
 179       9 mmcblk0p9 0 0 0 0 0 0 0 0 0 0 0
 179      10 mmcblk0p10 620 189 41456 964 0 0 0 0 0 168 176
 179      11 mmcblk0p11 0 0 0 0 0 0 0 0 0 0 0
 179      12 mmcblk0p12 16645 2417 3910444 11068 138 172 2480 1724 0 6872 6912
 179      13 mmcblk0p13 0 0 0 0 0 0 0 0 0 0 0
 179      14 mmcblk0p14 1 0 256 0 0 0 0 0 0 0 0
 179      15 mmcblk0p15 0 0 0 0 0 0 0 0 0 0 0
 179      96 mmcblk0rpmb 0 0 0 0 0 0 0 0 0 0 0
 179      64 mmcblk0boot1 0 0 0 0 0 0 0 0 0 0 0
 179      32 mmcblk0boot0 0 0 0 0 0 0 0 0 0 0 0
 252       0 dm-0 1916 0 442720 10904 0 0 0 0 0 1788 11020
 252       1 dm-1 617 0 39920 1536 0 0 0 0 0 1020 1536

3365
   1       0 ram0 0 0 0 0 0 0 0 0 0 0 0
   1       1 ram1 0 0 0 0 0 0 0 0 0 0 0
   1       2 ram2 0 0 0 0 0 0 0 0 0 0 0
   1       3 ram3 0 0 0 0 0 0 0 0 0 0 0
   1       4 ram4 0 0 0 0 0 0 0 0 0 0 0
   1       5 ram5 0 0 0 0 0 0 0 0 0 0 0
   1       6 ram6 0 0 0 0 0 0 0 0 0 0 0
   1       7 ram7 0 0 0 0 0 0 0 0 0 0 0
   1       8 ram8 0 0 0 0 0 0 0 0 0 0 0
   1       9 ram9 0 0 0 0 0 0 0 0 0 0 0
   1      10 ram10 0 0 0 0 0 0 0 0 0 0 0
   1      11 ram11 0 0 0 0 0 0 0 0 0 0 0
   1      12 ram12 0 0 0 0 0 0 0 0 0 0 0
   1      13 ram13 0 0 0 0 0 0 0 0 0 0 0
   1      14 ram14 0 0 0 0 0 0 0 0 0 0 0
   1      15 ram15 0 0 0 0 0 0 0 0 0 0 0
   7       0 loop0 0 0 0 0 0 0 0 0 0 0 0
   7       1 loop1 0 0 0 0 0 0 0 0 0 0 0
   7       2 loop2 0 0 0 0 0 0 0 0 0 0 0
   7       3 loop3 0 0 0 0 0 0 0 0 0 0 0
   7       4 loop4 0 0 0 0 0 0 0 0 0 0 0
   7       5 loop5 0 0 0 0 0 0 0 0 0 0 0
   7       6 loop6 0 0 0 0 0 0 0 0 0 0 0
   7       7 loop7 0 0 0 0 0 0 0 0 0 0 0
 253       0 zram0 36 0 288 0 1 0 8 0 0 0 0
 179       0 mmcblk0 19290 4141 4461476 17484 148 172 2480 1740 0 7992 8288
 179       1 mmcblk0p1 0 0 0 0 0 0 0 0 0 0 0
 179       2 mmcblk0p2 0 0 0 0 0 0 0 0 0 0 0
 179       3 mmcblk0p3 0 0 0 0 0 0 0 0 0 0 0
 179       4 mmcblk0p4 0 0 0 0 0 0 0 0 0 0 0
 179       5 mmcblk0p5 2017 1535 509240 5452 0 0 0 0 0 976 1152
 179       6 mmcblk0p6 0 0 0 0 0 0 0 0 0 0 0
 179       7 mmcblk0p7 1 0 32 0 0 0 0 0 0 0 0
 179       8 mmcblk0p8 0 0 0 0 0 0 0 0 0 0 0
 179       9 mmcblk0p9 0 0 0 0 0 0 0 0 0 0 0
 179      10 mmcblk0p10 620 189 41456 964 0 0 0 0 0 168 176
 179      11 mmcblk0p11 0 0 0 0 0 0 0 0 0 0 0
 179      12 mmcblk0p12 16645 2417 3910444 11068 138 172 2480 1724 0 6872 6912
 179      13 mmcblk0p13 0 0 0 0 0 0 0 0 0 0 0
 179      14 mmcblk0p14 1 0 256 0 0 0 0 0 0 0 0
 179      15 mmcblk0p15 0 0 0 0 0 0 0 0 0 0 0
 179      96 mmcblk0rpmb 0 0 0 0 0 0 0 0 0 0 0
 179      64 mmcblk0boot1 0 0 0 0 0 0 0 0 0 0 0
 179      32 mmcblk0boot0 0 0 0 0 0 0 0 0 0 0 0
 252       0 dm-0 2018 0 497344 11276 0 0 0 0 0 1924 11392
 252       1 dm-1 617 0 39920 1536 0 0 0 0 0 1020 1536

3386
   1       0 ram0 0 0 0 0 0 0 0 0 0 0 0
   1       1 ram1 0 0 0 0 0 0 0 0 0 0 0
   1       2 ram2 0 0 0 0 0 0 0 0 0 0 0
   1       3 ram3 0 0 0 0 0 0 0 0 0 0 0
   1       4 ram4 0 0 0 0 0 0 0 0 0 0 0
   1       5 ram5 0 0 0 0 0 0 0 0 0 0 0
   1       6 ram6 0 0 0 0 0 0 0 0 0 0 0
   1       7 ram7 0 0 0 0 0 0 0 0 0 0 0
   1       8 ram8 0 0 0 0 0 0 0 0 0 0 0
   1       9 ram9 0 0 0 0 0 0 0 0 0 0 0
   1      10 ram10 0 0 0 0 0 0 0 0 0 0 0
   1      11 ram11 0 0 0 0 0 0 0 0 0 0 0
   1      12 ram12 0 0 0 0 0 0 0 0 0 0 0
   1      13 ram13 0 0 0 0 0 0 0 0 0 0 0
   1      14 ram14 0 0 0 0 0 0 0 0 0 0 0
   1      15 ram15 0 0 0 0 0 0 0 0 0 0 0
   7       0 loop0 0 0 0 0 0 0 0 0 0 0 0
   7       1 loop1 0 0 0 0 0 0 0 0 0 0 0
   7       2 loop2 0 0 0 0 0 0 0 0 0 0 0
   7       3 loop3 0 0 0 0 0 0 0 0 0 0 0
   7       4 loop4 0 0 0 0 0 0 0 0 0 0 0
   7       5 loop5 0 0 0 0 0 0 0 0 0 0 0
   7       6 loop6 0 0 0 0 0 0 0 0 0 0 0
   7       7 loop7 0 0 0 0 0 0 0 0 0 0 0
 253       0 zram0 36 0 288 0 1 0 8 0 0 0 0
 179       0 mmcblk0 19367 4141 4511156 17948 148 172 2480 1740 0 8076 8376
 179       1 mmcblk0p1 0 0 0 0 0 0 0 0 0 0 0
 179       2 mmcblk0p2 0 0 0 0 0 0 0 0 0 0 0
 179       3 mmcblk0p3 0 0 0 0 0 0 0 0 0 0 0
 179       4 mmcblk0p4 0 0 0 0 0 0 0 0 0 0 0
 179       5 mmcblk0p5 2094 1535 558920 5916 0 0 0 0 1 1060 1240
 179       6 mmcblk0p6 0 0 0 0 0 0 0 0 0 0 0
 179       7 mmcblk0p7 1 0 32 0 0 0 0 0 0 0 0
 179       8 mmcblk0p8 0 0 0 0 0 0 0 0 0 0 0
 179       9 mmcblk0p9 0 0 0 0 0 0 0 0 0 0 0
 179      10 mmcblk0p10 620 189 41456 964 0 0 0 0 0 168 176
 179      11 mmcblk0p11 0 0 0 0 0 0 0 0 0 0 0
 179      12 mmcblk0p12 16645 2417 3910444 11068 138 172 2480 1724 0 6872 6912
 179      13 mmcblk0p13 0 0 0 0 0 0 0 0 0 0 0
 179      14 mmcblk0p14 1 0 256 0 0 0 0 0 0 0 0
 179      15 mmcblk0p15 0 0 0 0 0 0 0 0 0 0 0
 179      96 mmcblk0rpmb 0 0 0 0 0 0 0 0 0 0 0
 179      64 mmcblk0boot1 0 0 0 0 0 0 0 0 0 0 0
 179      32 mmcblk0boot0 0 0 0 0 0 0 0 0 0 0 0
 252       0 dm-0 2072 0 547552 11640 0 0 0 0 1 2044 11756
 252       1 dm-1 617 0 39920 1536 0 0 0 0 0 1020 1536

3415
   1       0 ram0 0 0 0 0 0 0 0 0 0 0 0
   1       1 ram1 0 0 0 0 0 0 0 0 0 0 0
   1       2 ram2 0 0 0 0 0 0 0 0 0 0 0
   1       3 ram3 0 0 0 0 0 0 0 0 0 0 0
   1       4 ram4 0 0 0 0 0 0 0 0 0 0 0
   1       5 ram5 0 0 0 0 0 0 0 0 0 0 0
   1       6 ram6 0 0 0 0 0 0 0 0 0 0 0
   1       7 ram7 0 0 0 0 0 0 0 0 0 0 0
   1       8 ram8 0 0 0 0 0 0 0 0 0 0 0
   1       9 ram9 0 0 0 0 0 0 0 0 0 0 0
   1      10 ram10 0 0 0 0 0 0 0 0 0 0 0
   1      11 ram11 0 0 0 0 0 0 0 0 0 0 0
   1      12 ram12 0 0 0 0 0 0 0 0 0 0 0
   1      13 ram13 0 0 0 0 0 0 0 0 0 0 0
   1      14 ram14 0 0 0 0 0 0 0 0 0 0 0
   1      15 ram15 0 0 0 0 0 0 0 0 0 0 0
   7       0 loop0 0 0 0 0 0 0 0 0 0 0 0
   7       1 loop1 0 0 0 0 0 0 0 0 0 0 0
   7       2 loop2 0 0 0 0 0 0 0 0 0 0 0
   7       3 loop3 0 0 0 0 0 0 0 0 0 0 0
   7       4 loop4 0 0 0 0 0 0 0 0 0 0 0
   7       5 loop5 0 0 0 0 0 0 0 0 0 0 0
   7       6 loop6 0 0 0 0 0 0 0 0 0 0 0
   7       7 loop7 0 0 0 0 0 0 0 0 0 0 0
 253       0 zram0 36 0 288 0 1 0 8 0 0 0 0
 179       0 mmcblk0 19457 4204 4543132 18120 148 172 2480 1740 0 8112 8416
 179       1 mmcblk0p1 0 0 0 0 0 0 0 0 0 0 0
 179       2 mmcblk0p2 0 0 0 0 0 0 0 0 0 0 0
 179       3 mmcblk0p3 0 0 0 0 0 0 0 0 0 0 0
 179       4 mmcblk0p4 0 0 0 0 0 0 0 0 0 0 0
 179       5 mmcblk0p5 2173 1598 590792 6068 0 0 0 0 0 1080 1264
 179       6 mmcblk0p6 0 0 0 0 0 0 0 0 0 0 0
 179       7 mmcblk0p7 1 0 32 0 0 0 0 0 0 0 0
 179       8 mmcblk0p8 0 0 0 0 0 0 0 0 0 0 0
 179       9 mmcblk0p9 0 0 0 0 0 0 0 0 0 0 0
 179      10 mmcblk0p10 630 189 41552 984 0 0 0 0 0 168 176
 179      11 mmcblk0p11 0 0 0 0 0 0 0 0 0 0 0
 179      12 mmcblk0p12 16646 2417 3910452 11068 138 172 2480 1724 0 6872 6912
 179      13 mmcblk0p13 0 0 0 0 0 0 0 0 0 0 0
 179      14 mmcblk0p14 1 0 256 0 0 0 0 0 0 0 0
 179      15 mmcblk0p15 0 0 0 0 0 0 0 0 0 0 0
 179      96 mmcblk0rpmb 0 0 0 0 0 0 0 0 0 0 0
 179      64 mmcblk0boot1 0 0 0 0 0 0 0 0 0 0 0
 179      32 mmcblk0boot0 0 0 0 0 0 0 0 0 0 0 0
 252       0 dm-0 2142 0 578384 11856 0 0 0 0 0 2176 11972
 252       1 dm-1 627 0 40016 1556 0 0 0 0 0 1040 1556

3438
   1       0 ram0 0 0 0 0 0 0 0 0 0 0 0
   1       1 ram1 0 0 0 0 0 0 0 0 0 0 0
   1       2 ram2 0 0 0 0 0 0 0 0 0 0 0
   1       3 ram3 0 0 0 0 0 0 0 0 0 0 0
   1       4 ram4 0 0 0 0 0 0 0 0 0 0 0
   1       5 ram5 0 0 0 0 0 0 0 0 0 0 0
   1       6 ram6 0 0 0 0 0 0 0 0 0 0 0
   1       7 ram7 0 0 0 0 0 0 0 0 0 0 0
   1       8 ram8 0 0 0 0 0 0 0 0 0 0 0
   1       9 ram9 0 0 0 0 0 0 0 0 0 0 0
   1      10 ram10 0 0 0 0 0 0 0 0 0 0 0
   1      11 ram11 0 0 0 0 0 0 0 0 0 0 0
   1      12 ram12 0 0 0 0 0 0 0 0 0 0 0
   1      13 ram13 0 0 0 0 0 0 0 0 0 0 0
   1      14 ram14 0 0 0 0 0 0 0 0 0 0 0
   1      15 ram15 0 0 0 0 0 0 0 0 0 0 0
   7       0 loop0 0 0 0 0 0 0 0 0 0 0 0
   7       1 loop1 0 0 0 0 0 0 0 0 0 0 0
   7       2 loop2 0 0 0 0 0 0 0 0 0 0 0
   7       3 loop3 0 0 0 0 0 0 0 0 0 0 0
   7       4 loop4 0 0 0 0 0 0 0 0 0 0 0
   7       5 loop5 0 0 0 0 0 0 0 0 0 0 0
   7       6 loop6 0 0 0 0 0 0 0 0 0 0 0
   7       7 loop7 0 0 0 0 0 0 0 0 0 0 0
 253       0 zram0 36 0 288 0 1 0 8 0 0 0 0
 179       0 mmcblk0 19659 4204 4592484 18412 148 172 2480 1740 0 8160 8476
 179       1 mmcblk0p1 0 0 0 0 0 0 0 0 0 0 0
 179       2 mmcblk0p2 0 0 0 0 0 0 0 0 0 0 0
 179       3 mmcblk0p3 0 0 0 0 0 0 0 0 0 0 0
 179       4 mmcblk0p4 0 0 0 0 0 0 0 0 0 0 0
 179       5 mmcblk0p5 2374 1598 640104 6360 0 0 0 0 2 1128 1324
 179       6 mmcblk0p6 0 0 0 0 0 0 0 0 0 0 0
 179       7 mmcblk0p7 1 0 32 0 0 0 0 0 0 0 0
 179       8 mmcblk0p8 0 0 0 0 0 0 0 0 0 0 0
 179       9 mmcblk0p9 0 0 0 0 0 0 0 0 0 0 0
 179      10 mmcblk0p10 631 189 41592 984 0 0 0 0 0 168 176
 179      11 mmcblk0p11 0 0 0 0 0 0 0 0 0 0 0
 179      12 mmcblk0p12 16646 2417 3910452 11068 138 172 2480 1724 0 6872 6912
 179      13 mmcblk0p13 0 0 0 0 0 0 0 0 0 0 0
 179      14 mmcblk0p14 1 0 256 0 0 0 0 0 0 0 0
 179      15 mmcblk0p15 0 0 0 0 0 0 0 0 0 0 0
 179      96 mmcblk0rpmb 0 0 0 0 0 0 0 0 0 0 0
 179      64 mmcblk0boot1 0 0 0 0 0 0 0 0 0 0 0
 179      32 mmcblk0boot0 0 0 0 0 0 0 0 0 0 0 0
 252       0 dm-0 2331 0 633864 12116 0 0 0 0 5 2336 12268
 252       1 dm-1 628 0 40056 1560 0 0 0 0 0 1044 1560

3459
   1       0 ram0 0 0 0 0 0 0 0 0 0 0 0
   1       1 ram1 0 0 0 0 0 0 0 0 0 0 0
   1       2 ram2 0 0 0 0 0 0 0 0 0 0 0
   1       3 ram3 0 0 0 0 0 0 0 0 0 0 0
   1       4 ram4 0 0 0 0 0 0 0 0 0 0 0
   1       5 ram5 0 0 0 0 0 0 0 0 0 0 0
   1       6 ram6 0 0 0 0 0 0 0 0 0 0 0
   1       7 ram7 0 0 0 0 0 0 0 0 0 0 0
   1       8 ram8 0 0 0 0 0 0 0 0 0 0 0
   1       9 ram9 0 0 0 0 0 0 0 0 0 0 0
   1      10 ram10 0 0 0 0 0 0 0 0 0 0 0
   1      11 ram11 0 0 0 0 0 0 0 0 0 0 0
   1      12 ram12 0 0 0 0 0 0 0 0 0 0 0
   1      13 ram13 0 0 0 0 0 0 0 0 0 0 0
   1      14 ram14 0 0 0 0 0 0 0 0 0 0 0
   1      15 ram15 0 0 0 0 0 0 0 0 0 0 0
   7       0 loop0 0 0 0 0 0 0 0 0 0 0 0
   7       1 loop1 0 0 0 0 0 0 0 0 0 0 0
   7       2 loop2 0 0 0 0 0 0 0 0 0 0 0
   7       3 loop3 0 0 0 0 0 0 0 0 0 0 0
   7       4 loop4 0 0 0 0 0 0 0 0 0 0 0
   7       5 loop5 0 0 0 0 0 0 0 0 0 0 0
   7       6 loop6 0 0 0 0 0 0 0 0 0 0 0
   7       7 loop7 0 0 0 0 0 0 0 0 0 0 0
 253       0 zram0 36 0 288 0 1 0 8 0 0 0 0
 179       0 mmcblk0 19710 4204 4618548 18664 148 172 2480 1740 0 8204 8524
 179       1 mmcblk0p1 0 0 0 0 0 0 0 0 0 0 0
 179       2 mmcblk0p2 0 0 0 0 0 0 0 0 0 0 0
 179       3 mmcblk0p3 0 0 0 0 0 0 0 0 0 0 0
 179       4 mmcblk0p4 0 0 0 0 0 0 0 0 0 0 0
 179       5 mmcblk0p5 2425 1598 666168 6612 0 0 0 0 0 1172 1372
 179       6 mmcblk0p6 0 0 0 0 0 0 0 0 0 0 0
 179       7 mmcblk0p7 1 0 32 0 0 0 0 0 0 0 0
 179       8 mmcblk0p8 0 0 0 0 0 0 0 0 0 0 0
 179       9 mmcblk0p9 0 0 0 0 0 0 0 0 0 0 0
 179      10 mmcblk0p10 631 189 41592 984 0 0 0 0 0 168 176
 179      11 mmcblk0p11 0 0 0 0 0 0 0 0 0 0 0
 179      12 mmcblk0p12 16646 2417 3910452 11068 138 172 2480 1724 0 6872 6912
 179      13 mmcblk0p13 0 0 0 0 0 0 0 0 0 0 0
 179      14 mmcblk0p14 1 0 256 0 0 0 0 0 0 0 0
 179      15 mmcblk0p15 0 0 0 0 0 0 0 0 0 0 0
 179      96 mmcblk0rpmb 0 0 0 0 0 0 0 0 0 0 0
 179      64 mmcblk0boot1 0 0 0 0 0 0 0 0 0 0 0
 179      32 mmcblk0boot0 0 0 0 0 0 0 0 0 0 0 0
 252       0 dm-0 2366 0 653760 12324 0 0 0 0 0 2400 12440
 252       1 dm-1 628 0 40056 1560 0 0 0 0 0 1044 1560

3479
   1       0 ram0 0 0 0 0 0 0 0 0 0 0 0
   1       1 ram1 0 0 0 0 0 0 0 0 0 0 0
   1       2 ram2 0 0 0 0 0 0 0 0 0 0 0
   1       3 ram3 0 0 0 0 0 0 0 0 0 0 0
   1       4 ram4 0 0 0 0 0 0 0 0 0 0 0
   1       5 ram5 0 0 0 0 0 0 0 0 0 0 0
   1       6 ram6 0 0 0 0 0 0 0 0 0 0 0
   1       7 ram7 0 0 0 0 0 0 0 0 0 0 0
   1       8 ram8 0 0 0 0 0 0 0 0 0 0 0
   1       9 ram9 0 0 0 0 0 0 0 0 0 0 0
   1      10 ram10 0 0 0 0 0 0 0 0 0 0 0
   1      11 ram11 0 0 0 0 0 0 0 0 0 0 0
   1      12 ram12 0 0 0 0 0 0 0 0 0 0 0
   1      13 ram13 0 0 0 0 0 0 0 0 0 0 0
   1      14 ram14 0 0 0 0 0 0 0 0 0 0 0
   1      15 ram15 0 0 0 0 0 0 0 0 0 0 0
   7       0 loop0 0 0 0 0 0 0 0 0 0 0 0
   7       1 loop1 0 0 0 0 0 0 0 0 0 0 0
   7       2 loop2 0 0 0 0 0 0 0 0 0 0 0
   7       3 loop3 0 0 0 0 0 0 0 0 0 0 0
   7       4 loop4 0 0 0 0 0 0 0 0 0 0 0
   7       5 loop5 0 0 0 0 0 0 0 0 0 0 0
   7       6 loop6 0 0 0 0 0 0 0 0 0 0 0
   7       7 loop7 0 0 0 0 0 0 0 0 0 0 0
 253       0 zram0 36 0 288 0 1 0 8 0 0 0 0
 179       0 mmcblk0 19712 4204 4618580 18668 148 172 2480 1740 0 8204 8524
 179       1 mmcblk0p1 0 0 0 0 0 0 0 0 0 0 0
 179       2 mmcblk0p2 0 0 0 0 0 0 0 0 0 0 0
 179       3 mmcblk0p3 0 0 0 0 0 0 0 0 0 0 0
 179       4 mmcblk0p4 0 0 0 0 0 0 0 0 0 0 0
 179       5 mmcblk0p5 2427 1598 666200 6616 0 0 0 0 0 1172 1372
 179       6 mmcblk0p6 0 0 0 0 0 0 0 0 0 0 0
 179       7 mmcblk0p7 1 0 32 0 0 0 0 0 0 0 0
 179       8 mmcblk0p8 0 0 0 0 0 0 0 0 0 0 0
 179       9 mmcblk0p9 0 0 0 0 0 0 0 0 0 0 0
 179      10 mmcblk0p10 631 189 41592 984 0 0 0 0 0 168 176
 179      11 mmcblk0p11 0 0 0 0 0 0 0 0 0 0 0
 179      12 mmcblk0p12 16646 2417 3910452 11068 138 172 2480 1724 0 6872 6912
 179      13 mmcblk0p13 0 0 0 0 0 0 0 0 0 0 0
 179      14 mmcblk0p14 1 0 256 0 0 0 0 0 0 0 0
 179      15 mmcblk0p15 0 0 0 0 0 0 0 0 0 0 0
 179      96 mmcblk0rpmb 0 0 0 0 0 0 0 0 0 0 0
 179      64 mmcblk0boot1 0 0 0 0 0 0 0 0 0 0 0
 179      32 mmcblk0boot0 0 0 0 0 0 0 0 0 0 0 0
 252       0 dm-0 2368 0 653792 12328 0 0 0 0 0 2404 12444
 252       1 dm-1 628 0 40056 1560 0 0 0 0 0 1044 1560

3502
   1       0 ram0 0 0 0 0 0 0 0 0 0 0 0
   1       1 ram1 0 0 0 0 0 0 0 0 0 0 0
   1       2 ram2 0 0 0 0 0 0 0 0 0 0 0
   1       3 ram3 0 0 0 0 0 0 0 0 0 0 0
   1       4 ram4 0 0 0 0 0 0 0 0 0 0 0
   1       5 ram5 0 0 0 0 0 0 0 0 0 0 0
   1       6 ram6 0 0 0 0 0 0 0 0 0 0 0
   1       7 ram7 0 0 0 0 0 0 0 0 0 0 0
   1       8 ram8 0 0 0 0 0 0 0 0 0 0 0
   1       9 ram9 0 0 0 0 0 0 0 0 0 0 0
   1      10 ram10 0 0 0 0 0 0 0 0 0 0 0
   1      11 ram11 0 0 0 0 0 0 0 0 0 0 0
   1      12 ram12 0 0 0 0 0 0 0 0 0 0 0
   1      13 ram13 0 0 0 0 0 0 0 0 0 0 0
   1      14 ram14 0 0 0 0 0 0 0 0 0 0 0
   1      15 ram15 0 0 0 0 0 0 0 0 0 0 0
   7       0 loop0 0 0 0 0 0 0 0 0 0 0 0
   7       1 loop1 0 0 0 0 0 0 0 0 0 0 0
   7       2 loop2 0 0 0 0 0 0 0 0 0 0 0
   7       3 loop3 0 0 0 0 0 0 0 0 0 0 0
   7       4 loop4 0 0 0 0 0 0 0 0 0 0 0
   7       5 loop5 0 0 0 0 0 0 0 0 0 0 0
   7       6 loop6 0 0 0 0 0 0 0 0 0 0 0
   7       7 loop7 0 0 0 0 0 0 0 0 0 0 0
 253       0 zram0 36 0 288 0 1 0 8 0 0 0 0
 179       0 mmcblk0 19785 4204 4674620 19124 150 184 2592 1744 0 8292 8616
 179       1 mmcblk0p1 0 0 0 0 0 0 0 0 0 0 0
 179       2 mmcblk0p2 0 0 0 0 0 0 0 0 0 0 0
 179       3 mmcblk0p3 0 0 0 0 0 0 0 0 0 0 0
 179       4 mmcblk0p4 0 0 0 0 0 0 0 0 0 0 0
 179       5 mmcblk0p5 2499 1598 722232 7068 0 0 0 0 0 1260 1464
 179       6 mmcblk0p6 0 0 0 0 0 0 0 0 0 0 0
 179       7 mmcblk0p7 1 0 32 0 0 0 0 0 0 0 0
 179       8 mmcblk0p8 0 0 0 0 0 0 0 0 0 0 0
 179       9 mmcblk0p9 0 0 0 0 0 0 0 0 0 0 0
 179      10 mmcblk0p10 632 189 41600 988 0 0 0 0 0 168 176
 179      11 mmcblk0p11 0 0 0 0 0 0 0 0 0 0 0
 179      12 mmcblk0p12 16646 2417 3910452 11068 140 184 2592 1728 0 6872 6912
 179      13 mmcblk0p13 0 0 0 0 0 0 0 0 0 0 0
 179      14 mmcblk0p14 1 0 256 0 0 0 0 0 0 0 0
 179      15 mmcblk0p15 0 0 0 0 0 0 0 0 0 0 0
 179      96 mmcblk0rpmb 0 0 0 0 0 0 0 0 0 0 0
 179      64 mmcblk0boot1 0 0 0 0 0 0 0 0 0 0 0
 179      32 mmcblk0boot0 0 0 0 0 0 0 0 0 0 0 0
 252       0 dm-0 2413 0 709824 12668 0 0 0 0 0 2516 12784
 252       1 dm-1 629 0 40064 1564 0 0 0 0 0 1048 1564

3522
   1       0 ram0 0 0 0 0 0 0 0 0 0 0 0
   1       1 ram1 0 0 0 0 0 0 0 0 0 0 0
   1       2 ram2 0 0 0 0 0 0 0 0 0 0 0
   1       3 ram3 0 0 0 0 0 0 0 0 0 0 0
   1       4 ram4 0 0 0 0 0 0 0 0 0 0 0
   1       5 ram5 0 0 0 0 0 0 0 0 0 0 0
   1       6 ram6 0 0 0 0 0 0 0 0 0 0 0
   1       7 ram7 0 0 0 0 0 0 0 0 0 0 0
   1       8 ram8 0 0 0 0 0 0 0 0 0 0 0
   1       9 ram9 0 0 0 0 0 0 0 0 0 0 0
   1      10 ram10 0 0 0 0 0 0 0 0 0 0 0
   1      11 ram11 0 0 0 0 0 0 0 0 0 0 0
   1      12 ram12 0 0 0 0 0 0 0 0 0 0 0
   1      13 ram13 0 0 0 0 0 0 0 0 0 0 0
   1      14 ram14 0 0 0 0 0 0 0 0 0 0 0
   1      15 ram15 0 0 0 0 0 0 0 0 0 0 0
   7       0 loop0 0 0 0 0 0 0 0 0 0 0 0
   7       1 loop1 0 0 0 0 0 0 0 0 0 0 0
   7       2 loop2 0 0 0 0 0 0 0 0 0 0 0
   7       3 loop3 0 0 0 0 0 0 0 0 0 0 0
   7       4 loop4 0 0 0 0 0 0 0 0 0 0 0
   7       5 loop5 0 0 0 0 0 0 0 0 0 0 0
   7       6 loop6 0 0 0 0 0 0 0 0 0 0 0
   7       7 loop7 0 0 0 0 0 0 0 0 0 0 0
 253       0 zram0 36 0 288 0 1 0 8 0 0 0 0
 179       0 mmcblk0 19837 4204 4684836 19164 151 184 2600 1744 0 8296 8620
 179       1 mmcblk0p1 0 0 0 0 0 0 0 0 0 0 0
 179       2 mmcblk0p2 0 0 0 0 0 0 0 0 0 0 0
 179       3 mmcblk0p3 0 0 0 0 0 0 0 0 0 0 0
 179       4 mmcblk0p4 0 0 0 0 0 0 0 0 0 0 0
 179       5 mmcblk0p5 2551 1598 732448 7108 0 0 0 0 0 1264 1468
 179       6 mmcblk0p6 0 0 0 0 0 0 0 0 0 0 0
 179       7 mmcblk0p7 1 0 32 0 0 0 0 0 0 0 0
 179       8 mmcblk0p8 0 0 0 0 0 0 0 0 0 0 0
 179       9 mmcblk0p9 0 0 0 0 0 0 0 0 0 0 0
 179      10 mmcblk0p10 632 189 41600 988 0 0 0 0 0 168 176
 179      11 mmcblk0p11 0 0 0 0 0 0 0 0 0 0 0
 179      12 mmcblk0p12 16646 2417 3910452 11068 141 184 2600 1728 0 6872 6912
 179      13 mmcblk0p13 0 0 0 0 0 0 0 0 0 0 0
 179      14 mmcblk0p14 1 0 256 0 0 0 0 0 0 0 0
 179      15 mmcblk0p15 0 0 0 0 0 0 0 0 0 0 0
 179      96 mmcblk0rpmb 0 0 0 0 0 0 0 0 0 0 0
 179      64 mmcblk0boot1 0 0 0 0 0 0 0 0 0 0 0
 179      32 mmcblk0boot0 0 0 0 0 0 0 0 0 0 0 0
 252       0 dm-0 2464 0 720040 12724 0 0 0 0 0 2568 12840
 252       1 dm-1 629 0 40064 1564 0 0 0 0 0 1048 1564

3544
   1       0 ram0 0 0 0 0 0 0 0 0 0 0 0
   1       1 ram1 0 0 0 0 0 0 0 0 0 0 0
   1       2 ram2 0 0 0 0 0 0 0 0 0 0 0
   1       3 ram3 0 0 0 0 0 0 0 0 0 0 0
   1       4 ram4 0 0 0 0 0 0 0 0 0 0 0
   1       5 ram5 0 0 0 0 0 0 0 0 0 0 0
   1       6 ram6 0 0 0 0 0 0 0 0 0 0 0
   1       7 ram7 0 0 0 0 0 0 0 0 0 0 0
   1       8 ram8 0 0 0 0 0 0 0 0 0 0 0
   1       9 ram9 0 0 0 0 0 0 0 0 0 0 0
   1      10 ram10 0 0 0 0 0 0 0 0 0 0 0
   1      11 ram11 0 0 0 0 0 0 0 0 0 0 0
   1      12 ram12 0 0 0 0 0 0 0 0 0 0 0
   1      13 ram13 0 0 0 0 0 0 0 0 0 0 0
   1      14 ram14 0 0 0 0 0 0 0 0 0 0 0
   1      15 ram15 0 0 0 0 0 0 0 0 0 0 0
   7       0 loop0 0 0 0 0 0 0 0 0 0 0 0
   7       1 loop1 0 0 0 0 0 0 0 0 0 0 0
   7       2 loop2 0 0 0 0 0 0 0 0 0 0 0
   7       3 loop3 0 0 0 0 0 0 0 0 0 0 0
   7       4 loop4 0 0 0 0 0 0 0 0 0 0 0
   7       5 loop5 0 0 0 0 0 0 0 0 0 0 0
   7       6 loop6 0 0 0 0 0 0 0 0 0 0 0
   7       7 loop7 0 0 0 0 0 0 0 0 0 0 0
 253       0 zram0 36 0 288 0 1 0 8 0 0 0 0
 179       0 mmcblk0 19942 4204 4710676 19352 154 201 2880 1748 0 8328 8656
 179       1 mmcblk0p1 0 0 0 0 0 0 0 0 0 0 0
 179       2 mmcblk0p2 0 0 0 0 0 0 0 0 0 0 0
 179       3 mmcblk0p3 0 0 0 0 0 0 0 0 0 0 0
 179       4 mmcblk0p4 0 0 0 0 0 0 0 0 0 0 0
 179       5 mmcblk0p5 2591 1598 757648 7288 0 0 0 0 0 1296 1504
 179       6 mmcblk0p6 0 0 0 0 0 0 0 0 0 0 0
 179       7 mmcblk0p7 1 0 32 0 0 0 0 0 0 0 0
 179       8 mmcblk0p8 0 0 0 0 0 0 0 0 0 0 0
 179       9 mmcblk0p9 0 0 0 0 0 0 0 0 0 0 0
 179      10 mmcblk0p10 692 189 42080 996 0 0 0 0 0 168 176
 179      11 mmcblk0p11 0 0 0 0 0 0 0 0 0 0 0
 179      12 mmcblk0p12 16651 2417 3910612 11068 144 201 2880 1732 0 6872 6912
 179      13 mmcblk0p13 0 0 0 0 0 0 0 0 0 0 0
 179      14 mmcblk0p14 1 0 256 0 0 0 0 0 0 0 0
 179      15 mmcblk0p15 0 0 0 0 0 0 0 0 0 0 0
 179      96 mmcblk0rpmb 0 0 0 0 0 0 0 0 0 0 0
 179      64 mmcblk0boot1 0 0 0 0 0 0 0 0 0 0 0
 179      32 mmcblk0boot0 0 0 0 0 0 0 0 0 0 0 0
 252       0 dm-0 2492 0 745240 12876 0 0 0 0 0 2628 12992
 252       1 dm-1 689 0 40544 1572 0 0 0 0 0 1056 1572

3565
   1       0 ram0 0 0 0 0 0 0 0 0 0 0 0
   1       1 ram1 0 0 0 0 0 0 0 0 0 0 0
   1       2 ram2 0 0 0 0 0 0 0 0 0 0 0
   1       3 ram3 0 0 0 0 0 0 0 0 0 0 0
   1       4 ram4 0 0 0 0 0 0 0 0 0 0 0
   1       5 ram5 0 0 0 0 0 0 0 0 0 0 0
   1       6 ram6 0 0 0 0 0 0 0 0 0 0 0
   1       7 ram7 0 0 0 0 0 0 0 0 0 0 0
   1       8 ram8 0 0 0 0 0 0 0 0 0 0 0
   1       9 ram9 0 0 0 0 0 0 0 0 0 0 0
   1      10 ram10 0 0 0 0 0 0 0 0 0 0 0
   1      11 ram11 0 0 0 0 0 0 0 0 0 0 0
   1      12 ram12 0 0 0 0 0 0 0 0 0 0 0
   1      13 ram13 0 0 0 0 0 0 0 0 0 0 0
   1      14 ram14 0 0 0 0 0 0 0 0 0 0 0
   1      15 ram15 0 0 0 0 0 0 0 0 0 0 0
   7       0 loop0 0 0 0 0 0 0 0 0 0 0 0
   7       1 loop1 0 0 0 0 0 0 0 0 0 0 0
   7       2 loop2 0 0 0 0 0 0 0 0 0 0 0
   7       3 loop3 0 0 0 0 0 0 0 0 0 0 0
   7       4 loop4 0 0 0 0 0 0 0 0 0 0 0
   7       5 loop5 0 0 0 0 0 0 0 0 0 0 0
   7       6 loop6 0 0 0 0 0 0 0 0 0 0 0
   7       7 loop7 0 0 0 0 0 0 0 0 0 0 0
 253       0 zram0 36 0 288 0 1 0 8 0 0 0 0
 179       0 mmcblk0 19955 4204 4711812 19360 154 201 2880 1748 0 8328 8656
 179       1 mmcblk0p1 0 0 0 0 0 0 0 0 0 0 0
 179       2 mmcblk0p2 0 0 0 0 0 0 0 0 0 0 0
 179       3 mmcblk0p3 0 0 0 0 0 0 0 0 0 0 0
 179       4 mmcblk0p4 0 0 0 0 0 0 0 0 0 0 0
 179       5 mmcblk0p5 2594 1598 758128 7292 0 0 0 0 0 1296 1504
 179       6 mmcblk0p6 0 0 0 0 0 0 0 0 0 0 0
 179       7 mmcblk0p7 1 0 32 0 0 0 0 0 0 0 0
 179       8 mmcblk0p8 0 0 0 0 0 0 0 0 0 0 0
 179       9 mmcblk0p9 0 0 0 0 0 0 0 0 0 0 0
 179      10 mmcblk0p10 694 189 42096 996 0 0 0 0 0 168 176
 179      11 mmcblk0p11 0 0 0 0 0 0 0 0 0 0 0
 179      12 mmcblk0p12 16659 2417 3911252 11072 144 201 2880 1732 0 6872 6912
 179      13 mmcblk0p13 0 0 0 0 0 0 0 0 0 0 0
 179      14 mmcblk0p14 1 0 256 0 0 0 0 0 0 0 0
 179      15 mmcblk0p15 0 0 0 0 0 0 0 0 0 0 0
 179      96 mmcblk0rpmb 0 0 0 0 0 0 0 0 0 0 0
 179      64 mmcblk0boot1 0 0 0 0 0 0 0 0 0 0 0
 179      32 mmcblk0boot0 0 0 0 0 0 0 0 0 0 0 0
 252       0 dm-0 2495 0 745720 12880 0 0 0 0 0 2632 12996
 252       1 dm-1 691 0 40560 1572 0 0 0 0 0 1056 1572

3586
   1       0 ram0 0 0 0 0 0 0 0 0 0 0 0
   1       1 ram1 0 0 0 0 0 0 0 0 0 0 0
   1       2 ram2 0 0 0 0 0 0 0 0 0 0 0
   1       3 ram3 0 0 0 0 0 0 0 0 0 0 0
   1       4 ram4 0 0 0 0 0 0 0 0 0 0 0
   1       5 ram5 0 0 0 0 0 0 0 0 0 0 0
   1       6 ram6 0 0 0 0 0 0 0 0 0 0 0
   1       7 ram7 0 0 0 0 0 0 0 0 0 0 0
   1       8 ram8 0 0 0 0 0 0 0 0 0 0 0
   1       9 ram9 0 0 0 0 0 0 0 0 0 0 0
   1      10 ram10 0 0 0 0 0 0 0 0 0 0 0
   1      11 ram11 0 0 0 0 0 0 0 0 0 0 0
   1      12 ram12 0 0 0 0 0 0 0 0 0 0 0
   1      13 ram13 0 0 0 0 0 0 0 0 0 0 0
   1      14 ram14 0 0 0 0 0 0 0 0 0 0 0
   1      15 ram15 0 0 0 0 0 0 0 0 0 0 0
   7       0 loop0 0 0 0 0 0 0 0 0 0 0 0
   7       1 loop1 0 0 0 0 0 0 0 0 0 0 0
   7       2 loop2 0 0 0 0 0 0 0 0 0 0 0
   7       3 loop3 0 0 0 0 0 0 0 0 0 0 0
   7       4 loop4 0 0 0 0 0 0 0 0 0 0 0
   7       5 loop5 0 0 0 0 0 0 0 0 0 0 0
   7       6 loop6 0 0 0 0 0 0 0 0 0 0 0
   7       7 loop7 0 0 0 0 0 0 0 0 0 0 0
 253       0 zram0 36 0 288 0 1 0 8 0 0 0 0
 179       0 mmcblk0 20145 4331 4715508 19416 154 201 2880 1748 0 8336 8664
 179       1 mmcblk0p1 0 0 0 0 0 0 0 0 0 0 0
 179       2 mmcblk0p2 0 0 0 0 0 0 0 0 0 0 0
 179       3 mmcblk0p3 0 0 0 0 0 0 0 0 0 0 0
 179       4 mmcblk0p4 0 0 0 0 0 0 0 0 0 0 0
 179       5 mmcblk0p5 2662 1724 759680 7312 0 0 0 0 0 1296 1504
 179       6 mmcblk0p6 0 0 0 0 0 0 0 0 0 0 0
 179       7 mmcblk0p7 1 0 32 0 0 0 0 0 0 0 0
 179       8 mmcblk0p8 0 0 0 0 0 0 0 0 0 0 0
 179       9 mmcblk0p9 0 0 0 0 0 0 0 0 0 0 0
 179      10 mmcblk0p10 710 189 42224 996 0 0 0 0 0 168 176
 179      11 mmcblk0p11 0 0 0 0 0 0 0 0 0 0 0
 179      12 mmcblk0p12 16765 2418 3913268 11108 144 201 2880 1732 0 6876 6916
 179      13 mmcblk0p13 0 0 0 0 0 0 0 0 0 0 0
 179      14 mmcblk0p14 1 0 256 0 0 0 0 0 0 0 0
 179      15 mmcblk0p15 0 0 0 0 0 0 0 0 0 0 0
 179      96 mmcblk0rpmb 0 0 0 0 0 0 0 0 0 0 0
 179      64 mmcblk0boot1 0 0 0 0 0 0 0 0 0 0 0
 179      32 mmcblk0boot0 0 0 0 0 0 0 0 0 0 0 0
 252       0 dm-0 2561 0 746248 12908 0 0 0 0 0 2660 13024
 252       1 dm-1 707 0 40688 1572 0 0 0 0 0 1056 1572

3608
   1       0 ram0 0 0 0 0 0 0 0 0 0 0 0
   1       1 ram1 0 0 0 0 0 0 0 0 0 0 0
   1       2 ram2 0 0 0 0 0 0 0 0 0 0 0
   1       3 ram3 0 0 0 0 0 0 0 0 0 0 0
   1       4 ram4 0 0 0 0 0 0 0 0 0 0 0
   1       5 ram5 0 0 0 0 0 0 0 0 0 0 0
   1       6 ram6 0 0 0 0 0 0 0 0 0 0 0
   1       7 ram7 0 0 0 0 0 0 0 0 0 0 0
   1       8 ram8 0 0 0 0 0 0 0 0 0 0 0
   1       9 ram9 0 0 0 0 0 0 0 0 0 0 0
   1      10 ram10 0 0 0 0 0 0 0 0 0 0 0
   1      11 ram11 0 0 0 0 0 0 0 0 0 0 0
   1      12 ram12 0 0 0 0 0 0 0 0 0 0 0
   1      13 ram13 0 0 0 0 0 0 0 0 0 0 0
   1      14 ram14 0 0 0 0 0 0 0 0 0 0 0
   1      15 ram15 0 0 0 0 0 0 0 0 0 0 0
   7       0 loop0 0 0 0 0 0 0 0 0 0 0 0
   7       1 loop1 0 0 0 0 0 0 0 0 0 0 0
   7       2 loop2 0 0 0 0 0 0 0 0 0 0 0
   7       3 loop3 0 0 0 0 0 0 0 0 0 0 0
   7       4 loop4 0 0 0 0 0 0 0 0 0 0 0
   7       5 loop5 0 0 0 0 0 0 0 0 0 0 0
   7       6 loop6 0 0 0 0 0 0 0 0 0 0 0
   7       7 loop7 0 0 0 0 0 0 0 0 0 0 0
 253       0 zram0 36 0 288 0 1 0 8 0 0 0 0
 179       0 mmcblk0 20370 4331 4717308 19496 233 258 5856 2228 0 8380 8720
 179       1 mmcblk0p1 0 0 0 0 0 0 0 0 0 0 0
 179       2 mmcblk0p2 0 0 0 0 0 0 0 0 0 0 0
 179       3 mmcblk0p3 0 0 0 0 0 0 0 0 0 0 0
 179       4 mmcblk0p4 0 0 0 0 0 0 0 0 0 0 0
 179       5 mmcblk0p5 2662 1724 759680 7312 0 0 0 0 0 1296 1504
 179       6 mmcblk0p6 0 0 0 0 0 0 0 0 0 0 0
 179       7 mmcblk0p7 1 0 32 0 0 0 0 0 0 0 0
 179       8 mmcblk0p8 0 0 0 0 0 0 0 0 0 0 0
 179       9 mmcblk0p9 0 0 0 0 0 0 0 0 0 0 0
 179      10 mmcblk0p10 710 189 42224 996 0 0 0 0 0 168 176
 179      11 mmcblk0p11 0 0 0 0 0 0 0 0 0 0 0
 179      12 mmcblk0p12 16990 2418 3915068 11188 224 258 5864 2212 2 6912 6964
 179      13 mmcblk0p13 0 0 0 0 0 0 0 0 0 0 0
 179      14 mmcblk0p14 1 0 256 0 0 0 0 0 0 0 0
 179      15 mmcblk0p15 0 0 0 0 0 0 0 0 0 0 0
 179      96 mmcblk0rpmb 0 0 0 0 0 0 0 0 0 0 0
 179      64 mmcblk0boot1 0 0 0 0 0 0 0 0 0 0 0
 179      32 mmcblk0boot0 0 0 0 0 0 0 0 0 0 0 0
 252       0 dm-0 2561 0 746248 12908 0 0 0 0 0 2660 13024
 252       1 dm-1 707 0 40688 1572 0 0 0 0 0 1056 1572

3629
   1       0 ram0 0 0 0 0 0 0 0 0 0 0 0
   1       1 ram1 0 0 0 0 0 0 0 0 0 0 0
   1       2 ram2 0 0 0 0 0 0 0 0 0 0 0
   1       3 ram3 0 0 0 0 0 0 0 0 0 0 0
   1       4 ram4 0 0 0 0 0 0 0 0 0 0 0
   1       5 ram5 0 0 0 0 0 0 0 0 0 0 0
   1       6 ram6 0 0 0 0 0 0 0 0 0 0 0
   1       7 ram7 0 0 0 0 0 0 0 0 0 0 0
   1       8 ram8 0 0 0 0 0 0 0 0 0 0 0
   1       9 ram9 0 0 0 0 0 0 0 0 0 0 0
   1      10 ram10 0 0 0 0 0 0 0 0 0 0 0
   1      11 ram11 0 0 0 0 0 0 0 0 0 0 0
   1      12 ram12 0 0 0 0 0 0 0 0 0 0 0
   1      13 ram13 0 0 0 0 0 0 0 0 0 0 0
   1      14 ram14 0 0 0 0 0 0 0 0 0 0 0
   1      15 ram15 0 0 0 0 0 0 0 0 0 0 0
   7       0 loop0 0 0 0 0 0 0 0 0 0 0 0
   7       1 loop1 0 0 0 0 0 0 0 0 0 0 0
   7       2 loop2 0 0 0 0 0 0 0 0 0 0 0
   7       3 loop3 0 0 0 0 0 0 0 0 0 0 0
   7       4 loop4 0 0 0 0 0 0 0 0 0 0 0
   7       5 loop5 0 0 0 0 0 0 0 0 0 0 0
   7       6 loop6 0 0 0 0 0 0 0 0 0 0 0
   7       7 loop7 0 0 0 0 0 0 0 0 0 0 0
 253       0 zram0 36 0 288 0 1 0 8 0 0 0 0
 179       0 mmcblk0 20425 4360 4719436 19528 253 329 6584 2252 0 8388 8728
 179       1 mmcblk0p1 0 0 0 0 0 0 0 0 0 0 0
 179       2 mmcblk0p2 0 0 0 0 0 0 0 0 0 0 0
 179       3 mmcblk0p3 0 0 0 0 0 0 0 0 0 0 0
 179       4 mmcblk0p4 0 0 0 0 0 0 0 0 0 0 0
 179       5 mmcblk0p5 2676 1724 761168 7324 0 0 0 0 0 1296 1504
 179       6 mmcblk0p6 0 0 0 0 0 0 0 0 0 0 0
 179       7 mmcblk0p7 1 0 32 0 0 0 0 0 0 0 0
 179       8 mmcblk0p8 0 0 0 0 0 0 0 0 0 0 0
 179       9 mmcblk0p9 0 0 0 0 0 0 0 0 0 0 0
 179      10 mmcblk0p10 718 189 42336 1004 0 0 0 0 0 168 176
 179      11 mmcblk0p11 0 0 0 0 0 0 0 0 0 0 0
 179      12 mmcblk0p12 17023 2447 3915596 11200 242 329 6584 2232 0 6912 6964
 179      13 mmcblk0p13 0 0 0 0 0 0 0 0 0 0 0
 179      14 mmcblk0p14 1 0 256 0 0 0 0 0 0 0 0
 179      15 mmcblk0p15 0 0 0 0 0 0 0 0 0 0 0
 179      96 mmcblk0rpmb 0 0 0 0 0 0 0 0 0 0 0
 179      64 mmcblk0boot1 0 0 0 0 0 0 0 0 0 0 0
 179      32 mmcblk0boot0 0 0 0 0 0 0 0 0 0 0 0
 252       0 dm-0 2575 0 747736 12924 0 0 0 0 0 2676 13040
 252       1 dm-1 715 0 40800 1580 0 0 0 0 0 1064 1580

3654
   1       0 ram0 0 0 0 0 0 0 0 0 0 0 0
   1       1 ram1 0 0 0 0 0 0 0 0 0 0 0
   1       2 ram2 0 0 0 0 0 0 0 0 0 0 0
   1       3 ram3 0 0 0 0 0 0 0 0 0 0 0
   1       4 ram4 0 0 0 0 0 0 0 0 0 0 0
   1       5 ram5 0 0 0 0 0 0 0 0 0 0 0
   1       6 ram6 0 0 0 0 0 0 0 0 0 0 0
   1       7 ram7 0 0 0 0 0 0 0 0 0 0 0
   1       8 ram8 0 0 0 0 0 0 0 0 0 0 0
   1       9 ram9 0 0 0 0 0 0 0 0 0 0 0
   1      10 ram10 0 0 0 0 0 0 0 0 0 0 0
   1      11 ram11 0 0 0 0 0 0 0 0 0 0 0
   1      12 ram12 0 0 0 0 0 0 0 0 0 0 0
   1      13 ram13 0 0 0 0 0 0 0 0 0 0 0
   1      14 ram14 0 0 0 0 0 0 0 0 0 0 0
   1      15 ram15 0 0 0 0 0 0 0 0 0 0 0
   7       0 loop0 0 0 0 0 0 0 0 0 0 0 0
   7       1 loop1 0 0 0 0 0 0 0 0 0 0 0
   7       2 loop2 0 0 0 0 0 0 0 0 0 0 0
   7       3 loop3 0 0 0 0 0 0 0 0 0 0 0
   7       4 loop4 0 0 0 0 0 0 0 0 0 0 0
   7       5 loop5 0 0 0 0 0 0 0 0 0 0 0
   7       6 loop6 0 0 0 0 0 0 0 0 0 0 0
   7       7 loop7 0 0 0 0 0 0 0 0 0 0 0
 253       0 zram0 36 0 288 0 1 0 8 0 0 0 0
 179       0 mmcblk0 20449 4360 4726516 19568 256 346 6744 2260 0 8396 8736
 179       1 mmcblk0p1 0 0 0 0 0 0 0 0 0 0 0
 179       2 mmcblk0p2 0 0 0 0 0 0 0 0 0 0 0
 179       3 mmcblk0p3 0 0 0 0 0 0 0 0 0 0 0
 179       4 mmcblk0p4 0 0 0 0 0 0 0 0 0 0 0
 179       5 mmcblk0p5 2688 1724 766096 7356 0 0 0 0 0 1304 1512
 179       6 mmcblk0p6 0 0 0 0 0 0 0 0 0 0 0
 179       7 mmcblk0p7 1 0 32 0 0 0 0 0 0 0 0
 179       8 mmcblk0p8 0 0 0 0 0 0 0 0 0 0 0
 179       9 mmcblk0p9 6 0 2056 4 0 0 0 0 0 0 0
 179      10 mmcblk0p10 720 189 42400 1004 0 0 0 0 0 168 176
 179      11 mmcblk0p11 0 0 0 0 0 0 0 0 0 0 0
 179      12 mmcblk0p12 17027 2447 3915628 11204 245 346 6744 2240 0 6912 6964
 179      13 mmcblk0p13 0 0 0 0 0 0 0 0 0 0 0
 179      14 mmcblk0p14 1 0 256 0 0 0 0 0 0 0 0
 179      15 mmcblk0p15 0 0 0 0 0 0 0 0 0 0 0
 179      96 mmcblk0rpmb 0 0 0 0 0 0 0 0 0 0 0
 179      64 mmcblk0boot1 0 0 0 0 0 0 0 0 0 0 0
 179      32 mmcblk0boot0 0 0 0 0 0 0 0 0 0 0 0
 252       0 dm-0 2585 0 752664 12952 0 0 0 0 0 2688 13068
 252       1 dm-1 717 0 40864 1580 0 0 0 0 0 1064 1580

3677
   1       0 ram0 0 0 0 0 0 0 0 0 0 0 0
   1       1 ram1 0 0 0 0 0 0 0 0 0 0 0
   1       2 ram2 0 0 0 0 0 0 0 0 0 0 0
   1       3 ram3 0 0 0 0 0 0 0 0 0 0 0
   1       4 ram4 0 0 0 0 0 0 0 0 0 0 0
   1       5 ram5 0 0 0 0 0 0 0 0 0 0 0
   1       6 ram6 0 0 0 0 0 0 0 0 0 0 0
   1       7 ram7 0 0 0 0 0 0 0 0 0 0 0
   1       8 ram8 0 0 0 0 0 0 0 0 0 0 0
   1       9 ram9 0 0 0 0 0 0 0 0 0 0 0
   1      10 ram10 0 0 0 0 0 0 0 0 0 0 0
   1      11 ram11 0 0 0 0 0 0 0 0 0 0 0
   1      12 ram12 0 0 0 0 0 0 0 0 0 0 0
   1      13 ram13 0 0 0 0 0 0 0 0 0 0 0
   1      14 ram14 0 0 0 0 0 0 0 0 0 0 0
   1      15 ram15 0 0 0 0 0 0 0 0 0 0 0
   7       0 loop0 0 0 0 0 0 0 0 0 0 0 0
   7       1 loop1 0 0 0 0 0 0 0 0 0 0 0
   7       2 loop2 0 0 0 0 0 0 0 0 0 0 0
   7       3 loop3 0 0 0 0 0 0 0 0 0 0 0
   7       4 loop4 0 0 0 0 0 0 0 0 0 0 0
   7       5 loop5 0 0 0 0 0 0 0 0 0 0 0
   7       6 loop6 0 0 0 0 0 0 0 0 0 0 0
   7       7 loop7 0 0 0 0 0 0 0 0 0 0 0
 253       0 zram0 36 0 288 0 1 0 8 0 0 0 0
 179       0 mmcblk0 20497 4360 4731044 19592 256 346 6744 2260 0 8396 8736
 179       1 mmcblk0p1 0 0 0 0 0 0 0 0 0 0 0
 179       2 mmcblk0p2 0 0 0 0 0 0 0 0 0 0 0
 179       3 mmcblk0p3 0 0 0 0 0 0 0 0 0 0 0
 179       4 mmcblk0p4 0 0 0 0 0 0 0 0 0 0 0
 179       5 mmcblk0p5 2692 1724 766248 7356 0 0 0 0 0 1304 1512
 179       6 mmcblk0p6 0 0 0 0 0 0 0 0 0 0 0
 179       7 mmcblk0p7 1 0 32 0 0 0 0 0 0 0 0
 179       8 mmcblk0p8 0 0 0 0 0 0 0 0 0 0 0
 179       9 mmcblk0p9 6 0 2056 4 0 0 0 0 0 0 0
 179      10 mmcblk0p10 763 189 46752 1020 0 0 0 0 0 168 176
 179      11 mmcblk0p11 0 0 0 0 0 0 0 0 0 0 0
 179      12 mmcblk0p12 17028 2447 3915652 11212 245 346 6744 2240 0 6912 6964
 179      13 mmcblk0p13 0 0 0 0 0 0 0 0 0 0 0
 179      14 mmcblk0p14 1 0 256 0 0 0 0 0 0 0 0
 179      15 mmcblk0p15 0 0 0 0 0 0 0 0 0 0 0
 179      96 mmcblk0rpmb 0 0 0 0 0 0 0 0 0 0 0
 179      64 mmcblk0boot1 0 0 0 0 0 0 0 0 0 0 0
 179      32 mmcblk0boot0 0 0 0 0 0 0 0 0 0 0 0
 252       0 dm-0 2589 0 752816 12952 0 0 0 0 0 2688 13068
 252       1 dm-1 760 0 45216 1604 0 0 0 0 0 1088 1604

3699
   1       0 ram0 0 0 0 0 0 0 0 0 0 0 0
   1       1 ram1 0 0 0 0 0 0 0 0 0 0 0
   1       2 ram2 0 0 0 0 0 0 0 0 0 0 0
   1       3 ram3 0 0 0 0 0 0 0 0 0 0 0
   1       4 ram4 0 0 0 0 0 0 0 0 0 0 0
   1       5 ram5 0 0 0 0 0 0 0 0 0 0 0
   1       6 ram6 0 0 0 0 0 0 0 0 0 0 0
   1       7 ram7 0 0 0 0 0 0 0 0 0 0 0
   1       8 ram8 0 0 0 0 0 0 0 0 0 0 0
   1       9 ram9 0 0 0 0 0 0 0 0 0 0 0
   1      10 ram10 0 0 0 0 0 0 0 0 0 0 0
   1      11 ram11 0 0 0 0 0 0 0 0 0 0 0
   1      12 ram12 0 0 0 0 0 0 0 0 0 0 0
   1      13 ram13 0 0 0 0 0 0 0 0 0 0 0
   1      14 ram14 0 0 0 0 0 0 0 0 0 0 0
   1      15 ram15 0 0 0 0 0 0 0 0 0 0 0
   7       0 loop0 0 0 0 0 0 0 0 0 0 0 0
   7       1 loop1 0 0 0 0 0 0 0 0 0 0 0
   7       2 loop2 0 0 0 0 0 0 0 0 0 0 0
   7       3 loop3 0 0 0 0 0 0 0 0 0 0 0
   7       4 loop4 0 0 0 0 0 0 0 0 0 0 0
   7       5 loop5 0 0 0 0 0 0 0 0 0 0 0
   7       6 loop6 0 0 0 0 0 0 0 0 0 0 0
   7       7 loop7 0 0 0 0 0 0 0 0 0 0 0
 253       0 zram0 36 0 288 0 1 0 8 0 0 0 0
 179       0 mmcblk0 20520 4360 4731324 19600 256 346 6744 2260 0 8396 8736
 179       1 mmcblk0p1 0 0 0 0 0 0 0 0 0 0 0
 179       2 mmcblk0p2 0 0 0 0 0 0 0 0 0 0 0
 179       3 mmcblk0p3 0 0 0 0 0 0 0 0 0 0 0
 179       4 mmcblk0p4 0 0 0 0 0 0 0 0 0 0 0
 179       5 mmcblk0p5 2703 1724 766416 7360 0 0 0 0 1 1304 1512
 179       6 mmcblk0p6 0 0 0 0 0 0 0 0 0 0 0
 179       7 mmcblk0p7 1 0 32 0 0 0 0 0 0 0 0
 179       8 mmcblk0p8 0 0 0 0 0 0 0 0 0 0 0
 179       9 mmcblk0p9 6 0 2056 4 0 0 0 0 0 0 0
 179      10 mmcblk0p10 763 189 46752 1020 0 0 0 0 0 168 176
 179      11 mmcblk0p11 0 0 0 0 0 0 0 0 0 0 0
 179      12 mmcblk0p12 17040 2447 3915764 11216 245 346 6744 2240 0 6912 6964
 179      13 mmcblk0p13 0 0 0 0 0 0 0 0 0 0 0
 179      14 mmcblk0p14 1 0 256 0 0 0 0 0 0 0 0
 179      15 mmcblk0p15 0 0 0 0 0 0 0 0 0 0 0
 179      96 mmcblk0rpmb 0 0 0 0 0 0 0 0 0 0 0
 179      64 mmcblk0boot1 0 0 0 0 0 0 0 0 0 0 0
 179      32 mmcblk0boot0 0 0 0 0 0 0 0 0 0 0 0
 252       0 dm-0 2601 0 753016 12956 0 0 0 0 1 2692 13072
 252       1 dm-1 760 0 45216 1604 0 0 0 0 0 1088 1604

3721
   1       0 ram0 0 0 0 0 0 0 0 0 0 0 0
   1       1 ram1 0 0 0 0 0 0 0 0 0 0 0
   1       2 ram2 0 0 0 0 0 0 0 0 0 0 0
   1       3 ram3 0 0 0 0 0 0 0 0 0 0 0
   1       4 ram4 0 0 0 0 0 0 0 0 0 0 0
   1       5 ram5 0 0 0 0 0 0 0 0 0 0 0
   1       6 ram6 0 0 0 0 0 0 0 0 0 0 0
   1       7 ram7 0 0 0 0 0 0 0 0 0 0 0
   1       8 ram8 0 0 0 0 0 0 0 0 0 0 0
   1       9 ram9 0 0 0 0 0 0 0 0 0 0 0
   1      10 ram10 0 0 0 0 0 0 0 0 0 0 0
   1      11 ram11 0 0 0 0 0 0 0 0 0 0 0
   1      12 ram12 0 0 0 0 0 0 0 0 0 0 0
   1      13 ram13 0 0 0 0 0 0 0 0 0 0 0
   1      14 ram14 0 0 0 0 0 0 0 0 0 0 0
   1      15 ram15 0 0 0 0 0 0 0 0 0 0 0
   7       0 loop0 0 0 0 0 0 0 0 0 0 0 0
   7       1 loop1 0 0 0 0 0 0 0 0 0 0 0
   7       2 loop2 0 0 0 0 0 0 0 0 0 0 0
   7       3 loop3 0 0 0 0 0 0 0 0 0 0 0
   7       4 loop4 0 0 0 0 0 0 0 0 0 0 0
   7       5 loop5 0 0 0 0 0 0 0 0 0 0 0
   7       6 loop6 0 0 0 0 0 0 0 0 0 0 0
   7       7 loop7 0 0 0 0 0 0 0 0 0 0 0
 253       0 zram0 36 0 288 0 1 0 8 0 0 0 0
 179       0 mmcblk0 20600 4360 4775308 19952 265 391 7176 2284 0 8464 8812
 179       1 mmcblk0p1 0 0 0 0 0 0 0 0 0 0 0
 179       2 mmcblk0p2 0 0 0 0 0 0 0 0 0 0 0
 179       3 mmcblk0p3 0 0 0 0 0 0 0 0 0 0 0
 179       4 mmcblk0p4 0 0 0 0 0 0 0 0 0 0 0
 179       5 mmcblk0p5 2773 1724 810320 7712 0 0 0 0 0 1372 1588
 179       6 mmcblk0p6 0 0 0 0 0 0 0 0 0 0 0
 179       7 mmcblk0p7 1 0 32 0 0 0 0 0 0 0 0
 179       8 mmcblk0p8 0 0 0 0 0 0 0 0 0 0 0
 179       9 mmcblk0p9 6 0 2056 4 0 0 0 0 0 0 0
 179      10 mmcblk0p10 763 189 46752 1020 0 0 0 0 0 168 176
 179      11 mmcblk0p11 0 0 0 0 0 0 0 0 0 0 0
 179      12 mmcblk0p12 17050 2447 3915844 11216 254 391 7176 2264 0 6912 6964
 179      13 mmcblk0p13 0 0 0 0 0 0 0 0 0 0 0
 179      14 mmcblk0p14 1 0 256 0 0 0 0 0 0 0 0
 179      15 mmcblk0p15 0 0 0 0 0 0 0 0 0 0 0
 179      96 mmcblk0rpmb 0 0 0 0 0 0 0 0 0 0 0
 179      64 mmcblk0boot1 0 0 0 0 0 0 0 0 0 0 0
 179      32 mmcblk0boot0 0 0 0 0 0 0 0 0 0 0 0
 252       0 dm-0 2649 0 796888 13252 0 0 0 0 0 2800 13368
 252       1 dm-1 760 0 45216 1604 0 0 0 0 0 1088 1604

3745
   1       0 ram0 0 0 0 0 0 0 0 0 0 0 0
   1       1 ram1 0 0 0 0 0 0 0 0 0 0 0
   1       2 ram2 0 0 0 0 0 0 0 0 0 0 0
   1       3 ram3 0 0 0 0 0 0 0 0 0 0 0
   1       4 ram4 0 0 0 0 0 0 0 0 0 0 0
   1       5 ram5 0 0 0 0 0 0 0 0 0 0 0
   1       6 ram6 0 0 0 0 0 0 0 0 0 0 0
   1       7 ram7 0 0 0 0 0 0 0 0 0 0 0
   1       8 ram8 0 0 0 0 0 0 0 0 0 0 0
   1       9 ram9 0 0 0 0 0 0 0 0 0 0 0
   1      10 ram10 0 0 0 0 0 0 0 0 0 0 0
   1      11 ram11 0 0 0 0 0 0 0 0 0 0 0
   1      12 ram12 0 0 0 0 0 0 0 0 0 0 0
   1      13 ram13 0 0 0 0 0 0 0 0 0 0 0
   1      14 ram14 0 0 0 0 0 0 0 0 0 0 0
   1      15 ram15 0 0 0 0 0 0 0 0 0 0 0
   7       0 loop0 0 0 0 0 0 0 0 0 0 0 0
   7       1 loop1 0 0 0 0 0 0 0 0 0 0 0
   7       2 loop2 0 0 0 0 0 0 0 0 0 0 0
   7       3 loop3 0 0 0 0 0 0 0 0 0 0 0
   7       4 loop4 0 0 0 0 0 0 0 0 0 0 0
   7       5 loop5 0 0 0 0 0 0 0 0 0 0 0
   7       6 loop6 0 0 0 0 0 0 0 0 0 0 0
   7       7 loop7 0 0 0 0 0 0 0 0 0 0 0
 253       0 zram0 36 0 288 0 1 0 8 0 0 0 0
 179       0 mmcblk0 20711 4423 4795292 20280 273 431 7576 2392 0 8556 8904
 179       1 mmcblk0p1 0 0 0 0 0 0 0 0 0 0 0
 179       2 mmcblk0p2 0 0 0 0 0 0 0 0 0 0 0
 179       3 mmcblk0p3 0 0 0 0 0 0 0 0 0 0 0
 179       4 mmcblk0p4 0 0 0 0 0 0 0 0 0 0 0
 179       5 mmcblk0p5 2836 1787 828432 8028 0 0 0 0 0 1452 1668
 179       6 mmcblk0p6 0 0 0 0 0 0 0 0 0 0 0
 179       7 mmcblk0p7 1 0 32 0 0 0 0 0 0 0 0
 179       8 mmcblk0p8 0 0 0 0 0 0 0 0 0 0 0
 179       9 mmcblk0p9 6 0 2056 4 0 0 0 0 0 0 0
 179      10 mmcblk0p10 808 189 48600 1028 0 0 0 0 0 168 176
 179      11 mmcblk0p11 0 0 0 0 0 0 0 0 0 0 0
 179      12 mmcblk0p12 17053 2447 3915868 11220 261 431 7576 2344 0 6916 6968
 179      13 mmcblk0p13 0 0 0 0 0 0 0 0 0 0 0
 179      14 mmcblk0p14 1 0 256 0 0 0 0 0 0 0 0
 179      15 mmcblk0p15 0 0 0 0 0 0 0 0 0 0 0
 179      96 mmcblk0rpmb 0 0 0 0 0 0 0 0 0 0 0
 179      64 mmcblk0boot1 0 0 0 0 0 0 0 0 0 0 0
 179      32 mmcblk0boot0 0 0 0 0 0 0 0 0 0 0 0
 252       0 dm-0 2703 0 814480 13552 0 0 0 0 0 2920 13668
 252       1 dm-1 805 0 47064 1616 0 0 0 0 0 1100 1616

3769
   1       0 ram0 0 0 0 0 0 0 0 0 0 0 0
   1       1 ram1 0 0 0 0 0 0 0 0 0 0 0
   1       2 ram2 0 0 0 0 0 0 0 0 0 0 0
   1       3 ram3 0 0 0 0 0 0 0 0 0 0 0
   1       4 ram4 0 0 0 0 0 0 0 0 0 0 0
   1       5 ram5 0 0 0 0 0 0 0 0 0 0 0
   1       6 ram6 0 0 0 0 0 0 0 0 0 0 0
   1       7 ram7 0 0 0 0 0 0 0 0 0 0 0
   1       8 ram8 0 0 0 0 0 0 0 0 0 0 0
   1       9 ram9 0 0 0 0 0 0 0 0 0 0 0
   1      10 ram10 0 0 0 0 0 0 0 0 0 0 0
   1      11 ram11 0 0 0 0 0 0 0 0 0 0 0
   1      12 ram12 0 0 0 0 0 0 0 0 0 0 0
   1      13 ram13 0 0 0 0 0 0 0 0 0 0 0
   1      14 ram14 0 0 0 0 0 0 0 0 0 0 0
   1      15 ram15 0 0 0 0 0 0 0 0 0 0 0
   7       0 loop0 0 0 0 0 0 0 0 0 0 0 0
   7       1 loop1 0 0 0 0 0 0 0 0 0 0 0
   7       2 loop2 0 0 0 0 0 0 0 0 0 0 0
   7       3 loop3 0 0 0 0 0 0 0 0 0 0 0
   7       4 loop4 0 0 0 0 0 0 0 0 0 0 0
   7       5 loop5 0 0 0 0 0 0 0 0 0 0 0
   7       6 loop6 0 0 0 0 0 0 0 0 0 0 0
   7       7 loop7 0 0 0 0 0 0 0 0 0 0 0
 253       0 zram0 36 0 288 0 1 0 8 0 0 0 0
 179       0 mmcblk0 20854 4549 4902092 22500 276 458 7816 2408 0 8744 9120
 179       1 mmcblk0p1 0 0 0 0 0 0 0 0 0 0 0
 179       2 mmcblk0p2 0 0 0 0 0 0 0 0 0 0 0
 179       3 mmcblk0p3 0 0 0 0 0 0 0 0 0 0 0
 179       4 mmcblk0p4 0 0 0 0 0 0 0 0 0 0 0
 179       5 mmcblk0p5 2975 1913 935200 10228 0 0 0 0 2 1636 1876
 179       6 mmcblk0p6 0 0 0 0 0 0 0 0 0 0 0
 179       7 mmcblk0p7 1 0 32 0 0 0 0 0 0 0 0
 179       8 mmcblk0p8 0 0 0 0 0 0 0 0 0 0 0
 179       9 mmcblk0p9 6 0 2056 4 0 0 0 0 0 0 0
 179      10 mmcblk0p10 808 189 48600 1028 0 0 0 0 0 168 176
 179      11 mmcblk0p11 0 0 0 0 0 0 0 0 0 0 0
 179      12 mmcblk0p12 17057 2447 3915900 11240 264 458 7816 2360 0 6916 6968
 179      13 mmcblk0p13 0 0 0 0 0 0 0 0 0 0 0
 179      14 mmcblk0p14 1 0 256 0 0 0 0 0 0 0 0
 179      15 mmcblk0p15 0 0 0 0 0 0 0 0 0 0 0
 179      96 mmcblk0rpmb 0 0 0 0 0 0 0 0 0 0 0
 179      64 mmcblk0boot1 0 0 0 0 0 0 0 0 0 0 0
 179      32 mmcblk0boot0 0 0 0 0 0 0 0 0 0 0 0
 252       0 dm-0 2796 0 925528 15052 0 0 0 0 8 3132 15272
 252       1 dm-1 805 0 47064 1616 0 0 0 0 0 1100 1616

3790
   1       0 ram0 0 0 0 0 0 0 0 0 0 0 0
   1       1 ram1 0 0 0 0 0 0 0 0 0 0 0
   1       2 ram2 0 0 0 0 0 0 0 0 0 0 0
   1       3 ram3 0 0 0 0 0 0 0 0 0 0 0
   1       4 ram4 0 0 0 0 0 0 0 0 0 0 0
   1       5 ram5 0 0 0 0 0 0 0 0 0 0 0
   1       6 ram6 0 0 0 0 0 0 0 0 0 0 0
   1       7 ram7 0 0 0 0 0 0 0 0 0 0 0
   1       8 ram8 0 0 0 0 0 0 0 0 0 0 0
   1       9 ram9 0 0 0 0 0 0 0 0 0 0 0
   1      10 ram10 0 0 0 0 0 0 0 0 0 0 0
   1      11 ram11 0 0 0 0 0 0 0 0 0 0 0
   1      12 ram12 0 0 0 0 0 0 0 0 0 0 0
   1      13 ram13 0 0 0 0 0 0 0 0 0 0 0
   1      14 ram14 0 0 0 0 0 0 0 0 0 0 0
   1      15 ram15 0 0 0 0 0 0 0 0 0 0 0
   7       0 loop0 0 0 0 0 0 0 0 0 0 0 0
   7       1 loop1 0 0 0 0 0 0 0 0 0 0 0
   7       2 loop2 0 0 0 0 0 0 0 0 0 0 0
   7       3 loop3 0 0 0 0 0 0 0 0 0 0 0
   7       4 loop4 0 0 0 0 0 0 0 0 0 0 0
   7       5 loop5 0 0 0 0 0 0 0 0 0 0 0
   7       6 loop6 0 0 0 0 0 0 0 0 0 0 0
   7       7 loop7 0 0 0 0 0 0 0 0 0 0 0
 253       0 zram0 36 0 288 0 1 0 8 0 0 0 0
 179       0 mmcblk0 20933 4549 4939908 22996 281 479 8048 2416 0 8808 9184
 179       1 mmcblk0p1 0 0 0 0 0 0 0 0 0 0 0
 179       2 mmcblk0p2 0 0 0 0 0 0 0 0 0 0 0
 179       3 mmcblk0p3 0 0 0 0 0 0 0 0 0 0 0
 179       4 mmcblk0p4 0 0 0 0 0 0 0 0 0 0 0
 179       5 mmcblk0p5 3047 1913 972864 10696 0 0 0 0 2 1704 1948
 179       6 mmcblk0p6 0 0 0 0 0 0 0 0 0 0 0
 179       7 mmcblk0p7 1 0 32 0 0 0 0 0 0 0 0
 179       8 mmcblk0p8 0 0 0 0 0 0 0 0 0 0 0
 179       9 mmcblk0p9 6 0 2056 4 0 0 0 0 0 0 0
 179      10 mmcblk0p10 813 189 48736 1040 0 0 0 0 0 168 176
 179      11 mmcblk0p11 0 0 0 0 0 0 0 0 0 0 0
 179      12 mmcblk0p12 17059 2447 3915916 11256 268 479 8048 2364 0 6916 6968
 179      13 mmcblk0p13 0 0 0 0 0 0 0 0 0 0 0
 179      14 mmcblk0p14 1 0 256 0 0 0 0 0 0 0 0
 179      15 mmcblk0p15 0 0 0 0 0 0 0 0 0 0 0
 179      96 mmcblk0rpmb 0 0 0 0 0 0 0 0 0 0 0
 179      64 mmcblk0boot1 0 0 0 0 0 0 0 0 0 0 0
 179      32 mmcblk0boot0 0 0 0 0 0 0 0 0 0 0 0
 252       0 dm-0 2849 0 959944 15500 0 0 0 0 3 3240 15644
 252       1 dm-1 810 0 47200 1632 0 0 0 0 0 1116 1632

3815
   1       0 ram0 0 0 0 0 0 0 0 0 0 0 0
   1       1 ram1 0 0 0 0 0 0 0 0 0 0 0
   1       2 ram2 0 0 0 0 0 0 0 0 0 0 0
   1       3 ram3 0 0 0 0 0 0 0 0 0 0 0
   1       4 ram4 0 0 0 0 0 0 0 0 0 0 0
   1       5 ram5 0 0 0 0 0 0 0 0 0 0 0
   1       6 ram6 0 0 0 0 0 0 0 0 0 0 0
   1       7 ram7 0 0 0 0 0 0 0 0 0 0 0
   1       8 ram8 0 0 0 0 0 0 0 0 0 0 0
   1       9 ram9 0 0 0 0 0 0 0 0 0 0 0
   1      10 ram10 0 0 0 0 0 0 0 0 0 0 0
   1      11 ram11 0 0 0 0 0 0 0 0 0 0 0
   1      12 ram12 0 0 0 0 0 0 0 0 0 0 0
   1      13 ram13 0 0 0 0 0 0 0 0 0 0 0
   1      14 ram14 0 0 0 0 0 0 0 0 0 0 0
   1      15 ram15 0 0 0 0 0 0 0 0 0 0 0
   7       0 loop0 0 0 0 0 0 0 0 0 0 0 0
   7       1 loop1 0 0 0 0 0 0 0 0 0 0 0
   7       2 loop2 0 0 0 0 0 0 0 0 0 0 0
   7       3 loop3 0 0 0 0 0 0 0 0 0 0 0
   7       4 loop4 0 0 0 0 0 0 0 0 0 0 0
   7       5 loop5 0 0 0 0 0 0 0 0 0 0 0
   7       6 loop6 0 0 0 0 0 0 0 0 0 0 0
   7       7 loop7 0 0 0 0 0 0 0 0 0 0 0
 253       0 zram0 36 0 288 0 1 0 8 0 0 0 0
 179       0 mmcblk0 21023 4549 4980980 23436 297 564 8856 2488 0 8940 9332
 179       1 mmcblk0p1 0 0 0 0 0 0 0 0 0 0 0
 179       2 mmcblk0p2 0 0 0 0 0 0 0 0 0 0 0
 179       3 mmcblk0p3 0 0 0 0 0 0 0 0 0 0 0
 179       4 mmcblk0p4 0 0 0 0 0 0 0 0 0 0 0
 179       5 mmcblk0p5 3129 1913 1013872 11080 0 0 0 0 0 1812 2064
 179       6 mmcblk0p6 0 0 0 0 0 0 0 0 0 0 0
 179       7 mmcblk0p7 1 0 32 0 0 0 0 0 0 0 0
 179       8 mmcblk0p8 0 0 0 0 0 0 0 0 0 0 0
 179       9 mmcblk0p9 6 0 2056 4 0 0 0 0 0 0 0
 179      10 mmcblk0p10 813 189 48736 1040 0 0 0 0 0 168 176
 179      11 mmcblk0p11 0 0 0 0 0 0 0 0 0 0 0
 179      12 mmcblk0p12 17067 2447 3915980 11312 284 564 8856 2436 0 6940 6992
 179      13 mmcblk0p13 0 0 0 0 0 0 0 0 0 0 0
 179      14 mmcblk0p14 1 0 256 0 0 0 0 0 0 0 0
 179      15 mmcblk0p15 0 0 0 0 0 0 0 0 0 0 0
 179      96 mmcblk0rpmb 0 0 0 0 0 0 0 0 0 0 0
 179      64 mmcblk0boot1 0 0 0 0 0 0 0 0 0 0 0
 179      32 mmcblk0boot0 0 0 0 0 0 0 0 0 0 0 0
 252       0 dm-0 2910 0 998896 15940 0 0 0 0 0 3400 16060
 252       1 dm-1 810 0 47200 1632 0 0 0 0 0 1116 1632

3842
   1       0 ram0 0 0 0 0 0 0 0 0 0 0 0
   1       1 ram1 0 0 0 0 0 0 0 0 0 0 0
   1       2 ram2 0 0 0 0 0 0 0 0 0 0 0
   1       3 ram3 0 0 0 0 0 0 0 0 0 0 0
   1       4 ram4 0 0 0 0 0 0 0 0 0 0 0
   1       5 ram5 0 0 0 0 0 0 0 0 0 0 0
   1       6 ram6 0 0 0 0 0 0 0 0 0 0 0
   1       7 ram7 0 0 0 0 0 0 0 0 0 0 0
   1       8 ram8 0 0 0 0 0 0 0 0 0 0 0
   1       9 ram9 0 0 0 0 0 0 0 0 0 0 0
   1      10 ram10 0 0 0 0 0 0 0 0 0 0 0
   1      11 ram11 0 0 0 0 0 0 0 0 0 0 0
   1      12 ram12 0 0 0 0 0 0 0 0 0 0 0
   1      13 ram13 0 0 0 0 0 0 0 0 0 0 0
   1      14 ram14 0 0 0 0 0 0 0 0 0 0 0
   1      15 ram15 0 0 0 0 0 0 0 0 0 0 0
   7       0 loop0 0 0 0 0 0 0 0 0 0 0 0
   7       1 loop1 0 0 0 0 0 0 0 0 0 0 0
   7       2 loop2 0 0 0 0 0 0 0 0 0 0 0
   7       3 loop3 0 0 0 0 0 0 0 0 0 0 0
   7       4 loop4 0 0 0 0 0 0 0 0 0 0 0
   7       5 loop5 0 0 0 0 0 0 0 0 0 0 0
   7       6 loop6 0 0 0 0 0 0 0 0 0 0 0
   7       7 loop7 0 0 0 0 0 0 0 0 0 0 0
 253       0 zram0 36 0 288 0 1 0 8 0 0 0 0
 179       0 mmcblk0 21074 4549 4982420 23488 326 727 10408 2540 0 8960 9352
 179       1 mmcblk0p1 0 0 0 0 0 0 0 0 0 0 0
 179       2 mmcblk0p2 0 0 0 0 0 0 0 0 0 0 0
 179       3 mmcblk0p3 0 0 0 0 0 0 0 0 0 0 0
 179       4 mmcblk0p4 0 0 0 0 0 0 0 0 0 0 0
 179       5 mmcblk0p5 3140 1913 1014096 11092 0 0 0 0 0 1816 2068
 179       6 mmcblk0p6 0 0 0 0 0 0 0 0 0 0 0
 179       7 mmcblk0p7 1 0 32 0 0 0 0 0 0 0 0
 179       8 mmcblk0p8 0 0 0 0 0 0 0 0 0 0 0
 179       9 mmcblk0p9 6 0 2056 4 0 0 0 0 0 0 0
 179      10 mmcblk0p10 813 189 48736 1040 0 0 0 0 0 168 176
 179      11 mmcblk0p11 0 0 0 0 0 0 0 0 0 0 0
 179      12 mmcblk0p12 17107 2447 3917196 11352 313 727 10408 2488 0 6952 7004
 179      13 mmcblk0p13 0 0 0 0 0 0 0 0 0 0 0
 179      14 mmcblk0p14 1 0 256 0 0 0 0 0 0 0 0
 179      15 mmcblk0p15 0 0 0 0 0 0 0 0 0 0 0
 179      96 mmcblk0rpmb 0 0 0 0 0 0 0 0 0 0 0
 179      64 mmcblk0boot1 0 0 0 0 0 0 0 0 0 0 0
 179      32 mmcblk0boot0 0 0 0 0 0 0 0 0 0 0 0
 252       0 dm-0 2921 0 999120 15956 0 0 0 0 0 3412 16076
 252       1 dm-1 810 0 47200 1632 0 0 0 0 0 1116 1632

3865
   1       0 ram0 0 0 0 0 0 0 0 0 0 0 0
   1       1 ram1 0 0 0 0 0 0 0 0 0 0 0
   1       2 ram2 0 0 0 0 0 0 0 0 0 0 0
   1       3 ram3 0 0 0 0 0 0 0 0 0 0 0
   1       4 ram4 0 0 0 0 0 0 0 0 0 0 0
   1       5 ram5 0 0 0 0 0 0 0 0 0 0 0
   1       6 ram6 0 0 0 0 0 0 0 0 0 0 0
   1       7 ram7 0 0 0 0 0 0 0 0 0 0 0
   1       8 ram8 0 0 0 0 0 0 0 0 0 0 0
   1       9 ram9 0 0 0 0 0 0 0 0 0 0 0
   1      10 ram10 0 0 0 0 0 0 0 0 0 0 0
   1      11 ram11 0 0 0 0 0 0 0 0 0 0 0
   1      12 ram12 0 0 0 0 0 0 0 0 0 0 0
   1      13 ram13 0 0 0 0 0 0 0 0 0 0 0
   1      14 ram14 0 0 0 0 0 0 0 0 0 0 0
   1      15 ram15 0 0 0 0 0 0 0 0 0 0 0
   7       0 loop0 0 0 0 0 0 0 0 0 0 0 0
   7       1 loop1 0 0 0 0 0 0 0 0 0 0 0
   7       2 loop2 0 0 0 0 0 0 0 0 0 0 0
   7       3 loop3 0 0 0 0 0 0 0 0 0 0 0
   7       4 loop4 0 0 0 0 0 0 0 0 0 0 0
   7       5 loop5 0 0 0 0 0 0 0 0 0 0 0
   7       6 loop6 0 0 0 0 0 0 0 0 0 0 0
   7       7 loop7 0 0 0 0 0 0 0 0 0 0 0
 253       0 zram0 36 0 288 0 1 0 8 0 0 0 0
 179       0 mmcblk0 21099 4549 4986908 23532 344 786 11040 2568 0 8984 9376
 179       1 mmcblk0p1 0 0 0 0 0 0 0 0 0 0 0
 179       2 mmcblk0p2 0 0 0 0 0 0 0 0 0 0 0
 179       3 mmcblk0p3 0 0 0 0 0 0 0 0 0 0 0
 179       4 mmcblk0p4 0 0 0 0 0 0 0 0 0 0 0
 179       5 mmcblk0p5 3151 1913 1017728 11108 0 0 0 0 0 1820 2072
 179       6 mmcblk0p6 0 0 0 0 0 0 0 0 0 0 0
 179       7 mmcblk0p7 1 0 32 0 0 0 0 0 0 0 0
 179       8 mmcblk0p8 0 0 0 0 0 0 0 0 0 0 0
 179       9 mmcblk0p9 6 0 2056 4 0 0 0 0 0 0 0
 179      10 mmcblk0p10 813 189 48736 1040 0 0 0 0 0 168 176
 179      11 mmcblk0p11 0 0 0 0 0 0 0 0 0 0 0
 179      12 mmcblk0p12 17121 2447 3918052 11380 329 786 11040 2512 0 6968 7020
 179      13 mmcblk0p13 0 0 0 0 0 0 0 0 0 0 0
 179      14 mmcblk0p14 1 0 256 0 0 0 0 0 0 0 0
 179      15 mmcblk0p15 0 0 0 0 0 0 0 0 0 0 0
 179      96 mmcblk0rpmb 0 0 0 0 0 0 0 0 0 0 0
 179      64 mmcblk0boot1 0 0 0 0 0 0 0 0 0 0 0
 179      32 mmcblk0boot0 0 0 0 0 0 0 0 0 0 0 0
 252       0 dm-0 2930 0 1002752 15980 0 0 0 0 0 3428 16100
 252       1 dm-1 810 0 47200 1632 0 0 0 0 0 1116 1632

3886
   1       0 ram0 0 0 0 0 0 0 0 0 0 0 0
   1       1 ram1 0 0 0 0 0 0 0 0 0 0 0
   1       2 ram2 0 0 0 0 0 0 0 0 0 0 0
   1       3 ram3 0 0 0 0 0 0 0 0 0 0 0
   1       4 ram4 0 0 0 0 0 0 0 0 0 0 0
   1       5 ram5 0 0 0 0 0 0 0 0 0 0 0
   1       6 ram6 0 0 0 0 0 0 0 0 0 0 0
   1       7 ram7 0 0 0 0 0 0 0 0 0 0 0
   1       8 ram8 0 0 0 0 0 0 0 0 0 0 0
   1       9 ram9 0 0 0 0 0 0 0 0 0 0 0
   1      10 ram10 0 0 0 0 0 0 0 0 0 0 0
   1      11 ram11 0 0 0 0 0 0 0 0 0 0 0
   1      12 ram12 0 0 0 0 0 0 0 0 0 0 0
   1      13 ram13 0 0 0 0 0 0 0 0 0 0 0
   1      14 ram14 0 0 0 0 0 0 0 0 0 0 0
   1      15 ram15 0 0 0 0 0 0 0 0 0 0 0
   7       0 loop0 0 0 0 0 0 0 0 0 0 0 0
   7       1 loop1 0 0 0 0 0 0 0 0 0 0 0
   7       2 loop2 0 0 0 0 0 0 0 0 0 0 0
   7       3 loop3 0 0 0 0 0 0 0 0 0 0 0
   7       4 loop4 0 0 0 0 0 0 0 0 0 0 0
   7       5 loop5 0 0 0 0 0 0 0 0 0 0 0
   7       6 loop6 0 0 0 0 0 0 0 0 0 0 0
   7       7 loop7 0 0 0 0 0 0 0 0 0 0 0
 253       0 zram0 36 0 288 0 1 0 8 0 0 0 0
 179       0 mmcblk0 21103 4549 4987180 23532 356 841 11592 2584 0 8984 9376
 179       1 mmcblk0p1 0 0 0 0 0 0 0 0 0 0 0
 179       2 mmcblk0p2 0 0 0 0 0 0 0 0 0 0 0
 179       3 mmcblk0p3 0 0 0 0 0 0 0 0 0 0 0
 179       4 mmcblk0p4 0 0 0 0 0 0 0 0 0 0 0
 179       5 mmcblk0p5 3152 1913 1017752 11108 0 0 0 0 0 1820 2072
 179       6 mmcblk0p6 0 0 0 0 0 0 0 0 0 0 0
 179       7 mmcblk0p7 1 0 32 0 0 0 0 0 0 0 0
 179       8 mmcblk0p8 0 0 0 0 0 0 0 0 0 0 0
 179       9 mmcblk0p9 6 0 2056 4 0 0 0 0 0 0 0
 179      10 mmcblk0p10 813 189 48736 1040 0 0 0 0 0 168 176
 179      11 mmcblk0p11 0 0 0 0 0 0 0 0 0 0 0
 179      12 mmcblk0p12 17124 2447 3918300 11380 341 841 11592 2528 0 6968 7020
 179      13 mmcblk0p13 0 0 0 0 0 0 0 0 0 0 0
 179      14 mmcblk0p14 1 0 256 0 0 0 0 0 0 0 0
 179      15 mmcblk0p15 0 0 0 0 0 0 0 0 0 0 0
 179      96 mmcblk0rpmb 0 0 0 0 0 0 0 0 0 0 0
 179      64 mmcblk0boot1 0 0 0 0 0 0 0 0 0 0 0
 179      32 mmcblk0boot0 0 0 0 0 0 0 0 0 0 0 0
 252       0 dm-0 2931 0 1002776 15980 0 0 0 0 0 3428 16100
 252       1 dm-1 810 0 47200 1632 0 0 0 0 0 1116 1632

3908
   1       0 ram0 0 0 0 0 0 0 0 0 0 0 0
   1       1 ram1 0 0 0 0 0 0 0 0 0 0 0
   1       2 ram2 0 0 0 0 0 0 0 0 0 0 0
   1       3 ram3 0 0 0 0 0 0 0 0 0 0 0
   1       4 ram4 0 0 0 0 0 0 0 0 0 0 0
   1       5 ram5 0 0 0 0 0 0 0 0 0 0 0
   1       6 ram6 0 0 0 0 0 0 0 0 0 0 0
   1       7 ram7 0 0 0 0 0 0 0 0 0 0 0
   1       8 ram8 0 0 0 0 0 0 0 0 0 0 0
   1       9 ram9 0 0 0 0 0 0 0 0 0 0 0
   1      10 ram10 0 0 0 0 0 0 0 0 0 0 0
   1      11 ram11 0 0 0 0 0 0 0 0 0 0 0
   1      12 ram12 0 0 0 0 0 0 0 0 0 0 0
   1      13 ram13 0 0 0 0 0 0 0 0 0 0 0
   1      14 ram14 0 0 0 0 0 0 0 0 0 0 0
   1      15 ram15 0 0 0 0 0 0 0 0 0 0 0
   7       0 loop0 0 0 0 0 0 0 0 0 0 0 0
   7       1 loop1 0 0 0 0 0 0 0 0 0 0 0
   7       2 loop2 0 0 0 0 0 0 0 0 0 0 0
   7       3 loop3 0 0 0 0 0 0 0 0 0 0 0
   7       4 loop4 0 0 0 0 0 0 0 0 0 0 0
   7       5 loop5 0 0 0 0 0 0 0 0 0 0 0
   7       6 loop6 0 0 0 0 0 0 0 0 0 0 0
   7       7 loop7 0 0 0 0 0 0 0 0 0 0 0
 253       0 zram0 36 0 288 0 1 0 8 0 0 0 0
 179       0 mmcblk0 21103 4549 4987180 23532 356 841 11592 2584 0 8984 9376
 179       1 mmcblk0p1 0 0 0 0 0 0 0 0 0 0 0
 179       2 mmcblk0p2 0 0 0 0 0 0 0 0 0 0 0
 179       3 mmcblk0p3 0 0 0 0 0 0 0 0 0 0 0
 179       4 mmcblk0p4 0 0 0 0 0 0 0 0 0 0 0
 179       5 mmcblk0p5 3152 1913 1017752 11108 0 0 0 0 0 1820 2072
 179       6 mmcblk0p6 0 0 0 0 0 0 0 0 0 0 0
 179       7 mmcblk0p7 1 0 32 0 0 0 0 0 0 0 0
 179       8 mmcblk0p8 0 0 0 0 0 0 0 0 0 0 0
 179       9 mmcblk0p9 6 0 2056 4 0 0 0 0 0 0 0
 179      10 mmcblk0p10 813 189 48736 1040 0 0 0 0 0 168 176
 179      11 mmcblk0p11 0 0 0 0 0 0 0 0 0 0 0
 179      12 mmcblk0p12 17124 2447 3918300 11380 341 841 11592 2528 0 6968 7020
 179      13 mmcblk0p13 0 0 0 0 0 0 0 0 0 0 0
 179      14 mmcblk0p14 1 0 256 0 0 0 0 0 0 0 0
 179      15 mmcblk0p15 0 0 0 0 0 0 0 0 0 0 0
 179      96 mmcblk0rpmb 0 0 0 0 0 0 0 0 0 0 0
 179      64 mmcblk0boot1 0 0 0 0 0 0 0 0 0 0 0
 179      32 mmcblk0boot0 0 0 0 0 0 0 0 0 0 0 0
 252       0 dm-0 2931 0 1002776 15980 0 0 0 0 0 3428 16100
 252       1 dm-1 810 0 47200 1632 0 0 0 0 0 1116 1632

3929
   1       0 ram0 0 0 0 0 0 0 0 0 0 0 0
   1       1 ram1 0 0 0 0 0 0 0 0 0 0 0
   1       2 ram2 0 0 0 0 0 0 0 0 0 0 0
   1       3 ram3 0 0 0 0 0 0 0 0 0 0 0
   1       4 ram4 0 0 0 0 0 0 0 0 0 0 0
   1       5 ram5 0 0 0 0 0 0 0 0 0 0 0
   1       6 ram6 0 0 0 0 0 0 0 0 0 0 0
   1       7 ram7 0 0 0 0 0 0 0 0 0 0 0
   1       8 ram8 0 0 0 0 0 0 0 0 0 0 0
   1       9 ram9 0 0 0 0 0 0 0 0 0 0 0
   1      10 ram10 0 0 0 0 0 0 0 0 0 0 0
   1      11 ram11 0 0 0 0 0 0 0 0 0 0 0
   1      12 ram12 0 0 0 0 0 0 0 0 0 0 0
   1      13 ram13 0 0 0 0 0 0 0 0 0 0 0
   1      14 ram14 0 0 0 0 0 0 0 0 0 0 0
   1      15 ram15 0 0 0 0 0 0 0 0 0 0 0
   7       0 loop0 0 0 0 0 0 0 0 0 0 0 0
   7       1 loop1 0 0 0 0 0 0 0 0 0 0 0
   7       2 loop2 0 0 0 0 0 0 0 0 0 0 0
   7       3 loop3 0 0 0 0 0 0 0 0 0 0 0
   7       4 loop4 0 0 0 0 0 0 0 0 0 0 0
   7       5 loop5 0 0 0 0 0 0 0 0 0 0 0
   7       6 loop6 0 0 0 0 0 0 0 0 0 0 0
   7       7 loop7 0 0 0 0 0 0 0 0 0 0 0
 253       0 zram0 36 0 288 0 1 0 8 0 0 0 0
 179       0 mmcblk0 21104 4549 4987188 23536 359 858 11752 2592 0 8984 9376
 179       1 mmcblk0p1 0 0 0 0 0 0 0 0 0 0 0
 179       2 mmcblk0p2 0 0 0 0 0 0 0 0 0 0 0
 179       3 mmcblk0p3 0 0 0 0 0 0 0 0 0 0 0
 179       4 mmcblk0p4 0 0 0 0 0 0 0 0 0 0 0
 179       5 mmcblk0p5 3152 1913 1017752 11108 0 0 0 0 0 1820 2072
 179       6 mmcblk0p6 0 0 0 0 0 0 0 0 0 0 0
 179       7 mmcblk0p7 1 0 32 0 0 0 0 0 0 0 0
 179       8 mmcblk0p8 0 0 0 0 0 0 0 0 0 0 0
 179       9 mmcblk0p9 6 0 2056 4 0 0 0 0 0 0 0
 179      10 mmcblk0p10 813 189 48736 1040 0 0 0 0 0 168 176
 179      11 mmcblk0p11 0 0 0 0 0 0 0 0 0 0 0
 179      12 mmcblk0p12 17125 2447 3918308 11384 344 858 11752 2536 0 6968 7020
 179      13 mmcblk0p13 0 0 0 0 0 0 0 0 0 0 0
 179      14 mmcblk0p14 1 0 256 0 0 0 0 0 0 0 0
 179      15 mmcblk0p15 0 0 0 0 0 0 0 0 0 0 0
 179      96 mmcblk0rpmb 0 0 0 0 0 0 0 0 0 0 0
 179      64 mmcblk0boot1 0 0 0 0 0 0 0 0 0 0 0
 179      32 mmcblk0boot0 0 0 0 0 0 0 0 0 0 0 0
 252       0 dm-0 2931 0 1002776 15980 0 0 0 0 0 3428 16100
 252       1 dm-1 810 0 47200 1632 0 0 0 0 0 1116 1632

3951
   1       0 ram0 0 0 0 0 0 0 0 0 0 0 0
   1       1 ram1 0 0 0 0 0 0 0 0 0 0 0
   1       2 ram2 0 0 0 0 0 0 0 0 0 0 0
   1       3 ram3 0 0 0 0 0 0 0 0 0 0 0
   1       4 ram4 0 0 0 0 0 0 0 0 0 0 0
   1       5 ram5 0 0 0 0 0 0 0 0 0 0 0
   1       6 ram6 0 0 0 0 0 0 0 0 0 0 0
   1       7 ram7 0 0 0 0 0 0 0 0 0 0 0
   1       8 ram8 0 0 0 0 0 0 0 0 0 0 0
   1       9 ram9 0 0 0 0 0 0 0 0 0 0 0
   1      10 ram10 0 0 0 0 0 0 0 0 0 0 0
   1      11 ram11 0 0 0 0 0 0 0 0 0 0 0
   1      12 ram12 0 0 0 0 0 0 0 0 0 0 0
   1      13 ram13 0 0 0 0 0 0 0 0 0 0 0
   1      14 ram14 0 0 0 0 0 0 0 0 0 0 0
   1      15 ram15 0 0 0 0 0 0 0 0 0 0 0
   7       0 loop0 0 0 0 0 0 0 0 0 0 0 0
   7       1 loop1 0 0 0 0 0 0 0 0 0 0 0
   7       2 loop2 0 0 0 0 0 0 0 0 0 0 0
   7       3 loop3 0 0 0 0 0 0 0 0 0 0 0
   7       4 loop4 0 0 0 0 0 0 0 0 0 0 0
   7       5 loop5 0 0 0 0 0 0 0 0 0 0 0
   7       6 loop6 0 0 0 0 0 0 0 0 0 0 0
   7       7 loop7 0 0 0 0 0 0 0 0 0 0 0
 253       0 zram0 36 0 288 0 1 0 8 0 0 0 0
 179       0 mmcblk0 21104 4549 4987188 23536 359 858 11752 2592 0 8984 9376
 179       1 mmcblk0p1 0 0 0 0 0 0 0 0 0 0 0
 179       2 mmcblk0p2 0 0 0 0 0 0 0 0 0 0 0
 179       3 mmcblk0p3 0 0 0 0 0 0 0 0 0 0 0
 179       4 mmcblk0p4 0 0 0 0 0 0 0 0 0 0 0
 179       5 mmcblk0p5 3152 1913 1017752 11108 0 0 0 0 0 1820 2072
 179       6 mmcblk0p6 0 0 0 0 0 0 0 0 0 0 0
 179       7 mmcblk0p7 1 0 32 0 0 0 0 0 0 0 0
 179       8 mmcblk0p8 0 0 0 0 0 0 0 0 0 0 0
 179       9 mmcblk0p9 6 0 2056 4 0 0 0 0 0 0 0
 179      10 mmcblk0p10 813 189 48736 1040 0 0 0 0 0 168 176
 179      11 mmcblk0p11 0 0 0 0 0 0 0 0 0 0 0
 179      12 mmcblk0p12 17125 2447 3918308 11384 344 858 11752 2536 0 6968 7020
 179      13 mmcblk0p13 0 0 0 0 0 0 0 0 0 0 0
 179      14 mmcblk0p14 1 0 256 0 0 0 0 0 0 0 0
 179      15 mmcblk0p15 0 0 0 0 0 0 0 0 0 0 0
 179      96 mmcblk0rpmb 0 0 0 0 0 0 0 0 0 0 0
 179      64 mmcblk0boot1 0 0 0 0 0 0 0 0 0 0 0
 179      32 mmcblk0boot0 0 0 0 0 0 0 0 0 0 0 0
 252       0 dm-0 2931 0 1002776 15980 0 0 0 0 0 3428 16100
 252       1 dm-1 810 0 47200 1632 0 0 0 0 0 1116 1632

3972
   1       0 ram0 0 0 0 0 0 0 0 0 0 0 0
   1       1 ram1 0 0 0 0 0 0 0 0 0 0 0
   1       2 ram2 0 0 0 0 0 0 0 0 0 0 0
   1       3 ram3 0 0 0 0 0 0 0 0 0 0 0
   1       4 ram4 0 0 0 0 0 0 0 0 0 0 0
   1       5 ram5 0 0 0 0 0 0 0 0 0 0 0
   1       6 ram6 0 0 0 0 0 0 0 0 0 0 0
   1       7 ram7 0 0 0 0 0 0 0 0 0 0 0
   1       8 ram8 0 0 0 0 0 0 0 0 0 0 0
   1       9 ram9 0 0 0 0 0 0 0 0 0 0 0
   1      10 ram10 0 0 0 0 0 0 0 0 0 0 0
   1      11 ram11 0 0 0 0 0 0 0 0 0 0 0
   1      12 ram12 0 0 0 0 0 0 0 0 0 0 0
   1      13 ram13 0 0 0 0 0 0 0 0 0 0 0
   1      14 ram14 0 0 0 0 0 0 0 0 0 0 0
   1      15 ram15 0 0 0 0 0 0 0 0 0 0 0
   7       0 loop0 0 0 0 0 0 0 0 0 0 0 0
   7       1 loop1 0 0 0 0 0 0 0 0 0 0 0
   7       2 loop2 0 0 0 0 0 0 0 0 0 0 0
   7       3 loop3 0 0 0 0 0 0 0 0 0 0 0
   7       4 loop4 0 0 0 0 0 0 0 0 0 0 0
   7       5 loop5 0 0 0 0 0 0 0 0 0 0 0
   7       6 loop6 0 0 0 0 0 0 0 0 0 0 0
   7       7 loop7 0 0 0 0 0 0 0 0 0 0 0
 253       0 zram0 36 0 288 0 1 0 8 0 0 0 0
 179       0 mmcblk0 21104 4549 4987188 23536 359 858 11752 2592 0 8984 9376
 179       1 mmcblk0p1 0 0 0 0 0 0 0 0 0 0 0
 179       2 mmcblk0p2 0 0 0 0 0 0 0 0 0 0 0
 179       3 mmcblk0p3 0 0 0 0 0 0 0 0 0 0 0
 179       4 mmcblk0p4 0 0 0 0 0 0 0 0 0 0 0
 179       5 mmcblk0p5 3152 1913 1017752 11108 0 0 0 0 0 1820 2072
 179       6 mmcblk0p6 0 0 0 0 0 0 0 0 0 0 0
 179       7 mmcblk0p7 1 0 32 0 0 0 0 0 0 0 0
 179       8 mmcblk0p8 0 0 0 0 0 0 0 0 0 0 0
 179       9 mmcblk0p9 6 0 2056 4 0 0 0 0 0 0 0
 179      10 mmcblk0p10 813 189 48736 1040 0 0 0 0 0 168 176
 179      11 mmcblk0p11 0 0 0 0 0 0 0 0 0 0 0
 179      12 mmcblk0p12 17125 2447 3918308 11384 344 858 11752 2536 0 6968 7020
 179      13 mmcblk0p13 0 0 0 0 0 0 0 0 0 0 0
 179      14 mmcblk0p14 1 0 256 0 0 0 0 0 0 0 0
 179      15 mmcblk0p15 0 0 0 0 0 0 0 0 0 0 0
 179      96 mmcblk0rpmb 0 0 0 0 0 0 0 0 0 0 0
 179      64 mmcblk0boot1 0 0 0 0 0 0 0 0 0 0 0
 179      32 mmcblk0boot0 0 0 0 0 0 0 0 0 0 0 0
 252       0 dm-0 2931 0 1002776 15980 0 0 0 0 0 3428 16100
 252       1 dm-1 810 0 47200 1632 0 0 0 0 0 1116 1632

3993
   1       0 ram0 0 0 0 0 0 0 0 0 0 0 0
   1       1 ram1 0 0 0 0 0 0 0 0 0 0 0
   1       2 ram2 0 0 0 0 0 0 0 0 0 0 0
   1       3 ram3 0 0 0 0 0 0 0 0 0 0 0
   1       4 ram4 0 0 0 0 0 0 0 0 0 0 0
   1       5 ram5 0 0 0 0 0 0 0 0 0 0 0
   1       6 ram6 0 0 0 0 0 0 0 0 0 0 0
   1       7 ram7 0 0 0 0 0 0 0 0 0 0 0
   1       8 ram8 0 0 0 0 0 0 0 0 0 0 0
   1       9 ram9 0 0 0 0 0 0 0 0 0 0 0
   1      10 ram10 0 0 0 0 0 0 0 0 0 0 0
   1      11 ram11 0 0 0 0 0 0 0 0 0 0 0
   1      12 ram12 0 0 0 0 0 0 0 0 0 0 0
   1      13 ram13 0 0 0 0 0 0 0 0 0 0 0
   1      14 ram14 0 0 0 0 0 0 0 0 0 0 0
   1      15 ram15 0 0 0 0 0 0 0 0 0 0 0
   7       0 loop0 0 0 0 0 0 0 0 0 0 0 0
   7       1 loop1 0 0 0 0 0 0 0 0 0 0 0
   7       2 loop2 0 0 0 0 0 0 0 0 0 0 0
   7       3 loop3 0 0 0 0 0 0 0 0 0 0 0
   7       4 loop4 0 0 0 0 0 0 0 0 0 0 0
   7       5 loop5 0 0 0 0 0 0 0 0 0 0 0
   7       6 loop6 0 0 0 0 0 0 0 0 0 0 0
   7       7 loop7 0 0 0 0 0 0 0 0 0 0 0
 253       0 zram0 36 0 288 0 1 0 8 0 0 0 0
 179       0 mmcblk0 21105 4549 4988020 23540 359 858 11752 2592 0 8984 9376
 179       1 mmcblk0p1 0 0 0 0 0 0 0 0 0 0 0
 179       2 mmcblk0p2 0 0 0 0 0 0 0 0 0 0 0
 179       3 mmcblk0p3 0 0 0 0 0 0 0 0 0 0 0
 179       4 mmcblk0p4 0 0 0 0 0 0 0 0 0 0 0
 179       5 mmcblk0p5 3153 1913 1018584 11112 0 0 0 0 0 1820 2072
 179       6 mmcblk0p6 0 0 0 0 0 0 0 0 0 0 0
 179       7 mmcblk0p7 1 0 32 0 0 0 0 0 0 0 0
 179       8 mmcblk0p8 0 0 0 0 0 0 0 0 0 0 0
 179       9 mmcblk0p9 6 0 2056 4 0 0 0 0 0 0 0
 179      10 mmcblk0p10 813 189 48736 1040 0 0 0 0 0 168 176
 179      11 mmcblk0p11 0 0 0 0 0 0 0 0 0 0 0
 179      12 mmcblk0p12 17125 2447 3918308 11384 344 858 11752 2536 0 6968 7020
 179      13 mmcblk0p13 0 0 0 0 0 0 0 0 0 0 0
 179      14 mmcblk0p14 1 0 256 0 0 0 0 0 0 0 0
 179      15 mmcblk0p15 0 0 0 0 0 0 0 0 0 0 0
 179      96 mmcblk0rpmb 0 0 0 0 0 0 0 0 0 0 0
 179      64 mmcblk0boot1 0 0 0 0 0 0 0 0 0 0 0
 179      32 mmcblk0boot0 0 0 0 0 0 0 0 0 0 0 0
 252       0 dm-0 2932 0 1003608 15984 0 0 0 0 0 3432 16104
 252       1 dm-1 810 0 47200 1632 0 0 0 0 0 1116 1632

