3125
cpu  559 10 2202 8868 37 35 91 0 0 0
cpu0 15 0 1085 1611 3 18 78 0 0 0
cpu1 63 0 176 2779 6 4 4 0 0 0
cpu2 33 2 73 2948 5 4 4 0 0 0
cpu3 447 7 866 1530 22 8 3 0 0 0
intr 89530 0 0 0 25942 0 0 25 0 0 0 0 0 0 0 0 0 0 0 0 0 0 0 0 0 0 0 0 0 362 0 0 5 399 363 0 0 1 0 0 0 0 0 0 0 0 0 0 0 34889 52 0 0 0 0 0 0 0 0 3 0 114 58 0 0 0 1 3260 0 0 0 0 0 0 0 0 0 0 0 0 0 0 0 0 0 0 0 0 0 0 0 0 0 0 0 0 0 0 0 0 0 0 0 0 0 0 0 0 0 0 0 0 0 0 0 0 0 0 0 0 0 0 0 0 0 0 0 0 0 0 0 0 0 0 0 0 0 0 0 0 0 0 0 0 0 0 0 0 0 0 0 0 0 0 0 0 0 0 0 0 0 0 0 0 0 0 0 0 0 0 0 0 0 0 0 0 0 0 0 0 0 0 0 0 0 0 0 0 0 0 0 0 0 0 0 0 0 0 0 0 0 0 0 0 0 0 0 0 0 0 0 0 0 0 0 0 0 0 0 0 0 0 0 0 0 0 0 0 0 0 0 0 0 0 3260 0 0 0 0 0 0 0 0 0 0 0 0 0 0 0 0 0 0 0 0 0 0 0 0 0 0 0 0 0 0 0
ctxt 111488
btime 6
processes 2967
procs_running 2
procs_blocked 0
softirq 66734 2 20449 0 0 0 0 20849 11946 0 13488

3146
cpu  573 10 2235 8890 49 36 91 0 0 0
cpu0 16 0 1092 1616 9 19 79 0 0 0
cpu1 66 0 187 2783 8 4 4 0 0 0
cpu2 41 2 79 2954 6 4 4 0 0 0
cpu3 450 7 876 1535 26 8 3 0 0 0
intr 90590 0 0 0 26150 0 0 25 0 0 0 0 0 0 0 0 0 0 0 0 0 0 0 0 0 0 0 0 0 362 0 0 5 399 363 0 0 1 0 0 0 0 0 0 0 0 0 0 0 35329 52 0 0 0 0 0 0 0 0 3 0 114 58 0 0 0 1 3260 0 0 0 0 0 0 0 0 0 0 0 0 0 0 0 0 0 0 0 0 0 0 0 0 0 0 0 0 0 0 0 0 0 0 0 0 0 0 0 0 0 0 0 0 0 0 0 0 0 0 0 0 0 0 0 0 0 0 0 0 0 0 0 0 0 0 0 0 0 0 0 0 0 0 0 0 0 0 0 0 0 0 0 0 0 0 0 0 0 0 0 0 0 0 0 0 0 0 0 0 0 0 0 0 0 0 0 0 0 0 0 0 0 0 0 0 0 0 0 0 0 0 0 0 0 0 0 0 0 0 0 0 0 0 0 0 0 0 0 0 0 0 0 0 0 0 0 0 0 0 0 0 0 0 0 0 0 0 0 0 0 0 0 0 0 0 3260 0 0 0 0 0 0 0 0 0 0 0 0 0 0 0 0 0 0 0 0 0 0 0 0 0 0 0 0 0 0 0
ctxt 113511
btime 6
processes 2989
procs_running 15
procs_blocked 2
softirq 67543 2 20634 0 0 0 0 21072 12058 0 13777

3170
cpu  613 10 2285 8890 53 37 93 0 0 0
cpu0 26 0 1105 1616 10 19 80 0 0 0
cpu1 76 0 200 2783 8 4 4 0 0 0
cpu2 50 2 92 2954 7 4 4 0 0 0
cpu3 460 7 887 1535 26 8 4 0 0 0
intr 92040 0 0 0 26396 0 0 25 0 0 0 0 0 0 0 0 0 0 0 0 0 0 0 0 0 0 0 0 0 362 0 0 5 399 363 0 0 1 0 0 0 0 0 0 0 0 0 0 0 36106 52 0 0 0 0 0 0 0 0 3 0 114 58 0 0 0 1 3260 0 0 0 0 0 0 0 0 0 0 0 0 0 0 0 0 0 0 0 0 0 0 0 0 0 0 0 0 0 0 0 0 0 0 0 0 0 0 0 0 0 0 0 0 0 0 0 0 0 0 0 0 0 0 0 0 0 0 0 0 0 0 0 0 0 0 0 0 0 0 0 0 0 0 0 0 0 0 0 0 0 0 0 0 0 0 0 0 0 0 0 0 0 0 0 0 0 0 0 0 0 0 0 0 0 0 0 0 0 0 0 0 0 0 0 0 0 0 0 0 0 0 0 0 0 0 0 0 0 0 0 0 0 0 0 0 0 0 0 0 0 0 0 0 0 0 0 0 0 0 0 0 0 0 0 0 0 0 0 0 0 0 0 0 0 0 3260 0 0 0 0 0 0 0 0 0 0 0 0 0 0 0 0 0 0 0 0 0 0 0 0 0 0 0 0 0 0 0
ctxt 115874
btime 6
processes 3011
procs_running 24
procs_blocked 9
softirq 68622 2 20866 0 0 0 0 21459 12092 0 14203

3194
cpu  654 10 2335 8890 53 38 95 0 0 0
cpu0 34 0 1118 1616 10 20 81 0 0 0
cpu1 90 0 209 2783 8 4 4 0 0 0
cpu2 58 2 107 2954 7 4 4 0 0 0
cpu3 471 7 900 1535 26 8 4 0 0 0
intr 93539 0 0 0 26633 0 0 25 0 0 0 0 0 0 0 0 0 0 0 0 0 0 0 0 0 0 0 0 0 362 0 0 5 399 363 0 0 1 0 0 0 0 0 0 0 2 0 0 0 36846 52 0 0 0 0 0 0 0 0 3 0 114 58 0 0 0 1 3260 0 0 0 0 0 0 0 0 0 0 0 0 0 0 0 0 0 0 0 0 0 0 0 0 0 0 0 0 0 0 0 0 0 0 0 0 0 0 0 0 0 0 0 0 0 0 0 0 0 0 0 0 0 0 0 0 0 0 0 0 0 0 0 0 0 0 0 0 0 0 0 0 0 0 0 0 0 0 0 0 0 0 0 0 0 0 0 0 0 0 0 0 0 0 0 0 0 0 0 0 0 0 0 0 0 0 0 0 0 0 0 0 0 0 0 0 0 0 0 0 0 0 0 0 0 0 0 0 0 0 0 0 0 0 0 0 0 0 0 0 0 0 0 0 0 0 0 0 0 0 0 0 0 0 0 0 0 0 0 0 0 0 0 0 0 0 3260 0 0 0 0 0 0 0 0 0 0 0 0 0 0 0 0 0 0 0 0 0 0 0 0 0 0 0 0 0 0 0
ctxt 118343
btime 6
processes 3042
procs_running 15
procs_blocked 16
softirq 69726 2 21087 0 0 0 0 21830 12102 0 14705

3224
cpu  734 11 2372 8890 53 39 97 0 0 0
cpu0 55 0 1125 1616 10 20 83 0 0 0
cpu1 106 0 223 2783 8 5 4 0 0 0
cpu2 78 3 114 2954 7 5 4 0 0 0
cpu3 493 7 908 1535 26 9 4 0 0 0
intr 94821 0 0 0 26952 0 0 25 0 0 0 0 0 0 0 0 0 0 0 0 0 0 0 0 0 0 0 0 0 362 0 0 5 399 363 0 0 1 0 0 0 0 0 0 0 2 0 0 0 37442 52 0 0 0 0 0 0 0 0 3 0 114 58 0 0 0 1 3261 0 0 0 0 0 0 0 0 0 0 0 0 0 0 0 0 0 0 0 0 0 0 0 0 0 0 0 0 0 0 0 0 0 0 0 0 0 0 0 0 0 0 0 0 0 0 0 0 0 0 0 0 0 0 0 0 0 0 0 0 0 0 0 0 0 0 0 0 0 0 0 0 0 0 0 0 0 0 0 0 0 0 0 0 0 0 0 0 0 0 0 0 0 0 0 0 0 0 0 0 0 0 0 0 0 0 0 0 0 0 0 0 0 0 0 0 0 0 0 0 0 0 0 0 0 0 0 0 0 0 0 0 0 0 0 0 0 0 0 0 0 0 0 0 0 0 0 0 0 0 0 0 0 0 0 0 0 0 0 0 0 0 0 0 0 0 3261 0 0 0 0 0 0 0 0 0 0 0 0 0 0 0 0 0 0 0 0 0 0 0 0 0 0 0 0 0 0 0
ctxt 120602
btime 6
processes 3060
procs_running 15
procs_blocked 2
softirq 70730 2 21383 0 0 0 0 22129 12110 0 15106

3249
cpu  823 12 2381 8890 53 40 97 0 0 0
cpu0 79 0 1126 1616 10 20 83 0 0 0
cpu1 127 0 226 2783 8 5 4 0 0 0
cpu2 99 3 118 2954 7 5 4 0 0 0
cpu3 516 7 909 1535 26 9 4 0 0 0
intr 95318 0 0 0 27215 0 0 25 0 0 0 0 0 0 0 0 0 0 0 0 0 0 0 0 0 0 0 0 0 362 0 0 5 399 363 0 0 1 0 0 0 0 0 0 0 2 0 0 0 37589 52 0 0 0 0 0 0 0 0 3 0 114 58 0 0 0 1 3261 0 0 0 0 0 0 0 0 0 0 0 0 0 0 0 0 0 0 0 0 0 0 0 0 0 0 0 0 0 0 0 0 0 0 0 0 0 0 0 0 0 0 0 0 0 0 0 0 0 0 0 0 0 0 0 0 0 0 0 0 0 0 0 0 0 0 0 0 0 0 0 0 0 0 0 0 0 0 0 0 0 0 0 0 0 0 0 0 0 0 0 0 0 0 0 0 0 0 0 0 0 0 0 0 0 0 0 0 0 0 0 0 0 0 0 0 0 0 0 0 0 0 0 0 0 0 0 0 0 0 0 0 0 0 0 0 0 0 0 0 0 0 0 0 0 0 0 0 0 0 0 0 0 0 0 0 0 0 0 0 0 0 0 0 0 0 3261 0 0 0 0 0 0 0 0 0 0 0 0 0 0 0 0 0 0 0 0 0 0 0 0 0 0 0 0 0 0 0
ctxt 121511
btime 6
processes 3068
procs_running 13
procs_blocked 0
softirq 71291 2 21635 0 0 0 0 22203 12116 0 15335

3275
cpu  900 12 2406 8890 53 41 98 0 0 0
cpu0 94 0 1136 1616 10 21 83 0 0 0
cpu1 145 0 234 2783 8 5 4 0 0 0
cpu2 118 3 125 2954 7 5 4 0 0 0
cpu3 541 7 910 1535 26 9 4 0 0 0
intr 96118 0 0 0 27480 0 0 25 0 0 0 0 0 0 0 0 0 0 0 0 0 0 0 0 0 0 0 0 0 367 0 0 6 403 368 0 0 1 0 0 0 0 0 0 0 2 0 0 0 37862 52 0 0 0 0 0 0 0 0 3 2 117 58 0 0 0 1 3261 0 0 0 0 0 0 0 0 0 0 0 0 0 0 0 0 0 0 0 0 0 0 0 0 0 0 0 0 0 0 0 0 0 0 0 0 0 0 0 0 0 0 0 0 0 0 0 0 0 0 0 0 0 0 0 0 0 0 0 0 0 0 0 0 0 0 0 0 0 0 0 0 0 0 0 0 0 0 0 0 0 0 0 0 0 0 0 0 0 0 0 0 0 0 0 0 0 0 0 0 0 0 0 0 0 0 0 0 0 0 0 0 0 0 0 0 0 0 0 0 0 0 0 0 0 0 0 0 0 0 0 0 0 0 0 0 0 0 0 0 0 0 0 0 0 0 0 0 0 0 0 0 0 0 0 0 0 0 0 0 0 0 0 0 0 0 3261 0 0 0 0 0 0 0 0 0 0 0 0 0 0 0 0 0 0 0 0 0 0 0 0 0 0 0 0 0 0 0
ctxt 122729
btime 6
processes 3080
procs_running 15
procs_blocked 2
softirq 71937 2 21877 0 0 0 0 22343 12123 0 15592

3297
cpu  960 14 2430 8890 53 42 98 0 0 0
cpu0 98 2 1151 1616 10 21 84 0 0 0
cpu1 165 0 236 2783 8 5 5 0 0 0
cpu2 135 3 130 2954 7 5 4 0 0 0
cpu3 561 7 912 1535 26 9 4 0 0 0
intr 96861 0 0 0 27705 0 0 25 0 0 0 0 0 0 0 0 0 0 0 0 0 0 0 0 0 0 0 0 0 380 0 0 6 416 381 0 0 1 0 0 0 0 0 0 0 2 0 0 0 38188 52 0 0 0 0 0 0 0 0 3 2 117 58 0 0 0 1 3261 0 0 0 0 0 0 0 0 0 0 0 0 0 0 0 0 0 0 0 0 0 0 0 0 0 0 0 0 0 0 0 0 0 0 0 0 0 0 0 0 0 0 0 0 0 0 0 0 0 0 0 0 0 0 0 0 0 0 0 0 0 0 0 0 0 0 0 0 0 0 0 0 0 0 0 0 0 0 0 0 0 0 0 0 0 0 0 0 0 0 0 0 0 0 0 0 0 0 0 0 0 0 0 0 0 0 0 0 0 0 0 0 0 0 0 0 0 0 0 0 0 0 0 0 0 0 0 0 0 0 0 0 0 0 0 0 0 0 0 0 0 0 0 0 0 0 0 0 0 0 0 0 0 0 0 0 0 0 0 0 0 0 0 0 0 0 3261 0 0 0 0 0 0 0 0 0 0 0 0 0 0 0 0 0 0 0 0 0 0 0 0 0 0 0 0 0 0 0
ctxt 123760
btime 6
processes 3087
procs_running 8
procs_blocked 2
softirq 72559 2 22096 0 0 0 0 22508 12128 0 15825

3321
cpu  1010 14 2463 8893 59 43 99 0 0 0
cpu0 109 2 1160 1617 10 21 84 0 0 0
cpu1 176 0 244 2784 11 5 5 0 0 0
cpu2 144 3 142 2955 9 5 5 0 0 0
cpu3 580 7 915 1536 27 9 4 0 0 0
intr 97826 0 0 0 27951 0 0 25 0 0 0 0 0 0 0 0 0 0 0 0 0 0 0 0 0 0 0 0 0 394 0 0 7 430 395 0 0 1 0 0 0 0 0 0 0 2 0 0 0 38554 52 0 0 0 0 0 0 0 0 3 2 120 58 0 0 0 1 3262 0 0 0 0 0 0 0 0 0 0 0 0 0 0 0 0 0 0 0 0 0 0 0 0 0 0 0 0 0 0 0 0 0 0 0 0 0 0 0 0 0 0 0 0 0 0 0 0 0 0 0 0 0 0 0 0 0 0 0 0 0 0 0 0 0 0 0 0 0 0 0 0 0 0 0 0 0 0 0 0 0 0 0 0 0 0 0 0 0 0 0 0 0 0 0 0 0 0 0 0 0 0 0 0 0 0 0 0 0 0 0 0 0 0 0 0 0 0 0 0 0 0 0 0 0 0 0 0 0 0 0 0 0 0 0 0 0 0 0 0 0 0 0 0 0 0 0 0 0 0 0 0 0 0 0 0 0 0 0 0 0 0 0 0 0 0 3262 0 0 0 0 0 0 0 0 0 0 0 0 0 0 0 0 0 0 0 0 0 0 0 0 0 0 0 0 0 0 0
ctxt 125326
btime 6
processes 3106
procs_running 6
procs_blocked 2
softirq 73321 2 22318 0 0 0 0 22692 12184 0 16125

3344
cpu  1044 14 2504 8904 63 44 100 0 0 0
cpu0 115 2 1169 1622 12 22 85 0 0 0
cpu1 181 0 257 2790 12 5 5 0 0 0
cpu2 153 3 153 2955 11 5 5 0 0 0
cpu3 594 7 923 1536 27 9 4 0 0 0
intr 99157 0 0 0 28206 0 0 25 0 0 0 0 0 0 0 0 0 0 0 0 0 0 0 0 0 0 0 0 0 407 0 0 7 443 408 0 0 1 0 0 0 0 0 0 0 2 0 0 0 38821 52 0 0 0 0 0 0 0 0 3 2 120 58 0 0 0 1 3262 0 0 0 0 0 0 0 0 0 0 0 0 0 0 0 0 0 0 0 0 0 0 0 0 0 0 0 0 0 0 0 0 0 0 0 0 0 0 0 0 0 0 0 0 0 0 0 0 0 0 0 0 0 0 0 0 0 0 0 0 0 0 0 0 0 0 0 0 0 0 0 0 0 0 0 0 0 0 0 0 0 0 0 0 0 0 0 0 0 0 0 0 0 0 0 0 0 0 0 0 0 0 0 0 0 0 0 0 0 0 0 0 0 0 0 0 0 0 0 0 0 0 0 0 0 0 0 0 0 0 0 0 0 0 0 0 0 0 0 0 0 0 0 0 0 0 0 0 0 0 0 0 0 0 0 0 0 0 0 0 0 0 0 34 0 0 3262 0 0 0 0 0 0 0 0 0 0 0 0 0 0 0 0 0 0 0 0 0 0 0 0 0 0 0 0 0 0 0
ctxt 128225
btime 6
processes 3113
procs_running 5
procs_blocked 1
softirq 74178 2 22537 0 0 0 0 22826 12273 0 16540

3365
cpu  1081 14 2523 8921 73 44 100 0 0 0
cpu0 115 2 1177 1632 12 22 85 0 0 0
cpu1 190 0 263 2792 16 5 5 0 0 0
cpu2 160 3 158 2959 17 6 5 0 0 0
cpu3 614 7 924 1536 27 10 4 0 0 0
intr 99995 0 0 0 28439 0 0 25 0 0 0 0 0 0 0 0 0 0 0 0 0 0 0 0 0 0 0 0 0 419 0 0 7 456 420 0 0 1 0 0 0 0 0 0 0 2 0 0 0 39075 52 0 0 0 0 0 0 0 0 3 2 120 58 0 0 0 1 3262 0 0 0 0 0 0 0 0 0 0 0 0 0 0 0 0 0 0 0 0 0 0 0 0 0 0 0 0 0 0 0 0 0 0 0 0 0 0 0 0 0 0 0 0 0 0 0 0 0 0 0 0 0 0 0 0 0 0 0 0 0 0 0 0 0 0 0 0 0 0 0 0 0 0 0 0 0 0 0 0 0 0 0 0 0 0 0 0 0 0 0 0 0 0 0 0 0 0 0 0 0 0 0 0 0 0 0 0 0 0 0 0 0 0 0 0 0 0 0 0 0 0 0 0 0 0 0 0 0 0 0 0 0 0 0 0 0 0 0 0 0 0 0 0 0 0 0 0 0 0 0 0 0 0 0 0 0 0 0 0 0 0 0 41 0 0 3262 0 0 0 0 0 0 0 0 0 0 0 0 0 0 0 0 0 0 0 0 0 0 0 0 0 0 0 0 0 0 0
ctxt 129388
btime 6
processes 3117
procs_running 4
procs_blocked 0
softirq 74734 2 22739 0 0 0 0 22953 12362 0 16678

3386
cpu  1113 14 2543 8949 77 45 101 0 0 0
cpu0 119 2 1184 1641 12 23 86 0 0 0
cpu1 199 0 270 2794 20 6 5 0 0 0
cpu2 165 3 161 2972 17 6 5 0 0 0
cpu3 629 7 927 1541 27 10 4 0 0 0
intr 100770 0 0 0 28687 0 0 25 0 0 0 0 0 0 0 0 0 0 0 0 0 0 0 0 0 0 0 0 0 432 0 0 7 468 433 0 0 1 0 0 0 0 0 0 0 2 0 0 0 39230 52 0 0 0 0 0 0 0 0 3 2 120 58 0 0 0 1 3262 0 0 0 0 0 0 0 0 0 0 0 0 0 0 0 0 0 0 0 0 0 0 0 0 0 0 0 0 0 0 0 0 0 0 0 0 0 0 0 0 0 0 0 0 0 0 0 0 0 0 0 0 0 0 0 0 0 0 0 0 0 0 0 0 0 0 0 0 0 0 0 0 0 0 0 0 0 0 0 0 0 0 0 0 0 0 0 0 0 0 0 0 0 0 0 0 0 0 0 0 0 0 0 0 0 0 0 0 0 0 0 0 0 0 0 0 0 0 0 0 0 0 0 0 0 0 0 0 0 0 0 0 0 0 0 0 0 0 0 0 0 0 0 0 0 0 0 0 0 0 0 0 0 0 0 0 0 0 0 0 0 0 0 41 0 0 3262 0 0 0 0 0 0 0 0 0 0 0 0 0 0 0 0 0 0 0 0 0 0 0 0 0 0 0 0 0 0 0
ctxt 130553
btime 6
processes 3130
procs_running 5
procs_blocked 1
softirq 75280 2 22931 0 0 0 0 23030 12451 0 16866

3415
cpu  1175 14 2574 8959 84 46 102 0 0 0
cpu0 132 2 1196 1642 14 23 86 0 0 0
cpu1 212 0 280 2795 23 6 5 0 0 0
cpu2 184 3 164 2977 17 6 5 0 0 0
cpu3 645 7 933 1544 29 10 4 0 0 0
intr 102229 0 0 0 29000 0 0 25 0 0 0 0 0 0 0 0 0 0 0 0 0 0 0 0 0 0 0 0 0 449 0 0 7 485 450 0 0 1 0 0 0 0 0 0 0 2 0 0 0 39408 52 0 0 0 0 0 0 0 0 3 3 123 58 0 0 0 1 3263 0 0 0 0 0 0 0 0 0 0 0 0 0 0 0 0 0 0 0 0 0 0 0 0 0 0 0 0 0 0 0 0 0 0 0 0 0 0 0 0 0 0 0 0 0 0 0 0 0 0 0 0 0 0 0 0 0 0 0 0 0 0 0 0 0 0 0 0 0 0 0 0 0 0 0 0 0 0 0 0 0 0 0 0 0 0 0 0 0 0 0 0 0 0 0 0 0 0 0 0 0 0 0 0 0 0 0 0 0 0 0 0 0 0 0 0 0 0 0 0 0 0 0 0 0 0 0 0 0 0 0 0 0 0 0 0 0 0 0 0 0 0 0 0 0 0 0 0 0 0 0 0 0 0 0 0 0 0 0 0 0 0 0 41 0 0 3263 0 0 0 0 0 0 0 0 0 0 0 0 0 0 0 0 0 0 0 0 0 0 0 0 0 0 0 0 0 0 0
ctxt 134054
btime 6
processes 3134
procs_running 4
procs_blocked 1
softirq 76021 2 23194 0 0 0 0 23121 12561 0 17143

3438
cpu  1195 14 2596 8995 91 47 102 0 0 0
cpu0 136 2 1206 1644 21 23 86 0 0 0
cpu1 228 0 282 2798 23 6 5 0 0 0
cpu2 184 3 171 2991 17 6 5 0 0 0
cpu3 645 7 936 1561 29 10 4 0 0 0
intr 103457 0 0 0 29253 0 0 25 0 0 0 0 0 0 0 0 0 0 0 0 0 0 0 0 0 0 0 0 0 461 0 0 11 498 462 0 0 1 0 0 0 0 0 0 0 2 0 0 0 39813 52 0 0 0 0 0 0 0 0 3 20 123 58 0 0 0 1 3263 0 0 0 0 0 0 0 0 0 0 0 0 0 0 0 0 0 0 0 0 0 0 0 0 0 0 0 0 0 0 0 0 0 0 0 0 0 0 0 0 0 0 0 0 0 0 0 0 0 0 0 0 0 0 0 0 0 0 0 0 0 0 0 0 0 0 0 0 0 0 0 0 0 0 0 0 0 0 0 0 0 0 0 0 0 0 0 0 0 0 0 0 0 0 0 0 0 0 0 0 0 0 0 0 0 0 0 0 0 0 0 0 0 0 0 0 0 0 0 0 0 0 0 0 0 0 0 0 0 0 0 0 0 0 0 0 0 0 0 0 0 0 0 0 0 0 0 0 0 0 0 0 0 0 0 0 0 0 0 0 0 0 0 41 0 0 3263 0 0 0 0 0 0 0 0 0 0 0 0 0 0 0 0 0 0 0 0 0 0 0 0 0 0 0 0 0 0 0
ctxt 136725
btime 6
processes 3134
procs_running 2
procs_blocked 1
softirq 76711 2 23374 0 0 0 0 23323 12691 0 17321

3459
cpu  1209 14 2606 9054 94 47 102 0 0 0
cpu0 136 2 1207 1664 21 24 86 0 0 0
cpu1 228 0 282 2820 23 6 5 0 0 0
cpu2 195 3 176 2996 17 6 5 0 0 0
cpu3 649 7 940 1573 31 10 4 0 0 0
intr 104040 0 0 0 29499 0 0 25 0 0 0 0 0 0 0 0 0 0 0 0 0 0 0 0 0 0 0 0 0 474 0 0 13 510 475 0 0 1 0 0 0 0 0 0 0 2 0 0 0 39914 52 0 0 0 0 0 0 0 0 3 35 123 58 0 0 0 1 3263 0 0 0 0 0 0 0 0 0 0 0 0 0 0 0 0 0 0 0 0 0 0 0 0 0 0 0 0 0 0 0 0 0 0 0 0 0 0 0 0 0 0 0 0 0 0 0 0 0 0 0 0 0 0 0 0 0 0 0 0 0 0 0 0 0 0 0 0 0 0 0 0 0 0 0 0 0 0 0 0 0 0 0 0 0 0 0 0 0 0 0 0 0 0 0 0 0 0 0 0 0 0 0 0 0 0 0 0 0 0 0 0 0 0 0 0 0 0 0 0 0 0 0 0 0 0 0 0 0 0 0 0 0 0 0 0 0 0 0 0 0 0 0 0 0 0 0 0 0 0 0 0 0 0 0 0 0 0 0 0 0 0 0 41 0 0 3263 0 0 0 0 0 0 0 0 0 0 0 0 0 0 0 0 0 0 0 0 0 0 0 0 0 0 0 0 0 0 0
ctxt 137417
btime 6
processes 3134
procs_running 2
procs_blocked 0
softirq 77210 2 23561 0 0 0 0 23374 12793 0 17480

3479
cpu  1226 14 2611 9115 94 48 103 0 0 0
cpu0 136 2 1207 1684 21 24 86 0 0 0
cpu1 245 0 284 2822 23 6 5 0 0 0
cpu2 195 3 177 3015 17 6 5 0 0 0
cpu3 649 7 942 1592 31 10 5 0 0 0
intr 104412 0 0 0 29739 0 0 25 0 0 0 0 0 0 0 0 0 0 0 0 0 0 0 0 0 0 0 0 0 486 0 0 16 522 487 0 0 1 0 0 0 0 0 0 0 2 0 0 0 39918 52 0 0 0 0 0 0 0 0 3 45 123 58 0 0 0 1 3263 0 0 0 0 0 0 0 0 0 0 0 0 0 0 0 0 0 0 0 0 0 0 0 0 0 0 0 0 0 0 0 0 0 0 0 0 0 0 0 0 0 0 0 0 0 0 0 0 0 0 0 0 0 0 0 0 0 0 0 0 0 0 0 0 0 0 0 0 0 0 0 0 0 0 0 0 0 0 0 0 0 0 0 0 0 0 0 0 0 0 0 0 0 0 0 0 0 0 0 0 0 0 0 0 0 0 0 0 0 0 0 0 0 0 0 0 0 0 0 0 0 0 0 0 0 0 0 0 0 0 0 0 0 0 0 0 0 0 0 0 0 0 0 0 0 0 0 0 0 0 0 0 0 0 0 0 0 0 0 0 0 0 0 41 0 0 3263 0 0 0 0 0 0 0 0 0 0 0 0 0 0 0 0 0 0 0 0 0 0 0 0 0 0 0 0 0 0 0
ctxt 137781
btime 6
processes 3134
procs_running 2
procs_blocked 0
softirq 77641 2 23747 0 0 0 0 23376 12883 0 17633

3502
cpu  1230 14 2632 9166 99 48 103 0 0 0
cpu0 136 2 1211 1698 23 24 87 0 0 0
cpu1 245 0 287 2839 23 6 5 0 0 0
cpu2 197 3 185 3026 18 6 5 0 0 0
cpu3 650 7 948 1602 33 10 5 0 0 0
intr 105213 0 0 0 29987 0 0 25 0 0 0 0 0 0 0 0 0 0 0 0 0 0 0 0 0 0 0 0 0 499 0 0 19 535 500 0 0 1 0 0 0 0 0 0 0 2 0 0 0 40071 52 0 0 0 0 0 0 0 0 3 59 123 58 0 0 0 1 3263 0 0 0 0 0 0 0 0 0 0 0 0 0 0 0 0 0 0 0 0 0 0 0 0 0 0 0 0 0 0 0 0 0 0 0 0 0 0 0 0 0 0 0 0 0 0 0 0 0 0 0 0 0 0 0 0 0 0 0 0 0 0 0 0 0 0 0 0 0 0 0 0 0 0 0 0 0 0 0 0 0 0 0 0 0 0 0 0 0 0 0 0 0 0 0 0 0 0 0 0 0 0 0 0 0 0 0 0 0 0 0 0 0 0 0 0 0 0 0 0 0 0 0 0 0 0 0 0 0 0 0 0 0 0 0 0 0 0 0 0 0 0 0 0 0 0 0 0 0 0 0 0 0 0 0 0 0 0 0 0 0 0 0 41 0 0 3263 0 0 0 0 0 0 0 0 0 0 0 0 0 0 0 0 0 0 0 0 0 0 0 0 0 0 0 0 0 0 0
ctxt 138899
btime 6
processes 3147
procs_running 3
procs_blocked 0
softirq 78242 2 23925 0 0 0 0 23454 13005 0 17856

3522
cpu  1244 14 2638 9228 101 48 103 0 0 0
cpu0 149 2 1213 1702 24 24 87 0 0 0
cpu1 245 0 287 2860 23 6 5 0 0 0
cpu2 198 3 185 3045 18 6 5 0 0 0
cpu3 651 7 950 1619 34 11 5 0 0 0
intr 105753 0 0 0 30226 0 0 25 0 0 0 0 0 0 0 0 0 0 0 0 0 0 0 0 0 0 0 0 0 511 0 0 21 547 512 0 0 1 0 0 0 0 0 0 0 2 0 0 0 40179 52 0 0 0 0 0 0 0 0 3 69 123 58 0 0 0 1 3264 0 0 0 0 0 0 0 0 0 0 0 0 0 0 0 0 0 0 0 0 0 0 0 0 0 0 0 0 0 0 0 0 0 0 0 0 0 0 0 0 0 0 0 0 0 0 0 0 0 0 0 0 0 0 0 0 0 0 0 0 0 0 0 0 0 0 0 0 0 0 0 0 0 0 0 0 0 0 0 0 0 0 0 0 0 0 0 0 0 0 0 0 0 0 0 0 0 0 0 0 0 0 0 0 0 0 0 0 0 0 0 0 0 0 0 0 0 0 0 0 0 0 0 0 0 0 0 0 0 0 0 0 0 0 0 0 0 0 0 0 0 0 0 0 0 0 0 0 0 0 0 0 0 0 0 0 0 0 0 0 0 0 0 41 0 0 3264 0 0 0 0 0 0 0 0 0 0 0 0 0 0 0 0 0 0 0 0 0 0 0 0 0 0 0 0 0 0 0
ctxt 139619
btime 6
processes 3147
procs_running 2
procs_blocked 0
softirq 78660 2 24100 0 0 0 0 23510 13106 0 17942

3544
cpu  1254 14 2659 9276 103 49 104 0 0 0
cpu0 149 2 1218 1717 24 24 87 0 0 0
cpu1 249 0 293 2872 23 6 5 0 0 0
cpu2 198 3 190 3061 18 6 5 0 0 0
cpu3 656 7 957 1625 37 11 5 0 0 0
intr 106599 0 0 0 30468 0 0 25 0 0 0 0 0 0 0 0 0 0 0 0 0 0 0 0 0 0 0 0 0 523 0 0 24 559 524 0 0 1 0 0 0 0 0 0 0 2 0 0 0 40400 52 0 0 0 0 0 0 0 0 3 84 123 58 0 0 0 1 3264 0 0 0 0 0 0 0 0 0 0 0 0 0 0 0 0 0 0 0 0 0 0 0 0 0 0 0 0 0 0 0 0 0 0 0 0 0 0 0 0 0 0 0 0 0 0 0 0 0 0 0 0 0 0 0 0 0 0 0 0 0 0 0 0 0 0 0 0 0 0 0 0 0 0 0 0 0 0 0 0 0 0 0 0 0 0 0 0 0 0 0 0 0 0 0 0 0 0 0 0 0 0 0 0 0 0 0 0 0 0 0 0 0 0 0 0 0 0 0 0 0 0 0 0 0 0 0 0 0 0 0 0 0 0 0 0 0 0 0 0 0 0 0 0 0 0 0 0 0 0 0 0 0 0 0 0 0 0 0 0 0 0 0 41 0 0 3264 0 0 0 0 0 0 0 0 0 0 0 0 0 0 0 0 0 0 0 0 0 0 0 0 0 0 0 0 0 0 0
ctxt 140957
btime 6
processes 3154
procs_running 3
procs_blocked 0
softirq 79266 2 24283 0 0 0 0 23623 13225 0 18133

3565
cpu  1272 18 2670 9327 104 49 104 0 0 0
cpu0 161 2 1220 1724 24 24 87 0 0 0
cpu1 251 0 297 2886 23 6 5 0 0 0
cpu2 199 3 192 3079 18 6 5 0 0 0
cpu3 658 11 960 1637 37 11 5 0 0 0
intr 107271 0 0 0 30703 0 0 25 0 0 0 0 0 0 0 0 0 0 0 0 0 0 0 0 0 0 0 0 0 535 0 0 26 572 536 0 0 1 0 0 0 0 0 0 0 2 0 0 0 40426 52 0 0 0 0 0 0 0 0 3 94 123 58 0 0 0 1 3264 0 0 0 0 0 0 0 0 0 0 0 0 0 0 0 0 0 0 0 0 0 0 0 0 0 0 0 0 0 0 0 0 0 0 0 0 0 0 0 0 0 0 0 0 0 0 0 0 0 0 0 0 0 0 0 0 0 0 0 0 0 0 0 0 0 0 0 0 0 0 0 0 0 0 0 0 0 0 0 0 0 0 0 0 0 0 0 0 0 0 0 0 0 0 0 0 0 0 0 0 0 0 0 0 0 0 0 0 0 0 0 0 0 0 0 0 0 0 0 0 0 0 0 0 0 0 0 0 0 0 0 0 0 0 0 0 0 0 0 0 0 0 0 0 0 0 0 0 0 0 0 0 0 0 0 0 0 0 0 0 0 0 0 41 0 0 3264 0 0 0 0 0 0 0 0 0 0 0 0 0 0 0 0 0 0 0 0 0 0 0 0 0 0 0 0 0 0 0
ctxt 141965
btime 6
processes 3164
procs_running 3
procs_blocked 0
softirq 79728 2 24446 0 0 0 0 23636 13325 0 18319

3586
cpu  1290 24 2690 9363 105 50 105 0 0 0
cpu0 167 2 1226 1731 25 25 88 0 0 0
cpu1 254 0 301 2897 23 6 5 0 0 0
cpu2 206 3 199 3088 19 7 5 0 0 0
cpu3 661 17 963 1646 37 11 5 0 0 0
intr 108714 0 0 0 30943 0 0 25 0 0 0 0 0 0 0 0 0 0 0 0 0 0 0 0 0 0 0 0 0 548 0 0 29 584 549 0 0 1 0 0 0 0 0 0 0 2 0 0 0 40806 52 0 0 0 0 0 0 0 0 3 110 123 58 0 0 0 1 3264 0 0 0 0 0 0 0 0 0 0 0 0 0 0 0 0 0 0 0 0 0 0 0 0 0 0 0 0 0 0 0 0 0 0 0 0 0 0 0 0 0 0 0 0 0 0 0 0 0 0 0 0 0 0 0 0 0 0 0 0 0 0 0 0 0 0 0 0 0 0 0 0 0 0 0 0 0 0 0 0 0 0 0 0 0 0 0 0 0 0 0 0 0 0 0 0 0 0 0 0 0 0 0 0 0 0 0 0 0 0 0 0 0 0 0 0 0 0 0 0 0 0 0 0 0 0 0 0 0 0 0 0 0 0 0 0 0 0 0 0 0 0 0 0 0 0 0 0 0 0 0 0 0 0 0 0 0 0 0 0 0 0 0 41 0 0 3264 0 0 0 0 0 0 0 0 0 0 0 0 0 0 0 0 0 0 0 0 0 0 0 0 0 0 0 0 0 0 0
ctxt 144929
btime 6
processes 3186
procs_running 6
procs_blocked 0
softirq 80426 2 24622 0 0 0 0 23826 13457 0 18519

3608
cpu  1306 25 2716 9397 109 51 106 0 0 0
cpu0 173 2 1233 1737 25 25 89 0 0 0
cpu1 261 0 306 2903 25 6 5 0 0 0
cpu2 206 4 204 3103 19 7 5 0 0 0
cpu3 665 17 972 1652 38 11 5 0 0 0
intr 110302 0 0 0 31176 0 0 25 0 0 0 0 0 0 0 0 0 0 0 0 0 0 0 0 0 0 0 0 0 560 0 0 31 596 561 0 0 1 0 0 0 0 0 0 0 2 0 0 0 41483 52 0 0 0 0 0 0 0 0 3 120 123 58 0 0 0 1 3265 0 0 0 0 0 0 0 0 0 0 0 0 0 0 0 0 0 0 0 0 0 0 0 0 0 0 0 0 0 0 0 0 0 0 0 0 0 0 0 0 0 0 0 0 0 0 0 0 0 0 0 0 0 0 0 0 0 0 0 0 0 0 0 0 0 0 0 0 0 0 0 0 0 0 0 0 0 0 0 0 0 0 0 0 0 0 0 0 0 0 0 0 0 0 0 0 0 0 0 0 0 0 0 0 0 0 0 0 0 0 0 0 0 0 0 0 0 0 0 0 0 0 0 0 0 0 0 0 0 0 0 0 0 0 0 0 0 0 0 0 0 0 0 0 0 0 0 0 0 0 0 0 0 0 0 0 0 0 0 0 0 0 0 41 0 0 3265 0 0 0 0 0 0 0 0 0 0 0 0 0 0 0 0 0 0 0 0 0 0 0 0 0 0 0 0 0 0 0
ctxt 147471
btime 6
processes 3204
procs_running 5
procs_blocked 0
softirq 81319 2 24802 0 0 0 0 24206 13580 0 18729

3629
cpu  1348 28 2736 9414 110 52 107 0 0 0
cpu0 181 3 1238 1744 25 26 89 0 0 0
cpu1 273 1 313 2905 25 7 6 0 0 0
cpu2 215 5 206 3109 20 7 6 0 0 0
cpu3 678 18 977 1654 39 11 5 0 0 0
intr 111217 0 0 0 31407 0 0 25 0 0 0 0 0 0 0 0 0 0 0 0 0 0 0 0 0 0 0 0 0 573 0 0 36 609 574 0 0 1 0 0 0 0 0 0 0 2 0 0 0 41677 52 0 0 0 0 0 0 0 0 3 140 123 58 0 0 0 1 3265 0 0 0 0 0 0 0 0 0 0 0 0 0 0 0 0 0 0 0 0 0 0 0 0 0 0 0 0 0 0 0 0 0 0 0 0 0 0 0 0 0 0 0 0 0 0 0 0 0 0 0 0 0 0 0 0 0 0 0 0 0 0 0 0 0 0 0 0 0 0 0 0 0 0 0 0 0 0 0 0 0 0 0 0 0 0 0 0 0 0 0 0 0 0 0 0 0 0 0 0 0 0 0 0 0 0 0 0 0 0 0 0 0 0 0 0 0 0 0 0 0 0 0 0 0 0 0 0 0 0 0 0 0 0 0 0 0 0 0 0 0 0 0 0 0 0 0 0 0 0 0 0 0 0 0 0 0 0 0 0 0 0 0 41 0 0 3265 0 0 0 0 0 0 0 0 0 0 0 0 0 0 0 0 0 0 0 0 0 0 0 0 0 0 0 0 0 0 0
ctxt 149307
btime 1571711120
processes 3219
procs_running 10
procs_blocked 0
softirq 81968 2 25008 0 0 0 0 24321 13665 0 18972

3654
cpu  1412 34 2758 9416 110 52 107 0 0 0
cpu0 197 3 1245 1744 25 26 89 0 0 0
cpu1 290 4 316 2906 25 7 6 0 0 0
cpu2 227 8 215 3109 20 7 6 0 0 0
cpu3 697 19 981 1655 39 11 5 0 0 0
intr 112254 0 0 0 31668 0 0 25 0 0 0 0 0 0 0 0 0 0 0 0 0 0 0 0 0 0 0 0 0 587 0 0 39 623 588 0 0 1 0 0 0 0 0 0 0 2 0 0 0 41736 52 0 0 0 0 0 0 0 0 3 155 123 58 0 0 0 1 3265 0 0 0 0 0 0 0 0 0 0 0 0 0 0 0 0 0 0 0 0 0 0 0 0 0 0 0 0 0 0 0 0 0 0 0 0 0 0 0 0 0 0 0 0 0 0 0 0 0 0 0 0 0 0 0 0 0 0 0 0 0 0 0 0 0 0 0 0 0 0 0 0 0 0 0 0 0 0 0 0 0 0 0 0 0 0 0 0 0 0 0 0 0 0 0 0 0 0 0 0 0 0 0 0 0 0 0 0 0 0 0 0 0 0 0 0 0 0 0 0 0 0 0 0 0 0 0 0 0 0 0 0 0 0 0 0 0 0 0 0 0 0 0 0 0 0 0 0 0 0 0 0 0 0 0 0 0 0 0 0 0 0 0 41 0 0 3265 0 0 0 0 0 0 0 0 0 0 0 0 0 0 0 0 0 0 0 0 0 0 0 0 0 0 0 0 0 0 0
ctxt 151443
btime 1571711120
processes 3229
procs_running 8
procs_blocked 0
softirq 82575 2 25244 0 0 0 0 24353 13712 0 19264

3677
cpu  1469 35 2781 9425 112 53 107 0 0 0
cpu0 214 3 1249 1746 26 26 89 0 0 0
cpu1 304 4 324 2907 26 7 6 0 0 0
cpu2 240 9 222 3111 20 7 6 0 0 0
cpu3 710 19 985 1660 39 11 5 0 0 0
intr 113365 0 0 0 31925 0 0 25 0 0 0 0 0 0 0 0 0 0 0 0 0 0 0 0 0 0 0 0 0 600 0 0 41 636 601 0 0 1 0 0 0 0 0 0 0 2 0 0 0 41832 52 0 0 0 0 0 0 0 0 3 169 123 58 0 0 0 1 3265 0 0 0 0 0 0 0 0 0 0 0 0 0 0 0 0 0 0 0 0 0 0 0 0 0 0 0 0 0 0 0 0 0 0 0 0 0 0 0 0 0 0 0 0 0 0 0 0 0 0 0 0 0 0 0 0 0 0 0 0 0 0 0 0 0 0 0 0 0 0 0 0 0 0 0 0 0 0 0 0 0 0 0 0 0 0 0 0 0 0 0 0 0 0 0 0 0 0 0 0 0 0 0 0 0 0 0 0 0 0 0 0 0 0 0 0 0 0 0 0 0 0 0 0 0 0 0 0 0 0 0 0 0 0 0 0 0 0 0 0 0 0 0 0 0 0 0 0 0 0 0 0 0 0 0 0 0 0 0 0 0 0 0 41 0 0 3265 0 0 0 0 0 0 0 0 0 0 0 0 0 0 0 0 0 0 0 0 0 0 0 0 0 0 0 0 0 0 0
ctxt 153796
btime 1571711120
processes 3243
procs_running 6
procs_blocked 0
softirq 83332 2 25468 0 0 0 0 24401 13850 0 19611

3699
cpu  1513 35 2801 9437 112 54 108 0 0 0
cpu0 224 3 1254 1752 26 26 89 0 0 0
cpu1 323 4 325 2907 26 7 6 0 0 0
cpu2 243 9 229 3113 20 7 6 0 0 0
cpu3 721 19 991 1663 39 12 5 0 0 0
intr 113972 0 0 0 32162 0 0 25 0 0 0 0 0 0 0 0 0 0 0 0 0 0 0 0 0 0 0 0 0 613 0 0 44 649 614 0 0 1 0 0 0 0 0 0 0 2 0 0 0 41878 52 0 0 0 0 0 0 0 0 4 179 123 58 0 0 0 1 3265 0 0 0 0 0 0 0 0 0 0 0 0 0 0 0 0 0 0 0 0 0 0 0 0 0 0 0 0 0 0 0 0 0 0 0 0 0 0 0 0 0 0 0 0 0 0 0 0 0 0 0 0 0 0 0 0 0 0 0 0 0 0 0 0 0 0 0 0 0 0 0 0 0 0 0 0 0 0 0 0 0 0 0 0 0 0 0 0 0 0 0 0 0 0 0 0 0 0 0 0 0 0 0 0 0 0 0 0 0 0 0 0 0 0 0 0 0 0 0 0 0 0 0 0 0 0 0 0 0 0 0 0 0 0 0 0 0 0 0 0 0 0 0 0 0 0 0 0 0 0 0 0 0 0 0 0 0 0 0 0 0 0 0 42 0 0 3265 0 0 0 0 0 0 0 0 0 0 0 0 0 0 0 0 0 0 0 0 0 0 0 0 0 0 0 0 0 0 0
ctxt 155099
btime 1571711120
processes 3256
procs_running 6
procs_blocked 0
softirq 83850 2 25661 0 0 0 0 24424 13924 0 19839

3721
cpu  1530 46 2832 9457 116 55 108 0 0 0
cpu0 230 3 1262 1756 28 27 90 0 0 0
cpu1 326 7 333 2913 27 7 6 0 0 0
cpu2 247 11 238 3118 21 7 6 0 0 0
cpu3 725 23 997 1669 39 12 5 0 0 0
intr 114940 0 0 0 32415 0 0 25 0 0 0 0 0 0 0 0 0 0 0 0 0 0 0 0 0 0 0 0 0 625 0 0 46 662 626 0 0 1 0 0 0 0 0 0 0 2 0 0 0 42071 52 0 0 0 0 0 0 0 0 33 193 123 58 0 0 0 1 3266 0 0 0 0 0 0 0 0 0 0 0 0 0 0 0 0 0 0 0 0 0 0 0 0 0 0 0 0 0 0 0 0 0 0 0 0 0 0 0 0 0 0 0 0 0 0 0 0 0 0 0 0 0 0 0 0 0 0 0 0 0 0 0 0 0 0 0 0 0 0 0 0 0 0 0 0 0 0 0 0 0 0 0 0 0 0 0 0 0 0 0 0 0 0 0 0 0 0 0 0 0 0 0 0 0 0 0 0 0 0 0 0 0 0 0 0 0 0 0 0 0 0 0 0 0 0 0 0 0 0 0 0 0 0 0 0 0 0 0 0 0 0 0 0 0 0 0 0 0 0 0 0 0 0 0 0 0 0 0 0 0 0 0 42 0 0 3266 0 0 0 0 0 0 0 0 0 0 0 0 0 0 0 0 0 0 0 0 0 0 0 0 0 0 0 0 0 0 0
ctxt 157108
btime 1571711120
processes 3289
procs_running 10
procs_blocked 0
softirq 84529 2 25849 0 0 0 0 24529 14057 0 20092

3745
cpu  1553 48 2871 9478 124 56 109 0 0 0
cpu0 232 4 1272 1764 29 27 90 0 0 0
cpu1 337 7 343 2915 29 7 6 0 0 0
cpu2 252 11 249 3122 24 8 6 0 0 0
cpu3 730 24 1006 1676 41 12 5 0 0 0
intr 116242 0 0 0 32711 0 0 25 0 0 0 0 0 0 0 0 0 0 0 0 0 0 0 0 0 0 0 0 0 640 0 0 50 676 641 0 0 1 0 0 0 0 0 0 0 2 0 0 0 42316 52 0 0 0 0 0 0 0 0 33 211 123 58 0 0 0 1 3266 0 0 0 0 0 0 0 0 0 0 0 0 0 0 0 0 0 0 0 0 0 0 0 0 0 0 0 0 0 0 0 0 0 0 0 0 0 0 0 0 0 0 0 0 0 0 0 0 0 0 0 0 0 0 0 0 0 0 0 0 0 0 0 0 0 0 0 0 0 0 0 0 0 0 0 0 0 0 0 0 0 0 0 0 0 0 0 0 0 0 0 0 0 0 0 0 0 0 0 0 0 0 0 0 0 0 0 0 0 0 0 0 0 0 0 0 0 0 0 0 0 0 0 0 0 0 0 0 0 0 0 0 0 0 0 0 0 0 0 0 0 0 0 0 0 0 0 0 0 0 0 0 0 0 0 0 0 0 0 0 0 0 0 42 0 0 3266 0 0 0 0 0 0 0 0 0 0 0 0 0 0 0 0 0 0 0 0 0 0 0 0 0 0 0 0 0 0 0
ctxt 160277
btime 1571711120
processes 3366
procs_running 9
procs_blocked 0
softirq 85392 4 26057 0 0 0 0 24675 14187 0 20469

3769
cpu  1571 48 2916 9486 143 57 111 0 0 0
cpu0 237 4 1283 1764 35 28 91 0 0 0
cpu1 342 7 354 2916 34 8 6 0 0 0
cpu2 256 12 258 3122 32 8 6 0 0 0
cpu3 734 24 1019 1681 42 12 6 0 0 0
intr 117514 0 0 0 32992 0 0 25 0 0 0 0 0 0 0 0 0 0 0 0 0 0 0 0 0 0 0 0 0 653 0 0 54 690 654 0 0 1 0 0 0 0 0 0 0 2 0 0 0 42614 52 0 0 0 0 0 0 0 0 33 224 123 58 0 0 0 1 3266 0 0 0 0 0 0 0 0 0 0 0 0 0 0 0 0 0 0 0 0 0 0 0 0 0 0 0 0 0 0 0 0 0 0 0 0 0 0 0 0 0 0 0 0 0 0 0 0 0 0 0 0 0 0 0 0 0 0 0 0 0 0 0 0 0 0 0 0 0 0 0 0 0 0 0 0 0 0 0 0 0 0 0 0 0 0 0 0 0 0 0 0 0 0 0 0 0 0 0 0 0 0 0 0 0 0 0 0 0 0 0 0 0 0 0 0 0 0 0 0 0 0 0 0 0 0 0 0 0 0 0 0 0 0 0 0 0 0 0 0 0 0 0 0 0 0 0 0 0 0 0 0 0 0 0 0 0 0 0 0 0 0 0 42 0 0 3266 0 0 0 0 0 0 0 0 0 0 0 0 0 0 0 0 0 0 0 0 0 0 0 0 0 0 0 0 0 0 0
ctxt 162664
btime 1571711120
processes 3416
procs_running 6
procs_blocked 4
softirq 86386 4 26278 0 0 0 0 24826 14339 0 20939

3790
cpu  1597 49 2942 9511 149 57 111 0 0 0
cpu0 242 4 1290 1773 35 28 92 0 0 0
cpu1 353 7 358 2919 36 8 6 0 0 0
cpu2 260 12 266 3131 33 8 6 0 0 0
cpu3 741 24 1026 1686 44 12 6 0 0 0
intr 118568 0 0 0 33249 0 0 25 0 0 0 0 0 0 0 0 0 0 0 0 0 0 0 0 0 0 0 0 0 666 0 0 58 702 667 0 0 1 0 0 0 0 0 0 0 2 0 0 0 42789 52 0 0 0 0 0 0 0 0 33 241 123 58 0 0 0 1 3266 0 0 0 0 0 0 0 0 0 0 0 0 0 0 0 0 0 0 0 0 0 0 0 0 0 0 0 0 0 0 0 0 0 0 0 0 0 0 0 0 0 0 0 0 0 0 0 0 0 0 0 0 0 0 0 0 0 0 0 0 0 0 0 0 0 0 0 0 0 0 0 0 0 0 0 0 0 0 0 0 0 0 0 0 0 0 0 0 0 0 0 0 0 0 0 0 0 0 0 0 0 0 0 0 0 0 0 0 0 0 0 0 0 0 0 0 0 0 0 0 0 0 0 0 0 0 0 0 0 0 0 0 0 0 0 0 0 0 0 0 0 0 0 0 0 0 0 0 0 0 0 0 0 0 0 0 0 0 0 0 0 0 0 43 0 0 3266 0 0 0 0 0 0 0 0 0 0 0 0 0 0 0 0 0 0 0 0 0 0 0 0 0 0 0 0 0 0 0
ctxt 165713
btime 1571711120
processes 3493
procs_running 12
procs_blocked 1
softirq 87048 4 26485 0 0 0 0 24918 14476 0 21165

3815
cpu  1632 50 2985 9515 152 58 112 0 0 0
cpu0 247 4 1302 1774 36 28 92 0 0 0
cpu1 362 7 369 2921 36 8 6 0 0 0
cpu2 271 13 275 3131 34 8 6 0 0 0
cpu3 750 25 1038 1687 45 12 6 0 0 0
intr 119945 0 0 0 33522 0 0 25 0 0 0 0 0 0 0 0 0 0 0 0 0 0 0 0 0 0 0 0 0 681 0 0 62 716 682 0 0 1 0 0 0 0 0 0 0 2 0 0 0 43023 52 0 0 0 0 0 0 0 0 39 256 123 58 0 0 0 1 3267 0 0 0 0 0 0 0 0 0 0 0 0 0 0 0 0 0 0 0 0 0 0 0 0 0 0 0 0 0 0 0 0 0 0 0 0 0 0 0 0 0 0 0 0 0 0 0 0 0 0 0 0 0 0 0 0 0 0 0 0 0 0 0 0 0 0 0 0 0 0 0 0 0 0 0 0 0 0 0 0 0 0 0 0 0 0 0 0 0 0 0 0 0 0 0 0 0 0 0 0 0 0 0 0 0 0 0 0 0 0 0 0 0 0 0 0 0 0 0 0 0 0 0 0 0 0 0 0 0 0 0 0 0 0 0 0 0 0 0 0 0 0 0 0 0 0 0 0 0 0 0 0 0 0 0 0 0 0 0 0 0 0 0 44 0 0 3267 0 0 0 0 0 0 0 0 0 0 0 0 0 0 0 0 0 0 0 0 0 0 0 0 0 0 0 0 0 0 0
ctxt 169710
btime 1571711120
processes 3544
procs_running 8
procs_blocked 0
softirq 87823 4 26677 0 0 0 0 25052 14566 0 21524

3842
cpu  1675 60 3032 9517 153 60 113 0 0 0
cpu0 260 5 1314 1774 36 29 92 0 0 0
cpu1 371 12 379 2922 36 8 6 0 0 0
cpu2 281 15 289 3132 34 8 7 0 0 0
cpu3 762 27 1049 1687 45 13 6 0 0 0
intr 121609 0 0 0 33833 0 0 25 0 0 0 0 0 0 0 0 0 0 0 0 0 0 0 0 0 0 0 0 0 696 0 0 69 731 697 0 0 1 0 0 0 0 0 0 0 2 0 0 0 43236 52 0 0 0 0 0 0 0 0 39 281 123 58 0 0 0 1 3267 0 0 0 0 0 0 0 0 0 0 0 0 0 0 0 0 0 0 0 0 0 0 0 0 0 0 0 0 0 0 0 0 0 0 0 0 0 0 0 0 0 0 0 0 0 0 0 0 0 0 0 0 0 0 0 0 0 0 0 0 0 0 0 0 0 0 0 0 0 0 0 0 0 0 0 0 0 0 0 0 0 0 0 0 0 0 0 0 0 0 0 0 0 0 0 0 0 0 0 0 0 0 0 0 0 0 0 0 0 0 0 0 0 0 0 0 0 0 0 0 0 0 0 0 0 0 0 0 0 0 0 0 0 0 0 0 0 0 0 0 0 0 0 0 0 0 0 0 0 0 0 0 0 0 0 0 0 0 0 0 0 0 0 82 0 0 3267 0 0 0 0 0 0 0 0 0 0 0 0 0 0 0 0 0 0 0 0 0 0 0 0 0 0 0 0 0 0 0
ctxt 177273
btime 1571711120
processes 3594
procs_running 17
procs_blocked 0
softirq 88654 4 26934 0 0 0 0 25185 14616 0 21915

3865
cpu  1712 64 3074 9526 153 60 113 0 0 0
cpu0 266 5 1328 1777 36 30 93 0 0 0
cpu1 382 14 387 2924 36 8 7 0 0 0
cpu2 291 17 298 3134 34 8 7 0 0 0
cpu3 771 27 1060 1689 45 13 6 0 0 0
intr 123309 0 0 0 34102 0 0 25 0 0 0 0 0 0 0 0 0 0 0 0 0 0 0 0 0 0 0 0 0 709 0 0 72 744 710 0 0 1 0 0 0 0 0 0 0 2 0 0 0 43348 52 0 0 0 0 0 0 0 0 39 297 123 58 0 0 0 1 3267 0 0 0 0 0 0 0 0 0 0 0 0 0 0 0 0 0 0 0 0 0 0 0 0 0 0 0 0 0 0 0 0 0 0 0 0 0 0 0 0 0 0 0 0 0 0 0 0 0 0 0 0 0 0 0 0 0 0 0 0 0 0 0 0 0 0 0 0 0 0 0 0 0 0 0 0 0 0 0 0 0 0 0 0 0 0 0 0 0 0 0 0 0 0 0 0 0 0 0 0 0 0 0 0 0 0 0 0 0 0 0 0 0 0 0 0 0 0 0 0 0 0 0 0 0 0 0 0 0 0 0 0 0 0 0 0 0 0 0 0 0 0 0 0 0 0 0 0 0 0 0 0 0 0 0 0 0 0 0 0 0 0 0 89 0 0 3267 0 0 0 0 0 0 0 0 0 0 0 0 0 0 0 0 0 0 0 0 0 0 0 0 0 0 0 0 0 0 0
ctxt 183773
btime 1571711120
processes 3620
procs_running 4
procs_blocked 0
softirq 89295 4 27136 0 0 0 0 25257 14706 0 22192

3886
cpu  1739 71 3096 9555 153 61 114 0 0 0
cpu0 273 5 1335 1784 36 30 93 0 0 0
cpu1 390 18 392 2929 36 8 7 0 0 0
cpu2 300 19 303 3138 34 9 7 0 0 0
cpu3 775 27 1065 1701 45 13 6 0 0 0
intr 124284 0 0 0 34363 0 0 25 0 0 0 0 0 0 0 0 0 0 0 0 0 0 0 0 0 0 0 0 0 722 0 0 78 757 723 0 0 1 0 0 0 0 0 0 0 2 0 0 0 43402 52 0 0 0 0 0 0 0 0 39 322 123 58 0 0 0 1 3267 0 0 0 0 0 0 0 0 0 0 0 0 0 0 0 0 0 0 0 0 0 0 0 0 0 0 0 0 0 0 0 0 0 0 0 0 0 0 0 0 0 0 0 0 0 0 0 0 0 0 0 0 0 0 0 0 0 0 0 0 0 0 0 0 0 0 0 0 0 0 0 0 0 0 0 0 0 0 0 0 0 0 0 0 0 0 0 0 0 0 0 0 0 0 0 0 0 0 0 0 0 0 0 0 0 0 0 0 0 0 0 0 0 0 0 0 0 0 0 0 0 0 0 0 0 0 0 0 0 0 0 0 0 0 0 0 0 0 0 0 0 0 0 0 0 0 0 0 0 0 0 0 0 0 0 0 0 0 0 0 0 0 0 89 0 0 3267 0 0 0 0 0 0 0 0 0 0 0 0 0 0 0 0 0 0 0 0 0 0 0 0 0 0 0 0 0 0 0
ctxt 186858
btime 1571711120
processes 3639
procs_running 2
procs_blocked 0
softirq 89879 4 27337 0 0 0 0 25294 14829 0 22415

3908
cpu  1758 73 3103 9611 153 62 114 0 0 0
cpu0 275 6 1337 1799 36 30 93 0 0 0
cpu1 396 18 393 2943 36 8 7 0 0 0
cpu2 300 20 304 3156 34 9 7 0 0 0
cpu3 786 27 1067 1711 45 13 6 0 0 0
intr 124765 0 0 0 34610 0 0 25 0 0 0 0 0 0 0 0 0 0 0 0 0 0 0 0 0 0 0 0 0 734 0 0 83 769 735 0 0 1 0 0 0 0 0 0 0 2 0 0 0 43402 52 0 0 0 0 0 0 0 0 39 341 123 58 0 0 0 1 3267 0 0 0 0 0 0 0 0 0 0 0 0 0 0 0 0 0 0 0 0 0 0 0 0 0 0 0 0 0 0 0 0 0 0 0 0 0 0 0 0 0 0 0 0 0 0 0 0 0 0 0 0 0 0 0 0 0 0 0 0 0 0 0 0 0 0 0 0 0 0 0 0 0 0 0 0 0 0 0 0 0 0 0 0 0 0 0 0 0 0 0 0 0 0 0 0 0 0 0 0 0 0 0 0 0 0 0 0 0 0 0 0 0 0 0 0 0 0 0 0 0 0 0 0 0 0 0 0 0 0 0 0 0 0 0 0 0 0 0 0 0 0 0 0 0 0 0 0 0 0 0 0 0 0 0 0 0 0 0 0 0 0 0 89 0 0 3268 0 0 0 0 0 0 0 0 0 0 0 0 0 0 0 0 0 0 0 0 0 0 0 0 0 0 0 0 0 0 0
ctxt 187770
btime 1571711120
processes 3639
procs_running 4
procs_blocked 0
softirq 90331 4 27522 0 0 0 0 25294 14940 0 22571

3929
cpu  1784 80 3121 9642 153 63 114 0 0 0
cpu0 285 8 1340 1804 36 31 93 0 0 0
cpu1 403 18 399 2951 36 9 7 0 0 0
cpu2 305 22 310 3165 34 9 7 0 0 0
cpu3 789 30 1070 1721 45 13 6 0 0 0
intr 125729 0 0 0 34864 0 0 25 0 0 0 0 0 0 0 0 0 0 0 0 0 0 0 0 0 0 0 0 0 747 0 0 90 782 748 0 0 1 0 0 0 0 0 0 0 2 0 0 0 43415 52 0 0 0 0 0 0 0 0 45 365 123 58 0 0 0 1 3268 0 0 0 0 0 0 0 0 0 0 0 0 0 0 0 0 0 0 0 0 0 0 0 0 0 0 0 0 0 0 0 0 0 0 0 0 0 0 0 0 0 0 0 0 0 0 0 0 0 0 0 0 0 0 0 0 0 0 0 0 0 0 0 0 0 0 0 0 0 0 0 0 0 0 0 0 0 0 0 0 0 0 0 0 0 0 0 0 0 0 0 0 0 0 0 0 0 0 0 0 0 0 0 0 0 0 0 0 0 0 0 0 0 0 0 0 0 0 0 0 0 0 0 0 0 0 0 0 0 0 0 0 0 0 0 0 0 0 0 0 0 0 0 0 0 0 0 0 0 0 0 0 0 0 0 0 0 0 0 0 0 0 0 89 0 0 3268 0 0 0 0 0 0 0 0 0 0 0 0 0 0 0 0 0 0 0 0 0 0 0 0 0 0 0 0 0 0 0
ctxt 189877
btime 1571711120
processes 3645
procs_running 4
procs_blocked 0
softirq 90846 4 27710 0 0 0 0 25304 15073 0 22755

3951
cpu  1804 81 3126 9699 153 63 114 0 0 0
cpu0 289 8 1342 1820 36 31 93 0 0 0
cpu1 403 19 401 2969 36 9 7 0 0 0
cpu2 321 22 311 3169 34 9 7 0 0 0
cpu3 790 30 1071 1740 45 13 6 0 0 0
intr 126207 0 0 0 35111 0 0 25 0 0 0 0 0 0 0 0 0 0 0 0 0 0 0 0 0 0 0 0 0 759 0 0 95 794 760 0 0 1 0 0 0 0 0 0 0 2 0 0 0 43415 52 0 0 0 0 0 0 0 0 45 386 123 58 0 0 0 1 3268 0 0 0 0 0 0 0 0 0 0 0 0 0 0 0 0 0 0 0 0 0 0 0 0 0 0 0 0 0 0 0 0 0 0 0 0 0 0 0 0 0 0 0 0 0 0 0 0 0 0 0 0 0 0 0 0 0 0 0 0 0 0 0 0 0 0 0 0 0 0 0 0 0 0 0 0 0 0 0 0 0 0 0 0 0 0 0 0 0 0 0 0 0 0 0 0 0 0 0 0 0 0 0 0 0 0 0 0 0 0 0 0 0 0 0 0 0 0 0 0 0 0 0 0 0 0 0 0 0 0 0 0 0 0 0 0 0 0 0 0 0 0 0 0 0 0 0 0 0 0 0 0 0 0 0 0 0 0 0 0 0 0 0 89 0 0 3268 0 0 0 0 0 0 0 0 0 0 0 0 0 0 0 0 0 0 0 0 0 0 0 0 0 0 0 0 0 0 0
ctxt 190488
btime 1571711120
processes 3645
procs_running 2
procs_blocked 0
softirq 91267 4 27891 0 0 0 0 25304 15176 0 22892

3972
cpu  1824 88 3132 9750 153 64 115 0 0 0
cpu0 289 8 1342 1840 36 31 93 0 0 0
cpu1 404 26 404 2978 36 9 7 0 0 0
cpu2 339 22 312 3170 34 9 7 0 0 0
cpu3 791 30 1072 1760 45 13 6 0 0 0
intr 126733 0 0 0 35357 0 0 25 0 0 0 0 0 0 0 0 0 0 0 0 0 0 0 0 0 0 0 0 0 771 0 0 97 806 772 0 0 1 0 0 0 0 0 0 0 2 0 0 0 43415 52 0 0 0 0 0 0 0 0 45 401 123 58 0 0 0 1 3268 0 0 0 0 0 0 0 0 0 0 0 0 0 0 0 0 0 0 0 0 0 0 0 0 0 0 0 0 0 0 0 0 0 0 0 0 0 0 0 0 0 0 0 0 0 0 0 0 0 0 0 0 0 0 0 0 0 0 0 0 0 0 0 0 0 0 0 0 0 0 0 0 0 0 0 0 0 0 0 0 0 0 0 0 0 0 0 0 0 0 0 0 0 0 0 0 0 0 0 0 0 0 0 0 0 0 0 0 0 0 0 0 0 0 0 0 0 0 0 0 0 0 0 0 0 0 0 0 0 0 0 0 0 0 0 0 0 0 0 0 0 0 0 0 0 0 0 0 0 0 0 0 0 0 0 0 0 0 0 0 0 0 0 89 0 0 3268 0 0 0 0 0 0 0 0 0 0 0 0 0 0 0 0 0 0 0 0 0 0 0 0 0 0 0 0 0 0 0
ctxt 191128
btime 1571711120
processes 3645
procs_running 4
procs_blocked 0
softirq 91708 4 28084 0 0 0 0 25304 15292 0 23024

3993
cpu  1843 98 3145 9793 153 64 115 0 0 0
cpu0 296 8 1345 1852 36 31 93 0 0 0
cpu1 405 28 408 2992 36 9 7 0 0 0
cpu2 345 23 316 3180 34 9 7 0 0 0
cpu3 795 37 1075 1767 45 14 6 0 0 0
intr 127464 0 0 0 35589 0 0 25 0 0 0 0 0 0 0 0 0 0 0 0 0 0 0 0 0 0 0 0 0 784 0 0 104 819 785 0 0 1 0 0 0 0 0 0 0 2 0 0 0 43417 52 0 0 0 0 0 0 0 0 45 459 123 58 0 0 0 1 3268 0 0 0 0 0 0 0 0 0 0 0 0 0 0 0 0 0 0 0 0 0 0 0 0 0 0 0 0 0 0 0 0 0 0 0 0 0 0 0 0 0 0 0 0 0 0 0 0 0 0 0 0 0 0 0 0 0 0 0 0 0 0 0 0 0 0 0 0 0 0 0 0 0 0 0 0 0 0 0 0 0 0 0 0 0 0 0 0 0 0 0 0 0 0 0 0 0 0 0 0 0 0 0 0 0 0 0 0 0 0 0 0 0 0 0 0 0 0 0 0 0 0 0 0 0 0 0 0 0 0 0 0 0 0 0 0 0 0 0 0 0 0 0 0 0 0 0 0 0 0 0 0 0 0 0 0 0 0 0 0 0 0 0 89 0 0 3268 0 0 0 0 0 0 0 0 0 0 0 0 0 0 0 0 0 0 0 0 0 0 0 0 0 0 0 0 0 0 0
ctxt 192520
btime 1571711120
processes 3646
procs_running 2
procs_blocked 0
softirq 92201 4 28278 0 0 0 0 25305 15415 0 23199

