3125
   1       0 ram0 0 0 0 0 0 0 0 0 0 0 0
   1       1 ram1 0 0 0 0 0 0 0 0 0 0 0
   1       2 ram2 0 0 0 0 0 0 0 0 0 0 0
   1       3 ram3 0 0 0 0 0 0 0 0 0 0 0
   1       4 ram4 0 0 0 0 0 0 0 0 0 0 0
   1       5 ram5 0 0 0 0 0 0 0 0 0 0 0
   1       6 ram6 0 0 0 0 0 0 0 0 0 0 0
   1       7 ram7 0 0 0 0 0 0 0 0 0 0 0
   1       8 ram8 0 0 0 0 0 0 0 0 0 0 0
   1       9 ram9 0 0 0 0 0 0 0 0 0 0 0
   1      10 ram10 0 0 0 0 0 0 0 0 0 0 0
   1      11 ram11 0 0 0 0 0 0 0 0 0 0 0
   1      12 ram12 0 0 0 0 0 0 0 0 0 0 0
   1      13 ram13 0 0 0 0 0 0 0 0 0 0 0
   1      14 ram14 0 0 0 0 0 0 0 0 0 0 0
   1      15 ram15 0 0 0 0 0 0 0 0 0 0 0
   7       0 loop0 0 0 0 0 0 0 0 0 0 0 0
   7       1 loop1 0 0 0 0 0 0 0 0 0 0 0
   7       2 loop2 0 0 0 0 0 0 0 0 0 0 0
   7       3 loop3 0 0 0 0 0 0 0 0 0 0 0
   7       4 loop4 0 0 0 0 0 0 0 0 0 0 0
   7       5 loop5 0 0 0 0 0 0 0 0 0 0 0
   7       6 loop6 0 0 0 0 0 0 0 0 0 0 0
   7       7 loop7 0 0 0 0 0 0 0 0 0 0 0
 253       0 zram0 36 0 288 0 1 0 8 0 0 0 0
 179       0 mmcblk0 17196 3526 3906244 10732 145 71 1648 1968 0 4956 5020
 179       1 mmcblk0p1 0 0 0 0 0 0 0 0 0 0 0
 179       2 mmcblk0p2 0 0 0 0 0 0 0 0 0 0 0
 179       3 mmcblk0p3 0 0 0 0 0 0 0 0 0 0 0
 179       4 mmcblk0p4 0 0 0 0 0 0 0 0 0 0 0
 179       5 mmcblk0p5 475 835 45304 288 0 0 0 0 0 68 80
 179       6 mmcblk0p6 0 0 0 0 0 0 0 0 0 0 0
 179       7 mmcblk0p7 0 0 0 0 0 0 0 0 0 0 0
 179       8 mmcblk0p8 0 0 0 0 0 0 0 0 0 0 0
 179       9 mmcblk0p9 0 0 0 0 0 0 0 0 0 0 0
 179      10 mmcblk0p10 232 188 16968 112 0 0 0 0 0 32 32
 179      11 mmcblk0p11 0 0 0 0 0 0 0 0 0 0 0
 179      12 mmcblk0p12 16482 2503 3843668 10284 135 71 1648 1956 0 4844 4892
 179      13 mmcblk0p13 0 0 0 0 0 0 0 0 0 0 0
 179      14 mmcblk0p14 1 0 256 0 0 0 0 0 0 0 0
 179      15 mmcblk0p15 0 0 0 0 0 0 0 0 0 0 0
 179      96 mmcblk0rpmb 0 0 0 0 0 0 0 0 0 0 0
 179      64 mmcblk0boot1 0 0 0 0 0 0 0 0 0 0 0
 179      32 mmcblk0boot0 0 0 0 0 0 0 0 0 0 0 0
 252       0 dm-0 529 0 39080 348 0 0 0 0 0 228 348
 252       1 dm-1 228 0 15432 140 0 0 0 0 0 120 140

3146
   1       0 ram0 0 0 0 0 0 0 0 0 0 0 0
   1       1 ram1 0 0 0 0 0 0 0 0 0 0 0
   1       2 ram2 0 0 0 0 0 0 0 0 0 0 0
   1       3 ram3 0 0 0 0 0 0 0 0 0 0 0
   1       4 ram4 0 0 0 0 0 0 0 0 0 0 0
   1       5 ram5 0 0 0 0 0 0 0 0 0 0 0
   1       6 ram6 0 0 0 0 0 0 0 0 0 0 0
   1       7 ram7 0 0 0 0 0 0 0 0 0 0 0
   1       8 ram8 0 0 0 0 0 0 0 0 0 0 0
   1       9 ram9 0 0 0 0 0 0 0 0 0 0 0
   1      10 ram10 0 0 0 0 0 0 0 0 0 0 0
   1      11 ram11 0 0 0 0 0 0 0 0 0 0 0
   1      12 ram12 0 0 0 0 0 0 0 0 0 0 0
   1      13 ram13 0 0 0 0 0 0 0 0 0 0 0
   1      14 ram14 0 0 0 0 0 0 0 0 0 0 0
   1      15 ram15 0 0 0 0 0 0 0 0 0 0 0
   7       0 loop0 0 0 0 0 0 0 0 0 0 0 0
   7       1 loop1 0 0 0 0 0 0 0 0 0 0 0
   7       2 loop2 0 0 0 0 0 0 0 0 0 0 0
   7       3 loop3 0 0 0 0 0 0 0 0 0 0 0
   7       4 loop4 0 0 0 0 0 0 0 0 0 0 0
   7       5 loop5 0 0 0 0 0 0 0 0 0 0 0
   7       6 loop6 0 0 0 0 0 0 0 0 0 0 0
   7       7 loop7 0 0 0 0 0 0 0 0 0 0 0
 253       0 zram0 36 0 288 0 1 0 8 0 0 0 0
 179       0 mmcblk0 17432 3852 3953284 11112 149 132 2168 1976 0 5068 5144
 179       1 mmcblk0p1 0 0 0 0 0 0 0 0 0 0 0
 179       2 mmcblk0p2 0 0 0 0 0 0 0 0 0 0 0
 179       3 mmcblk0p3 0 0 0 0 0 0 0 0 0 0 0
 179       4 mmcblk0p4 0 0 0 0 0 0 0 0 0 0 0
 179       5 mmcblk0p5 683 1161 92024 636 0 0 0 0 0 172 188
 179       6 mmcblk0p6 0 0 0 0 0 0 0 0 0 0 0
 179       7 mmcblk0p7 1 0 32 0 0 0 0 0 0 0 0
 179       8 mmcblk0p8 0 0 0 0 0 0 0 0 0 0 0
 179       9 mmcblk0p9 0 0 0 0 0 0 0 0 0 0 0
 179      10 mmcblk0p10 244 188 17136 132 0 0 0 0 0 36 36
 179      11 mmcblk0p11 0 0 0 0 0 0 0 0 0 0 0
 179      12 mmcblk0p12 16497 2503 3843788 10296 139 132 2168 1964 0 4844 4892
 179      13 mmcblk0p13 0 0 0 0 0 0 0 0 0 0 0
 179      14 mmcblk0p14 1 0 256 0 0 0 0 0 0 0 0
 179      15 mmcblk0p15 0 0 0 0 0 0 0 0 0 0 0
 179      96 mmcblk0rpmb 0 0 0 0 0 0 0 0 0 0 0
 179      64 mmcblk0boot1 0 0 0 0 0 0 0 0 0 0 0
 179      32 mmcblk0boot0 0 0 0 0 0 0 0 0 0 0 0
 252       0 dm-0 729 0 83224 744 0 0 0 0 3 384 756
 252       1 dm-1 240 0 15600 156 0 0 0 0 2 132 160

3167
   1       0 ram0 0 0 0 0 0 0 0 0 0 0 0
   1       1 ram1 0 0 0 0 0 0 0 0 0 0 0
   1       2 ram2 0 0 0 0 0 0 0 0 0 0 0
   1       3 ram3 0 0 0 0 0 0 0 0 0 0 0
   1       4 ram4 0 0 0 0 0 0 0 0 0 0 0
   1       5 ram5 0 0 0 0 0 0 0 0 0 0 0
   1       6 ram6 0 0 0 0 0 0 0 0 0 0 0
   1       7 ram7 0 0 0 0 0 0 0 0 0 0 0
   1       8 ram8 0 0 0 0 0 0 0 0 0 0 0
   1       9 ram9 0 0 0 0 0 0 0 0 0 0 0
   1      10 ram10 0 0 0 0 0 0 0 0 0 0 0
   1      11 ram11 0 0 0 0 0 0 0 0 0 0 0
   1      12 ram12 0 0 0 0 0 0 0 0 0 0 0
   1      13 ram13 0 0 0 0 0 0 0 0 0 0 0
   1      14 ram14 0 0 0 0 0 0 0 0 0 0 0
   1      15 ram15 0 0 0 0 0 0 0 0 0 0 0
   7       0 loop0 0 0 0 0 0 0 0 0 0 0 0
   7       1 loop1 0 0 0 0 0 0 0 0 0 0 0
   7       2 loop2 0 0 0 0 0 0 0 0 0 0 0
   7       3 loop3 0 0 0 0 0 0 0 0 0 0 0
   7       4 loop4 0 0 0 0 0 0 0 0 0 0 0
   7       5 loop5 0 0 0 0 0 0 0 0 0 0 0
   7       6 loop6 0 0 0 0 0 0 0 0 0 0 0
   7       7 loop7 0 0 0 0 0 0 0 0 0 0 0
 253       0 zram0 36 0 288 0 1 0 8 0 0 0 0
 179       0 mmcblk0 17751 3852 4021780 12420 149 132 2168 1976 0 5228 5360
 179       1 mmcblk0p1 0 0 0 0 0 0 0 0 0 0 0
 179       2 mmcblk0p2 0 0 0 0 0 0 0 0 0 0 0
 179       3 mmcblk0p3 0 0 0 0 0 0 0 0 0 0 0
 179       4 mmcblk0p4 0 0 0 0 0 0 0 0 0 0 0
 179       5 mmcblk0p5 936 1161 158984 1696 0 0 0 0 1 328 384
 179       6 mmcblk0p6 0 0 0 0 0 0 0 0 0 0 0
 179       7 mmcblk0p7 1 0 32 0 0 0 0 0 0 0 0
 179       8 mmcblk0p8 0 0 0 0 0 0 0 0 0 0 0
 179       9 mmcblk0p9 0 0 0 0 0 0 0 0 0 0 0
 179      10 mmcblk0p10 310 188 18672 380 0 0 0 0 0 88 88
 179      11 mmcblk0p11 0 0 0 0 0 0 0 0 0 0 0
 179      12 mmcblk0p12 16497 2503 3843788 10296 139 132 2168 1964 0 4844 4892
 179      13 mmcblk0p13 0 0 0 0 0 0 0 0 0 0 0
 179      14 mmcblk0p14 1 0 256 0 0 0 0 0 0 0 0
 179      15 mmcblk0p15 0 0 0 0 0 0 0 0 0 0 0
 179      96 mmcblk0rpmb 0 0 0 0 0 0 0 0 0 0 0
 179      64 mmcblk0boot1 0 0 0 0 0 0 0 0 0 0 0
 179      32 mmcblk0boot0 0 0 0 0 0 0 0 0 0 0 0
 252       0 dm-0 960 0 150752 2200 0 0 0 0 4 600 2204
 252       1 dm-1 307 0 17360 584 0 0 0 0 1 328 584

3192
   1       0 ram0 0 0 0 0 0 0 0 0 0 0 0
   1       1 ram1 0 0 0 0 0 0 0 0 0 0 0
   1       2 ram2 0 0 0 0 0 0 0 0 0 0 0
   1       3 ram3 0 0 0 0 0 0 0 0 0 0 0
   1       4 ram4 0 0 0 0 0 0 0 0 0 0 0
   1       5 ram5 0 0 0 0 0 0 0 0 0 0 0
   1       6 ram6 0 0 0 0 0 0 0 0 0 0 0
   1       7 ram7 0 0 0 0 0 0 0 0 0 0 0
   1       8 ram8 0 0 0 0 0 0 0 0 0 0 0
   1       9 ram9 0 0 0 0 0 0 0 0 0 0 0
   1      10 ram10 0 0 0 0 0 0 0 0 0 0 0
   1      11 ram11 0 0 0 0 0 0 0 0 0 0 0
   1      12 ram12 0 0 0 0 0 0 0 0 0 0 0
   1      13 ram13 0 0 0 0 0 0 0 0 0 0 0
   1      14 ram14 0 0 0 0 0 0 0 0 0 0 0
   1      15 ram15 0 0 0 0 0 0 0 0 0 0 0
   7       0 loop0 0 0 0 0 0 0 0 0 0 0 0
   7       1 loop1 0 0 0 0 0 0 0 0 0 0 0
   7       2 loop2 0 0 0 0 0 0 0 0 0 0 0
   7       3 loop3 0 0 0 0 0 0 0 0 0 0 0
   7       4 loop4 0 0 0 0 0 0 0 0 0 0 0
   7       5 loop5 0 0 0 0 0 0 0 0 0 0 0
   7       6 loop6 0 0 0 0 0 0 0 0 0 0 0
   7       7 loop7 0 0 0 0 0 0 0 0 0 0 0
 253       0 zram0 36 0 288 0 1 0 8 0 0 0 0
 179       0 mmcblk0 18158 3854 4097668 14124 149 132 2168 1976 0 5408 5604
 179       1 mmcblk0p1 0 0 0 0 0 0 0 0 0 0 0
 179       2 mmcblk0p2 0 0 0 0 0 0 0 0 0 0 0
 179       3 mmcblk0p3 0 0 0 0 0 0 0 0 0 0 0
 179       4 mmcblk0p4 0 0 0 0 0 0 0 0 0 0 0
 179       5 mmcblk0p5 1258 1163 231064 3184 0 0 0 0 1 484 596
 179       6 mmcblk0p6 0 0 0 0 0 0 0 0 0 0 0
 179       7 mmcblk0p7 1 0 32 0 0 0 0 0 0 0 0
 179       8 mmcblk0p8 0 0 0 0 0 0 0 0 0 0 0
 179       9 mmcblk0p9 0 0 0 0 0 0 0 0 0 0 0
 179      10 mmcblk0p10 393 188 22488 584 0 0 0 0 0 144 156
 179      11 mmcblk0p11 0 0 0 0 0 0 0 0 0 0 0
 179      12 mmcblk0p12 16500 2503 3843812 10308 139 132 2168 1964 0 4844 4892
 179      13 mmcblk0p13 0 0 0 0 0 0 0 0 0 0 0
 179      14 mmcblk0p14 1 0 256 0 0 0 0 0 0 0 0
 179      15 mmcblk0p15 0 0 0 0 0 0 0 0 0 0 0
 179      96 mmcblk0rpmb 0 0 0 0 0 0 0 0 0 0 0
 179      64 mmcblk0boot1 0 0 0 0 0 0 0 0 0 0 0
 179      32 mmcblk0boot0 0 0 0 0 0 0 0 0 0 0 0
 252       0 dm-0 1267 0 222488 5384 0 0 0 0 11 844 5400
 252       1 dm-1 389 0 20952 896 0 0 0 0 3 500 896

3220
   1       0 ram0 0 0 0 0 0 0 0 0 0 0 0
   1       1 ram1 0 0 0 0 0 0 0 0 0 0 0
   1       2 ram2 0 0 0 0 0 0 0 0 0 0 0
   1       3 ram3 0 0 0 0 0 0 0 0 0 0 0
   1       4 ram4 0 0 0 0 0 0 0 0 0 0 0
   1       5 ram5 0 0 0 0 0 0 0 0 0 0 0
   1       6 ram6 0 0 0 0 0 0 0 0 0 0 0
   1       7 ram7 0 0 0 0 0 0 0 0 0 0 0
   1       8 ram8 0 0 0 0 0 0 0 0 0 0 0
   1       9 ram9 0 0 0 0 0 0 0 0 0 0 0
   1      10 ram10 0 0 0 0 0 0 0 0 0 0 0
   1      11 ram11 0 0 0 0 0 0 0 0 0 0 0
   1      12 ram12 0 0 0 0 0 0 0 0 0 0 0
   1      13 ram13 0 0 0 0 0 0 0 0 0 0 0
   1      14 ram14 0 0 0 0 0 0 0 0 0 0 0
   1      15 ram15 0 0 0 0 0 0 0 0 0 0 0
   7       0 loop0 0 0 0 0 0 0 0 0 0 0 0
   7       1 loop1 0 0 0 0 0 0 0 0 0 0 0
   7       2 loop2 0 0 0 0 0 0 0 0 0 0 0
   7       3 loop3 0 0 0 0 0 0 0 0 0 0 0
   7       4 loop4 0 0 0 0 0 0 0 0 0 0 0
   7       5 loop5 0 0 0 0 0 0 0 0 0 0 0
   7       6 loop6 0 0 0 0 0 0 0 0 0 0 0
   7       7 loop7 0 0 0 0 0 0 0 0 0 0 0
 253       0 zram0 36 0 288 0 1 0 8 0 0 0 0
 179       0 mmcblk0 18455 3858 4145188 14632 149 132 2168 1976 0 5508 5744
 179       1 mmcblk0p1 0 0 0 0 0 0 0 0 0 0 0
 179       2 mmcblk0p2 0 0 0 0 0 0 0 0 0 0 0
 179       3 mmcblk0p3 0 0 0 0 0 0 0 0 0 0 0
 179       4 mmcblk0p4 0 0 0 0 0 0 0 0 0 0 0
 179       5 mmcblk0p5 1525 1167 276456 3656 0 0 0 0 0 580 724
 179       6 mmcblk0p6 0 0 0 0 0 0 0 0 0 0 0
 179       7 mmcblk0p7 1 0 32 0 0 0 0 0 0 0 0
 179       8 mmcblk0p8 0 0 0 0 0 0 0 0 0 0 0
 179       9 mmcblk0p9 0 0 0 0 0 0 0 0 0 0 0
 179      10 mmcblk0p10 422 188 24584 620 0 0 0 0 0 148 160
 179      11 mmcblk0p11 0 0 0 0 0 0 0 0 0 0 0
 179      12 mmcblk0p12 16500 2503 3843812 10308 139 132 2168 1964 0 4844 4892
 179      13 mmcblk0p13 0 0 0 0 0 0 0 0 0 0 0
 179      14 mmcblk0p14 1 0 256 0 0 0 0 0 0 0 0
 179      15 mmcblk0p15 0 0 0 0 0 0 0 0 0 0 0
 179      96 mmcblk0rpmb 0 0 0 0 0 0 0 0 0 0 0
 179      64 mmcblk0boot1 0 0 0 0 0 0 0 0 0 0 0
 179      32 mmcblk0boot0 0 0 0 0 0 0 0 0 0 0 0
 252       0 dm-0 1586 0 267656 6888 0 0 0 0 0 1044 6896
 252       1 dm-1 418 0 23048 1004 0 0 0 0 0 576 1004

3246
   1       0 ram0 0 0 0 0 0 0 0 0 0 0 0
   1       1 ram1 0 0 0 0 0 0 0 0 0 0 0
   1       2 ram2 0 0 0 0 0 0 0 0 0 0 0
   1       3 ram3 0 0 0 0 0 0 0 0 0 0 0
   1       4 ram4 0 0 0 0 0 0 0 0 0 0 0
   1       5 ram5 0 0 0 0 0 0 0 0 0 0 0
   1       6 ram6 0 0 0 0 0 0 0 0 0 0 0
   1       7 ram7 0 0 0 0 0 0 0 0 0 0 0
   1       8 ram8 0 0 0 0 0 0 0 0 0 0 0
   1       9 ram9 0 0 0 0 0 0 0 0 0 0 0
   1      10 ram10 0 0 0 0 0 0 0 0 0 0 0
   1      11 ram11 0 0 0 0 0 0 0 0 0 0 0
   1      12 ram12 0 0 0 0 0 0 0 0 0 0 0
   1      13 ram13 0 0 0 0 0 0 0 0 0 0 0
   1      14 ram14 0 0 0 0 0 0 0 0 0 0 0
   1      15 ram15 0 0 0 0 0 0 0 0 0 0 0
   7       0 loop0 0 0 0 0 0 0 0 0 0 0 0
   7       1 loop1 0 0 0 0 0 0 0 0 0 0 0
   7       2 loop2 0 0 0 0 0 0 0 0 0 0 0
   7       3 loop3 0 0 0 0 0 0 0 0 0 0 0
   7       4 loop4 0 0 0 0 0 0 0 0 0 0 0
   7       5 loop5 0 0 0 0 0 0 0 0 0 0 0
   7       6 loop6 0 0 0 0 0 0 0 0 0 0 0
   7       7 loop7 0 0 0 0 0 0 0 0 0 0 0
 253       0 zram0 36 0 288 0 1 0 8 0 0 0 0
 179       0 mmcblk0 18499 3858 4147324 14644 149 132 2168 1976 0 5508 5744
 179       1 mmcblk0p1 0 0 0 0 0 0 0 0 0 0 0
 179       2 mmcblk0p2 0 0 0 0 0 0 0 0 0 0 0
 179       3 mmcblk0p3 0 0 0 0 0 0 0 0 0 0 0
 179       4 mmcblk0p4 0 0 0 0 0 0 0 0 0 0 0
 179       5 mmcblk0p5 1534 1167 276728 3660 0 0 0 0 2 580 724
 179       6 mmcblk0p6 0 0 0 0 0 0 0 0 0 0 0
 179       7 mmcblk0p7 1 0 32 0 0 0 0 0 0 0 0
 179       8 mmcblk0p8 0 0 0 0 0 0 0 0 0 0 0
 179       9 mmcblk0p9 0 0 0 0 0 0 0 0 0 0 0
 179      10 mmcblk0p10 450 188 26392 624 0 0 0 0 0 148 160
 179      11 mmcblk0p11 0 0 0 0 0 0 0 0 0 0 0
 179      12 mmcblk0p12 16507 2503 3843868 10312 139 132 2168 1964 0 4844 4892
 179      13 mmcblk0p13 0 0 0 0 0 0 0 0 0 0 0
 179      14 mmcblk0p14 1 0 256 0 0 0 0 0 0 0 0
 179      15 mmcblk0p15 0 0 0 0 0 0 0 0 0 0 0
 179      96 mmcblk0rpmb 0 0 0 0 0 0 0 0 0 0 0
 179      64 mmcblk0boot1 0 0 0 0 0 0 0 0 0 0 0
 179      32 mmcblk0boot0 0 0 0 0 0 0 0 0 0 0 0
 252       0 dm-0 1596 0 269824 6892 0 0 0 0 1 1048 6900
 252       1 dm-1 447 0 24864 1020 0 0 0 0 1 592 1020

3272
   1       0 ram0 0 0 0 0 0 0 0 0 0 0 0
   1       1 ram1 0 0 0 0 0 0 0 0 0 0 0
   1       2 ram2 0 0 0 0 0 0 0 0 0 0 0
   1       3 ram3 0 0 0 0 0 0 0 0 0 0 0
   1       4 ram4 0 0 0 0 0 0 0 0 0 0 0
   1       5 ram5 0 0 0 0 0 0 0 0 0 0 0
   1       6 ram6 0 0 0 0 0 0 0 0 0 0 0
   1       7 ram7 0 0 0 0 0 0 0 0 0 0 0
   1       8 ram8 0 0 0 0 0 0 0 0 0 0 0
   1       9 ram9 0 0 0 0 0 0 0 0 0 0 0
   1      10 ram10 0 0 0 0 0 0 0 0 0 0 0
   1      11 ram11 0 0 0 0 0 0 0 0 0 0 0
   1      12 ram12 0 0 0 0 0 0 0 0 0 0 0
   1      13 ram13 0 0 0 0 0 0 0 0 0 0 0
   1      14 ram14 0 0 0 0 0 0 0 0 0 0 0
   1      15 ram15 0 0 0 0 0 0 0 0 0 0 0
   7       0 loop0 0 0 0 0 0 0 0 0 0 0 0
   7       1 loop1 0 0 0 0 0 0 0 0 0 0 0
   7       2 loop2 0 0 0 0 0 0 0 0 0 0 0
   7       3 loop3 0 0 0 0 0 0 0 0 0 0 0
   7       4 loop4 0 0 0 0 0 0 0 0 0 0 0
   7       5 loop5 0 0 0 0 0 0 0 0 0 0 0
   7       6 loop6 0 0 0 0 0 0 0 0 0 0 0
   7       7 loop7 0 0 0 0 0 0 0 0 0 0 0
 253       0 zram0 36 0 288 0 1 0 8 0 0 0 0
 179       0 mmcblk0 18643 4110 4206988 15200 155 169 2512 1984 0 5628 5876
 179       1 mmcblk0p1 0 0 0 0 0 0 0 0 0 0 0
 179       2 mmcblk0p2 0 0 0 0 0 0 0 0 0 0 0
 179       3 mmcblk0p3 0 0 0 0 0 0 0 0 0 0 0
 179       4 mmcblk0p4 0 0 0 0 0 0 0 0 0 0 0
 179       5 mmcblk0p5 1620 1419 331760 4112 0 0 0 0 2 676 832
 179       6 mmcblk0p6 0 0 0 0 0 0 0 0 0 0 0
 179       7 mmcblk0p7 1 0 32 0 0 0 0 0 0 0 0
 179       8 mmcblk0p8 0 0 0 0 0 0 0 0 0 0 0
 179       9 mmcblk0p9 0 0 0 0 0 0 0 0 0 0 0
 179      10 mmcblk0p10 496 188 28368 708 0 0 0 0 0 160 172
 179      11 mmcblk0p11 0 0 0 0 0 0 0 0 0 0 0
 179      12 mmcblk0p12 16519 2503 3846524 10332 145 169 2512 1972 0 4852 4900
 179      13 mmcblk0p13 0 0 0 0 0 0 0 0 0 0 0
 179      14 mmcblk0p14 1 0 256 0 0 0 0 0 0 0 0
 179      15 mmcblk0p15 0 0 0 0 0 0 0 0 0 0 0
 179      96 mmcblk0rpmb 0 0 0 0 0 0 0 0 0 0 0
 179      64 mmcblk0boot1 0 0 0 0 0 0 0 0 0 0 0
 179      32 mmcblk0boot0 0 0 0 0 0 0 0 0 0 0 0
 252       0 dm-0 1656 0 326328 7428 0 0 0 0 6 1228 7532
 252       1 dm-1 493 0 27088 1148 0 0 0 0 1 708 1152

3293
   1       0 ram0 0 0 0 0 0 0 0 0 0 0 0
   1       1 ram1 0 0 0 0 0 0 0 0 0 0 0
   1       2 ram2 0 0 0 0 0 0 0 0 0 0 0
   1       3 ram3 0 0 0 0 0 0 0 0 0 0 0
   1       4 ram4 0 0 0 0 0 0 0 0 0 0 0
   1       5 ram5 0 0 0 0 0 0 0 0 0 0 0
   1       6 ram6 0 0 0 0 0 0 0 0 0 0 0
   1       7 ram7 0 0 0 0 0 0 0 0 0 0 0
   1       8 ram8 0 0 0 0 0 0 0 0 0 0 0
   1       9 ram9 0 0 0 0 0 0 0 0 0 0 0
   1      10 ram10 0 0 0 0 0 0 0 0 0 0 0
   1      11 ram11 0 0 0 0 0 0 0 0 0 0 0
   1      12 ram12 0 0 0 0 0 0 0 0 0 0 0
   1      13 ram13 0 0 0 0 0 0 0 0 0 0 0
   1      14 ram14 0 0 0 0 0 0 0 0 0 0 0
   1      15 ram15 0 0 0 0 0 0 0 0 0 0 0
   7       0 loop0 0 0 0 0 0 0 0 0 0 0 0
   7       1 loop1 0 0 0 0 0 0 0 0 0 0 0
   7       2 loop2 0 0 0 0 0 0 0 0 0 0 0
   7       3 loop3 0 0 0 0 0 0 0 0 0 0 0
   7       4 loop4 0 0 0 0 0 0 0 0 0 0 0
   7       5 loop5 0 0 0 0 0 0 0 0 0 0 0
   7       6 loop6 0 0 0 0 0 0 0 0 0 0 0
   7       7 loop7 0 0 0 0 0 0 0 0 0 0 0
 253       0 zram0 36 0 288 0 1 0 8 0 0 0 0
 179       0 mmcblk0 18807 4175 4303788 16420 155 169 2512 1984 0 5800 6072
 179       1 mmcblk0p1 0 0 0 0 0 0 0 0 0 0 0
 179       2 mmcblk0p2 0 0 0 0 0 0 0 0 0 0 0
 179       3 mmcblk0p3 0 0 0 0 0 0 0 0 0 0 0
 179       4 mmcblk0p4 0 0 0 0 0 0 0 0 0 0 0
 179       5 mmcblk0p5 1742 1483 421744 5208 0 0 0 0 0 824 988
 179       6 mmcblk0p6 0 0 0 0 0 0 0 0 0 0 0
 179       7 mmcblk0p7 1 0 32 0 0 0 0 0 0 0 0
 179       8 mmcblk0p8 0 0 0 0 0 0 0 0 0 0 0
 179       9 mmcblk0p9 0 0 0 0 0 0 0 0 0 0 0
 179      10 mmcblk0p10 520 189 32264 772 0 0 0 0 0 160 172
 179      11 mmcblk0p11 0 0 0 0 0 0 0 0 0 0 0
 179      12 mmcblk0p12 16537 2503 3849444 10392 145 169 2512 1972 0 4876 4924
 179      13 mmcblk0p13 0 0 0 0 0 0 0 0 0 0 0
 179      14 mmcblk0p14 1 0 256 0 0 0 0 0 0 0 0
 179      15 mmcblk0p15 0 0 0 0 0 0 0 0 0 0 0
 179      96 mmcblk0rpmb 0 0 0 0 0 0 0 0 0 0 0
 179      64 mmcblk0boot1 0 0 0 0 0 0 0 0 0 0 0
 179      32 mmcblk0boot0 0 0 0 0 0 0 0 0 0 0 0
 252       0 dm-0 1855 0 410360 9168 0 0 0 0 3 1432 9224
 252       1 dm-1 517 0 30728 1252 0 0 0 0 1 792 1252

3315
   1       0 ram0 0 0 0 0 0 0 0 0 0 0 0
   1       1 ram1 0 0 0 0 0 0 0 0 0 0 0
   1       2 ram2 0 0 0 0 0 0 0 0 0 0 0
   1       3 ram3 0 0 0 0 0 0 0 0 0 0 0
   1       4 ram4 0 0 0 0 0 0 0 0 0 0 0
   1       5 ram5 0 0 0 0 0 0 0 0 0 0 0
   1       6 ram6 0 0 0 0 0 0 0 0 0 0 0
   1       7 ram7 0 0 0 0 0 0 0 0 0 0 0
   1       8 ram8 0 0 0 0 0 0 0 0 0 0 0
   1       9 ram9 0 0 0 0 0 0 0 0 0 0 0
   1      10 ram10 0 0 0 0 0 0 0 0 0 0 0
   1      11 ram11 0 0 0 0 0 0 0 0 0 0 0
   1      12 ram12 0 0 0 0 0 0 0 0 0 0 0
   1      13 ram13 0 0 0 0 0 0 0 0 0 0 0
   1      14 ram14 0 0 0 0 0 0 0 0 0 0 0
   1      15 ram15 0 0 0 0 0 0 0 0 0 0 0
   7       0 loop0 0 0 0 0 0 0 0 0 0 0 0
   7       1 loop1 0 0 0 0 0 0 0 0 0 0 0
   7       2 loop2 0 0 0 0 0 0 0 0 0 0 0
   7       3 loop3 0 0 0 0 0 0 0 0 0 0 0
   7       4 loop4 0 0 0 0 0 0 0 0 0 0 0
   7       5 loop5 0 0 0 0 0 0 0 0 0 0 0
   7       6 loop6 0 0 0 0 0 0 0 0 0 0 0
   7       7 loop7 0 0 0 0 0 0 0 0 0 0 0
 253       0 zram0 36 0 288 0 1 0 8 0 0 0 0
 179       0 mmcblk0 19005 4176 4371244 16976 155 169 2512 1984 0 5912 6184
 179       1 mmcblk0p1 0 0 0 0 0 0 0 0 0 0 0
 179       2 mmcblk0p2 0 0 0 0 0 0 0 0 0 0 0
 179       3 mmcblk0p3 0 0 0 0 0 0 0 0 0 0 0
 179       4 mmcblk0p4 0 0 0 0 0 0 0 0 0 0 0
 179       5 mmcblk0p5 1813 1484 446088 5436 0 0 0 0 0 864 1028
 179       6 mmcblk0p6 0 0 0 0 0 0 0 0 0 0 0
 179       7 mmcblk0p7 1 0 32 0 0 0 0 0 0 0 0
 179       8 mmcblk0p8 0 0 0 0 0 0 0 0 0 0 0
 179       9 mmcblk0p9 0 0 0 0 0 0 0 0 0 0 0
 179      10 mmcblk0p10 572 189 40368 840 0 0 0 0 0 160 172
 179      11 mmcblk0p11 0 0 0 0 0 0 0 0 0 0 0
 179      12 mmcblk0p12 16612 2503 3884452 10652 145 169 2512 1972 2 4940 4988
 179      13 mmcblk0p13 0 0 0 0 0 0 0 0 0 0 0
 179      14 mmcblk0p14 1 0 256 0 0 0 0 0 0 0 0
 179      15 mmcblk0p15 0 0 0 0 0 0 0 0 0 0 0
 179      96 mmcblk0rpmb 0 0 0 0 0 0 0 0 0 0 0
 179      64 mmcblk0boot1 0 0 0 0 0 0 0 0 0 0 0
 179      32 mmcblk0boot0 0 0 0 0 0 0 0 0 0 0 0
 252       0 dm-0 2182 0 434704 11920 0 0 0 0 0 1532 11936
 252       1 dm-1 569 0 38832 1356 0 0 0 0 0 888 1356

3339
   1       0 ram0 0 0 0 0 0 0 0 0 0 0 0
   1       1 ram1 0 0 0 0 0 0 0 0 0 0 0
   1       2 ram2 0 0 0 0 0 0 0 0 0 0 0
   1       3 ram3 0 0 0 0 0 0 0 0 0 0 0
   1       4 ram4 0 0 0 0 0 0 0 0 0 0 0
   1       5 ram5 0 0 0 0 0 0 0 0 0 0 0
   1       6 ram6 0 0 0 0 0 0 0 0 0 0 0
   1       7 ram7 0 0 0 0 0 0 0 0 0 0 0
   1       8 ram8 0 0 0 0 0 0 0 0 0 0 0
   1       9 ram9 0 0 0 0 0 0 0 0 0 0 0
   1      10 ram10 0 0 0 0 0 0 0 0 0 0 0
   1      11 ram11 0 0 0 0 0 0 0 0 0 0 0
   1      12 ram12 0 0 0 0 0 0 0 0 0 0 0
   1      13 ram13 0 0 0 0 0 0 0 0 0 0 0
   1      14 ram14 0 0 0 0 0 0 0 0 0 0 0
   1      15 ram15 0 0 0 0 0 0 0 0 0 0 0
   7       0 loop0 0 0 0 0 0 0 0 0 0 0 0
   7       1 loop1 0 0 0 0 0 0 0 0 0 0 0
   7       2 loop2 0 0 0 0 0 0 0 0 0 0 0
   7       3 loop3 0 0 0 0 0 0 0 0 0 0 0
   7       4 loop4 0 0 0 0 0 0 0 0 0 0 0
   7       5 loop5 0 0 0 0 0 0 0 0 0 0 0
   7       6 loop6 0 0 0 0 0 0 0 0 0 0 0
   7       7 loop7 0 0 0 0 0 0 0 0 0 0 0
 253       0 zram0 36 0 288 0 1 0 8 0 0 0 0
 179       0 mmcblk0 19140 4176 4407620 17276 155 169 2512 1984 0 5964 6244
 179       1 mmcblk0p1 0 0 0 0 0 0 0 0 0 0 0
 179       2 mmcblk0p2 0 0 0 0 0 0 0 0 0 0 0
 179       3 mmcblk0p3 0 0 0 0 0 0 0 0 0 0 0
 179       4 mmcblk0p4 0 0 0 0 0 0 0 0 0 0 0
 179       5 mmcblk0p5 1881 1484 454928 5468 0 0 0 0 0 868 1032
 179       6 mmcblk0p6 0 0 0 0 0 0 0 0 0 0 0
 179       7 mmcblk0p7 1 0 32 0 0 0 0 0 0 0 0
 179       8 mmcblk0p8 0 0 0 0 0 0 0 0 0 0 0
 179       9 mmcblk0p9 0 0 0 0 0 0 0 0 0 0 0
 179      10 mmcblk0p10 610 189 41248 844 0 0 0 0 0 160 172
 179      11 mmcblk0p11 0 0 0 0 0 0 0 0 0 0 0
 179      12 mmcblk0p12 16641 2503 3911108 10916 145 169 2512 1972 0 4988 5044
 179      13 mmcblk0p13 0 0 0 0 0 0 0 0 0 0 0
 179      14 mmcblk0p14 1 0 256 0 0 0 0 0 0 0 0
 179      15 mmcblk0p15 0 0 0 0 0 0 0 0 0 0 0
 179      96 mmcblk0rpmb 0 0 0 0 0 0 0 0 0 0 0
 179      64 mmcblk0boot1 0 0 0 0 0 0 0 0 0 0 0
 179      32 mmcblk0boot0 0 0 0 0 0 0 0 0 0 0 0
 252       0 dm-0 2249 0 443544 11996 0 0 0 0 1 1600 12012
 252       1 dm-1 607 0 39712 1368 0 0 0 0 0 900 1368

3360
   1       0 ram0 0 0 0 0 0 0 0 0 0 0 0
   1       1 ram1 0 0 0 0 0 0 0 0 0 0 0
   1       2 ram2 0 0 0 0 0 0 0 0 0 0 0
   1       3 ram3 0 0 0 0 0 0 0 0 0 0 0
   1       4 ram4 0 0 0 0 0 0 0 0 0 0 0
   1       5 ram5 0 0 0 0 0 0 0 0 0 0 0
   1       6 ram6 0 0 0 0 0 0 0 0 0 0 0
   1       7 ram7 0 0 0 0 0 0 0 0 0 0 0
   1       8 ram8 0 0 0 0 0 0 0 0 0 0 0
   1       9 ram9 0 0 0 0 0 0 0 0 0 0 0
   1      10 ram10 0 0 0 0 0 0 0 0 0 0 0
   1      11 ram11 0 0 0 0 0 0 0 0 0 0 0
   1      12 ram12 0 0 0 0 0 0 0 0 0 0 0
   1      13 ram13 0 0 0 0 0 0 0 0 0 0 0
   1      14 ram14 0 0 0 0 0 0 0 0 0 0 0
   1      15 ram15 0 0 0 0 0 0 0 0 0 0 0
   7       0 loop0 0 0 0 0 0 0 0 0 0 0 0
   7       1 loop1 0 0 0 0 0 0 0 0 0 0 0
   7       2 loop2 0 0 0 0 0 0 0 0 0 0 0
   7       3 loop3 0 0 0 0 0 0 0 0 0 0 0
   7       4 loop4 0 0 0 0 0 0 0 0 0 0 0
   7       5 loop5 0 0 0 0 0 0 0 0 0 0 0
   7       6 loop6 0 0 0 0 0 0 0 0 0 0 0
   7       7 loop7 0 0 0 0 0 0 0 0 0 0 0
 253       0 zram0 36 0 288 0 1 0 8 0 0 0 0
 179       0 mmcblk0 19285 4239 4471644 17772 155 169 2512 1984 0 6084 6380
 179       1 mmcblk0p1 0 0 0 0 0 0 0 0 0 0 0
 179       2 mmcblk0p2 0 0 0 0 0 0 0 0 0 0 0
 179       3 mmcblk0p3 0 0 0 0 0 0 0 0 0 0 0
 179       4 mmcblk0p4 0 0 0 0 0 0 0 0 0 0 0
 179       5 mmcblk0p5 2016 1547 518744 5956 0 0 0 0 0 988 1168
 179       6 mmcblk0p6 0 0 0 0 0 0 0 0 0 0 0
 179       7 mmcblk0p7 1 0 32 0 0 0 0 0 0 0 0
 179       8 mmcblk0p8 0 0 0 0 0 0 0 0 0 0 0
 179       9 mmcblk0p9 0 0 0 0 0 0 0 0 0 0 0
 179      10 mmcblk0p10 620 189 41456 852 0 0 0 0 0 160 172
 179      11 mmcblk0p11 0 0 0 0 0 0 0 0 0 0 0
 179      12 mmcblk0p12 16641 2503 3911108 10916 145 169 2512 1972 0 4988 5044
 179      13 mmcblk0p13 0 0 0 0 0 0 0 0 0 0 0
 179      14 mmcblk0p14 1 0 256 0 0 0 0 0 0 0 0
 179      15 mmcblk0p15 0 0 0 0 0 0 0 0 0 0 0
 179      96 mmcblk0rpmb 0 0 0 0 0 0 0 0 0 0 0
 179      64 mmcblk0boot1 0 0 0 0 0 0 0 0 0 0 0
 179      32 mmcblk0boot0 0 0 0 0 0 0 0 0 0 0 0
 252       0 dm-0 2354 0 506848 12452 0 0 0 0 0 1792 12468
 252       1 dm-1 617 0 39920 1376 0 0 0 0 0 908 1376

3382
   1       0 ram0 0 0 0 0 0 0 0 0 0 0 0
   1       1 ram1 0 0 0 0 0 0 0 0 0 0 0
   1       2 ram2 0 0 0 0 0 0 0 0 0 0 0
   1       3 ram3 0 0 0 0 0 0 0 0 0 0 0
   1       4 ram4 0 0 0 0 0 0 0 0 0 0 0
   1       5 ram5 0 0 0 0 0 0 0 0 0 0 0
   1       6 ram6 0 0 0 0 0 0 0 0 0 0 0
   1       7 ram7 0 0 0 0 0 0 0 0 0 0 0
   1       8 ram8 0 0 0 0 0 0 0 0 0 0 0
   1       9 ram9 0 0 0 0 0 0 0 0 0 0 0
   1      10 ram10 0 0 0 0 0 0 0 0 0 0 0
   1      11 ram11 0 0 0 0 0 0 0 0 0 0 0
   1      12 ram12 0 0 0 0 0 0 0 0 0 0 0
   1      13 ram13 0 0 0 0 0 0 0 0 0 0 0
   1      14 ram14 0 0 0 0 0 0 0 0 0 0 0
   1      15 ram15 0 0 0 0 0 0 0 0 0 0 0
   7       0 loop0 0 0 0 0 0 0 0 0 0 0 0
   7       1 loop1 0 0 0 0 0 0 0 0 0 0 0
   7       2 loop2 0 0 0 0 0 0 0 0 0 0 0
   7       3 loop3 0 0 0 0 0 0 0 0 0 0 0
   7       4 loop4 0 0 0 0 0 0 0 0 0 0 0
   7       5 loop5 0 0 0 0 0 0 0 0 0 0 0
   7       6 loop6 0 0 0 0 0 0 0 0 0 0 0
   7       7 loop7 0 0 0 0 0 0 0 0 0 0 0
 253       0 zram0 36 0 288 0 1 0 8 0 0 0 0
 179       0 mmcblk0 19351 4240 4512348 18132 155 169 2512 1984 0 6156 6456
 179       1 mmcblk0p1 0 0 0 0 0 0 0 0 0 0 0
 179       2 mmcblk0p2 0 0 0 0 0 0 0 0 0 0 0
 179       3 mmcblk0p3 0 0 0 0 0 0 0 0 0 0 0
 179       4 mmcblk0p4 0 0 0 0 0 0 0 0 0 0 0
 179       5 mmcblk0p5 2082 1548 559448 6316 0 0 0 0 0 1060 1244
 179       6 mmcblk0p6 0 0 0 0 0 0 0 0 0 0 0
 179       7 mmcblk0p7 1 0 32 0 0 0 0 0 0 0 0
 179       8 mmcblk0p8 0 0 0 0 0 0 0 0 0 0 0
 179       9 mmcblk0p9 0 0 0 0 0 0 0 0 0 0 0
 179      10 mmcblk0p10 620 189 41456 852 0 0 0 0 0 160 172
 179      11 mmcblk0p11 0 0 0 0 0 0 0 0 0 0 0
 179      12 mmcblk0p12 16641 2503 3911108 10916 145 169 2512 1972 0 4988 5044
 179      13 mmcblk0p13 0 0 0 0 0 0 0 0 0 0 0
 179      14 mmcblk0p14 1 0 256 0 0 0 0 0 0 0 0
 179      15 mmcblk0p15 0 0 0 0 0 0 0 0 0 0 0
 179      96 mmcblk0rpmb 0 0 0 0 0 0 0 0 0 0 0
 179      64 mmcblk0boot1 0 0 0 0 0 0 0 0 0 0 0
 179      32 mmcblk0boot0 0 0 0 0 0 0 0 0 0 0 0
 252       0 dm-0 2402 0 547552 12772 0 0 0 0 0 1908 12788
 252       1 dm-1 617 0 39920 1376 0 0 0 0 0 908 1376

3404
   1       0 ram0 0 0 0 0 0 0 0 0 0 0 0
   1       1 ram1 0 0 0 0 0 0 0 0 0 0 0
   1       2 ram2 0 0 0 0 0 0 0 0 0 0 0
   1       3 ram3 0 0 0 0 0 0 0 0 0 0 0
   1       4 ram4 0 0 0 0 0 0 0 0 0 0 0
   1       5 ram5 0 0 0 0 0 0 0 0 0 0 0
   1       6 ram6 0 0 0 0 0 0 0 0 0 0 0
   1       7 ram7 0 0 0 0 0 0 0 0 0 0 0
   1       8 ram8 0 0 0 0 0 0 0 0 0 0 0
   1       9 ram9 0 0 0 0 0 0 0 0 0 0 0
   1      10 ram10 0 0 0 0 0 0 0 0 0 0 0
   1      11 ram11 0 0 0 0 0 0 0 0 0 0 0
   1      12 ram12 0 0 0 0 0 0 0 0 0 0 0
   1      13 ram13 0 0 0 0 0 0 0 0 0 0 0
   1      14 ram14 0 0 0 0 0 0 0 0 0 0 0
   1      15 ram15 0 0 0 0 0 0 0 0 0 0 0
   7       0 loop0 0 0 0 0 0 0 0 0 0 0 0
   7       1 loop1 0 0 0 0 0 0 0 0 0 0 0
   7       2 loop2 0 0 0 0 0 0 0 0 0 0 0
   7       3 loop3 0 0 0 0 0 0 0 0 0 0 0
   7       4 loop4 0 0 0 0 0 0 0 0 0 0 0
   7       5 loop5 0 0 0 0 0 0 0 0 0 0 0
   7       6 loop6 0 0 0 0 0 0 0 0 0 0 0
   7       7 loop7 0 0 0 0 0 0 0 0 0 0 0
 253       0 zram0 36 0 288 0 1 0 8 0 0 0 0
 179       0 mmcblk0 19412 4303 4535812 18248 155 169 2512 1984 0 6180 6480
 179       1 mmcblk0p1 0 0 0 0 0 0 0 0 0 0 0
 179       2 mmcblk0p2 0 0 0 0 0 0 0 0 0 0 0
 179       3 mmcblk0p3 0 0 0 0 0 0 0 0 0 0 0
 179       4 mmcblk0p4 0 0 0 0 0 0 0 0 0 0 0
 179       5 mmcblk0p5 2134 1611 582832 6428 0 0 0 0 1 1084 1268
 179       6 mmcblk0p6 0 0 0 0 0 0 0 0 0 0 0
 179       7 mmcblk0p7 1 0 32 0 0 0 0 0 0 0 0
 179       8 mmcblk0p8 0 0 0 0 0 0 0 0 0 0 0
 179       9 mmcblk0p9 0 0 0 0 0 0 0 0 0 0 0
 179      10 mmcblk0p10 628 189 41528 856 0 0 0 0 0 160 172
 179      11 mmcblk0p11 0 0 0 0 0 0 0 0 0 0 0
 179      12 mmcblk0p12 16642 2503 3911116 10916 145 169 2512 1972 0 4988 5044
 179      13 mmcblk0p13 0 0 0 0 0 0 0 0 0 0 0
 179      14 mmcblk0p14 1 0 256 0 0 0 0 0 0 0 0
 179      15 mmcblk0p15 0 0 0 0 0 0 0 0 0 0 0
 179      96 mmcblk0rpmb 0 0 0 0 0 0 0 0 0 0 0
 179      64 mmcblk0boot1 0 0 0 0 0 0 0 0 0 0 0
 179      32 mmcblk0boot0 0 0 0 0 0 0 0 0 0 0 0
 252       0 dm-0 2447 0 571072 12872 0 0 0 0 3 1972 12924
 252       1 dm-1 625 0 39992 1380 0 0 0 0 0 912 1380

3426
   1       0 ram0 0 0 0 0 0 0 0 0 0 0 0
   1       1 ram1 0 0 0 0 0 0 0 0 0 0 0
   1       2 ram2 0 0 0 0 0 0 0 0 0 0 0
   1       3 ram3 0 0 0 0 0 0 0 0 0 0 0
   1       4 ram4 0 0 0 0 0 0 0 0 0 0 0
   1       5 ram5 0 0 0 0 0 0 0 0 0 0 0
   1       6 ram6 0 0 0 0 0 0 0 0 0 0 0
   1       7 ram7 0 0 0 0 0 0 0 0 0 0 0
   1       8 ram8 0 0 0 0 0 0 0 0 0 0 0
   1       9 ram9 0 0 0 0 0 0 0 0 0 0 0
   1      10 ram10 0 0 0 0 0 0 0 0 0 0 0
   1      11 ram11 0 0 0 0 0 0 0 0 0 0 0
   1      12 ram12 0 0 0 0 0 0 0 0 0 0 0
   1      13 ram13 0 0 0 0 0 0 0 0 0 0 0
   1      14 ram14 0 0 0 0 0 0 0 0 0 0 0
   1      15 ram15 0 0 0 0 0 0 0 0 0 0 0
   7       0 loop0 0 0 0 0 0 0 0 0 0 0 0
   7       1 loop1 0 0 0 0 0 0 0 0 0 0 0
   7       2 loop2 0 0 0 0 0 0 0 0 0 0 0
   7       3 loop3 0 0 0 0 0 0 0 0 0 0 0
   7       4 loop4 0 0 0 0 0 0 0 0 0 0 0
   7       5 loop5 0 0 0 0 0 0 0 0 0 0 0
   7       6 loop6 0 0 0 0 0 0 0 0 0 0 0
   7       7 loop7 0 0 0 0 0 0 0 0 0 0 0
 253       0 zram0 36 0 288 0 1 0 8 0 0 0 0
 179       0 mmcblk0 19612 4303 4563932 18356 155 169 2512 1984 0 6180 6480
 179       1 mmcblk0p1 0 0 0 0 0 0 0 0 0 0 0
 179       2 mmcblk0p2 0 0 0 0 0 0 0 0 0 0 0
 179       3 mmcblk0p3 0 0 0 0 0 0 0 0 0 0 0
 179       4 mmcblk0p4 0 0 0 0 0 0 0 0 0 0 0
 179       5 mmcblk0p5 2333 1611 610944 6536 0 0 0 0 0 1084 1268
 179       6 mmcblk0p6 0 0 0 0 0 0 0 0 0 0 0
 179       7 mmcblk0p7 1 0 32 0 0 0 0 0 0 0 0
 179       8 mmcblk0p8 0 0 0 0 0 0 0 0 0 0 0
 179       9 mmcblk0p9 0 0 0 0 0 0 0 0 0 0 0
 179      10 mmcblk0p10 629 189 41536 856 0 0 0 0 0 160 172
 179      11 mmcblk0p11 0 0 0 0 0 0 0 0 0 0 0
 179      12 mmcblk0p12 16642 2503 3911116 10916 145 169 2512 1972 0 4988 5044
 179      13 mmcblk0p13 0 0 0 0 0 0 0 0 0 0 0
 179      14 mmcblk0p14 1 0 256 0 0 0 0 0 0 0 0
 179      15 mmcblk0p15 0 0 0 0 0 0 0 0 0 0 0
 179      96 mmcblk0rpmb 0 0 0 0 0 0 0 0 0 0 0
 179      64 mmcblk0boot1 0 0 0 0 0 0 0 0 0 0 0
 179      32 mmcblk0boot0 0 0 0 0 0 0 0 0 0 0 0
 252       0 dm-0 2645 0 598536 13068 0 0 0 0 1 2128 13088
 252       1 dm-1 626 0 40000 1380 0 0 0 0 0 912 1380

3447
   1       0 ram0 0 0 0 0 0 0 0 0 0 0 0
   1       1 ram1 0 0 0 0 0 0 0 0 0 0 0
   1       2 ram2 0 0 0 0 0 0 0 0 0 0 0
   1       3 ram3 0 0 0 0 0 0 0 0 0 0 0
   1       4 ram4 0 0 0 0 0 0 0 0 0 0 0
   1       5 ram5 0 0 0 0 0 0 0 0 0 0 0
   1       6 ram6 0 0 0 0 0 0 0 0 0 0 0
   1       7 ram7 0 0 0 0 0 0 0 0 0 0 0
   1       8 ram8 0 0 0 0 0 0 0 0 0 0 0
   1       9 ram9 0 0 0 0 0 0 0 0 0 0 0
   1      10 ram10 0 0 0 0 0 0 0 0 0 0 0
   1      11 ram11 0 0 0 0 0 0 0 0 0 0 0
   1      12 ram12 0 0 0 0 0 0 0 0 0 0 0
   1      13 ram13 0 0 0 0 0 0 0 0 0 0 0
   1      14 ram14 0 0 0 0 0 0 0 0 0 0 0
   1      15 ram15 0 0 0 0 0 0 0 0 0 0 0
   7       0 loop0 0 0 0 0 0 0 0 0 0 0 0
   7       1 loop1 0 0 0 0 0 0 0 0 0 0 0
   7       2 loop2 0 0 0 0 0 0 0 0 0 0 0
   7       3 loop3 0 0 0 0 0 0 0 0 0 0 0
   7       4 loop4 0 0 0 0 0 0 0 0 0 0 0
   7       5 loop5 0 0 0 0 0 0 0 0 0 0 0
   7       6 loop6 0 0 0 0 0 0 0 0 0 0 0
   7       7 loop7 0 0 0 0 0 0 0 0 0 0 0
 253       0 zram0 36 0 288 0 1 0 8 0 0 0 0
 179       0 mmcblk0 19701 4303 4619652 18848 155 169 2512 1984 0 6272 6580
 179       1 mmcblk0p1 0 0 0 0 0 0 0 0 0 0 0
 179       2 mmcblk0p2 0 0 0 0 0 0 0 0 0 0 0
 179       3 mmcblk0p3 0 0 0 0 0 0 0 0 0 0 0
 179       4 mmcblk0p4 0 0 0 0 0 0 0 0 0 0 0
 179       5 mmcblk0p5 2420 1611 666608 7024 0 0 0 0 0 1176 1368
 179       6 mmcblk0p6 0 0 0 0 0 0 0 0 0 0 0
 179       7 mmcblk0p7 1 0 32 0 0 0 0 0 0 0 0
 179       8 mmcblk0p8 0 0 0 0 0 0 0 0 0 0 0
 179       9 mmcblk0p9 0 0 0 0 0 0 0 0 0 0 0
 179      10 mmcblk0p10 631 189 41592 860 0 0 0 0 0 160 172
 179      11 mmcblk0p11 0 0 0 0 0 0 0 0 0 0 0
 179      12 mmcblk0p12 16642 2503 3911116 10916 145 169 2512 1972 0 4988 5044
 179      13 mmcblk0p13 0 0 0 0 0 0 0 0 0 0 0
 179      14 mmcblk0p14 1 0 256 0 0 0 0 0 0 0 0
 179      15 mmcblk0p15 0 0 0 0 0 0 0 0 0 0 0
 179      96 mmcblk0rpmb 0 0 0 0 0 0 0 0 0 0 0
 179      64 mmcblk0boot1 0 0 0 0 0 0 0 0 0 0 0
 179      32 mmcblk0boot0 0 0 0 0 0 0 0 0 0 0 0
 252       0 dm-0 2704 0 654200 13488 0 0 0 0 0 2256 13504
 252       1 dm-1 628 0 40056 1384 0 0 0 0 0 916 1384

3469
   1       0 ram0 0 0 0 0 0 0 0 0 0 0 0
   1       1 ram1 0 0 0 0 0 0 0 0 0 0 0
   1       2 ram2 0 0 0 0 0 0 0 0 0 0 0
   1       3 ram3 0 0 0 0 0 0 0 0 0 0 0
   1       4 ram4 0 0 0 0 0 0 0 0 0 0 0
   1       5 ram5 0 0 0 0 0 0 0 0 0 0 0
   1       6 ram6 0 0 0 0 0 0 0 0 0 0 0
   1       7 ram7 0 0 0 0 0 0 0 0 0 0 0
   1       8 ram8 0 0 0 0 0 0 0 0 0 0 0
   1       9 ram9 0 0 0 0 0 0 0 0 0 0 0
   1      10 ram10 0 0 0 0 0 0 0 0 0 0 0
   1      11 ram11 0 0 0 0 0 0 0 0 0 0 0
   1      12 ram12 0 0 0 0 0 0 0 0 0 0 0
   1      13 ram13 0 0 0 0 0 0 0 0 0 0 0
   1      14 ram14 0 0 0 0 0 0 0 0 0 0 0
   1      15 ram15 0 0 0 0 0 0 0 0 0 0 0
   7       0 loop0 0 0 0 0 0 0 0 0 0 0 0
   7       1 loop1 0 0 0 0 0 0 0 0 0 0 0
   7       2 loop2 0 0 0 0 0 0 0 0 0 0 0
   7       3 loop3 0 0 0 0 0 0 0 0 0 0 0
   7       4 loop4 0 0 0 0 0 0 0 0 0 0 0
   7       5 loop5 0 0 0 0 0 0 0 0 0 0 0
   7       6 loop6 0 0 0 0 0 0 0 0 0 0 0
   7       7 loop7 0 0 0 0 0 0 0 0 0 0 0
 253       0 zram0 36 0 288 0 1 0 8 0 0 0 0
 179       0 mmcblk0 19703 4303 4619684 18852 155 169 2512 1984 0 6272 6580
 179       1 mmcblk0p1 0 0 0 0 0 0 0 0 0 0 0
 179       2 mmcblk0p2 0 0 0 0 0 0 0 0 0 0 0
 179       3 mmcblk0p3 0 0 0 0 0 0 0 0 0 0 0
 179       4 mmcblk0p4 0 0 0 0 0 0 0 0 0 0 0
 179       5 mmcblk0p5 2422 1611 666640 7028 0 0 0 0 0 1176 1368
 179       6 mmcblk0p6 0 0 0 0 0 0 0 0 0 0 0
 179       7 mmcblk0p7 1 0 32 0 0 0 0 0 0 0 0
 179       8 mmcblk0p8 0 0 0 0 0 0 0 0 0 0 0
 179       9 mmcblk0p9 0 0 0 0 0 0 0 0 0 0 0
 179      10 mmcblk0p10 631 189 41592 860 0 0 0 0 0 160 172
 179      11 mmcblk0p11 0 0 0 0 0 0 0 0 0 0 0
 179      12 mmcblk0p12 16642 2503 3911116 10916 145 169 2512 1972 0 4988 5044
 179      13 mmcblk0p13 0 0 0 0 0 0 0 0 0 0 0
 179      14 mmcblk0p14 1 0 256 0 0 0 0 0 0 0 0
 179      15 mmcblk0p15 0 0 0 0 0 0 0 0 0 0 0
 179      96 mmcblk0rpmb 0 0 0 0 0 0 0 0 0 0 0
 179      64 mmcblk0boot1 0 0 0 0 0 0 0 0 0 0 0
 179      32 mmcblk0boot0 0 0 0 0 0 0 0 0 0 0 0
 252       0 dm-0 2706 0 654232 13492 0 0 0 0 0 2260 13508
 252       1 dm-1 628 0 40056 1384 0 0 0 0 0 916 1384

3490
   1       0 ram0 0 0 0 0 0 0 0 0 0 0 0
   1       1 ram1 0 0 0 0 0 0 0 0 0 0 0
   1       2 ram2 0 0 0 0 0 0 0 0 0 0 0
   1       3 ram3 0 0 0 0 0 0 0 0 0 0 0
   1       4 ram4 0 0 0 0 0 0 0 0 0 0 0
   1       5 ram5 0 0 0 0 0 0 0 0 0 0 0
   1       6 ram6 0 0 0 0 0 0 0 0 0 0 0
   1       7 ram7 0 0 0 0 0 0 0 0 0 0 0
   1       8 ram8 0 0 0 0 0 0 0 0 0 0 0
   1       9 ram9 0 0 0 0 0 0 0 0 0 0 0
   1      10 ram10 0 0 0 0 0 0 0 0 0 0 0
   1      11 ram11 0 0 0 0 0 0 0 0 0 0 0
   1      12 ram12 0 0 0 0 0 0 0 0 0 0 0
   1      13 ram13 0 0 0 0 0 0 0 0 0 0 0
   1      14 ram14 0 0 0 0 0 0 0 0 0 0 0
   1      15 ram15 0 0 0 0 0 0 0 0 0 0 0
   7       0 loop0 0 0 0 0 0 0 0 0 0 0 0
   7       1 loop1 0 0 0 0 0 0 0 0 0 0 0
   7       2 loop2 0 0 0 0 0 0 0 0 0 0 0
   7       3 loop3 0 0 0 0 0 0 0 0 0 0 0
   7       4 loop4 0 0 0 0 0 0 0 0 0 0 0
   7       5 loop5 0 0 0 0 0 0 0 0 0 0 0
   7       6 loop6 0 0 0 0 0 0 0 0 0 0 0
   7       7 loop7 0 0 0 0 0 0 0 0 0 0 0
 253       0 zram0 36 0 288 0 1 0 8 0 0 0 0
 179       0 mmcblk0 19745 4303 4653916 19148 155 169 2512 1984 0 6332 6648
 179       1 mmcblk0p1 0 0 0 0 0 0 0 0 0 0 0
 179       2 mmcblk0p2 0 0 0 0 0 0 0 0 0 0 0
 179       3 mmcblk0p3 0 0 0 0 0 0 0 0 0 0 0
 179       4 mmcblk0p4 0 0 0 0 0 0 0 0 0 0 0
 179       5 mmcblk0p5 2463 1611 700864 7320 0 0 0 0 2 1240 1444
 179       6 mmcblk0p6 0 0 0 0 0 0 0 0 0 0 0
 179       7 mmcblk0p7 1 0 32 0 0 0 0 0 0 0 0
 179       8 mmcblk0p8 0 0 0 0 0 0 0 0 0 0 0
 179       9 mmcblk0p9 0 0 0 0 0 0 0 0 0 0 0
 179      10 mmcblk0p10 632 189 41600 864 0 0 0 0 0 160 172
 179      11 mmcblk0p11 0 0 0 0 0 0 0 0 0 0 0
 179      12 mmcblk0p12 16642 2503 3911116 10916 145 169 2512 1972 0 4988 5044
 179      13 mmcblk0p13 0 0 0 0 0 0 0 0 0 0 0
 179      14 mmcblk0p14 1 0 256 0 0 0 0 0 0 0 0
 179      15 mmcblk0p15 0 0 0 0 0 0 0 0 0 0 0
 179      96 mmcblk0rpmb 0 0 0 0 0 0 0 0 0 0 0
 179      64 mmcblk0boot1 0 0 0 0 0 0 0 0 0 0 0
 179      32 mmcblk0boot0 0 0 0 0 0 0 0 0 0 0 0
 252       0 dm-0 2732 0 692552 13700 0 0 0 0 3 2332 13748
 252       1 dm-1 629 0 40064 1388 0 0 0 0 0 920 1388

3511
   1       0 ram0 0 0 0 0 0 0 0 0 0 0 0
   1       1 ram1 0 0 0 0 0 0 0 0 0 0 0
   1       2 ram2 0 0 0 0 0 0 0 0 0 0 0
   1       3 ram3 0 0 0 0 0 0 0 0 0 0 0
   1       4 ram4 0 0 0 0 0 0 0 0 0 0 0
   1       5 ram5 0 0 0 0 0 0 0 0 0 0 0
   1       6 ram6 0 0 0 0 0 0 0 0 0 0 0
   1       7 ram7 0 0 0 0 0 0 0 0 0 0 0
   1       8 ram8 0 0 0 0 0 0 0 0 0 0 0
   1       9 ram9 0 0 0 0 0 0 0 0 0 0 0
   1      10 ram10 0 0 0 0 0 0 0 0 0 0 0
   1      11 ram11 0 0 0 0 0 0 0 0 0 0 0
   1      12 ram12 0 0 0 0 0 0 0 0 0 0 0
   1      13 ram13 0 0 0 0 0 0 0 0 0 0 0
   1      14 ram14 0 0 0 0 0 0 0 0 0 0 0
   1      15 ram15 0 0 0 0 0 0 0 0 0 0 0
   7       0 loop0 0 0 0 0 0 0 0 0 0 0 0
   7       1 loop1 0 0 0 0 0 0 0 0 0 0 0
   7       2 loop2 0 0 0 0 0 0 0 0 0 0 0
   7       3 loop3 0 0 0 0 0 0 0 0 0 0 0
   7       4 loop4 0 0 0 0 0 0 0 0 0 0 0
   7       5 loop5 0 0 0 0 0 0 0 0 0 0 0
   7       6 loop6 0 0 0 0 0 0 0 0 0 0 0
   7       7 loop7 0 0 0 0 0 0 0 0 0 0 0
 253       0 zram0 36 0 288 0 1 0 8 0 0 0 0
 179       0 mmcblk0 19828 4303 4685940 19344 158 180 2624 1988 0 6364 6680
 179       1 mmcblk0p1 0 0 0 0 0 0 0 0 0 0 0
 179       2 mmcblk0p2 0 0 0 0 0 0 0 0 0 0 0
 179       3 mmcblk0p3 0 0 0 0 0 0 0 0 0 0 0
 179       4 mmcblk0p4 0 0 0 0 0 0 0 0 0 0 0
 179       5 mmcblk0p5 2546 1611 732888 7516 0 0 0 0 0 1272 1476
 179       6 mmcblk0p6 0 0 0 0 0 0 0 0 0 0 0
 179       7 mmcblk0p7 1 0 32 0 0 0 0 0 0 0 0
 179       8 mmcblk0p8 0 0 0 0 0 0 0 0 0 0 0
 179       9 mmcblk0p9 0 0 0 0 0 0 0 0 0 0 0
 179      10 mmcblk0p10 632 189 41600 864 0 0 0 0 0 160 172
 179      11 mmcblk0p11 0 0 0 0 0 0 0 0 0 0 0
 179      12 mmcblk0p12 16642 2503 3911116 10916 148 180 2624 1976 0 4988 5044
 179      13 mmcblk0p13 0 0 0 0 0 0 0 0 0 0 0
 179      14 mmcblk0p14 1 0 256 0 0 0 0 0 0 0 0
 179      15 mmcblk0p15 0 0 0 0 0 0 0 0 0 0 0
 179      96 mmcblk0rpmb 0 0 0 0 0 0 0 0 0 0 0
 179      64 mmcblk0boot1 0 0 0 0 0 0 0 0 0 0 0
 179      32 mmcblk0boot0 0 0 0 0 0 0 0 0 0 0 0
 252       0 dm-0 2802 0 720480 13904 0 0 0 0 0 2436 13920
 252       1 dm-1 629 0 40064 1388 0 0 0 0 0 920 1388

3532
   1       0 ram0 0 0 0 0 0 0 0 0 0 0 0
   1       1 ram1 0 0 0 0 0 0 0 0 0 0 0
   1       2 ram2 0 0 0 0 0 0 0 0 0 0 0
   1       3 ram3 0 0 0 0 0 0 0 0 0 0 0
   1       4 ram4 0 0 0 0 0 0 0 0 0 0 0
   1       5 ram5 0 0 0 0 0 0 0 0 0 0 0
   1       6 ram6 0 0 0 0 0 0 0 0 0 0 0
   1       7 ram7 0 0 0 0 0 0 0 0 0 0 0
   1       8 ram8 0 0 0 0 0 0 0 0 0 0 0
   1       9 ram9 0 0 0 0 0 0 0 0 0 0 0
   1      10 ram10 0 0 0 0 0 0 0 0 0 0 0
   1      11 ram11 0 0 0 0 0 0 0 0 0 0 0
   1      12 ram12 0 0 0 0 0 0 0 0 0 0 0
   1      13 ram13 0 0 0 0 0 0 0 0 0 0 0
   1      14 ram14 0 0 0 0 0 0 0 0 0 0 0
   1      15 ram15 0 0 0 0 0 0 0 0 0 0 0
   7       0 loop0 0 0 0 0 0 0 0 0 0 0 0
   7       1 loop1 0 0 0 0 0 0 0 0 0 0 0
   7       2 loop2 0 0 0 0 0 0 0 0 0 0 0
   7       3 loop3 0 0 0 0 0 0 0 0 0 0 0
   7       4 loop4 0 0 0 0 0 0 0 0 0 0 0
   7       5 loop5 0 0 0 0 0 0 0 0 0 0 0
   7       6 loop6 0 0 0 0 0 0 0 0 0 0 0
   7       7 loop7 0 0 0 0 0 0 0 0 0 0 0
 253       0 zram0 36 0 288 0 1 0 8 0 0 0 0
 179       0 mmcblk0 19929 4303 4711628 19564 158 180 2624 1988 0 6404 6720
 179       1 mmcblk0p1 0 0 0 0 0 0 0 0 0 0 0
 179       2 mmcblk0p2 0 0 0 0 0 0 0 0 0 0 0
 179       3 mmcblk0p3 0 0 0 0 0 0 0 0 0 0 0
 179       4 mmcblk0p4 0 0 0 0 0 0 0 0 0 0 0
 179       5 mmcblk0p5 2586 1611 758088 7724 0 0 0 0 0 1312 1516
 179       6 mmcblk0p6 0 0 0 0 0 0 0 0 0 0 0
 179       7 mmcblk0p7 1 0 32 0 0 0 0 0 0 0 0
 179       8 mmcblk0p8 0 0 0 0 0 0 0 0 0 0 0
 179       9 mmcblk0p9 0 0 0 0 0 0 0 0 0 0 0
 179      10 mmcblk0p10 692 189 42080 876 0 0 0 0 0 160 172
 179      11 mmcblk0p11 0 0 0 0 0 0 0 0 0 0 0
 179      12 mmcblk0p12 16643 2503 3911124 10916 148 180 2624 1976 0 4988 5044
 179      13 mmcblk0p13 0 0 0 0 0 0 0 0 0 0 0
 179      14 mmcblk0p14 1 0 256 0 0 0 0 0 0 0 0
 179      15 mmcblk0p15 0 0 0 0 0 0 0 0 0 0 0
 179      96 mmcblk0rpmb 0 0 0 0 0 0 0 0 0 0 0
 179      64 mmcblk0boot1 0 0 0 0 0 0 0 0 0 0 0
 179      32 mmcblk0boot0 0 0 0 0 0 0 0 0 0 0 0
 252       0 dm-0 2830 0 745680 14072 0 0 0 0 0 2492 14088
 252       1 dm-1 689 0 40544 1404 0 0 0 0 0 936 1404

3554
   1       0 ram0 0 0 0 0 0 0 0 0 0 0 0
   1       1 ram1 0 0 0 0 0 0 0 0 0 0 0
   1       2 ram2 0 0 0 0 0 0 0 0 0 0 0
   1       3 ram3 0 0 0 0 0 0 0 0 0 0 0
   1       4 ram4 0 0 0 0 0 0 0 0 0 0 0
   1       5 ram5 0 0 0 0 0 0 0 0 0 0 0
   1       6 ram6 0 0 0 0 0 0 0 0 0 0 0
   1       7 ram7 0 0 0 0 0 0 0 0 0 0 0
   1       8 ram8 0 0 0 0 0 0 0 0 0 0 0
   1       9 ram9 0 0 0 0 0 0 0 0 0 0 0
   1      10 ram10 0 0 0 0 0 0 0 0 0 0 0
   1      11 ram11 0 0 0 0 0 0 0 0 0 0 0
   1      12 ram12 0 0 0 0 0 0 0 0 0 0 0
   1      13 ram13 0 0 0 0 0 0 0 0 0 0 0
   1      14 ram14 0 0 0 0 0 0 0 0 0 0 0
   1      15 ram15 0 0 0 0 0 0 0 0 0 0 0
   7       0 loop0 0 0 0 0 0 0 0 0 0 0 0
   7       1 loop1 0 0 0 0 0 0 0 0 0 0 0
   7       2 loop2 0 0 0 0 0 0 0 0 0 0 0
   7       3 loop3 0 0 0 0 0 0 0 0 0 0 0
   7       4 loop4 0 0 0 0 0 0 0 0 0 0 0
   7       5 loop5 0 0 0 0 0 0 0 0 0 0 0
   7       6 loop6 0 0 0 0 0 0 0 0 0 0 0
   7       7 loop7 0 0 0 0 0 0 0 0 0 0 0
 253       0 zram0 36 0 288 0 1 0 8 0 0 0 0
 179       0 mmcblk0 19951 4329 4713164 19592 161 197 2904 1992 0 6412 6728
 179       1 mmcblk0p1 0 0 0 0 0 0 0 0 0 0 0
 179       2 mmcblk0p2 0 0 0 0 0 0 0 0 0 0 0
 179       3 mmcblk0p3 0 0 0 0 0 0 0 0 0 0 0
 179       4 mmcblk0p4 0 0 0 0 0 0 0 0 0 0 0
 179       5 mmcblk0p5 2589 1611 758568 7728 0 0 0 0 0 1312 1516
 179       6 mmcblk0p6 0 0 0 0 0 0 0 0 0 0 0
 179       7 mmcblk0p7 1 0 32 0 0 0 0 0 0 0 0
 179       8 mmcblk0p8 0 0 0 0 0 0 0 0 0 0 0
 179       9 mmcblk0p9 0 0 0 0 0 0 0 0 0 0 0
 179      10 mmcblk0p10 694 189 42096 876 0 0 0 0 0 160 172
 179      11 mmcblk0p11 0 0 0 0 0 0 0 0 0 0 0
 179      12 mmcblk0p12 16660 2529 3912164 10940 151 197 2904 1980 0 4996 5052
 179      13 mmcblk0p13 0 0 0 0 0 0 0 0 0 0 0
 179      14 mmcblk0p14 1 0 256 0 0 0 0 0 0 0 0
 179      15 mmcblk0p15 0 0 0 0 0 0 0 0 0 0 0
 179      96 mmcblk0rpmb 0 0 0 0 0 0 0 0 0 0 0
 179      64 mmcblk0boot1 0 0 0 0 0 0 0 0 0 0 0
 179      32 mmcblk0boot0 0 0 0 0 0 0 0 0 0 0 0
 252       0 dm-0 2833 0 746160 14076 0 0 0 0 0 2496 14092
 252       1 dm-1 691 0 40560 1404 0 0 0 0 0 936 1404

3575
   1       0 ram0 0 0 0 0 0 0 0 0 0 0 0
   1       1 ram1 0 0 0 0 0 0 0 0 0 0 0
   1       2 ram2 0 0 0 0 0 0 0 0 0 0 0
   1       3 ram3 0 0 0 0 0 0 0 0 0 0 0
   1       4 ram4 0 0 0 0 0 0 0 0 0 0 0
   1       5 ram5 0 0 0 0 0 0 0 0 0 0 0
   1       6 ram6 0 0 0 0 0 0 0 0 0 0 0
   1       7 ram7 0 0 0 0 0 0 0 0 0 0 0
   1       8 ram8 0 0 0 0 0 0 0 0 0 0 0
   1       9 ram9 0 0 0 0 0 0 0 0 0 0 0
   1      10 ram10 0 0 0 0 0 0 0 0 0 0 0
   1      11 ram11 0 0 0 0 0 0 0 0 0 0 0
   1      12 ram12 0 0 0 0 0 0 0 0 0 0 0
   1      13 ram13 0 0 0 0 0 0 0 0 0 0 0
   1      14 ram14 0 0 0 0 0 0 0 0 0 0 0
   1      15 ram15 0 0 0 0 0 0 0 0 0 0 0
   7       0 loop0 0 0 0 0 0 0 0 0 0 0 0
   7       1 loop1 0 0 0 0 0 0 0 0 0 0 0
   7       2 loop2 0 0 0 0 0 0 0 0 0 0 0
   7       3 loop3 0 0 0 0 0 0 0 0 0 0 0
   7       4 loop4 0 0 0 0 0 0 0 0 0 0 0
   7       5 loop5 0 0 0 0 0 0 0 0 0 0 0
   7       6 loop6 0 0 0 0 0 0 0 0 0 0 0
   7       7 loop7 0 0 0 0 0 0 0 0 0 0 0
 253       0 zram0 36 0 288 0 1 0 8 0 0 0 0
 179       0 mmcblk0 20063 4455 4716108 19632 161 197 2904 1992 0 6424 6740
 179       1 mmcblk0p1 0 0 0 0 0 0 0 0 0 0 0
 179       2 mmcblk0p2 0 0 0 0 0 0 0 0 0 0 0
 179       3 mmcblk0p3 0 0 0 0 0 0 0 0 0 0 0
 179       4 mmcblk0p4 0 0 0 0 0 0 0 0 0 0 0
 179       5 mmcblk0p5 2628 1737 759888 7740 0 0 0 0 0 1312 1516
 179       6 mmcblk0p6 0 0 0 0 0 0 0 0 0 0 0
 179       7 mmcblk0p7 1 0 32 0 0 0 0 0 0 0 0
 179       8 mmcblk0p8 0 0 0 0 0 0 0 0 0 0 0
 179       9 mmcblk0p9 0 0 0 0 0 0 0 0 0 0 0
 179      10 mmcblk0p10 706 189 42192 880 0 0 0 0 0 160 172
 179      11 mmcblk0p11 0 0 0 0 0 0 0 0 0 0 0
 179      12 mmcblk0p12 16721 2529 3913692 10964 151 197 2904 1980 0 4996 5052
 179      13 mmcblk0p13 0 0 0 0 0 0 0 0 0 0 0
 179      14 mmcblk0p14 1 0 256 0 0 0 0 0 0 0 0
 179      15 mmcblk0p15 0 0 0 0 0 0 0 0 0 0 0
 179      96 mmcblk0rpmb 0 0 0 0 0 0 0 0 0 0 0
 179      64 mmcblk0boot1 0 0 0 0 0 0 0 0 0 0 0
 179      32 mmcblk0boot0 0 0 0 0 0 0 0 0 0 0 0
 252       0 dm-0 2871 0 746464 14088 0 0 0 0 1 2512 14108
 252       1 dm-1 703 0 40656 1412 0 0 0 0 0 944 1412

3596
   1       0 ram0 0 0 0 0 0 0 0 0 0 0 0
   1       1 ram1 0 0 0 0 0 0 0 0 0 0 0
   1       2 ram2 0 0 0 0 0 0 0 0 0 0 0
   1       3 ram3 0 0 0 0 0 0 0 0 0 0 0
   1       4 ram4 0 0 0 0 0 0 0 0 0 0 0
   1       5 ram5 0 0 0 0 0 0 0 0 0 0 0
   1       6 ram6 0 0 0 0 0 0 0 0 0 0 0
   1       7 ram7 0 0 0 0 0 0 0 0 0 0 0
   1       8 ram8 0 0 0 0 0 0 0 0 0 0 0
   1       9 ram9 0 0 0 0 0 0 0 0 0 0 0
   1      10 ram10 0 0 0 0 0 0 0 0 0 0 0
   1      11 ram11 0 0 0 0 0 0 0 0 0 0 0
   1      12 ram12 0 0 0 0 0 0 0 0 0 0 0
   1      13 ram13 0 0 0 0 0 0 0 0 0 0 0
   1      14 ram14 0 0 0 0 0 0 0 0 0 0 0
   1      15 ram15 0 0 0 0 0 0 0 0 0 0 0
   7       0 loop0 0 0 0 0 0 0 0 0 0 0 0
   7       1 loop1 0 0 0 0 0 0 0 0 0 0 0
   7       2 loop2 0 0 0 0 0 0 0 0 0 0 0
   7       3 loop3 0 0 0 0 0 0 0 0 0 0 0
   7       4 loop4 0 0 0 0 0 0 0 0 0 0 0
   7       5 loop5 0 0 0 0 0 0 0 0 0 0 0
   7       6 loop6 0 0 0 0 0 0 0 0 0 0 0
   7       7 loop7 0 0 0 0 0 0 0 0 0 0 0
 253       0 zram0 36 0 288 0 1 0 8 0 0 0 0
 179       0 mmcblk0 20345 4455 4718484 19696 170 244 3960 2008 0 6432 6748
 179       1 mmcblk0p1 0 0 0 0 0 0 0 0 0 0 0
 179       2 mmcblk0p2 0 0 0 0 0 0 0 0 0 0 0
 179       3 mmcblk0p3 0 0 0 0 0 0 0 0 0 0 0
 179       4 mmcblk0p4 0 0 0 0 0 0 0 0 0 0 0
 179       5 mmcblk0p5 2657 1737 760120 7740 0 0 0 0 0 1312 1516
 179       6 mmcblk0p6 0 0 0 0 0 0 0 0 0 0 0
 179       7 mmcblk0p7 1 0 32 0 0 0 0 0 0 0 0
 179       8 mmcblk0p8 0 0 0 0 0 0 0 0 0 0 0
 179       9 mmcblk0p9 0 0 0 0 0 0 0 0 0 0 0
 179      10 mmcblk0p10 710 189 42224 884 0 0 0 0 0 160 172
 179      11 mmcblk0p11 0 0 0 0 0 0 0 0 0 0 0
 179      12 mmcblk0p12 16970 2529 3915804 11024 160 244 3960 1996 0 4996 5052
 179      13 mmcblk0p13 0 0 0 0 0 0 0 0 0 0 0
 179      14 mmcblk0p14 1 0 256 0 0 0 0 0 0 0 0
 179      15 mmcblk0p15 0 0 0 0 0 0 0 0 0 0 0
 179      96 mmcblk0rpmb 0 0 0 0 0 0 0 0 0 0 0
 179      64 mmcblk0boot1 0 0 0 0 0 0 0 0 0 0 0
 179      32 mmcblk0boot0 0 0 0 0 0 0 0 0 0 0 0
 252       0 dm-0 2899 0 746688 14100 0 0 0 0 0 2520 14116
 252       1 dm-1 707 0 40688 1416 0 0 0 0 0 948 1416

3617
   1       0 ram0 0 0 0 0 0 0 0 0 0 0 0
   1       1 ram1 0 0 0 0 0 0 0 0 0 0 0
   1       2 ram2 0 0 0 0 0 0 0 0 0 0 0
   1       3 ram3 0 0 0 0 0 0 0 0 0 0 0
   1       4 ram4 0 0 0 0 0 0 0 0 0 0 0
   1       5 ram5 0 0 0 0 0 0 0 0 0 0 0
   1       6 ram6 0 0 0 0 0 0 0 0 0 0 0
   1       7 ram7 0 0 0 0 0 0 0 0 0 0 0
   1       8 ram8 0 0 0 0 0 0 0 0 0 0 0
   1       9 ram9 0 0 0 0 0 0 0 0 0 0 0
   1      10 ram10 0 0 0 0 0 0 0 0 0 0 0
   1      11 ram11 0 0 0 0 0 0 0 0 0 0 0
   1      12 ram12 0 0 0 0 0 0 0 0 0 0 0
   1      13 ram13 0 0 0 0 0 0 0 0 0 0 0
   1      14 ram14 0 0 0 0 0 0 0 0 0 0 0
   1      15 ram15 0 0 0 0 0 0 0 0 0 0 0
   7       0 loop0 0 0 0 0 0 0 0 0 0 0 0
   7       1 loop1 0 0 0 0 0 0 0 0 0 0 0
   7       2 loop2 0 0 0 0 0 0 0 0 0 0 0
   7       3 loop3 0 0 0 0 0 0 0 0 0 0 0
   7       4 loop4 0 0 0 0 0 0 0 0 0 0 0
   7       5 loop5 0 0 0 0 0 0 0 0 0 0 0
   7       6 loop6 0 0 0 0 0 0 0 0 0 0 0
   7       7 loop7 0 0 0 0 0 0 0 0 0 0 0
 253       0 zram0 36 0 288 0 1 0 8 0 0 0 0
 179       0 mmcblk0 20386 4455 4720180 19700 254 302 6456 2412 0 6460 6780
 179       1 mmcblk0p1 0 0 0 0 0 0 0 0 0 0 0
 179       2 mmcblk0p2 0 0 0 0 0 0 0 0 0 0 0
 179       3 mmcblk0p3 0 0 0 0 0 0 0 0 0 0 0
 179       4 mmcblk0p4 0 0 0 0 0 0 0 0 0 0 0
 179       5 mmcblk0p5 2665 1737 761496 7744 0 0 0 0 0 1312 1516
 179       6 mmcblk0p6 0 0 0 0 0 0 0 0 0 0 0
 179       7 mmcblk0p7 1 0 32 0 0 0 0 0 0 0 0
 179       8 mmcblk0p8 0 0 0 0 0 0 0 0 0 0 0
 179       9 mmcblk0p9 0 0 0 0 0 0 0 0 0 0 0
 179      10 mmcblk0p10 711 189 42256 884 0 0 0 0 0 160 172
 179      11 mmcblk0p11 0 0 0 0 0 0 0 0 0 0 0
 179      12 mmcblk0p12 17002 2529 3916092 11024 243 302 6456 2396 0 5020 5076
 179      13 mmcblk0p13 0 0 0 0 0 0 0 0 0 0 0
 179      14 mmcblk0p14 1 0 256 0 0 0 0 0 0 0 0
 179      15 mmcblk0p15 0 0 0 0 0 0 0 0 0 0 0
 179      96 mmcblk0rpmb 0 0 0 0 0 0 0 0 0 0 0
 179      64 mmcblk0boot1 0 0 0 0 0 0 0 0 0 0 0
 179      32 mmcblk0boot0 0 0 0 0 0 0 0 0 0 0 0
 252       0 dm-0 2907 0 748064 14108 0 0 0 0 0 2528 14124
 252       1 dm-1 708 0 40720 1416 0 0 0 0 0 948 1416

3640
   1       0 ram0 0 0 0 0 0 0 0 0 0 0 0
   1       1 ram1 0 0 0 0 0 0 0 0 0 0 0
   1       2 ram2 0 0 0 0 0 0 0 0 0 0 0
   1       3 ram3 0 0 0 0 0 0 0 0 0 0 0
   1       4 ram4 0 0 0 0 0 0 0 0 0 0 0
   1       5 ram5 0 0 0 0 0 0 0 0 0 0 0
   1       6 ram6 0 0 0 0 0 0 0 0 0 0 0
   1       7 ram7 0 0 0 0 0 0 0 0 0 0 0
   1       8 ram8 0 0 0 0 0 0 0 0 0 0 0
   1       9 ram9 0 0 0 0 0 0 0 0 0 0 0
   1      10 ram10 0 0 0 0 0 0 0 0 0 0 0
   1      11 ram11 0 0 0 0 0 0 0 0 0 0 0
   1      12 ram12 0 0 0 0 0 0 0 0 0 0 0
   1      13 ram13 0 0 0 0 0 0 0 0 0 0 0
   1      14 ram14 0 0 0 0 0 0 0 0 0 0 0
   1      15 ram15 0 0 0 0 0 0 0 0 0 0 0
   7       0 loop0 0 0 0 0 0 0 0 0 0 0 0
   7       1 loop1 0 0 0 0 0 0 0 0 0 0 0
   7       2 loop2 0 0 0 0 0 0 0 0 0 0 0
   7       3 loop3 0 0 0 0 0 0 0 0 0 0 0
   7       4 loop4 0 0 0 0 0 0 0 0 0 0 0
   7       5 loop5 0 0 0 0 0 0 0 0 0 0 0
   7       6 loop6 0 0 0 0 0 0 0 0 0 0 0
   7       7 loop7 0 0 0 0 0 0 0 0 0 0 0
 253       0 zram0 36 0 288 0 1 0 8 0 0 0 0
 179       0 mmcblk0 20430 4455 4723076 19712 258 333 6736 2420 0 6460 6780
 179       1 mmcblk0p1 0 0 0 0 0 0 0 0 0 0 0
 179       2 mmcblk0p2 0 0 0 0 0 0 0 0 0 0 0
 179       3 mmcblk0p3 0 0 0 0 0 0 0 0 0 0 0
 179       4 mmcblk0p4 0 0 0 0 0 0 0 0 0 0 0
 179       5 mmcblk0p5 2673 1737 762048 7744 0 0 0 0 0 1312 1516
 179       6 mmcblk0p6 0 0 0 0 0 0 0 0 0 0 0
 179       7 mmcblk0p7 1 0 32 0 0 0 0 0 0 0 0
 179       8 mmcblk0p8 0 0 0 0 0 0 0 0 0 0 0
 179       9 mmcblk0p9 6 0 2056 8 0 0 0 0 0 0 0
 179      10 mmcblk0p10 719 189 42368 884 0 0 0 0 0 160 172
 179      11 mmcblk0p11 0 0 0 0 0 0 0 0 0 0 0
 179      12 mmcblk0p12 17024 2529 3916268 11028 247 333 6736 2404 0 5020 5076
 179      13 mmcblk0p13 0 0 0 0 0 0 0 0 0 0 0
 179      14 mmcblk0p14 1 0 256 0 0 0 0 0 0 0 0
 179      15 mmcblk0p15 0 0 0 0 0 0 0 0 0 0 0
 179      96 mmcblk0rpmb 0 0 0 0 0 0 0 0 0 0 0
 179      64 mmcblk0boot1 0 0 0 0 0 0 0 0 0 0 0
 179      32 mmcblk0boot0 0 0 0 0 0 0 0 0 0 0 0
 252       0 dm-0 2915 0 748616 14112 0 0 0 0 0 2532 14128
 252       1 dm-1 716 0 40832 1416 0 0 0 0 0 948 1416

3663
   1       0 ram0 0 0 0 0 0 0 0 0 0 0 0
   1       1 ram1 0 0 0 0 0 0 0 0 0 0 0
   1       2 ram2 0 0 0 0 0 0 0 0 0 0 0
   1       3 ram3 0 0 0 0 0 0 0 0 0 0 0
   1       4 ram4 0 0 0 0 0 0 0 0 0 0 0
   1       5 ram5 0 0 0 0 0 0 0 0 0 0 0
   1       6 ram6 0 0 0 0 0 0 0 0 0 0 0
   1       7 ram7 0 0 0 0 0 0 0 0 0 0 0
   1       8 ram8 0 0 0 0 0 0 0 0 0 0 0
   1       9 ram9 0 0 0 0 0 0 0 0 0 0 0
   1      10 ram10 0 0 0 0 0 0 0 0 0 0 0
   1      11 ram11 0 0 0 0 0 0 0 0 0 0 0
   1      12 ram12 0 0 0 0 0 0 0 0 0 0 0
   1      13 ram13 0 0 0 0 0 0 0 0 0 0 0
   1      14 ram14 0 0 0 0 0 0 0 0 0 0 0
   1      15 ram15 0 0 0 0 0 0 0 0 0 0 0
   7       0 loop0 0 0 0 0 0 0 0 0 0 0 0
   7       1 loop1 0 0 0 0 0 0 0 0 0 0 0
   7       2 loop2 0 0 0 0 0 0 0 0 0 0 0
   7       3 loop3 0 0 0 0 0 0 0 0 0 0 0
   7       4 loop4 0 0 0 0 0 0 0 0 0 0 0
   7       5 loop5 0 0 0 0 0 0 0 0 0 0 0
   7       6 loop6 0 0 0 0 0 0 0 0 0 0 0
   7       7 loop7 0 0 0 0 0 0 0 0 0 0 0
 253       0 zram0 36 0 288 0 1 0 8 0 0 0 0
 179       0 mmcblk0 20445 4455 4727708 19760 261 349 6888 2424 0 6468 6788
 179       1 mmcblk0p1 0 0 0 0 0 0 0 0 0 0 0
 179       2 mmcblk0p2 0 0 0 0 0 0 0 0 0 0 0
 179       3 mmcblk0p3 0 0 0 0 0 0 0 0 0 0 0
 179       4 mmcblk0p4 0 0 0 0 0 0 0 0 0 0 0
 179       5 mmcblk0p5 2685 1737 766632 7788 0 0 0 0 0 1320 1524
 179       6 mmcblk0p6 0 0 0 0 0 0 0 0 0 0 0
 179       7 mmcblk0p7 1 0 32 0 0 0 0 0 0 0 0
 179       8 mmcblk0p8 0 0 0 0 0 0 0 0 0 0 0
 179       9 mmcblk0p9 6 0 2056 8 0 0 0 0 0 0 0
 179      10 mmcblk0p10 720 189 42400 884 0 0 0 0 0 160 172
 179      11 mmcblk0p11 0 0 0 0 0 0 0 0 0 0 0
 179      12 mmcblk0p12 17026 2529 3916284 11032 250 349 6888 2408 0 5020 5076
 179      13 mmcblk0p13 0 0 0 0 0 0 0 0 0 0 0
 179      14 mmcblk0p14 1 0 256 0 0 0 0 0 0 0 0
 179      15 mmcblk0p15 0 0 0 0 0 0 0 0 0 0 0
 179      96 mmcblk0rpmb 0 0 0 0 0 0 0 0 0 0 0
 179      64 mmcblk0boot1 0 0 0 0 0 0 0 0 0 0 0
 179      32 mmcblk0boot0 0 0 0 0 0 0 0 0 0 0 0
 252       0 dm-0 2925 0 753200 14152 0 0 0 0 0 2556 14168
 252       1 dm-1 717 0 40864 1416 0 0 0 0 0 948 1416

3685
   1       0 ram0 0 0 0 0 0 0 0 0 0 0 0
   1       1 ram1 0 0 0 0 0 0 0 0 0 0 0
   1       2 ram2 0 0 0 0 0 0 0 0 0 0 0
   1       3 ram3 0 0 0 0 0 0 0 0 0 0 0
   1       4 ram4 0 0 0 0 0 0 0 0 0 0 0
   1       5 ram5 0 0 0 0 0 0 0 0 0 0 0
   1       6 ram6 0 0 0 0 0 0 0 0 0 0 0
   1       7 ram7 0 0 0 0 0 0 0 0 0 0 0
   1       8 ram8 0 0 0 0 0 0 0 0 0 0 0
   1       9 ram9 0 0 0 0 0 0 0 0 0 0 0
   1      10 ram10 0 0 0 0 0 0 0 0 0 0 0
   1      11 ram11 0 0 0 0 0 0 0 0 0 0 0
   1      12 ram12 0 0 0 0 0 0 0 0 0 0 0
   1      13 ram13 0 0 0 0 0 0 0 0 0 0 0
   1      14 ram14 0 0 0 0 0 0 0 0 0 0 0
   1      15 ram15 0 0 0 0 0 0 0 0 0 0 0
   7       0 loop0 0 0 0 0 0 0 0 0 0 0 0
   7       1 loop1 0 0 0 0 0 0 0 0 0 0 0
   7       2 loop2 0 0 0 0 0 0 0 0 0 0 0
   7       3 loop3 0 0 0 0 0 0 0 0 0 0 0
   7       4 loop4 0 0 0 0 0 0 0 0 0 0 0
   7       5 loop5 0 0 0 0 0 0 0 0 0 0 0
   7       6 loop6 0 0 0 0 0 0 0 0 0 0 0
   7       7 loop7 0 0 0 0 0 0 0 0 0 0 0
 253       0 zram0 36 0 288 0 1 0 8 0 0 0 0
 179       0 mmcblk0 20489 4455 4731412 19796 261 349 6888 2424 0 6468 6788
 179       1 mmcblk0p1 0 0 0 0 0 0 0 0 0 0 0
 179       2 mmcblk0p2 0 0 0 0 0 0 0 0 0 0 0
 179       3 mmcblk0p3 0 0 0 0 0 0 0 0 0 0 0
 179       4 mmcblk0p4 0 0 0 0 0 0 0 0 0 0 0
 179       5 mmcblk0p5 2687 1737 766688 7788 0 0 0 0 0 1320 1524
 179       6 mmcblk0p6 0 0 0 0 0 0 0 0 0 0 0
 179       7 mmcblk0p7 1 0 32 0 0 0 0 0 0 0 0
 179       8 mmcblk0p8 0 0 0 0 0 0 0 0 0 0 0
 179       9 mmcblk0p9 6 0 2056 8 0 0 0 0 0 0 0
 179      10 mmcblk0p10 759 189 46008 916 0 0 0 0 1 160 172
 179      11 mmcblk0p11 0 0 0 0 0 0 0 0 0 0 0
 179      12 mmcblk0p12 17029 2529 3916324 11036 250 349 6888 2408 0 5020 5076
 179      13 mmcblk0p13 0 0 0 0 0 0 0 0 0 0 0
 179      14 mmcblk0p14 1 0 256 0 0 0 0 0 0 0 0
 179      15 mmcblk0p15 0 0 0 0 0 0 0 0 0 0 0
 179      96 mmcblk0rpmb 0 0 0 0 0 0 0 0 0 0 0
 179      64 mmcblk0boot1 0 0 0 0 0 0 0 0 0 0 0
 179      32 mmcblk0boot0 0 0 0 0 0 0 0 0 0 0 0
 252       0 dm-0 2927 0 753256 14152 0 0 0 0 0 2556 14168
 252       1 dm-1 757 0 44696 1456 0 0 0 0 1 988 1456

3706
   1       0 ram0 0 0 0 0 0 0 0 0 0 0 0
   1       1 ram1 0 0 0 0 0 0 0 0 0 0 0
   1       2 ram2 0 0 0 0 0 0 0 0 0 0 0
   1       3 ram3 0 0 0 0 0 0 0 0 0 0 0
   1       4 ram4 0 0 0 0 0 0 0 0 0 0 0
   1       5 ram5 0 0 0 0 0 0 0 0 0 0 0
   1       6 ram6 0 0 0 0 0 0 0 0 0 0 0
   1       7 ram7 0 0 0 0 0 0 0 0 0 0 0
   1       8 ram8 0 0 0 0 0 0 0 0 0 0 0
   1       9 ram9 0 0 0 0 0 0 0 0 0 0 0
   1      10 ram10 0 0 0 0 0 0 0 0 0 0 0
   1      11 ram11 0 0 0 0 0 0 0 0 0 0 0
   1      12 ram12 0 0 0 0 0 0 0 0 0 0 0
   1      13 ram13 0 0 0 0 0 0 0 0 0 0 0
   1      14 ram14 0 0 0 0 0 0 0 0 0 0 0
   1      15 ram15 0 0 0 0 0 0 0 0 0 0 0
   7       0 loop0 0 0 0 0 0 0 0 0 0 0 0
   7       1 loop1 0 0 0 0 0 0 0 0 0 0 0
   7       2 loop2 0 0 0 0 0 0 0 0 0 0 0
   7       3 loop3 0 0 0 0 0 0 0 0 0 0 0
   7       4 loop4 0 0 0 0 0 0 0 0 0 0 0
   7       5 loop5 0 0 0 0 0 0 0 0 0 0 0
   7       6 loop6 0 0 0 0 0 0 0 0 0 0 0
   7       7 loop7 0 0 0 0 0 0 0 0 0 0 0
 253       0 zram0 36 0 288 0 1 0 8 0 0 0 0
 179       0 mmcblk0 20518 4455 4732396 19808 269 392 7296 2452 0 6468 6788
 179       1 mmcblk0p1 0 0 0 0 0 0 0 0 0 0 0
 179       2 mmcblk0p2 0 0 0 0 0 0 0 0 0 0 0
 179       3 mmcblk0p3 0 0 0 0 0 0 0 0 0 0 0
 179       4 mmcblk0p4 0 0 0 0 0 0 0 0 0 0 0
 179       5 mmcblk0p5 2696 1737 766784 7788 0 0 0 0 0 1320 1524
 179       6 mmcblk0p6 0 0 0 0 0 0 0 0 0 0 0
 179       7 mmcblk0p7 1 0 32 0 0 0 0 0 0 0 0
 179       8 mmcblk0p8 0 0 0 0 0 0 0 0 0 0 0
 179       9 mmcblk0p9 6 0 2056 8 0 0 0 0 0 0 0
 179      10 mmcblk0p10 763 189 46752 920 0 0 0 0 0 160 172
 179      11 mmcblk0p11 0 0 0 0 0 0 0 0 0 0 0
 179      12 mmcblk0p12 17045 2529 3916468 11044 258 392 7296 2436 0 5020 5076
 179      13 mmcblk0p13 0 0 0 0 0 0 0 0 0 0 0
 179      14 mmcblk0p14 1 0 256 0 0 0 0 0 0 0 0
 179      15 mmcblk0p15 0 0 0 0 0 0 0 0 0 0 0
 179      96 mmcblk0rpmb 0 0 0 0 0 0 0 0 0 0 0
 179      64 mmcblk0boot1 0 0 0 0 0 0 0 0 0 0 0
 179      32 mmcblk0boot0 0 0 0 0 0 0 0 0 0 0 0
 252       0 dm-0 2936 0 753352 14152 0 0 0 0 0 2556 14168
 252       1 dm-1 760 0 45216 1464 0 0 0 0 0 996 1464

3729
   1       0 ram0 0 0 0 0 0 0 0 0 0 0 0
   1       1 ram1 0 0 0 0 0 0 0 0 0 0 0
   1       2 ram2 0 0 0 0 0 0 0 0 0 0 0
   1       3 ram3 0 0 0 0 0 0 0 0 0 0 0
   1       4 ram4 0 0 0 0 0 0 0 0 0 0 0
   1       5 ram5 0 0 0 0 0 0 0 0 0 0 0
   1       6 ram6 0 0 0 0 0 0 0 0 0 0 0
   1       7 ram7 0 0 0 0 0 0 0 0 0 0 0
   1       8 ram8 0 0 0 0 0 0 0 0 0 0 0
   1       9 ram9 0 0 0 0 0 0 0 0 0 0 0
   1      10 ram10 0 0 0 0 0 0 0 0 0 0 0
   1      11 ram11 0 0 0 0 0 0 0 0 0 0 0
   1      12 ram12 0 0 0 0 0 0 0 0 0 0 0
   1      13 ram13 0 0 0 0 0 0 0 0 0 0 0
   1      14 ram14 0 0 0 0 0 0 0 0 0 0 0
   1      15 ram15 0 0 0 0 0 0 0 0 0 0 0
   7       0 loop0 0 0 0 0 0 0 0 0 0 0 0
   7       1 loop1 0 0 0 0 0 0 0 0 0 0 0
   7       2 loop2 0 0 0 0 0 0 0 0 0 0 0
   7       3 loop3 0 0 0 0 0 0 0 0 0 0 0
   7       4 loop4 0 0 0 0 0 0 0 0 0 0 0
   7       5 loop5 0 0 0 0 0 0 0 0 0 0 0
   7       6 loop6 0 0 0 0 0 0 0 0 0 0 0
   7       7 loop7 0 0 0 0 0 0 0 0 0 0 0
 253       0 zram0 36 0 288 0 1 0 8 0 0 0 0
 179       0 mmcblk0 20604 4518 4781164 20608 279 437 7760 2480 0 6604 6932
 179       1 mmcblk0p1 0 0 0 0 0 0 0 0 0 0 0
 179       2 mmcblk0p2 0 0 0 0 0 0 0 0 0 0 0
 179       3 mmcblk0p3 0 0 0 0 0 0 0 0 0 0 0
 179       4 mmcblk0p4 0 0 0 0 0 0 0 0 0 0 0
 179       5 mmcblk0p5 2778 1800 815520 8584 0 0 0 0 0 1452 1664
 179       6 mmcblk0p6 0 0 0 0 0 0 0 0 0 0 0
 179       7 mmcblk0p7 1 0 32 0 0 0 0 0 0 0 0
 179       8 mmcblk0p8 0 0 0 0 0 0 0 0 0 0 0
 179       9 mmcblk0p9 6 0 2056 8 0 0 0 0 0 0 0
 179      10 mmcblk0p10 763 189 46752 920 0 0 0 0 0 160 172
 179      11 mmcblk0p11 0 0 0 0 0 0 0 0 0 0 0
 179      12 mmcblk0p12 17049 2529 3916500 11048 268 437 7760 2464 0 5020 5076
 179      13 mmcblk0p13 0 0 0 0 0 0 0 0 0 0 0
 179      14 mmcblk0p14 1 0 256 0 0 0 0 0 0 0 0
 179      15 mmcblk0p15 0 0 0 0 0 0 0 0 0 0 0
 179      96 mmcblk0rpmb 0 0 0 0 0 0 0 0 0 0 0
 179      64 mmcblk0boot1 0 0 0 0 0 0 0 0 0 0 0
 179      32 mmcblk0boot0 0 0 0 0 0 0 0 0 0 0 0
 252       0 dm-0 2993 0 801568 14732 0 0 0 0 0 2732 14748
 252       1 dm-1 760 0 45216 1464 0 0 0 0 0 996 1464

3754
   1       0 ram0 0 0 0 0 0 0 0 0 0 0 0
   1       1 ram1 0 0 0 0 0 0 0 0 0 0 0
   1       2 ram2 0 0 0 0 0 0 0 0 0 0 0
   1       3 ram3 0 0 0 0 0 0 0 0 0 0 0
   1       4 ram4 0 0 0 0 0 0 0 0 0 0 0
   1       5 ram5 0 0 0 0 0 0 0 0 0 0 0
   1       6 ram6 0 0 0 0 0 0 0 0 0 0 0
   1       7 ram7 0 0 0 0 0 0 0 0 0 0 0
   1       8 ram8 0 0 0 0 0 0 0 0 0 0 0
   1       9 ram9 0 0 0 0 0 0 0 0 0 0 0
   1      10 ram10 0 0 0 0 0 0 0 0 0 0 0
   1      11 ram11 0 0 0 0 0 0 0 0 0 0 0
   1      12 ram12 0 0 0 0 0 0 0 0 0 0 0
   1      13 ram13 0 0 0 0 0 0 0 0 0 0 0
   1      14 ram14 0 0 0 0 0 0 0 0 0 0 0
   1      15 ram15 0 0 0 0 0 0 0 0 0 0 0
   7       0 loop0 0 0 0 0 0 0 0 0 0 0 0
   7       1 loop1 0 0 0 0 0 0 0 0 0 0 0
   7       2 loop2 0 0 0 0 0 0 0 0 0 0 0
   7       3 loop3 0 0 0 0 0 0 0 0 0 0 0
   7       4 loop4 0 0 0 0 0 0 0 0 0 0 0
   7       5 loop5 0 0 0 0 0 0 0 0 0 0 0
   7       6 loop6 0 0 0 0 0 0 0 0 0 0 0
   7       7 loop7 0 0 0 0 0 0 0 0 0 0 0
 253       0 zram0 36 0 288 0 1 0 8 0 0 0 0
 179       0 mmcblk0 20708 4581 4805780 20792 279 437 7760 2480 0 6648 6984
 179       1 mmcblk0p1 0 0 0 0 0 0 0 0 0 0 0
 179       2 mmcblk0p2 0 0 0 0 0 0 0 0 0 0 0
 179       3 mmcblk0p3 0 0 0 0 0 0 0 0 0 0 0
 179       4 mmcblk0p4 0 0 0 0 0 0 0 0 0 0 0
 179       5 mmcblk0p5 2843 1863 838560 8752 0 0 0 0 2 1492 1712
 179       6 mmcblk0p6 0 0 0 0 0 0 0 0 0 0 0
 179       7 mmcblk0p7 1 0 32 0 0 0 0 0 0 0 0
 179       8 mmcblk0p8 0 0 0 0 0 0 0 0 0 0 0
 179       9 mmcblk0p9 6 0 2056 8 0 0 0 0 0 0 0
 179      10 mmcblk0p10 798 189 48296 936 0 0 0 0 0 160 172
 179      11 mmcblk0p11 0 0 0 0 0 0 0 0 0 0 0
 179      12 mmcblk0p12 17053 2529 3916532 11048 268 437 7760 2464 0 5020 5076
 179      13 mmcblk0p13 0 0 0 0 0 0 0 0 0 0 0
 179      14 mmcblk0p14 1 0 256 0 0 0 0 0 0 0 0
 179      15 mmcblk0p15 0 0 0 0 0 0 0 0 0 0 0
 179      96 mmcblk0rpmb 0 0 0 0 0 0 0 0 0 0 0
 179      64 mmcblk0boot1 0 0 0 0 0 0 0 0 0 0 0
 179      32 mmcblk0boot0 0 0 0 0 0 0 0 0 0 0 0
 252       0 dm-0 3054 0 835952 14888 0 0 0 0 7 2808 14904
 252       1 dm-1 795 0 46760 1496 0 0 0 0 0 1024 1496

3775
   1       0 ram0 0 0 0 0 0 0 0 0 0 0 0
   1       1 ram1 0 0 0 0 0 0 0 0 0 0 0
   1       2 ram2 0 0 0 0 0 0 0 0 0 0 0
   1       3 ram3 0 0 0 0 0 0 0 0 0 0 0
   1       4 ram4 0 0 0 0 0 0 0 0 0 0 0
   1       5 ram5 0 0 0 0 0 0 0 0 0 0 0
   1       6 ram6 0 0 0 0 0 0 0 0 0 0 0
   1       7 ram7 0 0 0 0 0 0 0 0 0 0 0
   1       8 ram8 0 0 0 0 0 0 0 0 0 0 0
   1       9 ram9 0 0 0 0 0 0 0 0 0 0 0
   1      10 ram10 0 0 0 0 0 0 0 0 0 0 0
   1      11 ram11 0 0 0 0 0 0 0 0 0 0 0
   1      12 ram12 0 0 0 0 0 0 0 0 0 0 0
   1      13 ram13 0 0 0 0 0 0 0 0 0 0 0
   1      14 ram14 0 0 0 0 0 0 0 0 0 0 0
   1      15 ram15 0 0 0 0 0 0 0 0 0 0 0
   7       0 loop0 0 0 0 0 0 0 0 0 0 0 0
   7       1 loop1 0 0 0 0 0 0 0 0 0 0 0
   7       2 loop2 0 0 0 0 0 0 0 0 0 0 0
   7       3 loop3 0 0 0 0 0 0 0 0 0 0 0
   7       4 loop4 0 0 0 0 0 0 0 0 0 0 0
   7       5 loop5 0 0 0 0 0 0 0 0 0 0 0
   7       6 loop6 0 0 0 0 0 0 0 0 0 0 0
   7       7 loop7 0 0 0 0 0 0 0 0 0 0 0
 253       0 zram0 36 0 288 0 1 0 8 0 0 0 0
 179       0 mmcblk0 20854 4643 4921764 22828 282 463 7992 2516 0 6856 7216
 179       1 mmcblk0p1 0 0 0 0 0 0 0 0 0 0 0
 179       2 mmcblk0p2 0 0 0 0 0 0 0 0 0 0 0
 179       3 mmcblk0p3 0 0 0 0 0 0 0 0 0 0 0
 179       4 mmcblk0p4 0 0 0 0 0 0 0 0 0 0 0
 179       5 mmcblk0p5 2977 1925 954224 10648 0 0 0 0 2 1692 1932
 179       6 mmcblk0p6 0 0 0 0 0 0 0 0 0 0 0
 179       7 mmcblk0p7 1 0 32 0 0 0 0 0 0 0 0
 179       8 mmcblk0p8 0 0 0 0 0 0 0 0 0 0 0
 179       9 mmcblk0p9 6 0 2056 8 0 0 0 0 0 0 0
 179      10 mmcblk0p10 808 189 48600 1056 0 0 0 0 0 160 172
 179      11 mmcblk0p11 0 0 0 0 0 0 0 0 0 0 0
 179      12 mmcblk0p12 17055 2529 3916548 11068 271 463 7992 2500 0 5028 5084
 179      13 mmcblk0p13 0 0 0 0 0 0 0 0 0 0 0
 179      14 mmcblk0p14 1 0 256 0 0 0 0 0 0 0 0
 179      15 mmcblk0p15 0 0 0 0 0 0 0 0 0 0 0
 179      96 mmcblk0rpmb 0 0 0 0 0 0 0 0 0 0 0
 179      64 mmcblk0boot1 0 0 0 0 0 0 0 0 0 0 0
 179      32 mmcblk0boot0 0 0 0 0 0 0 0 0 0 0 0
 252       0 dm-0 3128 0 942216 16180 0 0 0 0 5 3024 16244
 252       1 dm-1 805 0 47064 1620 0 0 0 0 0 1148 1620

3797
   1       0 ram0 0 0 0 0 0 0 0 0 0 0 0
   1       1 ram1 0 0 0 0 0 0 0 0 0 0 0
   1       2 ram2 0 0 0 0 0 0 0 0 0 0 0
   1       3 ram3 0 0 0 0 0 0 0 0 0 0 0
   1       4 ram4 0 0 0 0 0 0 0 0 0 0 0
   1       5 ram5 0 0 0 0 0 0 0 0 0 0 0
   1       6 ram6 0 0 0 0 0 0 0 0 0 0 0
   1       7 ram7 0 0 0 0 0 0 0 0 0 0 0
   1       8 ram8 0 0 0 0 0 0 0 0 0 0 0
   1       9 ram9 0 0 0 0 0 0 0 0 0 0 0
   1      10 ram10 0 0 0 0 0 0 0 0 0 0 0
   1      11 ram11 0 0 0 0 0 0 0 0 0 0 0
   1      12 ram12 0 0 0 0 0 0 0 0 0 0 0
   1      13 ram13 0 0 0 0 0 0 0 0 0 0 0
   1      14 ram14 0 0 0 0 0 0 0 0 0 0 0
   1      15 ram15 0 0 0 0 0 0 0 0 0 0 0
   7       0 loop0 0 0 0 0 0 0 0 0 0 0 0
   7       1 loop1 0 0 0 0 0 0 0 0 0 0 0
   7       2 loop2 0 0 0 0 0 0 0 0 0 0 0
   7       3 loop3 0 0 0 0 0 0 0 0 0 0 0
   7       4 loop4 0 0 0 0 0 0 0 0 0 0 0
   7       5 loop5 0 0 0 0 0 0 0 0 0 0 0
   7       6 loop6 0 0 0 0 0 0 0 0 0 0 0
   7       7 loop7 0 0 0 0 0 0 0 0 0 0 0
 253       0 zram0 36 0 288 0 1 0 8 0 0 0 0
 179       0 mmcblk0 20921 4643 4937996 22976 285 477 8128 2528 0 6888 7248
 179       1 mmcblk0p1 0 0 0 0 0 0 0 0 0 0 0
 179       2 mmcblk0p2 0 0 0 0 0 0 0 0 0 0 0
 179       3 mmcblk0p3 0 0 0 0 0 0 0 0 0 0 0
 179       4 mmcblk0p4 0 0 0 0 0 0 0 0 0 0 0
 179       5 mmcblk0p5 3034 1925 970280 10792 0 0 0 0 0 1716 1956
 179       6 mmcblk0p6 0 0 0 0 0 0 0 0 0 0 0
 179       7 mmcblk0p7 1 0 32 0 0 0 0 0 0 0 0
 179       8 mmcblk0p8 0 0 0 0 0 0 0 0 0 0 0
 179       9 mmcblk0p9 6 0 2056 8 0 0 0 0 0 0 0
 179      10 mmcblk0p10 813 189 48736 1056 0 0 0 0 0 160 172
 179      11 mmcblk0p11 0 0 0 0 0 0 0 0 0 0 0
 179      12 mmcblk0p12 17060 2529 3916588 11072 274 477 8128 2512 0 5028 5084
 179      13 mmcblk0p13 0 0 0 0 0 0 0 0 0 0 0
 179      14 mmcblk0p14 1 0 256 0 0 0 0 0 0 0 0
 179      15 mmcblk0p15 0 0 0 0 0 0 0 0 0 0 0
 179      96 mmcblk0rpmb 0 0 0 0 0 0 0 0 0 0 0
 179      64 mmcblk0boot1 0 0 0 0 0 0 0 0 0 0 0
 179      32 mmcblk0boot0 0 0 0 0 0 0 0 0 0 0 0
 252       0 dm-0 3177 0 955304 16368 0 0 0 0 0 3096 16384
 252       1 dm-1 810 0 47200 1620 0 0 0 0 0 1148 1620

3820
   1       0 ram0 0 0 0 0 0 0 0 0 0 0 0
   1       1 ram1 0 0 0 0 0 0 0 0 0 0 0
   1       2 ram2 0 0 0 0 0 0 0 0 0 0 0
   1       3 ram3 0 0 0 0 0 0 0 0 0 0 0
   1       4 ram4 0 0 0 0 0 0 0 0 0 0 0
   1       5 ram5 0 0 0 0 0 0 0 0 0 0 0
   1       6 ram6 0 0 0 0 0 0 0 0 0 0 0
   1       7 ram7 0 0 0 0 0 0 0 0 0 0 0
   1       8 ram8 0 0 0 0 0 0 0 0 0 0 0
   1       9 ram9 0 0 0 0 0 0 0 0 0 0 0
   1      10 ram10 0 0 0 0 0 0 0 0 0 0 0
   1      11 ram11 0 0 0 0 0 0 0 0 0 0 0
   1      12 ram12 0 0 0 0 0 0 0 0 0 0 0
   1      13 ram13 0 0 0 0 0 0 0 0 0 0 0
   1      14 ram14 0 0 0 0 0 0 0 0 0 0 0
   1      15 ram15 0 0 0 0 0 0 0 0 0 0 0
   7       0 loop0 0 0 0 0 0 0 0 0 0 0 0
   7       1 loop1 0 0 0 0 0 0 0 0 0 0 0
   7       2 loop2 0 0 0 0 0 0 0 0 0 0 0
   7       3 loop3 0 0 0 0 0 0 0 0 0 0 0
   7       4 loop4 0 0 0 0 0 0 0 0 0 0 0
   7       5 loop5 0 0 0 0 0 0 0 0 0 0 0
   7       6 loop6 0 0 0 0 0 0 0 0 0 0 0
   7       7 loop7 0 0 0 0 0 0 0 0 0 0 0
 253       0 zram0 36 0 288 0 1 0 8 0 0 0 0
 179       0 mmcblk0 21024 4643 4980684 23412 308 607 9384 2632 0 7008 7392
 179       1 mmcblk0p1 0 0 0 0 0 0 0 0 0 0 0
 179       2 mmcblk0p2 0 0 0 0 0 0 0 0 0 0 0
 179       3 mmcblk0p3 0 0 0 0 0 0 0 0 0 0 0
 179       4 mmcblk0p4 0 0 0 0 0 0 0 0 0 0 0
 179       5 mmcblk0p5 3115 1925 1012480 11160 0 0 0 0 0 1792 2040
 179       6 mmcblk0p6 0 0 0 0 0 0 0 0 0 0 0
 179       7 mmcblk0p7 1 0 32 0 0 0 0 0 0 0 0
 179       8 mmcblk0p8 0 0 0 0 0 0 0 0 0 0 0
 179       9 mmcblk0p9 6 0 2056 8 0 0 0 0 0 0 0
 179      10 mmcblk0p10 813 189 48736 1056 0 0 0 0 0 160 172
 179      11 mmcblk0p11 0 0 0 0 0 0 0 0 0 0 0
 179      12 mmcblk0p12 17082 2529 3917076 11140 297 607 9384 2616 0 5056 5112
 179      13 mmcblk0p13 0 0 0 0 0 0 0 0 0 0 0
 179      14 mmcblk0p14 1 0 256 0 0 0 0 0 0 0 0
 179      15 mmcblk0p15 0 0 0 0 0 0 0 0 0 0 0
 179      96 mmcblk0rpmb 0 0 0 0 0 0 0 0 0 0 0
 179      64 mmcblk0boot1 0 0 0 0 0 0 0 0 0 0 0
 179      32 mmcblk0boot0 0 0 0 0 0 0 0 0 0 0 0
 252       0 dm-0 3239 0 997504 16756 0 0 0 0 0 3244 16772
 252       1 dm-1 810 0 47200 1620 0 0 0 0 0 1148 1620

3845
   1       0 ram0 0 0 0 0 0 0 0 0 0 0 0
   1       1 ram1 0 0 0 0 0 0 0 0 0 0 0
   1       2 ram2 0 0 0 0 0 0 0 0 0 0 0
   1       3 ram3 0 0 0 0 0 0 0 0 0 0 0
   1       4 ram4 0 0 0 0 0 0 0 0 0 0 0
   1       5 ram5 0 0 0 0 0 0 0 0 0 0 0
   1       6 ram6 0 0 0 0 0 0 0 0 0 0 0
   1       7 ram7 0 0 0 0 0 0 0 0 0 0 0
   1       8 ram8 0 0 0 0 0 0 0 0 0 0 0
   1       9 ram9 0 0 0 0 0 0 0 0 0 0 0
   1      10 ram10 0 0 0 0 0 0 0 0 0 0 0
   1      11 ram11 0 0 0 0 0 0 0 0 0 0 0
   1      12 ram12 0 0 0 0 0 0 0 0 0 0 0
   1      13 ram13 0 0 0 0 0 0 0 0 0 0 0
   1      14 ram14 0 0 0 0 0 0 0 0 0 0 0
   1      15 ram15 0 0 0 0 0 0 0 0 0 0 0
   7       0 loop0 0 0 0 0 0 0 0 0 0 0 0
   7       1 loop1 0 0 0 0 0 0 0 0 0 0 0
   7       2 loop2 0 0 0 0 0 0 0 0 0 0 0
   7       3 loop3 0 0 0 0 0 0 0 0 0 0 0
   7       4 loop4 0 0 0 0 0 0 0 0 0 0 0
   7       5 loop5 0 0 0 0 0 0 0 0 0 0 0
   7       6 loop6 0 0 0 0 0 0 0 0 0 0 0
   7       7 loop7 0 0 0 0 0 0 0 0 0 0 0
 253       0 zram0 36 0 288 0 1 0 8 0 0 0 0
 179       0 mmcblk0 21058 4643 4983268 23448 325 715 10392 2680 0 7028 7416
 179       1 mmcblk0p1 0 0 0 0 0 0 0 0 0 0 0
 179       2 mmcblk0p2 0 0 0 0 0 0 0 0 0 0 0
 179       3 mmcblk0p3 0 0 0 0 0 0 0 0 0 0 0
 179       4 mmcblk0p4 0 0 0 0 0 0 0 0 0 0 0
 179       5 mmcblk0p5 3127 1925 1014336 11176 0 0 0 0 0 1792 2040
 179       6 mmcblk0p6 0 0 0 0 0 0 0 0 0 0 0
 179       7 mmcblk0p7 1 0 32 0 0 0 0 0 0 0 0
 179       8 mmcblk0p8 0 0 0 0 0 0 0 0 0 0 0
 179       9 mmcblk0p9 6 0 2056 8 0 0 0 0 0 0 0
 179      10 mmcblk0p10 813 189 48736 1056 0 0 0 0 0 160 172
 179      11 mmcblk0p11 0 0 0 0 0 0 0 0 0 0 0
 179      12 mmcblk0p12 17104 2529 3917804 11160 313 715 10392 2660 0 5064 5124
 179      13 mmcblk0p13 0 0 0 0 0 0 0 0 0 0 0
 179      14 mmcblk0p14 1 0 256 0 0 0 0 0 0 0 0
 179      15 mmcblk0p15 0 0 0 0 0 0 0 0 0 0 0
 179      96 mmcblk0rpmb 0 0 0 0 0 0 0 0 0 0 0
 179      64 mmcblk0boot1 0 0 0 0 0 0 0 0 0 0 0
 179      32 mmcblk0boot0 0 0 0 0 0 0 0 0 0 0 0
 252       0 dm-0 3250 0 999360 16780 0 0 0 0 0 3264 16796
 252       1 dm-1 810 0 47200 1620 0 0 0 0 0 1148 1620

3865
   1       0 ram0 0 0 0 0 0 0 0 0 0 0 0
   1       1 ram1 0 0 0 0 0 0 0 0 0 0 0
   1       2 ram2 0 0 0 0 0 0 0 0 0 0 0
   1       3 ram3 0 0 0 0 0 0 0 0 0 0 0
   1       4 ram4 0 0 0 0 0 0 0 0 0 0 0
   1       5 ram5 0 0 0 0 0 0 0 0 0 0 0
   1       6 ram6 0 0 0 0 0 0 0 0 0 0 0
   1       7 ram7 0 0 0 0 0 0 0 0 0 0 0
   1       8 ram8 0 0 0 0 0 0 0 0 0 0 0
   1       9 ram9 0 0 0 0 0 0 0 0 0 0 0
   1      10 ram10 0 0 0 0 0 0 0 0 0 0 0
   1      11 ram11 0 0 0 0 0 0 0 0 0 0 0
   1      12 ram12 0 0 0 0 0 0 0 0 0 0 0
   1      13 ram13 0 0 0 0 0 0 0 0 0 0 0
   1      14 ram14 0 0 0 0 0 0 0 0 0 0 0
   1      15 ram15 0 0 0 0 0 0 0 0 0 0 0
   7       0 loop0 0 0 0 0 0 0 0 0 0 0 0
   7       1 loop1 0 0 0 0 0 0 0 0 0 0 0
   7       2 loop2 0 0 0 0 0 0 0 0 0 0 0
   7       3 loop3 0 0 0 0 0 0 0 0 0 0 0
   7       4 loop4 0 0 0 0 0 0 0 0 0 0 0
   7       5 loop5 0 0 0 0 0 0 0 0 0 0 0
   7       6 loop6 0 0 0 0 0 0 0 0 0 0 0
   7       7 loop7 0 0 0 0 0 0 0 0 0 0 0
 253       0 zram0 36 0 288 0 1 0 8 0 0 0 0
 179       0 mmcblk0 21089 4643 4987788 23532 340 765 10912 2736 0 7052 7440
 179       1 mmcblk0p1 0 0 0 0 0 0 0 0 0 0 0
 179       2 mmcblk0p2 0 0 0 0 0 0 0 0 0 0 0
 179       3 mmcblk0p3 0 0 0 0 0 0 0 0 0 0 0
 179       4 mmcblk0p4 0 0 0 0 0 0 0 0 0 0 0
 179       5 mmcblk0p5 3144 1925 1018120 11236 0 0 0 0 0 1804 2052
 179       6 mmcblk0p6 0 0 0 0 0 0 0 0 0 0 0
 179       7 mmcblk0p7 1 0 32 0 0 0 0 0 0 0 0
 179       8 mmcblk0p8 0 0 0 0 0 0 0 0 0 0 0
 179       9 mmcblk0p9 6 0 2056 8 0 0 0 0 0 0 0
 179      10 mmcblk0p10 813 189 48736 1056 0 0 0 0 0 160 172
 179      11 mmcblk0p11 0 0 0 0 0 0 0 0 0 0 0
 179      12 mmcblk0p12 17118 2529 3918540 11184 327 765 10912 2716 0 5080 5140
 179      13 mmcblk0p13 0 0 0 0 0 0 0 0 0 0 0
 179      14 mmcblk0p14 1 0 256 0 0 0 0 0 0 0 0
 179      15 mmcblk0p15 0 0 0 0 0 0 0 0 0 0 0
 179      96 mmcblk0rpmb 0 0 0 0 0 0 0 0 0 0 0
 179      64 mmcblk0boot1 0 0 0 0 0 0 0 0 0 0 0
 179      32 mmcblk0boot0 0 0 0 0 0 0 0 0 0 0 0
 252       0 dm-0 3265 0 1003144 16852 0 0 0 0 0 3324 16868
 252       1 dm-1 810 0 47200 1620 0 0 0 0 0 1148 1620

3889
   1       0 ram0 0 0 0 0 0 0 0 0 0 0 0
   1       1 ram1 0 0 0 0 0 0 0 0 0 0 0
   1       2 ram2 0 0 0 0 0 0 0 0 0 0 0
   1       3 ram3 0 0 0 0 0 0 0 0 0 0 0
   1       4 ram4 0 0 0 0 0 0 0 0 0 0 0
   1       5 ram5 0 0 0 0 0 0 0 0 0 0 0
   1       6 ram6 0 0 0 0 0 0 0 0 0 0 0
   1       7 ram7 0 0 0 0 0 0 0 0 0 0 0
   1       8 ram8 0 0 0 0 0 0 0 0 0 0 0
   1       9 ram9 0 0 0 0 0 0 0 0 0 0 0
   1      10 ram10 0 0 0 0 0 0 0 0 0 0 0
   1      11 ram11 0 0 0 0 0 0 0 0 0 0 0
   1      12 ram12 0 0 0 0 0 0 0 0 0 0 0
   1      13 ram13 0 0 0 0 0 0 0 0 0 0 0
   1      14 ram14 0 0 0 0 0 0 0 0 0 0 0
   1      15 ram15 0 0 0 0 0 0 0 0 0 0 0
   7       0 loop0 0 0 0 0 0 0 0 0 0 0 0
   7       1 loop1 0 0 0 0 0 0 0 0 0 0 0
   7       2 loop2 0 0 0 0 0 0 0 0 0 0 0
   7       3 loop3 0 0 0 0 0 0 0 0 0 0 0
   7       4 loop4 0 0 0 0 0 0 0 0 0 0 0
   7       5 loop5 0 0 0 0 0 0 0 0 0 0 0
   7       6 loop6 0 0 0 0 0 0 0 0 0 0 0
   7       7 loop7 0 0 0 0 0 0 0 0 0 0 0
 253       0 zram0 36 0 288 0 1 0 8 0 0 0 0
 179       0 mmcblk0 21096 4643 4988092 23536 352 817 11440 2756 0 7056 7444
 179       1 mmcblk0p1 0 0 0 0 0 0 0 0 0 0 0
 179       2 mmcblk0p2 0 0 0 0 0 0 0 0 0 0 0
 179       3 mmcblk0p3 0 0 0 0 0 0 0 0 0 0 0
 179       4 mmcblk0p4 0 0 0 0 0 0 0 0 0 0 0
 179       5 mmcblk0p5 3147 1925 1018168 11236 0 0 0 0 0 1804 2052
 179       6 mmcblk0p6 0 0 0 0 0 0 0 0 0 0 0
 179       7 mmcblk0p7 1 0 32 0 0 0 0 0 0 0 0
 179       8 mmcblk0p8 0 0 0 0 0 0 0 0 0 0 0
 179       9 mmcblk0p9 6 0 2056 8 0 0 0 0 0 0 0
 179      10 mmcblk0p10 813 189 48736 1056 0 0 0 0 0 160 172
 179      11 mmcblk0p11 0 0 0 0 0 0 0 0 0 0 0
 179      12 mmcblk0p12 17122 2529 3918796 11188 339 817 11440 2736 0 5080 5140
 179      13 mmcblk0p13 0 0 0 0 0 0 0 0 0 0 0
 179      14 mmcblk0p14 1 0 256 0 0 0 0 0 0 0 0
 179      15 mmcblk0p15 0 0 0 0 0 0 0 0 0 0 0
 179      96 mmcblk0rpmb 0 0 0 0 0 0 0 0 0 0 0
 179      64 mmcblk0boot1 0 0 0 0 0 0 0 0 0 0 0
 179      32 mmcblk0boot0 0 0 0 0 0 0 0 0 0 0 0
 252       0 dm-0 3268 0 1003192 16852 0 0 0 0 0 3324 16868
 252       1 dm-1 810 0 47200 1620 0 0 0 0 0 1148 1620

3911
   1       0 ram0 0 0 0 0 0 0 0 0 0 0 0
   1       1 ram1 0 0 0 0 0 0 0 0 0 0 0
   1       2 ram2 0 0 0 0 0 0 0 0 0 0 0
   1       3 ram3 0 0 0 0 0 0 0 0 0 0 0
   1       4 ram4 0 0 0 0 0 0 0 0 0 0 0
   1       5 ram5 0 0 0 0 0 0 0 0 0 0 0
   1       6 ram6 0 0 0 0 0 0 0 0 0 0 0
   1       7 ram7 0 0 0 0 0 0 0 0 0 0 0
   1       8 ram8 0 0 0 0 0 0 0 0 0 0 0
   1       9 ram9 0 0 0 0 0 0 0 0 0 0 0
   1      10 ram10 0 0 0 0 0 0 0 0 0 0 0
   1      11 ram11 0 0 0 0 0 0 0 0 0 0 0
   1      12 ram12 0 0 0 0 0 0 0 0 0 0 0
   1      13 ram13 0 0 0 0 0 0 0 0 0 0 0
   1      14 ram14 0 0 0 0 0 0 0 0 0 0 0
   1      15 ram15 0 0 0 0 0 0 0 0 0 0 0
   7       0 loop0 0 0 0 0 0 0 0 0 0 0 0
   7       1 loop1 0 0 0 0 0 0 0 0 0 0 0
   7       2 loop2 0 0 0 0 0 0 0 0 0 0 0
   7       3 loop3 0 0 0 0 0 0 0 0 0 0 0
   7       4 loop4 0 0 0 0 0 0 0 0 0 0 0
   7       5 loop5 0 0 0 0 0 0 0 0 0 0 0
   7       6 loop6 0 0 0 0 0 0 0 0 0 0 0
   7       7 loop7 0 0 0 0 0 0 0 0 0 0 0
 253       0 zram0 36 0 288 0 1 0 8 0 0 0 0
 179       0 mmcblk0 21097 4643 4988116 23540 361 850 11776 2768 0 7056 7444
 179       1 mmcblk0p1 0 0 0 0 0 0 0 0 0 0 0
 179       2 mmcblk0p2 0 0 0 0 0 0 0 0 0 0 0
 179       3 mmcblk0p3 0 0 0 0 0 0 0 0 0 0 0
 179       4 mmcblk0p4 0 0 0 0 0 0 0 0 0 0 0
 179       5 mmcblk0p5 3148 1925 1018192 11240 0 0 0 0 0 1804 2052
 179       6 mmcblk0p6 0 0 0 0 0 0 0 0 0 0 0
 179       7 mmcblk0p7 1 0 32 0 0 0 0 0 0 0 0
 179       8 mmcblk0p8 0 0 0 0 0 0 0 0 0 0 0
 179       9 mmcblk0p9 6 0 2056 8 0 0 0 0 0 0 0
 179      10 mmcblk0p10 813 189 48736 1056 0 0 0 0 0 160 172
 179      11 mmcblk0p11 0 0 0 0 0 0 0 0 0 0 0
 179      12 mmcblk0p12 17122 2529 3918796 11188 348 850 11776 2748 0 5080 5140
 179      13 mmcblk0p13 0 0 0 0 0 0 0 0 0 0 0
 179      14 mmcblk0p14 1 0 256 0 0 0 0 0 0 0 0
 179      15 mmcblk0p15 0 0 0 0 0 0 0 0 0 0 0
 179      96 mmcblk0rpmb 0 0 0 0 0 0 0 0 0 0 0
 179      64 mmcblk0boot1 0 0 0 0 0 0 0 0 0 0 0
 179      32 mmcblk0boot0 0 0 0 0 0 0 0 0 0 0 0
 252       0 dm-0 3269 0 1003216 16856 0 0 0 0 0 3328 16872
 252       1 dm-1 810 0 47200 1620 0 0 0 0 0 1148 1620

3932
   1       0 ram0 0 0 0 0 0 0 0 0 0 0 0
   1       1 ram1 0 0 0 0 0 0 0 0 0 0 0
   1       2 ram2 0 0 0 0 0 0 0 0 0 0 0
   1       3 ram3 0 0 0 0 0 0 0 0 0 0 0
   1       4 ram4 0 0 0 0 0 0 0 0 0 0 0
   1       5 ram5 0 0 0 0 0 0 0 0 0 0 0
   1       6 ram6 0 0 0 0 0 0 0 0 0 0 0
   1       7 ram7 0 0 0 0 0 0 0 0 0 0 0
   1       8 ram8 0 0 0 0 0 0 0 0 0 0 0
   1       9 ram9 0 0 0 0 0 0 0 0 0 0 0
   1      10 ram10 0 0 0 0 0 0 0 0 0 0 0
   1      11 ram11 0 0 0 0 0 0 0 0 0 0 0
   1      12 ram12 0 0 0 0 0 0 0 0 0 0 0
   1      13 ram13 0 0 0 0 0 0 0 0 0 0 0
   1      14 ram14 0 0 0 0 0 0 0 0 0 0 0
   1      15 ram15 0 0 0 0 0 0 0 0 0 0 0
   7       0 loop0 0 0 0 0 0 0 0 0 0 0 0
   7       1 loop1 0 0 0 0 0 0 0 0 0 0 0
   7       2 loop2 0 0 0 0 0 0 0 0 0 0 0
   7       3 loop3 0 0 0 0 0 0 0 0 0 0 0
   7       4 loop4 0 0 0 0 0 0 0 0 0 0 0
   7       5 loop5 0 0 0 0 0 0 0 0 0 0 0
   7       6 loop6 0 0 0 0 0 0 0 0 0 0 0
   7       7 loop7 0 0 0 0 0 0 0 0 0 0 0
 253       0 zram0 36 0 288 0 1 0 8 0 0 0 0
 179       0 mmcblk0 21097 4643 4988116 23540 364 867 11936 2772 0 7056 7444
 179       1 mmcblk0p1 0 0 0 0 0 0 0 0 0 0 0
 179       2 mmcblk0p2 0 0 0 0 0 0 0 0 0 0 0
 179       3 mmcblk0p3 0 0 0 0 0 0 0 0 0 0 0
 179       4 mmcblk0p4 0 0 0 0 0 0 0 0 0 0 0
 179       5 mmcblk0p5 3148 1925 1018192 11240 0 0 0 0 0 1804 2052
 179       6 mmcblk0p6 0 0 0 0 0 0 0 0 0 0 0
 179       7 mmcblk0p7 1 0 32 0 0 0 0 0 0 0 0
 179       8 mmcblk0p8 0 0 0 0 0 0 0 0 0 0 0
 179       9 mmcblk0p9 6 0 2056 8 0 0 0 0 0 0 0
 179      10 mmcblk0p10 813 189 48736 1056 0 0 0 0 0 160 172
 179      11 mmcblk0p11 0 0 0 0 0 0 0 0 0 0 0
 179      12 mmcblk0p12 17122 2529 3918796 11188 351 867 11936 2752 0 5080 5140
 179      13 mmcblk0p13 0 0 0 0 0 0 0 0 0 0 0
 179      14 mmcblk0p14 1 0 256 0 0 0 0 0 0 0 0
 179      15 mmcblk0p15 0 0 0 0 0 0 0 0 0 0 0
 179      96 mmcblk0rpmb 0 0 0 0 0 0 0 0 0 0 0
 179      64 mmcblk0boot1 0 0 0 0 0 0 0 0 0 0 0
 179      32 mmcblk0boot0 0 0 0 0 0 0 0 0 0 0 0
 252       0 dm-0 3269 0 1003216 16856 0 0 0 0 0 3328 16872
 252       1 dm-1 810 0 47200 1620 0 0 0 0 0 1148 1620

3954
   1       0 ram0 0 0 0 0 0 0 0 0 0 0 0
   1       1 ram1 0 0 0 0 0 0 0 0 0 0 0
   1       2 ram2 0 0 0 0 0 0 0 0 0 0 0
   1       3 ram3 0 0 0 0 0 0 0 0 0 0 0
   1       4 ram4 0 0 0 0 0 0 0 0 0 0 0
   1       5 ram5 0 0 0 0 0 0 0 0 0 0 0
   1       6 ram6 0 0 0 0 0 0 0 0 0 0 0
   1       7 ram7 0 0 0 0 0 0 0 0 0 0 0
   1       8 ram8 0 0 0 0 0 0 0 0 0 0 0
   1       9 ram9 0 0 0 0 0 0 0 0 0 0 0
   1      10 ram10 0 0 0 0 0 0 0 0 0 0 0
   1      11 ram11 0 0 0 0 0 0 0 0 0 0 0
   1      12 ram12 0 0 0 0 0 0 0 0 0 0 0
   1      13 ram13 0 0 0 0 0 0 0 0 0 0 0
   1      14 ram14 0 0 0 0 0 0 0 0 0 0 0
   1      15 ram15 0 0 0 0 0 0 0 0 0 0 0
   7       0 loop0 0 0 0 0 0 0 0 0 0 0 0
   7       1 loop1 0 0 0 0 0 0 0 0 0 0 0
   7       2 loop2 0 0 0 0 0 0 0 0 0 0 0
   7       3 loop3 0 0 0 0 0 0 0 0 0 0 0
   7       4 loop4 0 0 0 0 0 0 0 0 0 0 0
   7       5 loop5 0 0 0 0 0 0 0 0 0 0 0
   7       6 loop6 0 0 0 0 0 0 0 0 0 0 0
   7       7 loop7 0 0 0 0 0 0 0 0 0 0 0
 253       0 zram0 36 0 288 0 1 0 8 0 0 0 0
 179       0 mmcblk0 21098 4643 4988124 23540 364 867 11936 2772 0 7056 7444
 179       1 mmcblk0p1 0 0 0 0 0 0 0 0 0 0 0
 179       2 mmcblk0p2 0 0 0 0 0 0 0 0 0 0 0
 179       3 mmcblk0p3 0 0 0 0 0 0 0 0 0 0 0
 179       4 mmcblk0p4 0 0 0 0 0 0 0 0 0 0 0
 179       5 mmcblk0p5 3148 1925 1018192 11240 0 0 0 0 0 1804 2052
 179       6 mmcblk0p6 0 0 0 0 0 0 0 0 0 0 0
 179       7 mmcblk0p7 1 0 32 0 0 0 0 0 0 0 0
 179       8 mmcblk0p8 0 0 0 0 0 0 0 0 0 0 0
 179       9 mmcblk0p9 6 0 2056 8 0 0 0 0 0 0 0
 179      10 mmcblk0p10 813 189 48736 1056 0 0 0 0 0 160 172
 179      11 mmcblk0p11 0 0 0 0 0 0 0 0 0 0 0
 179      12 mmcblk0p12 17123 2529 3918804 11188 351 867 11936 2752 0 5080 5140
 179      13 mmcblk0p13 0 0 0 0 0 0 0 0 0 0 0
 179      14 mmcblk0p14 1 0 256 0 0 0 0 0 0 0 0
 179      15 mmcblk0p15 0 0 0 0 0 0 0 0 0 0 0
 179      96 mmcblk0rpmb 0 0 0 0 0 0 0 0 0 0 0
 179      64 mmcblk0boot1 0 0 0 0 0 0 0 0 0 0 0
 179      32 mmcblk0boot0 0 0 0 0 0 0 0 0 0 0 0
 252       0 dm-0 3269 0 1003216 16856 0 0 0 0 0 3328 16872
 252       1 dm-1 810 0 47200 1620 0 0 0 0 0 1148 1620

3975
   1       0 ram0 0 0 0 0 0 0 0 0 0 0 0
   1       1 ram1 0 0 0 0 0 0 0 0 0 0 0
   1       2 ram2 0 0 0 0 0 0 0 0 0 0 0
   1       3 ram3 0 0 0 0 0 0 0 0 0 0 0
   1       4 ram4 0 0 0 0 0 0 0 0 0 0 0
   1       5 ram5 0 0 0 0 0 0 0 0 0 0 0
   1       6 ram6 0 0 0 0 0 0 0 0 0 0 0
   1       7 ram7 0 0 0 0 0 0 0 0 0 0 0
   1       8 ram8 0 0 0 0 0 0 0 0 0 0 0
   1       9 ram9 0 0 0 0 0 0 0 0 0 0 0
   1      10 ram10 0 0 0 0 0 0 0 0 0 0 0
   1      11 ram11 0 0 0 0 0 0 0 0 0 0 0
   1      12 ram12 0 0 0 0 0 0 0 0 0 0 0
   1      13 ram13 0 0 0 0 0 0 0 0 0 0 0
   1      14 ram14 0 0 0 0 0 0 0 0 0 0 0
   1      15 ram15 0 0 0 0 0 0 0 0 0 0 0
   7       0 loop0 0 0 0 0 0 0 0 0 0 0 0
   7       1 loop1 0 0 0 0 0 0 0 0 0 0 0
   7       2 loop2 0 0 0 0 0 0 0 0 0 0 0
   7       3 loop3 0 0 0 0 0 0 0 0 0 0 0
   7       4 loop4 0 0 0 0 0 0 0 0 0 0 0
   7       5 loop5 0 0 0 0 0 0 0 0 0 0 0
   7       6 loop6 0 0 0 0 0 0 0 0 0 0 0
   7       7 loop7 0 0 0 0 0 0 0 0 0 0 0
 253       0 zram0 36 0 288 0 1 0 8 0 0 0 0
 179       0 mmcblk0 21098 4643 4988124 23540 364 867 11936 2772 0 7056 7444
 179       1 mmcblk0p1 0 0 0 0 0 0 0 0 0 0 0
 179       2 mmcblk0p2 0 0 0 0 0 0 0 0 0 0 0
 179       3 mmcblk0p3 0 0 0 0 0 0 0 0 0 0 0
 179       4 mmcblk0p4 0 0 0 0 0 0 0 0 0 0 0
 179       5 mmcblk0p5 3148 1925 1018192 11240 0 0 0 0 0 1804 2052
 179       6 mmcblk0p6 0 0 0 0 0 0 0 0 0 0 0
 179       7 mmcblk0p7 1 0 32 0 0 0 0 0 0 0 0
 179       8 mmcblk0p8 0 0 0 0 0 0 0 0 0 0 0
 179       9 mmcblk0p9 6 0 2056 8 0 0 0 0 0 0 0
 179      10 mmcblk0p10 813 189 48736 1056 0 0 0 0 0 160 172
 179      11 mmcblk0p11 0 0 0 0 0 0 0 0 0 0 0
 179      12 mmcblk0p12 17123 2529 3918804 11188 351 867 11936 2752 0 5080 5140
 179      13 mmcblk0p13 0 0 0 0 0 0 0 0 0 0 0
 179      14 mmcblk0p14 1 0 256 0 0 0 0 0 0 0 0
 179      15 mmcblk0p15 0 0 0 0 0 0 0 0 0 0 0
 179      96 mmcblk0rpmb 0 0 0 0 0 0 0 0 0 0 0
 179      64 mmcblk0boot1 0 0 0 0 0 0 0 0 0 0 0
 179      32 mmcblk0boot0 0 0 0 0 0 0 0 0 0 0 0
 252       0 dm-0 3269 0 1003216 16856 0 0 0 0 0 3328 16872
 252       1 dm-1 810 0 47200 1620 0 0 0 0 0 1148 1620

3997
   1       0 ram0 0 0 0 0 0 0 0 0 0 0 0
   1       1 ram1 0 0 0 0 0 0 0 0 0 0 0
   1       2 ram2 0 0 0 0 0 0 0 0 0 0 0
   1       3 ram3 0 0 0 0 0 0 0 0 0 0 0
   1       4 ram4 0 0 0 0 0 0 0 0 0 0 0
   1       5 ram5 0 0 0 0 0 0 0 0 0 0 0
   1       6 ram6 0 0 0 0 0 0 0 0 0 0 0
   1       7 ram7 0 0 0 0 0 0 0 0 0 0 0
   1       8 ram8 0 0 0 0 0 0 0 0 0 0 0
   1       9 ram9 0 0 0 0 0 0 0 0 0 0 0
   1      10 ram10 0 0 0 0 0 0 0 0 0 0 0
   1      11 ram11 0 0 0 0 0 0 0 0 0 0 0
   1      12 ram12 0 0 0 0 0 0 0 0 0 0 0
   1      13 ram13 0 0 0 0 0 0 0 0 0 0 0
   1      14 ram14 0 0 0 0 0 0 0 0 0 0 0
   1      15 ram15 0 0 0 0 0 0 0 0 0 0 0
   7       0 loop0 0 0 0 0 0 0 0 0 0 0 0
   7       1 loop1 0 0 0 0 0 0 0 0 0 0 0
   7       2 loop2 0 0 0 0 0 0 0 0 0 0 0
   7       3 loop3 0 0 0 0 0 0 0 0 0 0 0
   7       4 loop4 0 0 0 0 0 0 0 0 0 0 0
   7       5 loop5 0 0 0 0 0 0 0 0 0 0 0
   7       6 loop6 0 0 0 0 0 0 0 0 0 0 0
   7       7 loop7 0 0 0 0 0 0 0 0 0 0 0
 253       0 zram0 36 0 288 0 1 0 8 0 0 0 0
 179       0 mmcblk0 21098 4643 4988124 23540 364 867 11936 2772 0 7056 7444
 179       1 mmcblk0p1 0 0 0 0 0 0 0 0 0 0 0
 179       2 mmcblk0p2 0 0 0 0 0 0 0 0 0 0 0
 179       3 mmcblk0p3 0 0 0 0 0 0 0 0 0 0 0
 179       4 mmcblk0p4 0 0 0 0 0 0 0 0 0 0 0
 179       5 mmcblk0p5 3148 1925 1018192 11240 0 0 0 0 0 1804 2052
 179       6 mmcblk0p6 0 0 0 0 0 0 0 0 0 0 0
 179       7 mmcblk0p7 1 0 32 0 0 0 0 0 0 0 0
 179       8 mmcblk0p8 0 0 0 0 0 0 0 0 0 0 0
 179       9 mmcblk0p9 6 0 2056 8 0 0 0 0 0 0 0
 179      10 mmcblk0p10 813 189 48736 1056 0 0 0 0 0 160 172
 179      11 mmcblk0p11 0 0 0 0 0 0 0 0 0 0 0
 179      12 mmcblk0p12 17123 2529 3918804 11188 351 867 11936 2752 0 5080 5140
 179      13 mmcblk0p13 0 0 0 0 0 0 0 0 0 0 0
 179      14 mmcblk0p14 1 0 256 0 0 0 0 0 0 0 0
 179      15 mmcblk0p15 0 0 0 0 0 0 0 0 0 0 0
 179      96 mmcblk0rpmb 0 0 0 0 0 0 0 0 0 0 0
 179      64 mmcblk0boot1 0 0 0 0 0 0 0 0 0 0 0
 179      32 mmcblk0boot0 0 0 0 0 0 0 0 0 0 0 0
 252       0 dm-0 3269 0 1003216 16856 0 0 0 0 0 3328 16872
 252       1 dm-1 810 0 47200 1620 0 0 0 0 0 1148 1620

4018
   1       0 ram0 0 0 0 0 0 0 0 0 0 0 0
   1       1 ram1 0 0 0 0 0 0 0 0 0 0 0
   1       2 ram2 0 0 0 0 0 0 0 0 0 0 0
   1       3 ram3 0 0 0 0 0 0 0 0 0 0 0
   1       4 ram4 0 0 0 0 0 0 0 0 0 0 0
   1       5 ram5 0 0 0 0 0 0 0 0 0 0 0
   1       6 ram6 0 0 0 0 0 0 0 0 0 0 0
   1       7 ram7 0 0 0 0 0 0 0 0 0 0 0
   1       8 ram8 0 0 0 0 0 0 0 0 0 0 0
   1       9 ram9 0 0 0 0 0 0 0 0 0 0 0
   1      10 ram10 0 0 0 0 0 0 0 0 0 0 0
   1      11 ram11 0 0 0 0 0 0 0 0 0 0 0
   1      12 ram12 0 0 0 0 0 0 0 0 0 0 0
   1      13 ram13 0 0 0 0 0 0 0 0 0 0 0
   1      14 ram14 0 0 0 0 0 0 0 0 0 0 0
   1      15 ram15 0 0 0 0 0 0 0 0 0 0 0
   7       0 loop0 0 0 0 0 0 0 0 0 0 0 0
   7       1 loop1 0 0 0 0 0 0 0 0 0 0 0
   7       2 loop2 0 0 0 0 0 0 0 0 0 0 0
   7       3 loop3 0 0 0 0 0 0 0 0 0 0 0
   7       4 loop4 0 0 0 0 0 0 0 0 0 0 0
   7       5 loop5 0 0 0 0 0 0 0 0 0 0 0
   7       6 loop6 0 0 0 0 0 0 0 0 0 0 0
   7       7 loop7 0 0 0 0 0 0 0 0 0 0 0
 253       0 zram0 36 0 288 0 1 0 8 0 0 0 0
 179       0 mmcblk0 21099 4643 4988956 23544 364 867 11936 2772 0 7056 7444
 179       1 mmcblk0p1 0 0 0 0 0 0 0 0 0 0 0
 179       2 mmcblk0p2 0 0 0 0 0 0 0 0 0 0 0
 179       3 mmcblk0p3 0 0 0 0 0 0 0 0 0 0 0
 179       4 mmcblk0p4 0 0 0 0 0 0 0 0 0 0 0
 179       5 mmcblk0p5 3149 1925 1019024 11244 0 0 0 0 0 1804 2052
 179       6 mmcblk0p6 0 0 0 0 0 0 0 0 0 0 0
 179       7 mmcblk0p7 1 0 32 0 0 0 0 0 0 0 0
 179       8 mmcblk0p8 0 0 0 0 0 0 0 0 0 0 0
 179       9 mmcblk0p9 6 0 2056 8 0 0 0 0 0 0 0
 179      10 mmcblk0p10 813 189 48736 1056 0 0 0 0 0 160 172
 179      11 mmcblk0p11 0 0 0 0 0 0 0 0 0 0 0
 179      12 mmcblk0p12 17123 2529 3918804 11188 351 867 11936 2752 0 5080 5140
 179      13 mmcblk0p13 0 0 0 0 0 0 0 0 0 0 0
 179      14 mmcblk0p14 1 0 256 0 0 0 0 0 0 0 0
 179      15 mmcblk0p15 0 0 0 0 0 0 0 0 0 0 0
 179      96 mmcblk0rpmb 0 0 0 0 0 0 0 0 0 0 0
 179      64 mmcblk0boot1 0 0 0 0 0 0 0 0 0 0 0
 179      32 mmcblk0boot0 0 0 0 0 0 0 0 0 0 0 0
 252       0 dm-0 3270 0 1004048 16860 0 0 0 0 0 3332 16876
 252       1 dm-1 810 0 47200 1620 0 0 0 0 0 1148 1620

