3125
cpu  516 9 2139 8982 44 34 72 0 0 0
cpu0 257 0 1581 687 19 19 60 0 0 0
cpu1 123 5 296 2622 15 5 4 0 0 0
cpu2 11 0 92 2927 7 4 3 0 0 0
cpu3 123 3 169 2744 2 4 3 0 0 0
intr 85207 0 0 0 25748 0 0 19 0 0 0 0 0 0 0 0 0 0 0 0 0 0 0 0 0 0 0 0 0 362 0 0 5 400 363 0 0 1 0 0 0 0 0 0 0 0 0 0 0 34864 52 0 0 0 0 0 0 0 0 3 0 114 58 0 0 0 1 3268 0 0 0 0 0 0 0 0 0 0 0 0 0 0 0 0 0 0 0 0 0 0 0 0 0 0 0 0 0 0 0 0 0 0 0 0 0 0 0 0 0 0 0 0 0 0 0 0 0 0 0 0 0 0 0 0 0 0 0 0 0 0 0 0 0 0 0 0 0 0 0 0 0 0 0 0 0 0 0 0 0 0 0 0 0 0 0 0 0 0 0 0 0 0 0 0 0 0 0 0 0 0 0 0 0 0 0 0 0 0 0 0 0 0 0 0 0 0 0 0 0 0 0 0 0 0 0 0 0 0 0 0 0 0 0 0 0 0 0 0 0 0 0 0 0 0 0 0 0 0 0 0 0 0 0 0 0 0 0 0 0 0 0 0 0 0 3268 0 0 0 0 0 0 0 0 0 0 0 0 0 0 0 0 0 0 0 0 0 0 0 0 0 0 0 0 0 0 0
ctxt 98025
btime 6
processes 2968
procs_running 2
procs_blocked 0
softirq 61991 2 19644 0 0 0 0 20859 10504 0 10982

3146
cpu  527 9 2179 9004 53 34 73 0 0 0
cpu0 258 0 1591 695 20 20 60 0 0 0
cpu1 127 5 305 2627 17 5 4 0 0 0
cpu2 13 0 101 2933 12 4 3 0 0 0
cpu3 127 3 181 2747 3 5 3 0 0 0
intr 86357 0 0 0 25959 0 0 19 0 0 0 0 0 0 0 0 0 0 0 0 0 0 0 0 0 0 0 0 0 362 0 0 5 400 363 0 0 1 0 0 0 0 0 0 0 0 0 0 0 35348 52 0 0 0 0 0 0 0 0 3 0 114 58 0 0 0 1 3268 0 0 0 0 0 0 0 0 0 0 0 0 0 0 0 0 0 0 0 0 0 0 0 0 0 0 0 0 0 0 0 0 0 0 0 0 0 0 0 0 0 0 0 0 0 0 0 0 0 0 0 0 0 0 0 0 0 0 0 0 0 0 0 0 0 0 0 0 0 0 0 0 0 0 0 0 0 0 0 0 0 0 0 0 0 0 0 0 0 0 0 0 0 0 0 0 0 0 0 0 0 0 0 0 0 0 0 0 0 0 0 0 0 0 0 0 0 0 0 0 0 0 0 0 0 0 0 0 0 0 0 0 0 0 0 0 0 0 0 0 0 0 0 0 0 0 0 0 0 0 0 0 0 0 0 0 0 0 0 0 0 0 0 0 0 0 3268 0 0 0 0 0 0 0 0 0 0 0 0 0 0 0 0 0 0 0 0 0 0 0 0 0 0 0 0 0 0 0
ctxt 100191
btime 6
processes 2990
procs_running 11
procs_blocked 5
softirq 62799 2 19828 0 0 0 0 21105 10621 0 11243

3167
cpu  562 9 2226 9004 55 35 75 0 0 0
cpu0 270 0 1599 695 21 20 62 0 0 0
cpu1 136 5 317 2627 17 5 4 0 0 0
cpu2 21 0 113 2933 13 4 4 0 0 0
cpu3 134 3 195 2747 3 5 3 0 0 0
intr 87650 0 0 0 26177 0 0 19 0 0 0 0 0 0 0 0 0 0 0 0 0 0 0 0 0 0 0 0 0 362 0 0 5 400 363 0 0 1 0 0 0 0 0 0 0 0 0 0 0 35987 52 0 0 0 0 0 0 0 0 3 0 114 58 0 0 0 1 3269 0 0 0 0 0 0 0 0 0 0 0 0 0 0 0 0 0 0 0 0 0 0 0 0 0 0 0 0 0 0 0 0 0 0 0 0 0 0 0 0 0 0 0 0 0 0 0 0 0 0 0 0 0 0 0 0 0 0 0 0 0 0 0 0 0 0 0 0 0 0 0 0 0 0 0 0 0 0 0 0 0 0 0 0 0 0 0 0 0 0 0 0 0 0 0 0 0 0 0 0 0 0 0 0 0 0 0 0 0 0 0 0 0 0 0 0 0 0 0 0 0 0 0 0 0 0 0 0 0 0 0 0 0 0 0 0 0 0 0 0 0 0 0 0 0 0 0 0 0 0 0 0 0 0 0 0 0 0 0 0 0 0 0 0 0 0 3269 0 0 0 0 0 0 0 0 0 0 0 0 0 0 0 0 0 0 0 0 0 0 0 0 0 0 0 0 0 0 0
ctxt 102240
btime 6
processes 3013
procs_running 23
procs_blocked 5
softirq 63771 2 20029 0 0 0 0 21424 10652 0 11664

3192
cpu  604 10 2276 9004 55 36 76 0 0 0
cpu0 275 0 1616 695 21 21 63 0 0 0
cpu1 143 5 333 2627 17 5 4 0 0 0
cpu2 33 0 124 2933 13 4 4 0 0 0
cpu3 152 3 202 2747 3 5 3 0 0 0
intr 89217 0 0 0 26422 0 0 19 0 0 0 0 0 0 0 0 0 0 0 0 0 0 0 0 0 0 0 0 0 362 0 0 5 400 363 0 0 1 0 0 0 0 0 0 0 1 0 0 0 36801 52 0 0 0 0 0 0 0 0 3 0 114 58 0 0 0 1 3269 0 0 0 0 0 0 0 0 0 0 0 0 0 0 0 0 0 0 0 0 0 0 0 0 0 0 0 0 0 0 0 0 0 0 0 0 0 0 0 0 0 0 0 0 0 0 0 0 0 0 0 0 0 0 0 0 0 0 0 0 0 0 0 0 0 0 0 0 0 0 0 0 0 0 0 0 0 0 0 0 0 0 0 0 0 0 0 0 0 0 0 0 0 0 0 0 0 0 0 0 0 0 0 0 0 0 0 0 0 0 0 0 0 0 0 0 0 0 0 0 0 0 0 0 0 0 0 0 0 0 0 0 0 0 0 0 0 0 0 0 0 0 0 0 0 0 0 0 0 0 0 0 0 0 0 0 0 0 0 0 0 0 0 0 0 0 3269 0 0 0 0 0 0 0 0 0 0 0 0 0 0 0 0 0 0 0 0 0 0 0 0 0 0 0 0 0 0 0
ctxt 104803
btime 6
processes 3042
procs_running 19
procs_blocked 13
softirq 64937 2 20263 0 0 0 0 21832 10672 0 12168

3220
cpu  679 11 2310 9004 55 38 78 0 0 0
cpu0 288 0 1629 695 21 21 64 0 0 0
cpu1 164 5 339 2627 17 6 5 0 0 0
cpu2 53 0 132 2933 13 4 4 0 0 0
cpu3 172 3 209 2747 3 5 4 0 0 0
intr 90444 0 0 0 26709 0 0 19 0 0 0 0 0 0 0 0 0 0 0 0 0 0 0 0 0 0 0 0 0 362 0 0 5 400 363 0 0 1 0 0 0 0 0 0 0 1 0 0 0 37396 52 0 0 0 0 0 0 0 0 3 0 114 58 0 0 0 1 3269 0 0 0 0 0 0 0 0 0 0 0 0 0 0 0 0 0 0 0 0 0 0 0 0 0 0 0 0 0 0 0 0 0 0 0 0 0 0 0 0 0 0 0 0 0 0 0 0 0 0 0 0 0 0 0 0 0 0 0 0 0 0 0 0 0 0 0 0 0 0 0 0 0 0 0 0 0 0 0 0 0 0 0 0 0 0 0 0 0 0 0 0 0 0 0 0 0 0 0 0 0 0 0 0 0 0 0 0 0 0 0 0 0 0 0 0 0 0 0 0 0 0 0 0 0 0 0 0 0 0 0 0 0 0 0 0 0 0 0 0 0 0 0 0 0 0 0 0 0 0 0 0 0 0 0 0 0 0 0 0 0 0 0 0 0 0 3269 0 0 0 0 0 0 0 0 0 0 0 0 0 0 0 0 0 0 0 0 0 0 0 0 0 0 0 0 0 0 0
ctxt 106877
btime 6
processes 3055
procs_running 23
procs_blocked 0
softirq 65825 2 20535 0 0 0 0 22130 10679 0 12479

3246
cpu  774 11 2317 9004 55 38 78 0 0 0
cpu0 310 1 1632 695 21 21 65 0 0 0
cpu1 189 5 340 2628 17 6 5 0 0 0
cpu2 79 0 132 2933 13 5 4 0 0 0
cpu3 195 3 212 2747 3 5 4 0 0 0
intr 90844 0 0 0 26982 0 0 19 0 0 0 0 0 0 0 0 0 0 0 0 0 0 0 0 0 0 0 0 0 362 0 0 5 400 363 0 0 1 0 0 0 0 0 0 0 1 0 0 0 37485 52 0 0 0 0 0 0 0 0 3 0 114 58 0 0 0 1 3269 0 0 0 0 0 0 0 0 0 0 0 0 0 0 0 0 0 0 0 0 0 0 0 0 0 0 0 0 0 0 0 0 0 0 0 0 0 0 0 0 0 0 0 0 0 0 0 0 0 0 0 0 0 0 0 0 0 0 0 0 0 0 0 0 0 0 0 0 0 0 0 0 0 0 0 0 0 0 0 0 0 0 0 0 0 0 0 0 0 0 0 0 0 0 0 0 0 0 0 0 0 0 0 0 0 0 0 0 0 0 0 0 0 0 0 0 0 0 0 0 0 0 0 0 0 0 0 0 0 0 0 0 0 0 0 0 0 0 0 0 0 0 0 0 0 0 0 0 0 0 0 0 0 0 0 0 0 0 0 0 0 0 0 0 0 0 3269 0 0 0 0 0 0 0 0 0 0 0 0 0 0 0 0 0 0 0 0 0 0 0 0 0 0 0 0 0 0 0
ctxt 107534
btime 6
processes 3061
procs_running 14
procs_blocked 2
softirq 66401 2 20795 0 0 0 0 22174 10687 0 12743

3272
cpu  844 11 2348 9004 56 39 79 0 0 0
cpu0 323 1 1644 695 21 22 65 0 0 0
cpu1 206 5 347 2628 18 6 5 0 0 0
cpu2 98 0 138 2933 13 5 4 0 0 0
cpu3 215 3 217 2747 3 6 4 0 0 0
intr 91627 0 0 0 27246 0 0 19 0 0 0 0 0 0 0 0 0 0 0 0 0 0 0 0 0 0 0 0 0 362 0 0 5 400 363 0 0 1 0 0 0 0 0 0 0 1 0 0 0 37795 52 0 0 0 0 0 0 0 0 3 0 114 58 0 0 0 1 3270 0 0 0 0 0 0 0 0 0 0 0 0 0 0 0 0 0 0 0 0 0 0 0 0 0 0 0 0 0 0 0 0 0 0 0 0 0 0 0 0 0 0 0 0 0 0 0 0 0 0 0 0 0 0 0 0 0 0 0 0 0 0 0 0 0 0 0 0 0 0 0 0 0 0 0 0 0 0 0 0 0 0 0 0 0 0 0 0 0 0 0 0 0 0 0 0 0 0 0 0 0 0 0 0 0 0 0 0 0 0 0 0 0 0 0 0 0 0 0 0 0 0 0 0 0 0 0 0 0 0 0 0 0 0 0 0 0 0 0 0 0 0 0 0 0 0 0 0 0 0 0 0 0 0 0 0 0 0 0 0 0 0 0 0 0 0 3270 0 0 0 0 0 0 0 0 0 0 0 0 0 0 0 0 0 0 0 0 0 0 0 0 0 0 0 0 0 0 0
ctxt 108805
btime 6
processes 3075
procs_running 11
procs_blocked 3
softirq 67103 2 21038 0 0 0 0 22335 10701 0 13027

3293
cpu  896 13 2377 9004 57 40 80 0 0 0
cpu0 338 2 1649 695 21 22 66 0 0 0
cpu1 225 5 350 2628 18 6 5 0 0 0
cpu2 109 0 148 2933 14 5 4 0 0 0
cpu3 223 4 229 2747 3 6 4 0 0 0
intr 92475 0 0 0 27471 0 0 19 0 0 0 0 0 0 0 0 0 0 0 0 0 0 0 0 0 0 0 0 0 362 0 0 5 400 363 0 0 1 0 0 0 0 0 0 0 1 0 0 0 38121 52 0 0 0 0 0 0 0 0 3 0 114 58 0 0 0 1 3270 0 0 0 0 0 0 0 0 0 0 0 0 0 0 0 0 0 0 0 0 0 0 0 0 0 0 0 0 0 0 0 0 0 0 0 0 0 0 0 0 0 0 0 0 0 0 0 0 0 0 0 0 0 0 0 0 0 0 0 0 0 0 0 0 0 0 0 0 0 0 0 0 0 0 0 0 0 0 0 0 0 0 0 0 0 0 0 0 0 0 0 0 0 0 0 0 0 0 0 0 0 0 0 0 0 0 0 0 0 0 0 0 0 0 0 0 0 0 0 0 0 0 0 0 0 0 0 0 0 0 0 0 0 0 0 0 0 0 0 0 0 0 0 0 0 0 0 0 0 0 0 0 0 0 0 0 0 0 0 0 0 0 0 0 0 0 3270 0 0 0 0 0 0 0 0 0 0 0 0 0 0 0 0 0 0 0 0 0 0 0 0 0 0 0 0 0 0 0
ctxt 110052
btime 6
processes 3084
procs_running 7
procs_blocked 2
softirq 67736 2 21248 0 0 0 0 22498 10730 0 13258

3315
cpu  923 13 2412 9011 71 41 81 0 0 0
cpu0 349 2 1655 696 22 22 67 0 0 0
cpu1 233 5 358 2630 21 6 5 0 0 0
cpu2 112 0 159 2935 19 5 4 0 0 0
cpu3 227 4 238 2749 8 6 4 0 0 0
intr 93562 0 0 0 27699 0 0 19 0 0 0 0 0 0 0 0 0 0 0 0 0 0 0 0 0 0 0 0 0 370 0 0 6 408 371 0 0 1 0 0 0 0 0 0 0 1 0 0 0 38519 52 0 0 0 0 0 0 0 0 3 2 117 58 0 0 0 1 3270 0 0 0 0 0 0 0 0 0 0 0 0 0 0 0 0 0 0 0 0 0 0 0 0 0 0 0 0 0 0 0 0 0 0 0 0 0 0 0 0 0 0 0 0 0 0 0 0 0 0 0 0 0 0 0 0 0 0 0 0 0 0 0 0 0 0 0 0 0 0 0 0 0 0 0 0 0 0 0 0 0 0 0 0 0 0 0 0 0 0 0 0 0 0 0 0 0 0 0 0 0 0 0 0 0 0 0 0 0 0 0 0 0 0 0 0 0 0 0 0 0 0 0 0 0 0 0 0 0 0 0 0 0 0 0 0 0 0 0 0 0 0 0 0 0 0 0 0 0 0 0 0 0 0 0 0 0 0 0 0 0 0 0 0 0 0 3270 0 0 0 0 0 0 0 0 0 0 0 0 0 0 0 0 0 0 0 0 0 0 0 0 0 0 0 0 0 0 0
ctxt 112382
btime 6
processes 3098
procs_running 6
procs_blocked 1
softirq 68483 2 21452 0 0 0 0 22698 10831 0 13500

3339
cpu  976 13 2446 9015 74 42 82 0 0 0
cpu0 359 2 1665 698 22 23 67 0 0 0
cpu1 256 5 359 2630 21 6 5 0 0 0
cpu2 123 0 170 2936 19 5 4 0 0 0
cpu3 235 4 250 2750 9 6 4 0 0 0
intr 94295 0 0 0 27956 0 0 19 0 0 0 0 0 0 0 0 0 0 0 0 0 0 0 0 0 0 0 0 0 384 0 0 6 422 385 0 0 1 0 0 0 0 0 0 0 1 0 0 0 38788 52 0 0 0 0 0 0 0 0 3 2 120 58 0 0 0 1 3270 0 0 0 0 0 0 0 0 0 0 0 0 0 0 0 0 0 0 0 0 0 0 0 0 0 0 0 0 0 0 0 0 0 0 0 0 0 0 0 0 0 0 0 0 0 0 0 0 0 0 0 0 0 0 0 0 0 0 0 0 0 0 0 0 0 0 0 0 0 0 0 0 0 0 0 0 0 0 0 0 0 0 0 0 0 0 0 0 0 0 0 0 0 0 0 0 0 0 0 0 0 0 0 0 0 0 0 0 0 0 0 0 0 0 0 0 0 0 0 0 0 0 0 0 0 0 0 0 0 0 0 0 0 0 0 0 0 0 0 0 0 0 0 0 0 0 0 0 0 0 0 0 0 0 0 0 0 0 0 0 0 0 0 2 0 0 3270 0 0 0 0 0 0 0 0 0 0 0 0 0 0 0 0 0 0 0 0 0 0 0 0 0 0 0 0 0 0 0
ctxt 115040
btime 6
processes 3110
procs_running 5
procs_blocked 1
softirq 69438 2 21675 0 0 0 0 22833 10881 0 14047

3360
cpu  1004 13 2477 9031 86 43 83 0 0 0
cpu0 367 2 1672 703 23 23 68 0 0 0
cpu1 261 5 370 2632 25 7 5 0 0 0
cpu2 130 0 176 2942 22 5 4 0 0 0
cpu3 244 4 257 2752 15 6 4 0 0 0
intr 95295 0 0 0 28201 0 0 19 0 0 0 0 0 0 0 0 0 0 0 0 0 0 0 0 0 0 0 0 0 397 0 0 7 435 398 0 0 1 0 0 0 0 0 0 0 1 0 0 0 39077 52 0 0 0 0 0 0 0 0 3 2 120 58 0 0 0 1 3271 0 0 0 0 0 0 0 0 0 0 0 0 0 0 0 0 0 0 0 0 0 0 0 0 0 0 0 0 0 0 0 0 0 0 0 0 0 0 0 0 0 0 0 0 0 0 0 0 0 0 0 0 0 0 0 0 0 0 0 0 0 0 0 0 0 0 0 0 0 0 0 0 0 0 0 0 0 0 0 0 0 0 0 0 0 0 0 0 0 0 0 0 0 0 0 0 0 0 0 0 0 0 0 0 0 0 0 0 0 0 0 0 0 0 0 0 0 0 0 0 0 0 0 0 0 0 0 0 0 0 0 0 0 0 0 0 0 0 0 0 0 0 0 0 0 0 0 0 0 0 0 0 0 0 0 0 0 0 0 0 0 0 0 40 0 0 3271 0 0 0 0 0 0 0 0 0 0 0 0 0 0 0 0 0 0 0 0 0 0 0 0 0 0 0 0 0 0 0
ctxt 116664
btime 6
processes 3123
procs_running 4
procs_blocked 1
softirq 70059 2 21870 0 0 0 0 22979 10992 0 14216

3382
cpu  1039 13 2493 9057 91 43 83 0 0 0
cpu0 376 2 1678 705 27 23 68 0 0 0
cpu1 281 5 372 2632 25 7 5 0 0 0
cpu2 131 0 182 2954 23 5 4 0 0 0
cpu3 249 4 260 2764 15 6 4 0 0 0
intr 96107 0 0 0 28433 0 0 19 0 0 0 0 0 0 0 0 0 0 0 0 0 0 0 0 0 0 0 0 0 409 0 0 7 447 410 0 0 1 0 0 0 0 0 0 0 1 0 0 0 39209 52 0 0 0 0 0 0 0 0 3 2 120 58 0 0 0 1 3271 0 0 0 0 0 0 0 0 0 0 0 0 0 0 0 0 0 0 0 0 0 0 0 0 0 0 0 0 0 0 0 0 0 0 0 0 0 0 0 0 0 0 0 0 0 0 0 0 0 0 0 0 0 0 0 0 0 0 0 0 0 0 0 0 0 0 0 0 0 0 0 0 0 0 0 0 0 0 0 0 0 0 0 0 0 0 0 0 0 0 0 0 0 0 0 0 0 0 0 0 0 0 0 0 0 0 0 0 0 0 0 0 0 0 0 0 0 0 0 0 0 0 0 0 0 0 0 0 0 0 0 0 0 0 0 0 0 0 0 0 0 0 0 0 0 0 0 0 0 0 0 0 0 0 0 0 0 0 0 0 0 0 0 40 0 0 3271 0 0 0 0 0 0 0 0 0 0 0 0 0 0 0 0 0 0 0 0 0 0 0 0 0 0 0 0 0 0 0
ctxt 117985
btime 6
processes 3128
procs_running 7
procs_blocked 0
softirq 70537 2 22051 0 0 0 0 23045 11068 0 14371

3404
cpu  1094 13 2514 9065 94 44 83 0 0 0
cpu0 383 2 1685 711 29 24 68 0 0 0
cpu1 300 5 375 2633 25 7 5 0 0 0
cpu2 145 0 188 2956 24 6 4 0 0 0
cpu3 265 4 265 2765 15 6 4 0 0 0
intr 97274 0 0 0 28685 0 0 19 0 0 0 0 0 0 0 0 0 0 0 0 0 0 0 0 0 0 0 0 0 422 0 0 7 460 423 0 0 1 0 0 0 0 0 0 0 1 0 0 0 39331 52 0 0 0 0 0 0 0 0 3 2 120 58 0 0 0 1 3271 0 0 0 0 0 0 0 0 0 0 0 0 0 0 0 0 0 0 0 0 0 0 0 0 0 0 0 0 0 0 0 0 0 0 0 0 0 0 0 0 0 0 0 0 0 0 0 0 0 0 0 0 0 0 0 0 0 0 0 0 0 0 0 0 0 0 0 0 0 0 0 0 0 0 0 0 0 0 0 0 0 0 0 0 0 0 0 0 0 0 0 0 0 0 0 0 0 0 0 0 0 0 0 0 0 0 0 0 0 0 0 0 0 0 0 0 0 0 0 0 0 0 0 0 0 0 0 0 0 0 0 0 0 0 0 0 0 0 0 0 0 0 0 0 0 0 0 0 0 0 0 0 0 0 0 0 0 0 0 0 0 0 0 40 0 0 3271 0 0 0 0 0 0 0 0 0 0 0 0 0 0 0 0 0 0 0 0 0 0 0 0 0 0 0 0 0 0 0
ctxt 120269
btime 6
processes 3133
procs_running 6
procs_blocked 2
softirq 71110 2 22263 0 0 0 0 23105 11160 0 14580

3425
cpu  1133 13 2540 9077 99 45 84 0 0 0
cpu0 391 2 1692 711 32 24 69 0 0 0
cpu1 314 5 379 2635 25 7 5 0 0 0
cpu2 155 0 194 2960 24 6 4 0 0 0
cpu3 271 4 274 2769 17 6 4 0 0 0
intr 98508 0 0 0 28921 0 0 19 0 0 0 0 0 0 0 0 0 0 0 0 0 0 0 0 0 0 0 0 0 435 0 0 7 473 436 0 0 1 0 0 0 0 0 0 0 1 0 0 0 39731 52 0 0 0 0 0 0 0 0 3 2 120 58 0 0 0 1 3271 0 0 0 0 0 0 0 0 0 0 0 0 0 0 0 0 0 0 0 0 0 0 0 0 0 0 0 0 0 0 0 0 0 0 0 0 0 0 0 0 0 0 0 0 0 0 0 0 0 0 0 0 0 0 0 0 0 0 0 0 0 0 0 0 0 0 0 0 0 0 0 0 0 0 0 0 0 0 0 0 0 0 0 0 0 0 0 0 0 0 0 0 0 0 0 0 0 0 0 0 0 0 0 0 0 0 0 0 0 0 0 0 0 0 0 0 0 0 0 0 0 0 0 0 0 0 0 0 0 0 0 0 0 0 0 0 0 0 0 0 0 0 0 0 0 0 0 0 0 0 0 0 0 0 0 0 0 0 0 0 0 0 0 106 0 0 3271 0 0 0 0 0 0 0 0 0 0 0 0 0 0 0 0 0 0 0 0 0 0 0 0 0 0 0 0 0 0 0
ctxt 123736
btime 6
processes 3141
procs_running 7
procs_blocked 1
softirq 71866 2 22462 0 0 0 0 23306 11258 0 14838

3447
cpu  1156 13 2571 9102 105 45 85 0 0 0
cpu0 394 2 1700 720 33 24 69 0 0 0
cpu1 325 5 385 2640 25 7 5 0 0 0
cpu2 162 0 205 2965 24 6 5 0 0 0
cpu3 274 4 279 2775 21 7 4 0 0 0
intr 99586 0 0 0 29159 0 0 19 0 0 0 0 0 0 0 0 0 0 0 0 0 0 0 0 0 0 0 0 0 447 0 0 9 485 448 0 0 1 0 0 0 0 0 0 0 1 0 0 0 39909 52 0 0 0 0 0 0 0 0 3 10 123 58 0 0 0 1 3271 0 0 0 0 0 0 0 0 0 0 0 0 0 0 0 0 0 0 0 0 0 0 0 0 0 0 0 0 0 0 0 0 0 0 0 0 0 0 0 0 0 0 0 0 0 0 0 0 0 0 0 0 0 0 0 0 0 0 0 0 0 0 0 0 0 0 0 0 0 0 0 0 0 0 0 0 0 0 0 0 0 0 0 0 0 0 0 0 0 0 0 0 0 0 0 0 0 0 0 0 0 0 0 0 0 0 0 0 0 0 0 0 0 0 0 0 0 0 0 0 0 0 0 0 0 0 0 0 0 0 0 0 0 0 0 0 0 0 0 0 0 0 0 0 0 0 0 0 0 0 0 0 0 0 0 0 0 0 0 0 0 0 0 174 0 0 3271 0 0 0 0 0 0 0 0 0 0 0 0 0 0 0 0 0 0 0 0 0 0 0 0 0 0 0 0 0 0 0
ctxt 126965
btime 6
processes 3145
procs_running 2
procs_blocked 0
softirq 72447 2 22652 0 0 0 0 23395 11359 0 15039

3469
cpu  1177 13 2579 9157 105 46 85 0 0 0
cpu0 403 2 1702 730 33 25 69 0 0 0
cpu1 327 5 387 2656 25 7 5 0 0 0
cpu2 172 0 208 2975 24 6 5 0 0 0
cpu3 274 4 280 2795 21 7 4 0 0 0
intr 100020 0 0 0 29399 0 0 19 0 0 0 0 0 0 0 0 0 0 0 0 0 0 0 0 0 0 0 0 0 460 0 0 12 498 461 0 0 1 0 0 0 0 0 0 0 1 0 0 0 39913 52 0 0 0 0 0 0 0 0 3 24 123 58 0 0 0 1 3272 0 0 0 0 0 0 0 0 0 0 0 0 0 0 0 0 0 0 0 0 0 0 0 0 0 0 0 0 0 0 0 0 0 0 0 0 0 0 0 0 0 0 0 0 0 0 0 0 0 0 0 0 0 0 0 0 0 0 0 0 0 0 0 0 0 0 0 0 0 0 0 0 0 0 0 0 0 0 0 0 0 0 0 0 0 0 0 0 0 0 0 0 0 0 0 0 0 0 0 0 0 0 0 0 0 0 0 0 0 0 0 0 0 0 0 0 0 0 0 0 0 0 0 0 0 0 0 0 0 0 0 0 0 0 0 0 0 0 0 0 0 0 0 0 0 0 0 0 0 0 0 0 0 0 0 0 0 0 0 0 0 0 0 198 0 0 3272 0 0 0 0 0 0 0 0 0 0 0 0 0 0 0 0 0 0 0 0 0 0 0 0 0 0 0 0 0 0 0
ctxt 127548
btime 6
processes 3147
procs_running 3
procs_blocked 0
softirq 72887 2 22829 0 0 0 0 23398 11453 0 15205

3490
cpu  1185 13 2598 9209 108 46 85 0 0 0
cpu0 409 2 1710 737 33 25 69 0 0 0
cpu1 329 5 391 2670 25 7 5 0 0 0
cpu2 172 0 211 2989 27 6 5 0 0 0
cpu3 274 4 284 2812 22 7 5 0 0 0
intr 100723 0 0 0 29629 0 0 19 0 0 0 0 0 0 0 0 0 0 0 0 0 0 0 0 0 0 0 0 0 472 0 0 14 510 473 0 0 1 0 0 0 0 0 0 0 1 0 0 0 39998 52 0 0 0 0 0 0 0 0 3 39 123 58 0 0 0 1 3272 0 0 0 0 0 0 0 0 0 0 0 0 0 0 0 0 0 0 0 0 0 0 0 0 0 0 0 0 0 0 0 0 0 0 0 0 0 0 0 0 0 0 0 0 0 0 0 0 0 0 0 0 0 0 0 0 0 0 0 0 0 0 0 0 0 0 0 0 0 0 0 0 0 0 0 0 0 0 0 0 0 0 0 0 0 0 0 0 0 0 0 0 0 0 0 0 0 0 0 0 0 0 0 0 0 0 0 0 0 0 0 0 0 0 0 0 0 0 0 0 0 0 0 0 0 0 0 0 0 0 0 0 0 0 0 0 0 0 0 0 0 0 0 0 0 0 0 0 0 0 0 0 0 0 0 0 0 0 0 0 0 0 0 241 0 0 3272 0 0 0 0 0 0 0 0 0 0 0 0 0 0 0 0 0 0 0 0 0 0 0 0 0 0 0 0 0 0 0
ctxt 128639
btime 6
processes 3158
procs_running 3
procs_blocked 1
softirq 73380 2 23005 0 0 0 0 23440 11568 0 15365

3511
cpu  1191 13 2614 9268 111 47 86 0 0 0
cpu0 409 2 1716 751 33 25 70 0 0 0
cpu1 330 5 394 2688 25 7 5 0 0 0
cpu2 176 0 217 2996 29 6 5 0 0 0
cpu3 275 4 285 2831 22 7 5 0 0 0
intr 101460 0 0 0 29864 0 0 19 0 0 0 0 0 0 0 0 0 0 0 0 0 0 0 0 0 0 0 0 0 484 0 0 17 522 485 0 0 1 0 0 0 0 0 0 0 1 0 0 0 40174 52 0 0 0 0 0 0 0 0 3 50 123 58 0 0 0 1 3272 0 0 0 0 0 0 0 0 0 0 0 0 0 0 0 0 0 0 0 0 0 0 0 0 0 0 0 0 0 0 0 0 0 0 0 0 0 0 0 0 0 0 0 0 0 0 0 0 0 0 0 0 0 0 0 0 0 0 0 0 0 0 0 0 0 0 0 0 0 0 0 0 0 0 0 0 0 0 0 0 0 0 0 0 0 0 0 0 0 0 0 0 0 0 0 0 0 0 0 0 0 0 0 0 0 0 0 0 0 0 0 0 0 0 0 0 0 0 0 0 0 0 0 0 0 0 0 0 0 0 0 0 0 0 0 0 0 0 0 0 0 0 0 0 0 0 0 0 0 0 0 0 0 0 0 0 0 0 0 0 0 0 0 247 0 0 3272 0 0 0 0 0 0 0 0 0 0 0 0 0 0 0 0 0 0 0 0 0 0 0 0 0 0 0 0 0 0 0
ctxt 129709
btime 6
processes 3160
procs_running 2
procs_blocked 0
softirq 73922 2 23179 0 0 0 0 23531 11687 0 15523

3532
cpu  1205 14 2629 9318 113 48 86 0 0 0
cpu0 409 2 1720 767 33 25 70 0 0 0
cpu1 338 6 396 2698 25 8 6 0 0 0
cpu2 179 0 223 3005 31 6 5 0 0 0
cpu3 277 4 288 2847 22 7 5 0 0 0
intr 102262 0 0 0 30098 0 0 19 0 0 0 0 0 0 0 0 0 0 0 0 0 0 0 0 0 0 0 0 0 496 0 0 19 535 497 0 0 1 0 0 0 0 0 0 0 1 0 0 0 40376 52 0 0 0 0 0 0 0 0 3 65 123 58 0 0 0 1 3272 0 0 0 0 0 0 0 0 0 0 0 0 0 0 0 0 0 0 0 0 0 0 0 0 0 0 0 0 0 0 0 0 0 0 0 0 0 0 0 0 0 0 0 0 0 0 0 0 0 0 0 0 0 0 0 0 0 0 0 0 0 0 0 0 0 0 0 0 0 0 0 0 0 0 0 0 0 0 0 0 0 0 0 0 0 0 0 0 0 0 0 0 0 0 0 0 0 0 0 0 0 0 0 0 0 0 0 0 0 0 0 0 0 0 0 0 0 0 0 0 0 0 0 0 0 0 0 0 0 0 0 0 0 0 0 0 0 0 0 0 0 0 0 0 0 0 0 0 0 0 0 0 0 0 0 0 0 0 0 0 0 0 0 271 0 0 3272 0 0 0 0 0 0 0 0 0 0 0 0 0 0 0 0 0 0 0 0 0 0 0 0 0 0 0 0 0 0 0
ctxt 131036
btime 6
processes 3166
procs_running 3
procs_blocked 0
softirq 74441 2 23358 0 0 0 0 23632 11792 0 15657

3554
cpu  1221 16 2647 9366 113 48 87 0 0 0
cpu0 412 2 1723 781 33 26 70 0 0 0
cpu1 341 8 403 2708 25 8 6 0 0 0
cpu2 184 0 227 3018 31 6 5 0 0 0
cpu3 283 4 293 2857 22 7 5 0 0 0
intr 102921 0 0 0 30340 0 0 19 0 0 0 0 0 0 0 0 0 0 0 0 0 0 0 0 0 0 0 0 0 509 0 0 22 547 510 0 0 1 0 0 0 0 0 0 0 1 0 0 0 40431 52 0 0 0 0 0 0 0 0 3 75 123 58 0 0 0 1 3273 0 0 0 0 0 0 0 0 0 0 0 0 0 0 0 0 0 0 0 0 0 0 0 0 0 0 0 0 0 0 0 0 0 0 0 0 0 0 0 0 0 0 0 0 0 0 0 0 0 0 0 0 0 0 0 0 0 0 0 0 0 0 0 0 0 0 0 0 0 0 0 0 0 0 0 0 0 0 0 0 0 0 0 0 0 0 0 0 0 0 0 0 0 0 0 0 0 0 0 0 0 0 0 0 0 0 0 0 0 0 0 0 0 0 0 0 0 0 0 0 0 0 0 0 0 0 0 0 0 0 0 0 0 0 0 0 0 0 0 0 0 0 0 0 0 0 0 0 0 0 0 0 0 0 0 0 0 0 0 0 0 0 0 337 0 0 3273 0 0 0 0 0 0 0 0 0 0 0 0 0 0 0 0 0 0 0 0 0 0 0 0 0 0 0 0 0 0 0
ctxt 132263
btime 6
processes 3177
procs_running 3
procs_blocked 0
softirq 74964 2 23553 0 0 0 0 23663 11898 0 15848

3575
cpu  1242 23 2660 9410 114 49 87 0 0 0
cpu0 413 6 1726 794 33 26 70 0 0 0
cpu1 353 11 407 2711 26 8 6 0 0 0
cpu2 186 1 229 3034 31 6 5 0 0 0
cpu3 288 4 296 2870 22 7 5 0 0 0
intr 103999 0 0 0 30577 0 0 19 0 0 0 0 0 0 0 0 0 0 0 0 0 0 0 0 0 0 0 0 0 521 0 0 25 559 522 0 0 1 0 0 0 0 0 0 0 1 0 0 0 40655 52 0 0 0 0 0 0 0 0 3 90 123 58 0 0 0 1 3273 0 0 0 0 0 0 0 0 0 0 0 0 0 0 0 0 0 0 0 0 0 0 0 0 0 0 0 0 0 0 0 0 0 0 0 0 0 0 0 0 0 0 0 0 0 0 0 0 0 0 0 0 0 0 0 0 0 0 0 0 0 0 0 0 0 0 0 0 0 0 0 0 0 0 0 0 0 0 0 0 0 0 0 0 0 0 0 0 0 0 0 0 0 0 0 0 0 0 0 0 0 0 0 0 0 0 0 0 0 0 0 0 0 0 0 0 0 0 0 0 0 0 0 0 0 0 0 0 0 0 0 0 0 0 0 0 0 0 0 0 0 0 0 0 0 0 0 0 0 0 0 0 0 0 0 0 0 0 0 0 0 0 0 346 0 0 3273 0 0 0 0 0 0 0 0 0 0 0 0 0 0 0 0 0 0 0 0 0 0 0 0 0 0 0 0 0 0 0
ctxt 134201
btime 6
processes 3193
procs_running 4
procs_blocked 0
softirq 75593 2 23740 0 0 0 0 23775 12019 0 16057

3596
cpu  1257 23 2679 9450 116 49 88 0 0 0
cpu0 414 6 1730 809 34 26 71 0 0 0
cpu1 355 11 416 2716 27 8 6 0 0 0
cpu2 189 1 234 3046 31 6 5 0 0 0
cpu3 297 4 298 2878 23 7 5 0 0 0
intr 105477 0 0 0 30802 0 0 19 0 0 0 0 0 0 0 0 0 0 0 0 0 0 0 0 0 0 0 0 0 533 0 0 27 572 534 0 0 1 0 0 0 0 0 0 0 1 0 0 0 41250 52 0 0 0 0 0 0 0 0 3 101 123 58 0 0 0 1 3273 0 0 0 0 0 0 0 0 0 0 0 0 0 0 0 0 0 0 0 0 0 0 0 0 0 0 0 0 0 0 0 0 0 0 0 0 0 0 0 0 0 0 0 0 0 0 0 0 0 0 0 0 0 0 0 0 0 0 0 0 0 0 0 0 0 0 0 0 0 0 0 0 0 0 0 0 0 0 0 0 0 0 0 0 0 0 0 0 0 0 0 0 0 0 0 0 0 0 0 0 0 0 0 0 0 0 0 0 0 0 0 0 0 0 0 0 0 0 0 0 0 0 0 0 0 0 0 0 0 0 0 0 0 0 0 0 0 0 0 0 0 0 0 0 0 0 0 0 0 0 0 0 0 0 0 0 0 0 0 0 0 0 0 388 0 0 3273 0 0 0 0 0 0 0 0 0 0 0 0 0 0 0 0 0 0 0 0 0 0 0 0 0 0 0 0 0 0 0
ctxt 137051
btime 6
processes 3200
procs_running 3
procs_blocked 0
softirq 76398 2 23915 0 0 0 0 24080 12146 0 16255

3617
cpu  1288 24 2710 9468 118 50 89 0 0 0
cpu0 424 6 1737 812 34 27 72 0 0 0
cpu1 364 11 424 2719 27 8 6 0 0 0
cpu2 195 1 242 3052 33 7 5 0 0 0
cpu3 304 5 305 2883 23 7 5 0 0 0
intr 106757 0 0 0 31036 0 0 19 0 0 0 0 0 0 0 0 0 0 0 0 0 0 0 0 0 0 0 0 0 546 0 0 30 584 547 0 0 1 0 0 0 0 0 0 0 1 0 0 0 41590 52 0 0 0 0 0 0 0 0 3 115 123 58 0 0 0 1 3273 0 0 0 0 0 0 0 0 0 0 0 0 0 0 0 0 0 0 0 0 0 0 0 0 0 0 0 0 0 0 0 0 0 0 0 0 0 0 0 0 0 0 0 0 0 0 0 0 0 0 0 0 0 0 0 0 0 0 0 0 0 0 0 0 0 0 0 0 0 0 0 0 0 0 0 0 0 0 0 0 0 0 0 0 0 0 0 0 0 0 0 0 0 0 0 0 0 0 0 0 0 0 0 0 0 0 0 0 0 0 0 0 0 0 0 0 0 0 0 0 0 0 0 0 0 0 0 0 0 0 0 0 0 0 0 0 0 0 0 0 0 0 0 0 0 0 0 0 0 0 0 0 0 0 0 0 0 0 0 0 0 0 0 502 0 0 3273 0 0 0 0 0 0 0 0 0 0 0 0 0 0 0 0 0 0 0 0 0 0 0 0 0 0 0 0 0 0 0
ctxt 139640
btime 1571724128
processes 3221
procs_running 7
procs_blocked 0
softirq 77170 2 24110 0 0 0 0 24296 12256 0 16506

3640
cpu  1344 29 2735 9469 118 51 89 0 0 0
cpu0 431 12 1745 812 34 27 72 0 0 0
cpu1 379 11 431 2719 27 8 6 0 0 0
cpu2 211 1 248 3053 33 7 5 0 0 0
cpu3 321 5 310 2884 23 8 5 0 0 0
intr 107683 0 0 0 31297 0 0 19 0 0 0 0 0 0 0 0 0 0 0 0 0 0 0 0 0 0 0 0 0 559 0 0 35 597 560 0 0 1 0 0 0 0 0 0 0 1 0 0 0 41694 52 0 0 0 0 0 0 0 0 3 139 123 58 0 0 0 1 3273 0 0 0 0 0 0 0 0 0 0 0 0 0 0 0 0 0 0 0 0 0 0 0 0 0 0 0 0 0 0 0 0 0 0 0 0 0 0 0 0 0 0 0 0 0 0 0 0 0 0 0 0 0 0 0 0 0 0 0 0 0 0 0 0 0 0 0 0 0 0 0 0 0 0 0 0 0 0 0 0 0 0 0 0 0 0 0 0 0 0 0 0 0 0 0 0 0 0 0 0 0 0 0 0 0 0 0 0 0 0 0 0 0 0 0 0 0 0 0 0 0 0 0 0 0 0 0 0 0 0 0 0 0 0 0 0 0 0 0 0 0 0 0 0 0 0 0 0 0 0 0 0 0 0 0 0 0 0 0 0 0 0 0 622 0 0 3273 0 0 0 0 0 0 0 0 0 0 0 0 0 0 0 0 0 0 0 0 0 0 0 0 0 0 0 0 0 0 0
ctxt 142265
btime 1571724128
processes 3238
procs_running 12
procs_blocked 0
softirq 77748 2 24319 0 0 0 0 24352 12289 0 16786

3663
cpu  1397 32 2761 9475 118 52 90 0 0 0
cpu0 442 14 1751 814 34 28 72 0 0 0
cpu1 391 11 439 2721 27 8 6 0 0 0
cpu2 230 1 251 3053 33 7 5 0 0 0
cpu3 333 5 318 2885 23 8 5 0 0 0
intr 108664 0 0 0 31537 0 0 19 0 0 0 0 0 0 0 0 0 0 0 0 0 0 0 0 0 0 0 0 0 572 0 0 38 610 573 0 0 1 0 0 0 0 0 0 0 1 0 0 0 41735 52 0 0 0 0 0 0 0 0 3 150 123 58 0 0 0 1 3274 0 0 0 0 0 0 0 0 0 0 0 0 0 0 0 0 0 0 0 0 0 0 0 0 0 0 0 0 0 0 0 0 0 0 0 0 0 0 0 0 0 0 0 0 0 0 0 0 0 0 0 0 0 0 0 0 0 0 0 0 0 0 0 0 0 0 0 0 0 0 0 0 0 0 0 0 0 0 0 0 0 0 0 0 0 0 0 0 0 0 0 0 0 0 0 0 0 0 0 0 0 0 0 0 0 0 0 0 0 0 0 0 0 0 0 0 0 0 0 0 0 0 0 0 0 0 0 0 0 0 0 0 0 0 0 0 0 0 0 0 0 0 0 0 0 0 0 0 0 0 0 0 0 0 0 0 0 0 0 0 0 0 0 703 0 0 3274 0 0 0 0 0 0 0 0 0 0 0 0 0 0 0 0 0 0 0 0 0 0 0 0 0 0 0 0 0 0 0
ctxt 144473
btime 1571724128
processes 3246
procs_running 5
procs_blocked 0
softirq 78404 2 24547 0 0 0 0 24376 12367 0 17112

3685
cpu  1437 33 2794 9487 119 53 90 0 0 0
cpu0 453 14 1757 818 35 28 72 0 0 0
cpu1 397 11 450 2725 27 8 6 0 0 0
cpu2 241 1 260 3055 33 7 5 0 0 0
cpu3 345 5 326 2887 23 8 5 0 0 0
intr 110029 0 0 0 31788 0 0 19 0 0 0 0 0 0 0 0 0 0 0 0 0 0 0 0 0 0 0 0 0 585 0 0 41 623 586 0 0 1 0 0 0 0 0 0 0 1 0 0 0 41824 52 0 0 0 0 0 0 0 0 3 165 123 58 0 0 0 1 3274 0 0 0 0 0 0 0 0 0 0 0 0 0 0 0 0 0 0 0 0 0 0 0 0 0 0 0 0 0 0 0 0 0 0 0 0 0 0 0 0 0 0 0 0 0 0 0 0 0 0 0 0 0 0 0 0 0 0 0 0 0 0 0 0 0 0 0 0 0 0 0 0 0 0 0 0 0 0 0 0 0 0 0 0 0 0 0 0 0 0 0 0 0 0 0 0 0 0 0 0 0 0 0 0 0 0 0 0 0 0 0 0 0 0 0 0 0 0 0 0 0 0 0 0 0 0 0 0 0 0 0 0 0 0 0 0 0 0 0 0 0 0 0 0 0 0 0 0 0 0 0 0 0 0 0 0 0 0 0 0 0 0 0 853 0 0 3274 0 0 0 0 0 0 0 0 0 0 0 0 0 0 0 0 0 0 0 0 0 0 0 0 0 0 0 0 0 0 0
ctxt 148085
btime 1571724128
processes 3261
procs_running 6
procs_blocked 1
softirq 79060 2 24759 0 0 0 0 24420 12509 0 17370

3706
cpu  1477 37 2820 9497 120 54 90 0 0 0
cpu0 462 14 1764 822 35 29 72 0 0 0
cpu1 411 11 457 2727 27 9 6 0 0 0
cpu2 252 5 266 3055 33 7 5 0 0 0
cpu3 351 5 332 2893 25 8 5 0 0 0
intr 111049 0 0 0 32036 0 0 19 0 0 0 0 0 0 0 0 0 0 0 0 0 0 0 0 0 0 0 0 0 597 0 0 43 635 598 0 0 1 0 0 0 0 0 0 0 1 0 0 0 41909 52 0 0 0 0 0 0 0 0 32 176 123 58 0 0 0 1 3274 0 0 0 0 0 0 0 0 0 0 0 0 0 0 0 0 0 0 0 0 0 0 0 0 0 0 0 0 0 0 0 0 0 0 0 0 0 0 0 0 0 0 0 0 0 0 0 0 0 0 0 0 0 0 0 0 0 0 0 0 0 0 0 0 0 0 0 0 0 0 0 0 0 0 0 0 0 0 0 0 0 0 0 0 0 0 0 0 0 0 0 0 0 0 0 0 0 0 0 0 0 0 0 0 0 0 0 0 0 0 0 0 0 0 0 0 0 0 0 0 0 0 0 0 0 0 0 0 0 0 0 0 0 0 0 0 0 0 0 0 0 0 0 0 0 0 0 0 0 0 0 0 0 0 0 0 0 0 0 0 0 0 0 979 0 0 3274 0 0 0 0 0 0 0 0 0 0 0 0 0 0 0 0 0 0 0 0 0 0 0 0 0 0 0 0 0 0 0
ctxt 150551
btime 1571724128
processes 3268
procs_running 9
procs_blocked 0
softirq 79565 2 24944 0 0 0 0 24470 12583 0 17566

3729
cpu  1499 42 2859 9513 128 55 91 0 0 0
cpu0 467 14 1775 826 36 29 72 0 0 0
cpu1 414 13 468 2731 28 9 6 0 0 0
cpu2 257 8 274 3061 35 7 6 0 0 0
cpu3 359 5 341 2893 28 8 5 0 0 0
intr 112215 0 0 0 32293 0 0 19 0 0 0 0 0 0 0 0 0 0 0 0 0 0 0 0 0 0 0 0 0 611 0 0 47 649 612 0 0 1 0 0 0 0 0 0 0 1 0 0 0 42118 52 0 0 0 0 0 0 0 0 33 197 123 58 0 0 0 1 3274 0 0 0 0 0 0 0 0 0 0 0 0 0 0 0 0 0 0 0 0 0 0 0 0 0 0 0 0 0 0 0 0 0 0 0 0 0 0 0 0 0 0 0 0 0 0 0 0 0 0 0 0 0 0 0 0 0 0 0 0 0 0 0 0 0 0 0 0 0 0 0 0 0 0 0 0 0 0 0 0 0 0 0 0 0 0 0 0 0 0 0 0 0 0 0 0 0 0 0 0 0 0 0 0 0 0 0 0 0 0 0 0 0 0 0 0 0 0 0 0 0 0 0 0 0 0 0 0 0 0 0 0 0 0 0 0 0 0 0 0 0 0 0 0 0 0 0 0 0 0 0 0 0 0 0 0 0 0 0 0 0 0 0 1081 0 0 3274 0 0 0 0 0 0 0 0 0 0 0 0 0 0 0 0 0 0 0 0 0 0 0 0 0 0 0 0 0 0 0
ctxt 153321
btime 1571724128
processes 3315
procs_running 14
procs_blocked 0
softirq 80302 4 25153 0 0 0 0 24598 12706 0 17841

3754
cpu  1521 42 2914 9525 129 56 92 0 0 0
cpu0 475 14 1786 829 37 30 73 0 0 0
cpu1 421 13 481 2733 28 9 6 0 0 0
cpu2 259 8 287 3066 35 8 6 0 0 0
cpu3 364 6 358 2895 29 8 5 0 0 0
intr 113581 0 0 0 32555 0 0 19 0 0 0 0 0 0 0 0 0 0 0 0 0 0 0 0 0 0 0 0 0 625 0 0 51 663 626 0 0 1 0 0 0 0 0 0 0 1 0 0 0 42327 52 0 0 0 0 0 0 0 0 33 212 123 58 0 0 0 1 3275 0 0 0 0 0 0 0 0 0 0 0 0 0 0 0 0 0 0 0 0 0 0 0 0 0 0 0 0 0 0 0 0 0 0 0 0 0 0 0 0 0 0 0 0 0 0 0 0 0 0 0 0 0 0 0 0 0 0 0 0 0 0 0 0 0 0 0 0 0 0 0 0 0 0 0 0 0 0 0 0 0 0 0 0 0 0 0 0 0 0 0 0 0 0 0 0 0 0 0 0 0 0 0 0 0 0 0 0 0 0 0 0 0 0 0 0 0 0 0 0 0 0 0 0 0 0 0 0 0 0 0 0 0 0 0 0 0 0 0 0 0 0 0 0 0 0 0 0 0 0 0 0 0 0 0 0 0 0 0 0 0 0 0 1211 0 0 3275 0 0 0 0 0 0 0 0 0 0 0 0 0 0 0 0 0 0 0 0 0 0 0 0 0 0 0 0 0 0 0
ctxt 157092
btime 1571724128
processes 3399
procs_running 2
procs_blocked 2
softirq 81282 4 25370 0 0 0 0 24703 12816 0 18389

3775
cpu  1532 43 2957 9536 147 57 93 0 0 0
cpu0 481 14 1796 831 40 30 73 0 0 0
cpu1 423 13 492 2735 35 9 6 0 0 0
cpu2 261 8 297 3073 36 8 6 0 0 0
cpu3 366 6 371 2896 35 8 6 0 0 0
intr 114687 0 0 0 32809 0 0 19 0 0 0 0 0 0 0 0 0 0 0 0 0 0 0 0 0 0 0 0 0 637 0 0 53 676 638 0 0 1 0 0 0 0 0 0 0 1 0 0 0 42630 52 0 0 0 0 0 0 0 0 33 227 123 58 0 0 0 1 3275 0 0 0 0 0 0 0 0 0 0 0 0 0 0 0 0 0 0 0 0 0 0 0 0 0 0 0 0 0 0 0 0 0 0 0 0 0 0 0 0 0 0 0 0 0 0 0 0 0 0 0 0 0 0 0 0 0 0 0 0 0 0 0 0 0 0 0 0 0 0 0 0 0 0 0 0 0 0 0 0 0 0 0 0 0 0 0 0 0 0 0 0 0 0 0 0 0 0 0 0 0 0 0 0 0 0 0 0 0 0 0 0 0 0 0 0 0 0 0 0 0 0 0 0 0 0 0 0 0 0 0 0 0 0 0 0 0 0 0 0 0 0 0 0 0 0 0 0 0 0 0 0 0 0 0 0 0 0 0 0 0 0 0 1274 0 0 3275 0 0 0 0 0 0 0 0 0 0 0 0 0 0 0 0 0 0 0 0 0 0 0 0 0 0 0 0 0 0 0
ctxt 159224
btime 1571724128
processes 3410
procs_running 6
procs_blocked 3
softirq 82016 4 25568 0 0 0 0 24857 12956 0 18631

3797
cpu  1563 44 2991 9552 150 58 93 0 0 0
cpu0 494 15 1802 833 41 31 74 0 0 0
cpu1 428 13 503 2740 36 9 7 0 0 0
cpu2 265 9 306 3079 37 8 6 0 0 0
cpu3 375 6 379 2899 35 8 6 0 0 0
intr 116042 0 0 0 33067 0 0 19 0 0 0 0 0 0 0 0 0 0 0 0 0 0 0 0 0 0 0 0 0 650 0 0 59 688 651 0 0 1 0 0 0 0 0 0 0 1 0 0 0 42774 52 0 0 0 0 0 0 0 0 33 246 123 58 0 0 0 1 3275 0 0 0 0 0 0 0 0 0 0 0 0 0 0 0 0 0 0 0 0 0 0 0 0 0 0 0 0 0 0 0 0 0 0 0 0 0 0 0 0 0 0 0 0 0 0 0 0 0 0 0 0 0 0 0 0 0 0 0 0 0 0 0 0 0 0 0 0 0 0 0 0 0 0 0 0 0 0 0 0 0 0 0 0 0 0 0 0 0 0 0 0 0 0 0 0 0 0 0 0 0 0 0 0 0 0 0 0 0 0 0 0 0 0 0 0 0 0 0 0 0 0 0 0 0 0 0 0 0 0 0 0 0 0 0 0 0 0 0 0 0 0 0 0 0 0 0 0 0 0 0 0 0 0 0 0 0 0 0 0 0 0 0 1451 0 0 3275 0 0 0 0 0 0 0 0 0 0 0 0 0 0 0 0 0 0 0 0 0 0 0 0 0 0 0 0 0 0 0
ctxt 163333
btime 1571724128
processes 3478
procs_running 4
procs_blocked 0
softirq 82640 4 25768 0 0 0 0 24932 13082 0 18854

3820
cpu  1591 51 3043 9554 154 59 94 0 0 0
cpu0 500 17 1814 834 41 31 74 0 0 0
cpu1 437 14 515 2741 36 9 7 0 0 0
cpu2 269 9 322 3080 39 8 6 0 0 0
cpu3 384 9 390 2899 35 9 6 0 0 0
intr 117481 0 0 0 33343 0 0 19 0 0 0 0 0 0 0 0 0 0 0 0 0 0 0 0 0 0 0 0 0 664 0 0 62 702 665 0 0 1 0 0 0 0 0 0 0 1 0 0 0 43068 52 0 0 0 0 0 0 0 0 39 261 123 58 0 0 0 1 3275 0 0 0 0 0 0 0 0 0 0 0 0 0 0 0 0 0 0 0 0 0 0 0 0 0 0 0 0 0 0 0 0 0 0 0 0 0 0 0 0 0 0 0 0 0 0 0 0 0 0 0 0 0 0 0 0 0 0 0 0 0 0 0 0 0 0 0 0 0 0 0 0 0 0 0 0 0 0 0 0 0 0 0 0 0 0 0 0 0 0 0 0 0 0 0 0 0 0 0 0 0 0 0 0 0 0 0 0 0 0 0 0 0 0 0 0 0 0 0 0 0 0 0 0 0 0 0 0 0 0 0 0 0 0 0 0 0 0 0 0 0 0 0 0 0 0 0 0 0 0 0 0 0 0 0 0 0 0 0 0 0 0 0 1592 0 0 3275 0 0 0 0 0 0 0 0 0 0 0 0 0 0 0 0 0 0 0 0 0 0 0 0 0 0 0 0 0 0 0
ctxt 167340
btime 1571724128
processes 3538
procs_running 14
procs_blocked 0
softirq 83445 4 25985 0 0 0 0 25101 13163 0 19192

3844
cpu  1627 54 3086 9557 155 60 95 0 0 0
cpu0 510 17 1824 834 42 32 74 0 0 0
cpu1 447 14 527 2741 37 9 7 0 0 0
cpu2 278 9 332 3081 39 8 6 0 0 0
cpu3 391 13 402 2900 35 9 6 0 0 0
intr 118852 0 0 0 33608 0 0 19 0 0 0 0 0 0 0 0 0 0 0 0 0 0 0 0 0 0 0 0 0 677 0 0 68 716 678 0 0 1 0 0 0 0 0 0 0 1 0 0 0 43198 52 0 0 0 0 0 0 0 0 39 286 123 58 0 0 0 1 3275 0 0 0 0 0 0 0 0 0 0 0 0 0 0 0 0 0 0 0 0 0 0 0 0 0 0 0 0 0 0 0 0 0 0 0 0 0 0 0 0 0 0 0 0 0 0 0 0 0 0 0 0 0 0 0 0 0 0 0 0 0 0 0 0 0 0 0 0 0 0 0 0 0 0 0 0 0 0 0 0 0 0 0 0 0 0 0 0 0 0 0 0 0 0 0 0 0 0 0 0 0 0 0 0 0 0 0 0 0 0 0 0 0 0 0 0 0 0 0 0 0 0 0 0 0 0 0 0 0 0 0 0 0 0 0 0 0 0 0 0 0 0 0 0 0 0 0 0 0 0 0 0 0 0 0 0 0 0 0 0 0 0 0 1714 0 0 3275 0 0 0 0 0 0 0 0 0 0 0 0 0 0 0 0 0 0 0 0 0 0 0 0 0 0 0 0 0 0 0
ctxt 173507
btime 1571724128
processes 3575
procs_running 12
procs_blocked 1
softirq 84079 4 26183 0 0 0 0 25182 13226 0 19484

3865
cpu  1656 57 3125 9562 155 60 95 0 0 0
cpu0 511 19 1837 836 42 32 75 0 0 0
cpu1 455 15 537 2741 37 10 7 0 0 0
cpu2 285 9 340 3083 40 8 6 0 0 0
cpu3 403 13 409 2901 35 9 6 0 0 0
intr 120491 0 0 0 33841 0 0 19 0 0 0 0 0 0 0 0 0 0 0 0 0 0 0 0 0 0 0 0 0 689 0 0 70 728 690 0 0 1 0 0 0 0 0 0 0 1 0 0 0 43312 52 0 0 0 0 0 0 0 0 39 298 123 58 0 0 0 1 3276 0 0 0 0 0 0 0 0 0 0 0 0 0 0 0 0 0 0 0 0 0 0 0 0 0 0 0 0 0 0 0 0 0 0 0 0 0 0 0 0 0 0 0 0 0 0 0 0 0 0 0 0 0 0 0 0 0 0 0 0 0 0 0 0 0 0 0 0 0 0 0 0 0 0 0 0 0 0 0 0 0 0 0 0 0 0 0 0 0 0 0 0 0 0 0 0 0 0 0 0 0 0 0 0 0 0 0 0 0 0 0 0 0 0 0 0 0 0 0 0 0 0 0 0 0 0 0 0 0 0 0 0 0 0 0 0 0 0 0 0 0 0 0 0 0 0 0 0 0 0 0 0 0 0 0 0 0 0 0 0 0 0 0 1810 0 0 3276 0 0 0 0 0 0 0 0 0 0 0 0 0 0 0 0 0 0 0 0 0 0 0 0 0 0 0 0 0 0 0
ctxt 178581
btime 1571724128
processes 3607
procs_running 8
procs_blocked 0
softirq 84677 4 26332 0 0 0 0 25253 13303 0 19785

3889
cpu  1690 60 3159 9575 155 61 96 0 0 0
cpu0 520 19 1848 839 42 33 75 0 0 0
cpu1 465 16 545 2743 37 10 7 0 0 0
cpu2 294 10 348 3086 40 8 6 0 0 0
cpu3 411 14 417 2906 35 9 6 0 0 0
intr 122069 0 0 0 34110 0 0 19 0 0 0 0 0 0 0 0 0 0 0 0 0 0 0 0 0 0 0 0 0 703 0 0 75 742 704 0 0 1 0 0 0 0 0 0 0 1 0 0 0 43369 52 0 0 0 0 0 0 0 0 39 317 123 58 0 0 0 1 3276 0 0 0 0 0 0 0 0 0 0 0 0 0 0 0 0 0 0 0 0 0 0 0 0 0 0 0 0 0 0 0 0 0 0 0 0 0 0 0 0 0 0 0 0 0 0 0 0 0 0 0 0 0 0 0 0 0 0 0 0 0 0 0 0 0 0 0 0 0 0 0 0 0 0 0 0 0 0 0 0 0 0 0 0 0 0 0 0 0 0 0 0 0 0 0 0 0 0 0 0 0 0 0 0 0 0 0 0 0 0 0 0 0 0 0 0 0 0 0 0 0 0 0 0 0 0 0 0 0 0 0 0 0 0 0 0 0 0 0 0 0 0 0 0 0 0 0 0 0 0 0 0 0 0 0 0 0 0 0 0 0 0 0 1918 0 0 3276 0 0 0 0 0 0 0 0 0 0 0 0 0 0 0 0 0 0 0 0 0 0 0 0 0 0 0 0 0 0 0
ctxt 184729
btime 1571724128
processes 3635
procs_running 6
procs_blocked 0
softirq 85258 4 26534 0 0 0 0 25292 13417 0 20011

3911
cpu  1713 67 3175 9613 155 62 96 0 0 0
cpu0 525 21 1852 849 42 33 75 0 0 0
cpu1 466 20 549 2755 37 10 7 0 0 0
cpu2 305 11 352 3089 40 9 6 0 0 0
cpu3 415 14 421 2918 35 9 6 0 0 0
intr 123094 0 0 0 34361 0 0 19 0 0 0 0 0 0 0 0 0 0 0 0 0 0 0 0 0 0 0 0 0 715 0 0 78 754 716 0 0 1 0 0 0 0 0 0 0 1 0 0 0 43404 52 0 0 0 0 0 0 0 0 45 335 123 58 0 0 0 1 3276 0 0 0 0 0 0 0 0 0 0 0 0 0 0 0 0 0 0 0 0 0 0 0 0 0 0 0 0 0 0 0 0 0 0 0 0 0 0 0 0 0 0 0 0 0 0 0 0 0 0 0 0 0 0 0 0 0 0 0 0 0 0 0 0 0 0 0 0 0 0 0 0 0 0 0 0 0 0 0 0 0 0 0 0 0 0 0 0 0 0 0 0 0 0 0 0 0 0 0 0 0 0 0 0 0 0 0 0 0 0 0 0 0 0 0 0 0 0 0 0 0 0 0 0 0 0 0 0 0 0 0 0 0 0 0 0 0 0 0 0 0 0 0 0 0 0 0 0 0 0 0 0 0 0 0 0 0 0 0 0 0 0 0 1945 0 0 3276 0 0 0 0 0 0 0 0 0 0 0 0 0 0 0 0 0 0 0 0 0 0 0 0 0 0 0 0 0 0 0
ctxt 187238
btime 1571724128
processes 3638
procs_running 3
procs_blocked 0
softirq 85795 4 26728 0 0 0 0 25317 13522 0 20224

3932
cpu  1736 70 3193 9651 155 63 96 0 0 0
cpu0 529 23 1858 857 42 33 75 0 0 0
cpu1 471 21 554 2766 37 10 7 0 0 0
cpu2 313 11 356 3099 40 9 6 0 0 0
cpu3 423 14 423 2927 35 9 6 0 0 0
intr 123920 0 0 0 34608 0 0 19 0 0 0 0 0 0 0 0 0 0 0 0 0 0 0 0 0 0 0 0 0 727 0 0 83 766 728 0 0 1 0 0 0 0 0 0 0 1 0 0 0 43415 52 0 0 0 0 0 0 0 0 45 358 123 58 0 0 0 1 3276 0 0 0 0 0 0 0 0 0 0 0 0 0 0 0 0 0 0 0 0 0 0 0 0 0 0 0 0 0 0 0 0 0 0 0 0 0 0 0 0 0 0 0 0 0 0 0 0 0 0 0 0 0 0 0 0 0 0 0 0 0 0 0 0 0 0 0 0 0 0 0 0 0 0 0 0 0 0 0 0 0 0 0 0 0 0 0 0 0 0 0 0 0 0 0 0 0 0 0 0 0 0 0 0 0 0 0 0 0 0 0 0 0 0 0 0 0 0 0 0 0 0 0 0 0 0 0 0 0 0 0 0 0 0 0 0 0 0 0 0 0 0 0 0 0 0 0 0 0 0 0 0 0 0 0 0 0 0 0 0 0 0 0 2029 0 0 3276 0 0 0 0 0 0 0 0 0 0 0 0 0 0 0 0 0 0 0 0 0 0 0 0 0 0 0 0 0 0 0
ctxt 189375
btime 1571724128
processes 3645
procs_running 9
procs_blocked 0
softirq 86299 4 26922 0 0 0 0 25325 13662 0 20386

3954
cpu  1759 76 3206 9693 155 63 97 0 0 0
cpu0 530 25 1861 873 42 33 75 0 0 0
cpu1 471 25 558 2778 37 10 7 0 0 0
cpu2 327 11 361 3102 40 9 6 0 0 0
cpu3 430 14 425 2939 35 10 6 0 0 0
intr 124683 0 0 0 34871 0 0 19 0 0 0 0 0 0 0 0 0 0 0 0 0 0 0 0 0 0 0 0 0 740 0 0 92 779 741 0 0 1 0 0 0 0 0 0 0 1 0 0 0 43417 52 0 0 0 0 0 0 0 0 45 389 123 58 0 0 0 1 3277 0 0 0 0 0 0 0 0 0 0 0 0 0 0 0 0 0 0 0 0 0 0 0 0 0 0 0 0 0 0 0 0 0 0 0 0 0 0 0 0 0 0 0 0 0 0 0 0 0 0 0 0 0 0 0 0 0 0 0 0 0 0 0 0 0 0 0 0 0 0 0 0 0 0 0 0 0 0 0 0 0 0 0 0 0 0 0 0 0 0 0 0 0 0 0 0 0 0 0 0 0 0 0 0 0 0 0 0 0 0 0 0 0 0 0 0 0 0 0 0 0 0 0 0 0 0 0 0 0 0 0 0 0 0 0 0 0 0 0 0 0 0 0 0 0 0 0 0 0 0 0 0 0 0 0 0 0 0 0 0 0 0 0 2050 0 0 3277 0 0 0 0 0 0 0 0 0 0 0 0 0 0 0 0 0 0 0 0 0 0 0 0 0 0 0 0 0 0 0
ctxt 190855
btime 1571724128
processes 3645
procs_running 2
procs_blocked 0
softirq 86808 4 27120 0 0 0 0 25327 13786 0 20571

3975
cpu  1778 81 3212 9747 155 64 97 0 0 0
cpu0 530 28 1862 890 42 34 75 0 0 0
cpu1 472 26 561 2794 37 10 7 0 0 0
cpu2 344 11 363 3103 40 9 7 0 0 0
cpu3 431 14 425 2959 35 10 6 0 0 0
intr 125085 0 0 0 35112 0 0 19 0 0 0 0 0 0 0 0 0 0 0 0 0 0 0 0 0 0 0 0 0 752 0 0 94 791 753 0 0 1 0 0 0 0 0 0 0 1 0 0 0 43417 52 0 0 0 0 0 0 0 0 45 400 123 58 0 0 0 1 3277 0 0 0 0 0 0 0 0 0 0 0 0 0 0 0 0 0 0 0 0 0 0 0 0 0 0 0 0 0 0 0 0 0 0 0 0 0 0 0 0 0 0 0 0 0 0 0 0 0 0 0 0 0 0 0 0 0 0 0 0 0 0 0 0 0 0 0 0 0 0 0 0 0 0 0 0 0 0 0 0 0 0 0 0 0 0 0 0 0 0 0 0 0 0 0 0 0 0 0 0 0 0 0 0 0 0 0 0 0 0 0 0 0 0 0 0 0 0 0 0 0 0 0 0 0 0 0 0 0 0 0 0 0 0 0 0 0 0 0 0 0 0 0 0 0 0 0 0 0 0 0 0 0 0 0 0 0 0 0 0 0 0 0 2053 0 0 3277 0 0 0 0 0 0 0 0 0 0 0 0 0 0 0 0 0 0 0 0 0 0 0 0 0 0 0 0 0 0 0
ctxt 191346
btime 1571724128
processes 3645
procs_running 2
procs_blocked 0
softirq 87207 4 27309 0 0 0 0 25327 13879 0 20688

3996
cpu  1803 86 3224 9791 155 64 97 0 0 0
cpu0 533 32 1867 901 42 34 75 0 0 0
cpu1 475 28 564 2806 37 10 7 0 0 0
cpu2 349 11 365 3117 40 9 7 0 0 0
cpu3 444 14 427 2965 35 10 6 0 0 0
intr 125777 0 0 0 35342 0 0 19 0 0 0 0 0 0 0 0 0 0 0 0 0 0 0 0 0 0 0 0 0 765 0 0 102 804 766 0 0 1 0 0 0 0 0 0 0 1 0 0 0 43417 52 0 0 0 0 0 0 0 0 45 465 123 58 0 0 0 1 3277 0 0 0 0 0 0 0 0 0 0 0 0 0 0 0 0 0 0 0 0 0 0 0 0 0 0 0 0 0 0 0 0 0 0 0 0 0 0 0 0 0 0 0 0 0 0 0 0 0 0 0 0 0 0 0 0 0 0 0 0 0 0 0 0 0 0 0 0 0 0 0 0 0 0 0 0 0 0 0 0 0 0 0 0 0 0 0 0 0 0 0 0 0 0 0 0 0 0 0 0 0 0 0 0 0 0 0 0 0 0 0 0 0 0 0 0 0 0 0 0 0 0 0 0 0 0 0 0 0 0 0 0 0 0 0 0 0 0 0 0 0 0 0 0 0 0 0 0 0 0 0 0 0 0 0 0 0 0 0 0 0 0 0 2068 0 0 3277 0 0 0 0 0 0 0 0 0 0 0 0 0 0 0 0 0 0 0 0 0 0 0 0 0 0 0 0 0 0 0
ctxt 192901
btime 1571724128
processes 3646
procs_running 2
procs_blocked 0
softirq 87658 4 27493 0 0 0 0 25327 14001 0 20833

4018
cpu  1822 96 3234 9835 156 65 97 0 0 0
cpu0 533 36 1869 913 42 34 75 0 0 0
cpu1 481 34 568 2813 37 10 7 0 0 0
cpu2 353 11 366 3132 40 9 7 0 0 0
cpu3 453 14 429 2975 36 10 6 0 0 0
intr 126367 0 0 0 35572 0 0 19 0 0 0 0 0 0 0 0 0 0 0 0 0 0 0 0 0 0 0 0 0 777 0 0 108 816 778 0 0 1 0 0 0 0 0 0 0 1 0 0 0 43419 52 0 0 0 0 0 0 0 0 51 510 123 58 0 0 0 1 3277 0 0 0 0 0 0 0 0 0 0 0 0 0 0 0 0 0 0 0 0 0 0 0 0 0 0 0 0 0 0 0 0 0 0 0 0 0 0 0 0 0 0 0 0 0 0 0 0 0 0 0 0 0 0 0 0 0 0 0 0 0 0 0 0 0 0 0 0 0 0 0 0 0 0 0 0 0 0 0 0 0 0 0 0 0 0 0 0 0 0 0 0 0 0 0 0 0 0 0 0 0 0 0 0 0 0 0 0 0 0 0 0 0 0 0 0 0 0 0 0 0 0 0 0 0 0 0 0 0 0 0 0 0 0 0 0 0 0 0 0 0 0 0 0 0 0 0 0 0 0 0 0 0 0 0 0 0 0 0 0 0 0 0 2080 0 0 3277 0 0 0 0 0 0 0 0 0 0 0 0 0 0 0 0 0 0 0 0 0 0 0 0 0 0 0 0 0 0 0
ctxt 193971
btime 1571724128
processes 3648
procs_running 5
procs_blocked 0
softirq 88161 4 27681 0 0 0 0 25328 14114 0 21034

